[  0%] Built target _autoware_can_msgs_generate_messages_check_deps_MicroBusCan503
[  0%] Built target _autoware_can_msgs_generate_messages_check_deps_MicroBusCanSenderStatus
[  0%] Built target std_msgs_generate_messages_nodejs
[  0%] Built target std_msgs_generate_messages_py
[  0%] Built target std_msgs_generate_messages_lisp
[  0%] Built target std_msgs_generate_messages_cpp
[  0%] Built target _autoware_can_msgs_generate_messages_check_deps_MicroBusCan501
[  0%] Built target _autoware_can_msgs_generate_messages_check_deps_CANPacket
[  0%] Built target _autoware_can_msgs_generate_messages_check_deps_CANInfo
[  0%] Built target _autoware_can_msgs_generate_messages_check_deps_CANData
[  0%] Built target _autoware_can_msgs_generate_messages_check_deps_MicroBusCan502
[  0%] Built target std_msgs_generate_messages_eus
[ 18%] Built target autoware_can_msgs_generate_messages_cpp
[ 40%] Built target autoware_can_msgs_generate_messages_eus
[ 59%] Built target autoware_can_msgs_generate_messages_lisp
[ 81%] Built target autoware_can_msgs_generate_messages_py
[100%] Built target autoware_can_msgs_generate_messages_nodejs
[100%] Built target autoware_can_msgs_generate_messages
Built target tests
[  0%] Built target _autoware_can_msgs_generate_messages_check_deps_MicroBusCan503
[  0%] Built target std_msgs_generate_messages_eus
[  0%] Built target _autoware_can_msgs_generate_messages_check_deps_MicroBusCan502
[  0%] Built target _autoware_can_msgs_generate_messages_check_deps_CANData
[  0%] Built target _autoware_can_msgs_generate_messages_check_deps_CANInfo
[  0%] Built target _autoware_can_msgs_generate_messages_check_deps_CANPacket
[  0%] Built target _autoware_can_msgs_generate_messages_check_deps_MicroBusCan501
[  0%] Built target _autoware_can_msgs_generate_messages_check_deps_MicroBusCanSenderStatus
[ 21%] Built target autoware_can_msgs_generate_messages_eus
[ 21%] Built target std_msgs_generate_messages_nodejs
[ 40%] Built target autoware_can_msgs_generate_messages_nodejs
[ 40%] Built target std_msgs_generate_messages_py
[ 62%] Built target autoware_can_msgs_generate_messages_py
[ 62%] Built target std_msgs_generate_messages_lisp
[ 81%] Built target autoware_can_msgs_generate_messages_lisp
[ 81%] Built target std_msgs_generate_messages_cpp
[100%] Built target autoware_can_msgs_generate_messages_cpp
[100%] Built target autoware_can_msgs_generate_messages
[36mInstall the project...[0m
-- Install configuration: ""
-- Up-to-date: /home/autoware/Autoware_1.11.0_sai_edit/ros/src/install/autoware_can_msgs/share/autoware_can_msgs/msg/MicroBusCan501.msg
-- Up-to-date: /home/autoware/Autoware_1.11.0_sai_edit/ros/src/install/autoware_can_msgs/share/autoware_can_msgs/msg/MicroBusCan502.msg
-- Up-to-date: /home/autoware/Autoware_1.11.0_sai_edit/ros/src/install/autoware_can_msgs/share/autoware_can_msgs/msg/MicroBusCan503.msg
-- Up-to-date: /home/autoware/Autoware_1.11.0_sai_edit/ros/src/install/autoware_can_msgs/share/autoware_can_msgs/msg/MicroBusCanSenderStatus.msg
-- Up-to-date: /home/autoware/Autoware_1.11.0_sai_edit/ros/src/install/autoware_can_msgs/share/autoware_can_msgs/msg/CANInfo.msg
-- Up-to-date: /home/autoware/Autoware_1.11.0_sai_edit/ros/src/install/autoware_can_msgs/share/autoware_can_msgs/msg/CANData.msg
-- Up-to-date: /home/autoware/Autoware_1.11.0_sai_edit/ros/src/install/autoware_can_msgs/share/autoware_can_msgs/msg/CANPacket.msg
-- Up-to-date: /home/autoware/Autoware_1.11.0_sai_edit/ros/src/install/autoware_can_msgs/share/autoware_can_msgs/cmake/autoware_can_msgs-msg-paths.cmake
-- Up-to-date: /home/autoware/Autoware_1.11.0_sai_edit/ros/src/install/autoware_can_msgs/include/autoware_can_msgs
-- Up-to-date: /home/autoware/Autoware_1.11.0_sai_edit/ros/src/install/autoware_can_msgs/include/autoware_can_msgs/CANPacket.h
-- Up-to-date: /home/autoware/Autoware_1.11.0_sai_edit/ros/src/install/autoware_can_msgs/include/autoware_can_msgs/MicroBusCan502.h
-- Up-to-date: /home/autoware/Autoware_1.11.0_sai_edit/ros/src/install/autoware_can_msgs/include/autoware_can_msgs/CANData.h
-- Up-to-date: /home/autoware/Autoware_1.11.0_sai_edit/ros/src/install/autoware_can_msgs/include/autoware_can_msgs/CANInfo.h
-- Up-to-date: /home/autoware/Autoware_1.11.0_sai_edit/ros/src/install/autoware_can_msgs/include/autoware_can_msgs/MicroBusCanSenderStatus.h
-- Up-to-date: /home/autoware/Autoware_1.11.0_sai_edit/ros/src/install/autoware_can_msgs/include/autoware_can_msgs/MicroBusCan501.h
-- Up-to-date: /home/autoware/Autoware_1.11.0_sai_edit/ros/src/install/autoware_can_msgs/include/autoware_can_msgs/MicroBusCan503.h
-- Up-to-date: /home/autoware/Autoware_1.11.0_sai_edit/ros/src/install/autoware_can_msgs/share/roseus/ros/autoware_can_msgs
-- Up-to-date: /home/autoware/Autoware_1.11.0_sai_edit/ros/src/install/autoware_can_msgs/share/roseus/ros/autoware_can_msgs/manifest.l
-- Up-to-date: /home/autoware/Autoware_1.11.0_sai_edit/ros/src/install/autoware_can_msgs/share/roseus/ros/autoware_can_msgs/msg
-- Up-to-date: /home/autoware/Autoware_1.11.0_sai_edit/ros/src/install/autoware_can_msgs/share/roseus/ros/autoware_can_msgs/msg/MicroBusCan503.l
-- Up-to-date: /home/autoware/Autoware_1.11.0_sai_edit/ros/src/install/autoware_can_msgs/share/roseus/ros/autoware_can_msgs/msg/MicroBusCan502.l
-- Up-to-date: /home/autoware/Autoware_1.11.0_sai_edit/ros/src/install/autoware_can_msgs/share/roseus/ros/autoware_can_msgs/msg/CANData.l
-- Up-to-date: /home/autoware/Autoware_1.11.0_sai_edit/ros/src/install/autoware_can_msgs/share/roseus/ros/autoware_can_msgs/msg/MicroBusCan501.l
-- Up-to-date: /home/autoware/Autoware_1.11.0_sai_edit/ros/src/install/autoware_can_msgs/share/roseus/ros/autoware_can_msgs/msg/MicroBusCanSenderStatus.l
-- Up-to-date: /home/autoware/Autoware_1.11.0_sai_edit/ros/src/install/autoware_can_msgs/share/roseus/ros/autoware_can_msgs/msg/CANPacket.l
-- Up-to-date: /home/autoware/Autoware_1.11.0_sai_edit/ros/src/install/autoware_can_msgs/share/roseus/ros/autoware_can_msgs/msg/CANInfo.l
-- Up-to-date: /home/autoware/Autoware_1.11.0_sai_edit/ros/src/install/autoware_can_msgs/share/common-lisp/ros/autoware_can_msgs
-- Up-to-date: /home/autoware/Autoware_1.11.0_sai_edit/ros/src/install/autoware_can_msgs/share/common-lisp/ros/autoware_can_msgs/msg
-- Up-to-date: /home/autoware/Autoware_1.11.0_sai_edit/ros/src/install/autoware_can_msgs/share/common-lisp/ros/autoware_can_msgs/msg/MicroBusCan503.lisp
-- Up-to-date: /home/autoware/Autoware_1.11.0_sai_edit/ros/src/install/autoware_can_msgs/share/common-lisp/ros/autoware_can_msgs/msg/_package_MicroBusCanSenderStatus.lisp
-- Up-to-date: /home/autoware/Autoware_1.11.0_sai_edit/ros/src/install/autoware_can_msgs/share/common-lisp/ros/autoware_can_msgs/msg/_package_MicroBusCan501.lisp
-- Up-to-date: /home/autoware/Autoware_1.11.0_sai_edit/ros/src/install/autoware_can_msgs/share/common-lisp/ros/autoware_can_msgs/msg/_package_CANData.lisp
-- Up-to-date: /home/autoware/Autoware_1.11.0_sai_edit/ros/src/install/autoware_can_msgs/share/common-lisp/ros/autoware_can_msgs/msg/CANData.lisp
-- Up-to-date: /home/autoware/Autoware_1.11.0_sai_edit/ros/src/install/autoware_can_msgs/share/common-lisp/ros/autoware_can_msgs/msg/CANInfo.lisp
-- Up-to-date: /home/autoware/Autoware_1.11.0_sai_edit/ros/src/install/autoware_can_msgs/share/common-lisp/ros/autoware_can_msgs/msg/_package_CANInfo.lisp
-- Up-to-date: /home/autoware/Autoware_1.11.0_sai_edit/ros/src/install/autoware_can_msgs/share/common-lisp/ros/autoware_can_msgs/msg/MicroBusCan501.lisp
-- Up-to-date: /home/autoware/Autoware_1.11.0_sai_edit/ros/src/install/autoware_can_msgs/share/common-lisp/ros/autoware_can_msgs/msg/_package_MicroBusCan502.lisp
-- Up-to-date: /home/autoware/Autoware_1.11.0_sai_edit/ros/src/install/autoware_can_msgs/share/common-lisp/ros/autoware_can_msgs/msg/autoware_can_msgs-msg.asd
-- Up-to-date: /home/autoware/Autoware_1.11.0_sai_edit/ros/src/install/autoware_can_msgs/share/common-lisp/ros/autoware_can_msgs/msg/_package_MicroBusCan503.lisp
-- Up-to-date: /home/autoware/Autoware_1.11.0_sai_edit/ros/src/install/autoware_can_msgs/share/common-lisp/ros/autoware_can_msgs/msg/MicroBusCanSenderStatus.lisp
-- Up-to-date: /home/autoware/Autoware_1.11.0_sai_edit/ros/src/install/autoware_can_msgs/share/common-lisp/ros/autoware_can_msgs/msg/_package.lisp
-- Up-to-date: /home/autoware/Autoware_1.11.0_sai_edit/ros/src/install/autoware_can_msgs/share/common-lisp/ros/autoware_can_msgs/msg/MicroBusCan502.lisp
-- Up-to-date: /home/autoware/Autoware_1.11.0_sai_edit/ros/src/install/autoware_can_msgs/share/common-lisp/ros/autoware_can_msgs/msg/CANPacket.lisp
-- Up-to-date: /home/autoware/Autoware_1.11.0_sai_edit/ros/src/install/autoware_can_msgs/share/common-lisp/ros/autoware_can_msgs/msg/_package_CANPacket.lisp
-- Up-to-date: /home/autoware/Autoware_1.11.0_sai_edit/ros/src/install/autoware_can_msgs/share/gennodejs/ros/autoware_can_msgs
-- Up-to-date: /home/autoware/Autoware_1.11.0_sai_edit/ros/src/install/autoware_can_msgs/share/gennodejs/ros/autoware_can_msgs/_index.js
-- Up-to-date: /home/autoware/Autoware_1.11.0_sai_edit/ros/src/install/autoware_can_msgs/share/gennodejs/ros/autoware_can_msgs/msg
-- Up-to-date: /home/autoware/Autoware_1.11.0_sai_edit/ros/src/install/autoware_can_msgs/share/gennodejs/ros/autoware_can_msgs/msg/MicroBusCan501.js
-- Up-to-date: /home/autoware/Autoware_1.11.0_sai_edit/ros/src/install/autoware_can_msgs/share/gennodejs/ros/autoware_can_msgs/msg/MicroBusCan503.js
-- Up-to-date: /home/autoware/Autoware_1.11.0_sai_edit/ros/src/install/autoware_can_msgs/share/gennodejs/ros/autoware_can_msgs/msg/_index.js
-- Up-to-date: /home/autoware/Autoware_1.11.0_sai_edit/ros/src/install/autoware_can_msgs/share/gennodejs/ros/autoware_can_msgs/msg/CANInfo.js
-- Up-to-date: /home/autoware/Autoware_1.11.0_sai_edit/ros/src/install/autoware_can_msgs/share/gennodejs/ros/autoware_can_msgs/msg/MicroBusCan502.js
-- Up-to-date: /home/autoware/Autoware_1.11.0_sai_edit/ros/src/install/autoware_can_msgs/share/gennodejs/ros/autoware_can_msgs/msg/CANData.js
-- Up-to-date: /home/autoware/Autoware_1.11.0_sai_edit/ros/src/install/autoware_can_msgs/share/gennodejs/ros/autoware_can_msgs/msg/CANPacket.js
-- Up-to-date: /home/autoware/Autoware_1.11.0_sai_edit/ros/src/install/autoware_can_msgs/share/gennodejs/ros/autoware_can_msgs/msg/MicroBusCanSenderStatus.js
Listing /home/autoware/Autoware_1.11.0_sai_edit/ros/src/build/autoware_can_msgs/devel/lib/python2.7/dist-packages/autoware_can_msgs ...
Listing /home/autoware/Autoware_1.11.0_sai_edit/ros/src/build/autoware_can_msgs/devel/lib/python2.7/dist-packages/autoware_can_msgs/msg ...
-- Up-to-date: /home/autoware/Autoware_1.11.0_sai_edit/ros/src/install/autoware_can_msgs/lib/python2.7/dist-packages/autoware_can_msgs
-- Up-to-date: /home/autoware/Autoware_1.11.0_sai_edit/ros/src/install/autoware_can_msgs/lib/python2.7/dist-packages/autoware_can_msgs/__init__.pyc
-- Up-to-date: /home/autoware/Autoware_1.11.0_sai_edit/ros/src/install/autoware_can_msgs/lib/python2.7/dist-packages/autoware_can_msgs/__init__.py
-- Up-to-date: /home/autoware/Autoware_1.11.0_sai_edit/ros/src/install/autoware_can_msgs/lib/python2.7/dist-packages/autoware_can_msgs/msg
-- Up-to-date: /home/autoware/Autoware_1.11.0_sai_edit/ros/src/install/autoware_can_msgs/lib/python2.7/dist-packages/autoware_can_msgs/msg/_MicroBusCan502.pyc
-- Up-to-date: /home/autoware/Autoware_1.11.0_sai_edit/ros/src/install/autoware_can_msgs/lib/python2.7/dist-packages/autoware_can_msgs/msg/__init__.pyc
-- Up-to-date: /home/autoware/Autoware_1.11.0_sai_edit/ros/src/install/autoware_can_msgs/lib/python2.7/dist-packages/autoware_can_msgs/msg/_CANInfo.py
-- Up-to-date: /home/autoware/Autoware_1.11.0_sai_edit/ros/src/install/autoware_can_msgs/lib/python2.7/dist-packages/autoware_can_msgs/msg/_MicroBusCan501.pyc
-- Up-to-date: /home/autoware/Autoware_1.11.0_sai_edit/ros/src/install/autoware_can_msgs/lib/python2.7/dist-packages/autoware_can_msgs/msg/_MicroBusCanSenderStatus.py
-- Up-to-date: /home/autoware/Autoware_1.11.0_sai_edit/ros/src/install/autoware_can_msgs/lib/python2.7/dist-packages/autoware_can_msgs/msg/__init__.py
-- Up-to-date: /home/autoware/Autoware_1.11.0_sai_edit/ros/src/install/autoware_can_msgs/lib/python2.7/dist-packages/autoware_can_msgs/msg/_MicroBusCan502.py
-- Up-to-date: /home/autoware/Autoware_1.11.0_sai_edit/ros/src/install/autoware_can_msgs/lib/python2.7/dist-packages/autoware_can_msgs/msg/_MicroBusCan501.py
-- Up-to-date: /home/autoware/Autoware_1.11.0_sai_edit/ros/src/install/autoware_can_msgs/lib/python2.7/dist-packages/autoware_can_msgs/msg/_CANPacket.pyc
-- Up-to-date: /home/autoware/Autoware_1.11.0_sai_edit/ros/src/install/autoware_can_msgs/lib/python2.7/dist-packages/autoware_can_msgs/msg/_CANInfo.pyc
-- Up-to-date: /home/autoware/Autoware_1.11.0_sai_edit/ros/src/install/autoware_can_msgs/lib/python2.7/dist-packages/autoware_can_msgs/msg/_MicroBusCan503.pyc
-- Up-to-date: /home/autoware/Autoware_1.11.0_sai_edit/ros/src/install/autoware_can_msgs/lib/python2.7/dist-packages/autoware_can_msgs/msg/_MicroBusCanSenderStatus.pyc
-- Up-to-date: /home/autoware/Autoware_1.11.0_sai_edit/ros/src/install/autoware_can_msgs/lib/python2.7/dist-packages/autoware_can_msgs/msg/_CANData.pyc
-- Up-to-date: /home/autoware/Autoware_1.11.0_sai_edit/ros/src/install/autoware_can_msgs/lib/python2.7/dist-packages/autoware_can_msgs/msg/_CANPacket.py
-- Up-to-date: /home/autoware/Autoware_1.11.0_sai_edit/ros/src/install/autoware_can_msgs/lib/python2.7/dist-packages/autoware_can_msgs/msg/_MicroBusCan503.py
-- Up-to-date: /home/autoware/Autoware_1.11.0_sai_edit/ros/src/install/autoware_can_msgs/lib/python2.7/dist-packages/autoware_can_msgs/msg/_CANData.py
-- Up-to-date: /home/autoware/Autoware_1.11.0_sai_edit/ros/src/install/autoware_can_msgs/lib/pkgconfig/autoware_can_msgs.pc
-- Up-to-date: /home/autoware/Autoware_1.11.0_sai_edit/ros/src/install/autoware_can_msgs/share/autoware_can_msgs/cmake/autoware_can_msgs-msg-extras.cmake
-- Up-to-date: /home/autoware/Autoware_1.11.0_sai_edit/ros/src/install/autoware_can_msgs/share/autoware_can_msgs/cmake/autoware_can_msgsConfig.cmake
-- Up-to-date: /home/autoware/Autoware_1.11.0_sai_edit/ros/src/install/autoware_can_msgs/share/autoware_can_msgs/cmake/autoware_can_msgsConfig-version.cmake
-- Up-to-date: /home/autoware/Autoware_1.11.0_sai_edit/ros/src/install/autoware_can_msgs/share/autoware_can_msgs/package.xml
