Invoking command in '/home/autoware/Autoware_1.11.0_sai_edit/ros/src/build/vehicle_socket': CMAKE_PREFIX_PATH=/home/autoware/Autoware_1.11.0_sai_edit/ros/src/install/tablet_socket_msgs:/home/autoware/Autoware_1.11.0_sai_edit/ros/src/install/autoware_msgs:/home/autoware/Autoware_1.11.0_sai_edit/ros/src/install/autoware_config_msgs:/home/autoware/Autoware_1.11.0_sai_edit/ros/src/install/autoware_can_msgs:/home/autoware/Autoware_1.11.0_sai_edit/ros/src/install/autoware_build_flags:${CMAKE_PREFIX_PATH} PKG_CONFIG_PATH=/home/autoware/Autoware_1.11.0_sai_edit/ros/src/install/tablet_socket_msgs/lib/pkgconfig:/home/autoware/Autoware_1.11.0_sai_edit/ros/src/install/autoware_msgs/lib/pkgconfig:/home/autoware/Autoware_1.11.0_sai_edit/ros/src/install/autoware_config_msgs/lib/pkgconfig:/home/autoware/Autoware_1.11.0_sai_edit/ros/src/install/autoware_can_msgs/lib/pkgconfig:/home/autoware/Autoware_1.11.0_sai_edit/ros/src/install/autoware_build_flags/lib/pkgconfig:${PKG_CONFIG_PATH} PYTHONPATH=/home/autoware/Autoware_1.11.0_sai_edit/ros/src/install/tablet_socket_msgs/lib/python2.7/dist-packages:/home/autoware/Autoware_1.11.0_sai_edit/ros/src/install/autoware_msgs/lib/python2.7/dist-packages:/home/autoware/Autoware_1.11.0_sai_edit/ros/src/install/autoware_config_msgs/lib/python2.7/dist-packages:/home/autoware/Autoware_1.11.0_sai_edit/ros/src/install/autoware_can_msgs/lib/python2.7/dist-packages:${PYTHONPATH} ROS_PACKAGE_PATH=/home/autoware/Autoware_1.11.0_sai_edit/ros/src/install/tablet_socket_msgs/share:/home/autoware/Autoware_1.11.0_sai_edit/ros/src/install/autoware_msgs/share:/home/autoware/Autoware_1.11.0_sai_edit/ros/src/install/autoware_config_msgs/share:/home/autoware/Autoware_1.11.0_sai_edit/ros/src/install/autoware_can_msgs/share:/home/autoware/Autoware_1.11.0_sai_edit/ros/src/install/autoware_build_flags/share:${ROS_PACKAGE_PATH} /usr/bin/cmake /home/autoware/Autoware_1.11.0_sai_edit/ros/src/socket/packages/vehicle_socket -DCMAKE_BUILD_TYPE=Release -DCMAKE_LIBRARY_PATH=/usr/local/cuda/lib64/stubs -DCATKIN_INSTALL_INTO_PREFIX_ROOT=0 -DCMAKE_INSTALL_PREFIX=/home/autoware/Autoware_1.11.0_sai_edit/ros/src/install/vehicle_socket
-- Using CATKIN_DEVEL_PREFIX: /home/autoware/Autoware_1.11.0_sai_edit/ros/src/build/vehicle_socket/devel
-- Using CMAKE_PREFIX_PATH: /home/autoware/Autoware_1.11.0_sai_edit/ros/src/install/tablet_socket_msgs;/home/autoware/Autoware_1.11.0_sai_edit/ros/src/install/autoware_msgs;/home/autoware/Autoware_1.11.0_sai_edit/ros/src/install/autoware_config_msgs;/home/autoware/Autoware_1.11.0_sai_edit/ros/src/install/autoware_can_msgs;/home/autoware/Autoware_1.11.0_sai_edit/ros/src/install/autoware_build_flags;/home/autoware/Autoware_1.11.0_sai_edit/ros/install/ymc;/home/autoware/Autoware_1.11.0_sai_edit/ros/install/xsens_driver;/home/autoware/Autoware_1.11.0_sai_edit/ros/install/lattice_planner;/home/autoware/Autoware_1.11.0_sai_edit/ros/install/waypoint_planner;/home/autoware/Autoware_1.11.0_sai_edit/ros/install/waypoint_maker;/home/autoware/Autoware_1.11.0_sai_edit/ros/install/way_planner;/home/autoware/Autoware_1.11.0_sai_edit/ros/install/trafficlight_recognizer;/home/autoware/Autoware_1.11.0_sai_edit/ros/install/op_utilities;/home/autoware/Autoware_1.11.0_sai_edit/ros/install/op_simulation_package;/home/autoware/Autoware_1.11.0_sai_edit/ros/install/op_local_planner;/home/autoware/Autoware_1.11.0_sai_edit/ros/install/op_global_planner;/home/autoware/Autoware_1.11.0_sai_edit/ros/install/lidar_kf_contour_track;/home/autoware/Autoware_1.11.0_sai_edit/ros/install/op_ros_helpers;/home/autoware/Autoware_1.11.0_sai_edit/ros/install/lane_planner;/home/autoware/Autoware_1.11.0_sai_edit/ros/install/ff_waypoint_follower;/home/autoware/Autoware_1.11.0_sai_edit/ros/install/dp_planner;/home/autoware/Autoware_1.11.0_sai_edit/ros/install/waypoint_follower;/home/autoware/Autoware_1.11.0_sai_edit/ros/install/vlg22c_cam;/home/autoware/Autoware_1.11.0_sai_edit/ros/install/vision_ssd_detect;/home/autoware/Autoware_1.11.0_sai_edit/ros/install/vision_segment_enet_detect;/home/autoware/Autoware_1.11.0_sai_edit/ros/install/vision_lane_detect;/home/autoware/Autoware_1.11.0_sai_edit/ros/install/vision_dpm_ttic_detect;/home/autoware/Autoware_1.11.0_sai_edit/ros/install/vision_darknet_detect;/home/autoware/Autoware_1.11.0_sai_edit/ros/install/vision_beyond_track;/home/autoware/Autoware_1.11.0_sai_edit/ros/install/vehicle_socket;/home/autoware/Autoware_1.11.0_sai_edit/ros/install/vehicle_model;/home/autoware/Autoware_1.11.0_sai_edit/ros/install/vehicle_gazebo_simulation_launcher;/home/autoware/Autoware_1.11.0_sai_edit/ros/install/vehicle_gazebo_simulation_interface;/home/autoware/Autoware_1.11.0_sai_edit/ros/install/vehicle_description;/home/autoware/Autoware_1.11.0_sai_edit/ros/install/op_simu;/home/autoware/Autoware_1.11.0_sai_edit/ros/install/op_planner;/home/autoware/Autoware_1.11.0_sai_edit/ros/install/op_utility;/home/autoware/Autoware_1.11.0_sai_edit/ros/install/lidar_euclidean_cluster_detect;/home/autoware/Autoware_1.11.0_sai_edit/ros/install/vector_map_server;/home/autoware/Autoware_1.11.0_sai_edit/ros/install/road_occupancy_processor;/home/autoware/Autoware_1.11.0_sai_edit/ros/install/costmap_generator;/home/autoware/Autoware_1.11.0_sai_edit/ros/install/object_map;/home/autoware/Autoware_1.11.0_sai_edit/ros/install/naive_motion_predict;/home/autoware/Autoware_1.11.0_sai_edit/ros/install/map_file;/home/autoware/Autoware_1.11.0_sai_edit/ros/install/libvectormap;/home/autoware/Autoware_1.11.0_sai_edit/ros/install/imm_ukf_pda_track;/home/autoware/Autoware_1.11.0_sai_edit/ros/install/decision_maker;/home/autoware/Autoware_1.11.0_sai_edit/ros/install/vector_map;/home/autoware/Autoware_1.11.0_sai_edit/ros/install/vector_map_msgs;/home/autoware/Autoware_1.11.0_sai_edit/ros/install/vectacam;/home/autoware/Autoware_1.11.0_sai_edit/ros/install/udon_socket;/home/autoware/Autoware_1.11.0_sai_edit/ros/install/twist_to_odom;/home/autoware/Autoware_1.11.0_sai_edit/ros/install/tablet_socket;/home/autoware/Autoware_1.11.0_sai_edit/ros/install/runtime_manager;/home/autoware/Autoware_1.11.0_sai_edit/ros/install/mqtt_socket;/home/autoware/Autoware_1.11.0_sai_edit/ros/install/tablet_socket_msgs;/home/autoware/Autoware_1.11.0_sai_edit/ros/install/state_machine_lib;/home/autoware/Autoware_1.11.0_sai_edit/ros/install/sound_player;/home/autoware/Autoware_1.11.0_sai_edit/ros/install/signal_creator;/home/autoware/Autoware_1.11.0_sai_edit/ros/install/sick_lms5xx;/home/autoware/Autoware_1.11.0_sai_edit/ros/install/sick_ldmrs_tools;/home/autoware/Autoware_1.11.0_sai_edit/ros/install/sick_ldmrs_driver;/home/autoware/Autoware_1.11.0_sai_edit/ros/install/sick_ldmrs_msgs;/home/autoware/Autoware_1.11.0_sai_edit/ros/install/sick_ldmrs_description;/home/autoware/Autoware_1.11.0_sai_edit/ros/install/rslidar_driver;/home/autoware/Autoware_1.11.0_sai_edit/ros/install/rslidar_msgs;/home/autoware/Autoware_1.11.0_sai_edit/ros/install/points2image;/home/autoware/Autoware_1.11.0_sai_edit/ros/install/calibration_camera_lidar;/home/autoware/Autoware_1.11.0_sai_edit/ros/install/rosinterface;/home/autoware/Autoware_1.11.0_sai_edit/ros/install/rosbag_controller;/home/autoware/Autoware_1.11.0_sai_edit/ros/install/roi_object_filter;/home/autoware/Autoware_1.11.0_sai_edit/ros/install/range_vision_fusion;/home/autoware/Autoware_1.11.0_sai_edit/ros/install/pos_db;/home/autoware/Autoware_1.11.0_sai_edit/ros/install/points_preprocessor;/home/autoware/Autoware_1.11.0_sai_edit/ros/install/points_downsampler;/home/autoware/Autoware_1.11.0_sai_edit/ros/install/pixel_cloud_fusion;/home/autoware/Autoware_1.11.0_sai_edit/ros/install/lidar_localizer;/home/autoware/Autoware_1.11.0_sai_edit/ros/install/pcl_omp_registration;/home/autoware/Autoware_1.11.0_sai_edit/ros/install/pc2_downsampler;/home/autoware/Autoware_1.11.0_sai_edit/ros/install/ouster_ros;/home/autoware/Autoware_1.11.0_sai_edit/ros/install/oculus_socket;/home/autoware/Autoware_1.11.0_sai_edit/ros/install/obj_db;/home/autoware/Autoware_1.11.0_sai_edit/ros/install/novatel_oem7;/home/autoware/Autoware_1.11.0_sai_edit/ros/install/nmea_navsat;/home/autoware/Autoware_1.11.0_sai_edit/ros/install/ndt_tku;/home/autoware/Autoware_1.11.0_sai_edit/ros/install/ndt_gpu;/home/autoware/Autoware_1.11.0_sai_edit/ros/install/ndt_cpu;/home/autoware/Autoware_1.11.0_sai_edit/ros/install/multi_lidar_calibrator;/home/autoware/Autoware_1.11.0_sai_edit/ros/install/microstrain_driver;/home/autoware/Autoware_1.11.0_sai_edit/ros/install/microbus_interface;/home/autoware/Autoware_1.11.0_sai_edit/ros/install/memsic_imu;/home/autoware/Autoware_1.11.0_sai_edit/ros/install/marker_downsampler;/home/autoware/Autoware_1.11.0_sai_edit/ros/install/map_tools;/home/autoware/Autoware_1.11.0_sai_edit/ros/install/map_tf_generator;/home/autoware/Autoware_1.11.0_sai_edit/ros/install/log_tools;/home/autoware/Autoware_1.11.0_sai_edit/ros/install/liesse_model;/home/autoware/Autoware_1.11.0_sai_edit/ros/install/lidar_shape_estimation;/home/autoware/Autoware_1.11.0_sai_edit/ros/install/lidar_point_pillars;/home/autoware/Autoware_1.11.0_sai_edit/ros/install/lidar_naive_l_shape_detect;/home/autoware/Autoware_1.11.0_sai_edit/ros/install/lidar_fake_perception;/home/autoware/Autoware_1.11.0_sai_edit/ros/install/lidar_apollo_cnn_seg_detect;/home/autoware/Autoware_1.11.0_sai_edit/ros/install/libdpm_ttic;/home/autoware/Autoware_1.11.0_sai_edit/ros/install/lgsvl_simulator_bridge;/home/autoware/Autoware_1.11.0_sai_edit/ros/install/lgsvl_msgs;/home/autoware/Autoware_1.11.0_sai_edit/ros/install/kvaser;/home/autoware/Autoware_1.11.0_sai_edit/ros/install/kitti_launch;/home/autoware/Autoware_1.11.0_sai_edit/ros/install/kitti_player;/home/autoware/Autoware_1.11.0_sai_edit/ros/install/kitti_box_publisher;/home/autoware/Autoware_1.11.0_sai_edit/ros/install/javad_navsat_driver;/home/autoware/Autoware_1.11.0_sai_edit/ros/install/integrated_viewer;/home/autoware/Autoware_1.11.0_sai_edit/ros/install/image_processor;/home/autoware/Autoware_1.11.0_sai_edit/ros/install/hokuyo;/home/autoware/Autoware_1.11.0_sai_edit/ros/install/graph_tools;/home/autoware/Autoware_1.11.0_sai_edit/ros/install/gnss_localizer;/home/autoware/Autoware_1.11.0_sai_edit/ros/install/gnss;/home/autoware/Autoware_1.11.0_sai_edit/ros/install/glviewer;/home/autoware/Autoware_1.11.0_sai_edit/ros/install/gazebo_world_description;/home/autoware/Autoware_1.11.0_sai_edit/ros/install/gazebo_imu_description;/home/autoware/Autoware_1.11.0_sai_edit/ros/install/gazebo_camera_description;/home/autoware/Autoware_1.11.0_sai_edit/ros/install/garmin;/home/autoware/Autoware_1.11.0_sai_edit/ros/install/freespace_planner;/home/autoware/Autoware_1.11.0_sai_edit/ros/install/fastvirtualscan;/home/autoware/Autoware_1.11.0_sai_edit/ros/install/ekf_localizer;/home/autoware/Autoware_1.11.0_sai_edit/ros/install/detected_objects_visualizer;/home/autoware/Autoware_1.11.0_sai_edit/ros/install/decision_maker_panel;/home/autoware/Autoware_1.11.0_sai_edit/ros/install/dbw_mkz_msgs;/home/autoware/Autoware_1.11.0_sai_edit/ros/install/data_preprocessor;/home/autoware/Autoware_1.11.0_sai_edit/ros/install/custom_msgs;/home/autoware/Autoware_1.11.0_sai_edit/ros/install/calibration_publisher;/home/autoware/Autoware_1.11.0_sai_edit/ros/install/backlight;/home/autoware/Autoware_1.11.0_sai_edit/ros/install/autoware_health_checker;/home/autoware/Autoware_1.11.0_sai_edit/ros/install/autoware_system_msgs;/home/autoware/Autoware_1.11.0_sai_edit/ros/install/autoware_rviz_plugins;/home/autoware/Autoware_1.11.0_sai_edit/ros/install/autoware_pointgrey_drivers;/home/autoware/Autoware_1.11.0_sai_edit/ros/install/autoware_driveworks_interface;/home/autoware/Autoware_1.11.0_sai_edit/ros/install/autoware_connector;/home/autoware/Autoware_1.11.0_sai_edit/ros/install/autoware_camera_lidar_calibrator;/home/autoware/Autoware_1.11.0_sai_edit/ros/install/astar_search;/home/autoware/Autoware_1.11.0_sai_edit/ros/install/as;/home/autoware/Autoware_1.11.0_sai_edit/ros/install/amathutils_lib;/home/autoware/Autoware_1.11.0_sai_edit/ros/install/autoware_msgs;/home/autoware/Autoware_1.11.0_sai_edit/ros/install/autoware_launcher_rviz;/home/autoware/Autoware_1.11.0_sai_edit/ros/install/autoware_launcher;/home/autoware/Autoware_1.11.0_sai_edit/ros/install/autoware_driveworks_gmsl_interface;/home/autoware/Autoware_1.11.0_sai_edit/ros/install/autoware_config_msgs;/home/autoware/Autoware_1.11.0_sai_edit/ros/install/autoware_can_msgs;/home/autoware/Autoware_1.11.0_sai_edit/ros/install/autoware_build_flags;/home/autoware/Autoware_1.11.0_sai_edit/ros/install/autoware_bag_tools;/home/autoware/Autoware_1.11.0_sai_edit/ros/install/adi_driver;/opt/ros/kinetic
-- This workspace overlays: /home/autoware/Autoware_1.11.0_sai_edit/ros/src/install/tablet_socket_msgs;/home/autoware/Autoware_1.11.0_sai_edit/ros/src/install/autoware_msgs;/home/autoware/Autoware_1.11.0_sai_edit/ros/src/install/autoware_config_msgs;/home/autoware/Autoware_1.11.0_sai_edit/ros/src/install/autoware_can_msgs;/home/autoware/Autoware_1.11.0_sai_edit/ros/src/install/autoware_build_flags;/home/autoware/Autoware_1.11.0_sai_edit/ros/install/ymc;/home/autoware/Autoware_1.11.0_sai_edit/ros/install/xsens_driver;/home/autoware/Autoware_1.11.0_sai_edit/ros/install/lattice_planner;/home/autoware/Autoware_1.11.0_sai_edit/ros/install/waypoint_planner;/home/autoware/Autoware_1.11.0_sai_edit/ros/install/waypoint_maker;/home/autoware/Autoware_1.11.0_sai_edit/ros/install/way_planner;/home/autoware/Autoware_1.11.0_sai_edit/ros/install/trafficlight_recognizer;/home/autoware/Autoware_1.11.0_sai_edit/ros/install/op_utilities;/home/autoware/Autoware_1.11.0_sai_edit/ros/install/op_simulation_package;/home/autoware/Autoware_1.11.0_sai_edit/ros/install/op_local_planner;/home/autoware/Autoware_1.11.0_sai_edit/ros/install/op_global_planner;/home/autoware/Autoware_1.11.0_sai_edit/ros/install/lidar_kf_contour_track;/home/autoware/Autoware_1.11.0_sai_edit/ros/install/op_ros_helpers;/home/autoware/Autoware_1.11.0_sai_edit/ros/install/lane_planner;/home/autoware/Autoware_1.11.0_sai_edit/ros/install/ff_waypoint_follower;/home/autoware/Autoware_1.11.0_sai_edit/ros/install/dp_planner;/home/autoware/Autoware_1.11.0_sai_edit/ros/install/waypoint_follower;/home/autoware/Autoware_1.11.0_sai_edit/ros/install/vlg22c_cam;/home/autoware/Autoware_1.11.0_sai_edit/ros/install/vision_ssd_detect;/home/autoware/Autoware_1.11.0_sai_edit/ros/install/vision_segment_enet_detect;/home/autoware/Autoware_1.11.0_sai_edit/ros/install/vision_lane_detect;/home/autoware/Autoware_1.11.0_sai_edit/ros/install/vision_dpm_ttic_detect;/home/autoware/Autoware_1.11.0_sai_edit/ros/install/vision_darknet_detect;/home/autoware/Autoware_1.11.0_sai_edit/ros/install/vision_beyond_track;/home/autoware/Autoware_1.11.0_sai_edit/ros/install/vehicle_socket;/home/autoware/Autoware_1.11.0_sai_edit/ros/install/vehicle_model;/home/autoware/Autoware_1.11.0_sai_edit/ros/install/vehicle_gazebo_simulation_launcher;/home/autoware/Autoware_1.11.0_sai_edit/ros/install/vehicle_gazebo_simulation_interface;/home/autoware/Autoware_1.11.0_sai_edit/ros/install/vehicle_description;/home/autoware/Autoware_1.11.0_sai_edit/ros/install/op_simu;/home/autoware/Autoware_1.11.0_sai_edit/ros/install/op_planner;/home/autoware/Autoware_1.11.0_sai_edit/ros/install/op_utility;/home/autoware/Autoware_1.11.0_sai_edit/ros/install/lidar_euclidean_cluster_detect;/home/autoware/Autoware_1.11.0_sai_edit/ros/install/vector_map_server;/home/autoware/Autoware_1.11.0_sai_edit/ros/install/road_occupancy_processor;/home/autoware/Autoware_1.11.0_sai_edit/ros/install/costmap_generator;/home/autoware/Autoware_1.11.0_sai_edit/ros/install/object_map;/home/autoware/Autoware_1.11.0_sai_edit/ros/install/naive_motion_predict;/home/autoware/Autoware_1.11.0_sai_edit/ros/install/map_file;/home/autoware/Autoware_1.11.0_sai_edit/ros/install/libvectormap;/home/autoware/Autoware_1.11.0_sai_edit/ros/install/imm_ukf_pda_track;/home/autoware/Autoware_1.11.0_sai_edit/ros/install/decision_maker;/home/autoware/Autoware_1.11.0_sai_edit/ros/install/vector_map;/home/autoware/Autoware_1.11.0_sai_edit/ros/install/vector_map_msgs;/home/autoware/Autoware_1.11.0_sai_edit/ros/install/vectacam;/home/autoware/Autoware_1.11.0_sai_edit/ros/install/udon_socket;/home/autoware/Autoware_1.11.0_sai_edit/ros/install/twist_to_odom;/home/autoware/Autoware_1.11.0_sai_edit/ros/install/tablet_socket;/home/autoware/Autoware_1.11.0_sai_edit/ros/install/runtime_manager;/home/autoware/Autoware_1.11.0_sai_edit/ros/install/mqtt_socket;/home/autoware/Autoware_1.11.0_sai_edit/ros/install/tablet_socket_msgs;/home/autoware/Autoware_1.11.0_sai_edit/ros/install/state_machine_lib;/home/autoware/Autoware_1.11.0_sai_edit/ros/install/sound_player;/home/autoware/Autoware_1.11.0_sai_edit/ros/install/signal_creator;/home/autoware/Autoware_1.11.0_sai_edit/ros/install/sick_lms5xx;/home/autoware/Autoware_1.11.0_sai_edit/ros/install/sick_ldmrs_tools;/home/autoware/Autoware_1.11.0_sai_edit/ros/install/sick_ldmrs_driver;/home/autoware/Autoware_1.11.0_sai_edit/ros/install/sick_ldmrs_msgs;/home/autoware/Autoware_1.11.0_sai_edit/ros/install/sick_ldmrs_description;/home/autoware/Autoware_1.11.0_sai_edit/ros/install/rslidar_driver;/home/autoware/Autoware_1.11.0_sai_edit/ros/install/rslidar_msgs;/home/autoware/Autoware_1.11.0_sai_edit/ros/install/points2image;/home/autoware/Autoware_1.11.0_sai_edit/ros/install/calibration_camera_lidar;/home/autoware/Autoware_1.11.0_sai_edit/ros/install/rosinterface;/home/autoware/Autoware_1.11.0_sai_edit/ros/install/rosbag_controller;/home/autoware/Autoware_1.11.0_sai_edit/ros/install/roi_object_filter;/home/autoware/Autoware_1.11.0_sai_edit/ros/install/range_vision_fusion;/home/autoware/Autoware_1.11.0_sai_edit/ros/install/pos_db;/home/autoware/Autoware_1.11.0_sai_edit/ros/install/points_preprocessor;/home/autoware/Autoware_1.11.0_sai_edit/ros/install/points_downsampler;/home/autoware/Autoware_1.11.0_sai_edit/ros/install/pixel_cloud_fusion;/home/autoware/Autoware_1.11.0_sai_edit/ros/install/lidar_localizer;/home/autoware/Autoware_1.11.0_sai_edit/ros/install/pcl_omp_registration;/home/autoware/Autoware_1.11.0_sai_edit/ros/install/pc2_downsampler;/home/autoware/Autoware_1.11.0_sai_edit/ros/install/ouster_ros;/home/autoware/Autoware_1.11.0_sai_edit/ros/install/oculus_socket;/home/autoware/Autoware_1.11.0_sai_edit/ros/install/obj_db;/home/autoware/Autoware_1.11.0_sai_edit/ros/install/novatel_oem7;/home/autoware/Autoware_1.11.0_sai_edit/ros/install/nmea_navsat;/home/autoware/Autoware_1.11.0_sai_edit/ros/install/ndt_tku;/home/autoware/Autoware_1.11.0_sai_edit/ros/install/ndt_gpu;/home/autoware/Autoware_1.11.0_sai_edit/ros/install/ndt_cpu;/home/autoware/Autoware_1.11.0_sai_edit/ros/install/multi_lidar_calibrator;/home/autoware/Autoware_1.11.0_sai_edit/ros/install/microstrain_driver;/home/autoware/Autoware_1.11.0_sai_edit/ros/install/microbus_interface;/home/autoware/Autoware_1.11.0_sai_edit/ros/install/memsic_imu;/home/autoware/Autoware_1.11.0_sai_edit/ros/install/marker_downsampler;/home/autoware/Autoware_1.11.0_sai_edit/ros/install/map_tools;/home/autoware/Autoware_1.11.0_sai_edit/ros/install/map_tf_generator;/home/autoware/Autoware_1.11.0_sai_edit/ros/install/log_tools;/home/autoware/Autoware_1.11.0_sai_edit/ros/install/liesse_model;/home/autoware/Autoware_1.11.0_sai_edit/ros/install/lidar_shape_estimation;/home/autoware/Autoware_1.11.0_sai_edit/ros/install/lidar_point_pillars;/home/autoware/Autoware_1.11.0_sai_edit/ros/install/lidar_naive_l_shape_detect;/home/autoware/Autoware_1.11.0_sai_edit/ros/install/lidar_fake_perception;/home/autoware/Autoware_1.11.0_sai_edit/ros/install/lidar_apollo_cnn_seg_detect;/home/autoware/Autoware_1.11.0_sai_edit/ros/install/libdpm_ttic;/home/autoware/Autoware_1.11.0_sai_edit/ros/install/lgsvl_simulator_bridge;/home/autoware/Autoware_1.11.0_sai_edit/ros/install/lgsvl_msgs;/home/autoware/Autoware_1.11.0_sai_edit/ros/install/kvaser;/home/autoware/Autoware_1.11.0_sai_edit/ros/install/kitti_launch;/home/autoware/Autoware_1.11.0_sai_edit/ros/install/kitti_player;/home/autoware/Autoware_1.11.0_sai_edit/ros/install/kitti_box_publisher;/home/autoware/Autoware_1.11.0_sai_edit/ros/install/javad_navsat_driver;/home/autoware/Autoware_1.11.0_sai_edit/ros/install/integrated_viewer;/home/autoware/Autoware_1.11.0_sai_edit/ros/install/image_processor;/home/autoware/Autoware_1.11.0_sai_edit/ros/install/hokuyo;/home/autoware/Autoware_1.11.0_sai_edit/ros/install/graph_tools;/home/autoware/Autoware_1.11.0_sai_edit/ros/install/gnss_localizer;/home/autoware/Autoware_1.11.0_sai_edit/ros/install/gnss;/home/autoware/Autoware_1.11.0_sai_edit/ros/install/glviewer;/home/autoware/Autoware_1.11.0_sai_edit/ros/install/gazebo_world_description;/home/autoware/Autoware_1.11.0_sai_edit/ros/install/gazebo_imu_description;/home/autoware/Autoware_1.11.0_sai_edit/ros/install/gazebo_camera_description;/home/autoware/Autoware_1.11.0_sai_edit/ros/install/garmin;/home/autoware/Autoware_1.11.0_sai_edit/ros/install/freespace_planner;/home/autoware/Autoware_1.11.0_sai_edit/ros/install/fastvirtualscan;/home/autoware/Autoware_1.11.0_sai_edit/ros/install/ekf_localizer;/home/autoware/Autoware_1.11.0_sai_edit/ros/install/detected_objects_visualizer;/home/autoware/Autoware_1.11.0_sai_edit/ros/install/decision_maker_panel;/home/autoware/Autoware_1.11.0_sai_edit/ros/install/dbw_mkz_msgs;/home/autoware/Autoware_1.11.0_sai_edit/ros/install/data_preprocessor;/home/autoware/Autoware_1.11.0_sai_edit/ros/install/custom_msgs;/home/autoware/Autoware_1.11.0_sai_edit/ros/install/calibration_publisher;/home/autoware/Autoware_1.11.0_sai_edit/ros/install/backlight;/home/autoware/Autoware_1.11.0_sai_edit/ros/install/autoware_health_checker;/home/autoware/Autoware_1.11.0_sai_edit/ros/install/autoware_system_msgs;/home/autoware/Autoware_1.11.0_sai_edit/ros/install/autoware_rviz_plugins;/home/autoware/Autoware_1.11.0_sai_edit/ros/install/autoware_pointgrey_drivers;/home/autoware/Autoware_1.11.0_sai_edit/ros/install/autoware_driveworks_interface;/home/autoware/Autoware_1.11.0_sai_edit/ros/install/autoware_connector;/home/autoware/Autoware_1.11.0_sai_edit/ros/install/autoware_camera_lidar_calibrator;/home/autoware/Autoware_1.11.0_sai_edit/ros/install/astar_search;/home/autoware/Autoware_1.11.0_sai_edit/ros/install/as;/home/autoware/Autoware_1.11.0_sai_edit/ros/install/amathutils_lib;/home/autoware/Autoware_1.11.0_sai_edit/ros/install/autoware_msgs;/home/autoware/Autoware_1.11.0_sai_edit/ros/install/autoware_launcher_rviz;/home/autoware/Autoware_1.11.0_sai_edit/ros/install/autoware_launcher;/home/autoware/Autoware_1.11.0_sai_edit/ros/install/autoware_driveworks_gmsl_interface;/home/autoware/Autoware_1.11.0_sai_edit/ros/install/autoware_config_msgs;/home/autoware/Autoware_1.11.0_sai_edit/ros/install/autoware_can_msgs;/home/autoware/Autoware_1.11.0_sai_edit/ros/install/autoware_build_flags;/home/autoware/Autoware_1.11.0_sai_edit/ros/install/autoware_bag_tools;/home/autoware/Autoware_1.11.0_sai_edit/ros/install/adi_driver;/opt/ros/kinetic
-- Using PYTHON_EXECUTABLE: /usr/bin/python
-- Using Debian Python package layout
-- Using empy: /usr/bin/empy
-- Using CATKIN_ENABLE_TESTING: ON
-- Call enable_testing()
-- Using CATKIN_TEST_RESULTS_DIR: /home/autoware/Autoware_1.11.0_sai_edit/ros/src/build/vehicle_socket/test_results
-- Found gmock sources under '/usr/src/gmock': gmock will be built
-- Found gtest sources under '/usr/src/gmock': gtests will be built
-- Using Python nosetests: /usr/bin/nosetests-2.7
-- catkin 0.7.14
-- Using these message generators: gencpp;geneus;genlisp;gennodejs;genpy
-- Configuring done
-- Generating done
-- Build files have been written to: /home/autoware/Autoware_1.11.0_sai_edit/ros/src/build/vehicle_socket
Invoked command in '/home/autoware/Autoware_1.11.0_sai_edit/ros/src/build/vehicle_socket' returned '0': CMAKE_PREFIX_PATH=/home/autoware/Autoware_1.11.0_sai_edit/ros/src/install/tablet_socket_msgs:/home/autoware/Autoware_1.11.0_sai_edit/ros/src/install/autoware_msgs:/home/autoware/Autoware_1.11.0_sai_edit/ros/src/install/autoware_config_msgs:/home/autoware/Autoware_1.11.0_sai_edit/ros/src/install/autoware_can_msgs:/home/autoware/Autoware_1.11.0_sai_edit/ros/src/install/autoware_build_flags:${CMAKE_PREFIX_PATH} PKG_CONFIG_PATH=/home/autoware/Autoware_1.11.0_sai_edit/ros/src/install/tablet_socket_msgs/lib/pkgconfig:/home/autoware/Autoware_1.11.0_sai_edit/ros/src/install/autoware_msgs/lib/pkgconfig:/home/autoware/Autoware_1.11.0_sai_edit/ros/src/install/autoware_config_msgs/lib/pkgconfig:/home/autoware/Autoware_1.11.0_sai_edit/ros/src/install/autoware_can_msgs/lib/pkgconfig:/home/autoware/Autoware_1.11.0_sai_edit/ros/src/install/autoware_build_flags/lib/pkgconfig:${PKG_CONFIG_PATH} PYTHONPATH=/home/autoware/Autoware_1.11.0_sai_edit/ros/src/install/tablet_socket_msgs/lib/python2.7/dist-packages:/home/autoware/Autoware_1.11.0_sai_edit/ros/src/install/autoware_msgs/lib/python2.7/dist-packages:/home/autoware/Autoware_1.11.0_sai_edit/ros/src/install/autoware_config_msgs/lib/python2.7/dist-packages:/home/autoware/Autoware_1.11.0_sai_edit/ros/src/install/autoware_can_msgs/lib/python2.7/dist-packages:${PYTHONPATH} ROS_PACKAGE_PATH=/home/autoware/Autoware_1.11.0_sai_edit/ros/src/install/tablet_socket_msgs/share:/home/autoware/Autoware_1.11.0_sai_edit/ros/src/install/autoware_msgs/share:/home/autoware/Autoware_1.11.0_sai_edit/ros/src/install/autoware_config_msgs/share:/home/autoware/Autoware_1.11.0_sai_edit/ros/src/install/autoware_can_msgs/share:/home/autoware/Autoware_1.11.0_sai_edit/ros/src/install/autoware_build_flags/share:${ROS_PACKAGE_PATH} /usr/bin/cmake /home/autoware/Autoware_1.11.0_sai_edit/ros/src/socket/packages/vehicle_socket -DCMAKE_BUILD_TYPE=Release -DCMAKE_LIBRARY_PATH=/usr/local/cuda/lib64/stubs -DCATKIN_INSTALL_INTO_PREFIX_ROOT=0 -DCMAKE_INSTALL_PREFIX=/home/autoware/Autoware_1.11.0_sai_edit/ros/src/install/vehicle_socket
Invoking command in '/home/autoware/Autoware_1.11.0_sai_edit/ros/src/build/vehicle_socket': CMAKE_PREFIX_PATH=/home/autoware/Autoware_1.11.0_sai_edit/ros/src/install/tablet_socket_msgs:/home/autoware/Autoware_1.11.0_sai_edit/ros/src/install/autoware_msgs:/home/autoware/Autoware_1.11.0_sai_edit/ros/src/install/autoware_config_msgs:/home/autoware/Autoware_1.11.0_sai_edit/ros/src/install/autoware_can_msgs:/home/autoware/Autoware_1.11.0_sai_edit/ros/src/install/autoware_build_flags:${CMAKE_PREFIX_PATH} PKG_CONFIG_PATH=/home/autoware/Autoware_1.11.0_sai_edit/ros/src/install/tablet_socket_msgs/lib/pkgconfig:/home/autoware/Autoware_1.11.0_sai_edit/ros/src/install/autoware_msgs/lib/pkgconfig:/home/autoware/Autoware_1.11.0_sai_edit/ros/src/install/autoware_config_msgs/lib/pkgconfig:/home/autoware/Autoware_1.11.0_sai_edit/ros/src/install/autoware_can_msgs/lib/pkgconfig:/home/autoware/Autoware_1.11.0_sai_edit/ros/src/install/autoware_build_flags/lib/pkgconfig:${PKG_CONFIG_PATH} PYTHONPATH=/home/autoware/Autoware_1.11.0_sai_edit/ros/src/install/tablet_socket_msgs/lib/python2.7/dist-packages:/home/autoware/Autoware_1.11.0_sai_edit/ros/src/install/autoware_msgs/lib/python2.7/dist-packages:/home/autoware/Autoware_1.11.0_sai_edit/ros/src/install/autoware_config_msgs/lib/python2.7/dist-packages:/home/autoware/Autoware_1.11.0_sai_edit/ros/src/install/autoware_can_msgs/lib/python2.7/dist-packages:${PYTHONPATH} ROS_PACKAGE_PATH=/home/autoware/Autoware_1.11.0_sai_edit/ros/src/install/tablet_socket_msgs/share:/home/autoware/Autoware_1.11.0_sai_edit/ros/src/install/autoware_msgs/share:/home/autoware/Autoware_1.11.0_sai_edit/ros/src/install/autoware_config_msgs/share:/home/autoware/Autoware_1.11.0_sai_edit/ros/src/install/autoware_can_msgs/share:/home/autoware/Autoware_1.11.0_sai_edit/ros/src/install/autoware_build_flags/share:${ROS_PACKAGE_PATH} /usr/bin/cmake --build /home/autoware/Autoware_1.11.0_sai_edit/ros/src/build/vehicle_socket -- -j8 -l8
[  0%] Built target actionlib_msgs_generate_messages_lisp
[  0%] Built target actionlib_generate_messages_lisp
[  0%] Built target autoware_config_msgs_generate_messages_nodejs
[  0%] Built target actionlib_msgs_generate_messages_cpp
[  0%] Built target sensor_msgs_generate_messages_eus
[  0%] Built target actionlib_msgs_generate_messages_nodejs
[  0%] Built target tf2_msgs_generate_messages_py
[  0%] Built target jsk_footstep_msgs_generate_messages_nodejs
[  0%] Built target jsk_footstep_msgs_generate_messages_eus
[  0%] Built target pcl_msgs_generate_messages_nodejs
[  0%] Built target pcl_msgs_generate_messages_eus
[  0%] Built target jsk_footstep_msgs_generate_messages_cpp
[  0%] Built target autoware_msgs_generate_messages_lisp
[  0%] Built target rosgraph_msgs_generate_messages_cpp
[  0%] Built target autoware_msgs_generate_messages_nodejs
[  0%] Built target pcl_msgs_generate_messages_cpp
[  0%] Built target jsk_recognition_msgs_generate_messages_py
[  0%] Built target jsk_recognition_msgs_generate_messages_nodejs
[  0%] Built target actionlib_msgs_generate_messages_py
[  0%] Built target autoware_can_msgs_generate_messages_cpp
[  0%] Built target std_msgs_generate_messages_nodejs
[  0%] Built target geometry_msgs_generate_messages_lisp
[  0%] Built target geometry_msgs_generate_messages_py
[  0%] Built target jsk_recognition_msgs_generate_messages_lisp
[  0%] Built target pcl_msgs_generate_messages_lisp
[  0%] Built target autoware_msgs_generate_messages_eus
[  0%] Built target std_msgs_generate_messages_lisp
[  0%] Built target jsk_recognition_msgs_generate_messages_cpp
[  0%] Built target jsk_footstep_msgs_generate_messages_lisp
[  0%] Built target sensor_msgs_generate_messages_cpp
[  0%] Built target geometry_msgs_generate_messages_cpp
[  0%] Built target std_msgs_generate_messages_cpp
[  0%] Built target sensor_msgs_generate_messages_nodejs
[  0%] Built target tablet_socket_msgs_generate_messages_lisp
[  0%] Built target pcl_msgs_generate_messages_py
[  0%] Built target autoware_msgs_generate_messages_cpp
[  0%] Built target actionlib_generate_messages_py
[  0%] Built target actionlib_generate_messages_nodejs
[  0%] Built target tablet_socket_msgs_generate_messages_py
[  0%] Built target tablet_socket_msgs_generate_messages_eus
[  0%] Built target tablet_socket_msgs_generate_messages_nodejs
[  0%] Built target roscpp_generate_messages_cpp
[  0%] Built target roscpp_generate_messages_eus
[  0%] Built target roscpp_generate_messages_lisp
[  0%] Built target sensor_msgs_generate_messages_py
[  0%] Built target roscpp_generate_messages_nodejs
[  0%] Built target jsk_recognition_msgs_generate_messages_eus
[  0%] Built target roscpp_generate_messages_py
[  0%] Built target tf_generate_messages_nodejs
[  0%] Built target std_msgs_generate_messages_py
[  0%] Built target rosgraph_msgs_generate_messages_eus
[  0%] Built target autoware_config_msgs_generate_messages_lisp
[  0%] Built target rosgraph_msgs_generate_messages_lisp
[  0%] Built target geometry_msgs_generate_messages_eus
[  0%] Built target geometry_msgs_generate_messages_nodejs
[  0%] Built target autoware_can_msgs_generate_messages_py
[  0%] Built target rosgraph_msgs_generate_messages_nodejs
[  0%] Built target actionlib_generate_messages_cpp
[  0%] Built target rosgraph_msgs_generate_messages_py
[  0%] Built target tf_generate_messages_lisp
[  0%] Built target tf_generate_messages_eus
[  0%] Built target tf_generate_messages_py
[  0%] Built target std_msgs_generate_messages_eus
[  0%] Built target actionlib_generate_messages_eus
[  0%] Built target tf2_msgs_generate_messages_cpp
[  0%] Built target tf2_msgs_generate_messages_eus
[  0%] Built target tf2_msgs_generate_messages_lisp
[  0%] Built target autoware_can_msgs_generate_messages_lisp
[  0%] Built target tf2_msgs_generate_messages_nodejs
[  0%] Built target autoware_config_msgs_generate_messages_cpp
[  0%] Built target tablet_socket_msgs_generate_messages_cpp
[  0%] Built target autoware_config_msgs_generate_messages_eus
[  0%] Built target autoware_config_msgs_generate_messages_py
[  0%] Built target autoware_can_msgs_generate_messages_eus
[  0%] Built target jsk_footstep_msgs_generate_messages_py
[  0%] Built target actionlib_msgs_generate_messages_eus
[  0%] Built target autoware_can_msgs_generate_messages_nodejs
[  0%] Built target tf_generate_messages_cpp
[  0%] Built target autoware_msgs_generate_messages_py
[  0%] Built target sensor_msgs_generate_messages_lisp
[  9%] Built target rs232_microbus_can_receiver
[35m[1mScanning dependencies of target kvaser_microbus_can_sender_stroke[0m
[ 13%] [32mBuilding CXX object CMakeFiles/kvaser_microbus_can_sender_stroke.dir/nodes/kvaser_microbus_can_sender/kvaser_microbus_can_sender_stroke.cpp.o[0m
In file included from [01m[K/home/autoware/Autoware_1.11.0_sai_edit/ros/src/socket/packages/vehicle_socket/nodes/kvaser_microbus_can_sender/kvaser_microbus_can_sender_stroke.cpp:31:0[m[K:
[01m[K/home/autoware/Autoware_1.11.0_sai_edit/ros/src/socket/packages/vehicle_socket/include/kvaser_can.h:[m[K In constructor ‘[01m[KKVASER_CAN::KVASER_CAN()[m[K’:
[01m[K/home/autoware/Autoware_1.11.0_sai_edit/ros/src/socket/packages/vehicle_socket/include/kvaser_can.h:11:15:[m[K [01;35m[Kwarning: [m[K‘[01m[KKVASER_CAN::msgCounter_[m[K’ will be initialized after [-Wreorder]
  unsigned int msgCounter_;
[01;32m[K               ^[m[K
[01m[K/home/autoware/Autoware_1.11.0_sai_edit/ros/src/socket/packages/vehicle_socket/include/kvaser_can.h:10:7:[m[K [01;35m[Kwarning: [m[K  ‘[01m[Kbool KVASER_CAN::open_flag_[m[K’ [-Wreorder]
  bool open_flag_;
[01;32m[K       ^[m[K
[01m[K/home/autoware/Autoware_1.11.0_sai_edit/ros/src/socket/packages/vehicle_socket/include/kvaser_can.h:17:2:[m[K [01;35m[Kwarning: [m[K  when initialized here [-Wreorder]
  KVASER_CAN()
[01;32m[K  ^[m[K
[01m[K/home/autoware/Autoware_1.11.0_sai_edit/ros/src/socket/packages/vehicle_socket/include/kvaser_can.h:20:24:[m[K [01;35m[Kwarning: [m[Kconverting to non-pointer type ‘[01m[KcanHandle {aka int}[m[K’ from NULL [-Wconversion-null]
      , open_flag_(false)
[01;32m[K                        ^[m[K
[01m[K/home/autoware/Autoware_1.11.0_sai_edit/ros/src/socket/packages/vehicle_socket/nodes/kvaser_microbus_can_sender/kvaser_microbus_can_sender_stroke.cpp:[m[K In member function ‘[01m[Kint PID_params::init(double)[m[K’:
[01m[K/home/autoware/Autoware_1.11.0_sai_edit/ros/src/socket/packages/vehicle_socket/nodes/kvaser_microbus_can_sender/kvaser_microbus_can_sender_stroke.cpp:68:2:[m[K [01;35m[Kwarning: [m[Kno return statement in function returning non-void [-Wreturn-type]
  }
[01;32m[K  ^[m[K
[01m[K/home/autoware/Autoware_1.11.0_sai_edit/ros/src/socket/packages/vehicle_socket/nodes/kvaser_microbus_can_sender/kvaser_microbus_can_sender_stroke.cpp:[m[K In member function ‘[01m[Kconst LIMIT_ANGLE_FROM_VELOCITY_STRUCT LIMIT_ANGLE_FROM_VELOCITY_CLASS::getLimit(double)[m[K’:
[01m[K/home/autoware/Autoware_1.11.0_sai_edit/ros/src/socket/packages/vehicle_socket/nodes/kvaser_microbus_can_sender/kvaser_microbus_can_sender_stroke.cpp:172:16:[m[K [01;35m[Kwarning: [m[Kcomparison between signed and unsigned integer expressions [-Wsign-compare]
   for(int i=0;i<lafvs.size()-1;i++)
[01;32m[K                ^[m[K
[01m[K/home/autoware/Autoware_1.11.0_sai_edit/ros/src/socket/packages/vehicle_socket/nodes/kvaser_microbus_can_sender/kvaser_microbus_can_sender_stroke.cpp:[m[K In member function ‘[01m[Kvoid kvaser_can_sender::NdtGnssCheck()[m[K’:
[01m[K/home/autoware/Autoware_1.11.0_sai_edit/ros/src/socket/packages/vehicle_socket/nodes/kvaser_microbus_can_sender/kvaser_microbus_can_sender_stroke.cpp:366:10:[m[K [01;35m[Kwarning: [m[Kunused variable ‘[01m[Kdistance[m[K’ [-Wunused-variable]
   double distance = sqrt((ndtx - gnssx) * (ndtx -gnssx) + (ndty - gnssy) * (ndty -gnssy));
[01;32m[K          ^[m[K
[01m[K/home/autoware/Autoware_1.11.0_sai_edit/ros/src/socket/packages/vehicle_socket/nodes/kvaser_microbus_can_sender/kvaser_microbus_can_sender_stroke.cpp:[m[K In member function ‘[01m[Kvoid kvaser_can_sender::callbackLidarDetectorObjects(const ConstPtr&)[m[K’:
[01m[K/home/autoware/Autoware_1.11.0_sai_edit/ros/src/socket/packages/vehicle_socket/nodes/kvaser_microbus_can_sender/kvaser_microbus_can_sender_stroke.cpp:443:25:[m[K [01;35m[Kwarning: [m[Kcomparison between signed and unsigned integer expressions [-Wsign-compare]
   for(int obj_i=0; obj_i<msg->objects.size(); obj_i++)
[01;32m[K                         ^[m[K
[01m[K/home/autoware/Autoware_1.11.0_sai_edit/ros/src/socket/packages/vehicle_socket/nodes/kvaser_microbus_can_sender/kvaser_microbus_can_sender_stroke.cpp:[m[K In member function ‘[01m[Kvoid kvaser_can_sender::TwistPoseCallback(const TwistStampedConstPtr&, const PoseStampedConstPtr&)[m[K’:
[01m[K/home/autoware/Autoware_1.11.0_sai_edit/ros/src/socket/packages/vehicle_socket/nodes/kvaser_microbus_can_sender/kvaser_microbus_can_sender_stroke.cpp:592:25:[m[K [01;35m[Kwarning: [m[Kcomparison between signed and unsigned integer expressions [-Wsign-compare]
   for(vec_cou=0; vec_cou<acceleration_vec1_.size(); vec_cou++)
[01;32m[K                         ^[m[K
[01m[K/home/autoware/Autoware_1.11.0_sai_edit/ros/src/socket/packages/vehicle_socket/nodes/kvaser_microbus_can_sender/kvaser_microbus_can_sender_stroke.cpp:603:25:[m[K [01;35m[Kwarning: [m[Kcomparison between signed and unsigned integer expressions [-Wsign-compare]
   for(vec_cou=0; vec_cou<acceleration_vec2_.size(); vec_cou++)
[01;32m[K                         ^[m[K
[01m[K/home/autoware/Autoware_1.11.0_sai_edit/ros/src/socket/packages/vehicle_socket/nodes/kvaser_microbus_can_sender/kvaser_microbus_can_sender_stroke.cpp:581:16:[m[K [01;35m[Kwarning: [m[Kunused variable ‘[01m[Kx[m[K’ [-Wunused-variable]
   const double x =
[01;32m[K                ^[m[K
[01m[K/home/autoware/Autoware_1.11.0_sai_edit/ros/src/socket/packages/vehicle_socket/nodes/kvaser_microbus_can_sender/kvaser_microbus_can_sender_stroke.cpp:585:10:[m[K [01;35m[Kwarning: [m[Kunused variable ‘[01m[Kv_sa[m[K’ [-Wunused-variable]
   double v_sa = v * v - v0 * v0;
[01;32m[K          ^[m[K
[01m[K/home/autoware/Autoware_1.11.0_sai_edit/ros/src/socket/packages/vehicle_socket/nodes/kvaser_microbus_can_sender/kvaser_microbus_can_sender_stroke.cpp:[m[K In member function ‘[01m[Kvoid kvaser_can_sender::bufset_steer(unsigned char*)[m[K’:
[01m[K/home/autoware/Autoware_1.11.0_sai_edit/ros/src/socket/packages/vehicle_socket/nodes/kvaser_microbus_can_sender/kvaser_microbus_can_sender_stroke.cpp:978:11:[m[K [01;35m[Kwarning: [m[Kunused variable ‘[01m[Kratio[m[K’ [-Wunused-variable]
    double ratio = ((handle_control_ratio - 1.0) * (zisoku - handle_control_min_speed))
[01;32m[K           ^[m[K
[01m[K/home/autoware/Autoware_1.11.0_sai_edit/ros/src/socket/packages/vehicle_socket/nodes/kvaser_microbus_can_sender/kvaser_microbus_can_sender_stroke.cpp:[m[K In member function ‘[01m[Kdouble kvaser_can_sender::_steer_pid_control(double)[m[K’:
[01m[K/home/autoware/Autoware_1.11.0_sai_edit/ros/src/socket/packages/vehicle_socket/nodes/kvaser_microbus_can_sender/kvaser_microbus_can_sender_stroke.cpp:1007:10:[m[K [01;35m[Kwarning: [m[Kvariable ‘[01m[Ke_i[m[K’ set but not used [-Wunused-but-set-variable]
   double e_i;
[01;32m[K          ^[m[K
[01m[K/home/autoware/Autoware_1.11.0_sai_edit/ros/src/socket/packages/vehicle_socket/nodes/kvaser_microbus_can_sender/kvaser_microbus_can_sender_stroke.cpp:1015:10:[m[K [01;35m[Kwarning: [m[Kunused variable ‘[01m[Ke_d[m[K’ [-Wunused-variable]
   double e_d = e - pid_params.get_steer_e_prev_distance();
[01;32m[K          ^[m[K
[01m[K/home/autoware/Autoware_1.11.0_sai_edit/ros/src/socket/packages/vehicle_socket/nodes/kvaser_microbus_can_sender/kvaser_microbus_can_sender_stroke.cpp:[m[K In member function ‘[01m[Kvoid kvaser_can_sender::bufset_drive(unsigned char*, double, double, double)[m[K’:
[01m[K/home/autoware/Autoware_1.11.0_sai_edit/ros/src/socket/packages/vehicle_socket/nodes/kvaser_microbus_can_sender/kvaser_microbus_can_sender_stroke.cpp:1458:13:[m[K [01;35m[Kwarning: [m[Ksuggest parentheses around ‘[01m[K&&[m[K’ within ‘[01m[K||[m[K’ [-Wparentheses]
             && fabs(cmd_velocity) > 0.0 || (stopper_distance_>=0 && stopper_distance_ <=current_velocity) )
[01;32m[K             ^[m[K
[01m[K/home/autoware/Autoware_1.11.0_sai_edit/ros/src/socket/packages/vehicle_socket/nodes/kvaser_microbus_can_sender/kvaser_microbus_can_sender_stroke.cpp:[m[K In constructor ‘[01m[Kkvaser_can_sender::kvaser_can_sender(ros::NodeHandle, ros::NodeHandle)[m[K’:
[01m[K/home/autoware/Autoware_1.11.0_sai_edit/ros/src/socket/packages/vehicle_socket/nodes/kvaser_microbus_can_sender/kvaser_microbus_can_sender_stroke.cpp:309:22:[m[K [01;35m[Kwarning: [m[K‘[01m[Kkvaser_can_sender::input_drive_[m[K’ will be initialized after [-Wreorder]
  short input_steer_, input_drive_;
[01;32m[K                      ^[m[K
[01m[K/home/autoware/Autoware_1.11.0_sai_edit/ros/src/socket/packages/vehicle_socket/nodes/kvaser_microbus_can_sender/kvaser_microbus_can_sender_stroke.cpp:299:16:[m[K [01;35m[Kwarning: [m[K  ‘[01m[Kunsigned char kvaser_can_sender::drive_control_mode_[m[K’ [-Wreorder]
  unsigned char drive_control_mode_;
[01;32m[K                ^[m[K
[01m[K/home/autoware/Autoware_1.11.0_sai_edit/ros/src/socket/packages/vehicle_socket/nodes/kvaser_microbus_can_sender/kvaser_microbus_can_sender_stroke.cpp:1597:2:[m[K [01;35m[Kwarning: [m[K  when initialized here [-Wreorder]
  kvaser_can_sender(ros::NodeHandle nh, ros::NodeHandle p_nh)
[01;32m[K  ^[m[K
[01m[K/home/autoware/Autoware_1.11.0_sai_edit/ros/src/socket/packages/vehicle_socket/nodes/kvaser_microbus_can_sender/kvaser_microbus_can_sender_stroke.cpp:315:38:[m[K [01;35m[Kwarning: [m[K‘[01m[Kkvaser_can_sender::blinker_stop_[m[K’ will be initialized after [-Wreorder]
  bool blinker_right_, blinker_left_, blinker_stop_;
[01;32m[K                                      ^[m[K
[01m[K/home/autoware/Autoware_1.11.0_sai_edit/ros/src/socket/packages/vehicle_socket/nodes/kvaser_microbus_can_sender/kvaser_microbus_can_sender_stroke.cpp:312:63:[m[K [01;35m[Kwarning: [m[K  ‘[01m[Kunsigned char kvaser_can_sender::automatic_door_[m[K’ [-Wreorder]
  unsigned char shift_position_, drive_clutch_, steer_clutch_, automatic_door_;
[01;32m[K                                                               ^[m[K
[01m[K/home/autoware/Autoware_1.11.0_sai_edit/ros/src/socket/packages/vehicle_socket/nodes/kvaser_microbus_can_sender/kvaser_microbus_can_sender_stroke.cpp:1597:2:[m[K [01;35m[Kwarning: [m[K  when initialized here [-Wreorder]
  kvaser_can_sender(ros::NodeHandle nh, ros::NodeHandle p_nh)
[01;32m[K  ^[m[K
[01m[K/home/autoware/Autoware_1.11.0_sai_edit/ros/src/socket/packages/vehicle_socket/nodes/kvaser_microbus_can_sender/kvaser_microbus_can_sender_stroke.cpp:312:63:[m[K [01;35m[Kwarning: [m[K‘[01m[Kkvaser_can_sender::automatic_door_[m[K’ will be initialized after [-Wreorder]
  unsigned char shift_position_, drive_clutch_, steer_clutch_, automatic_door_;
[01;32m[K                                                               ^[m[K
[01m[K/home/autoware/Autoware_1.11.0_sai_edit/ros/src/socket/packages/vehicle_socket/nodes/kvaser_microbus_can_sender/kvaser_microbus_can_sender_stroke.cpp:312:33:[m[K [01;35m[Kwarning: [m[K  ‘[01m[Kunsigned char kvaser_can_sender::drive_clutch_[m[K’ [-Wreorder]
  unsigned char shift_position_, drive_clutch_, steer_clutch_, automatic_door_;
[01;32m[K                                 ^[m[K
[01m[K/home/autoware/Autoware_1.11.0_sai_edit/ros/src/socket/packages/vehicle_socket/nodes/kvaser_microbus_can_sender/kvaser_microbus_can_sender_stroke.cpp:1597:2:[m[K [01;35m[Kwarning: [m[K  when initialized here [-Wreorder]
  kvaser_can_sender(ros::NodeHandle nh, ros::NodeHandle p_nh)
[01;32m[K  ^[m[K
[01m[K/home/autoware/Autoware_1.11.0_sai_edit/ros/src/socket/packages/vehicle_socket/nodes/kvaser_microbus_can_sender/kvaser_microbus_can_sender_stroke.cpp:312:48:[m[K [01;35m[Kwarning: [m[K‘[01m[Kkvaser_can_sender::steer_clutch_[m[K’ will be initialized after [-Wreorder]
  unsigned char shift_position_, drive_clutch_, steer_clutch_, automatic_door_;
[01;32m[K                                                ^[m[K
[01m[K/home/autoware/Autoware_1.11.0_sai_edit/ros/src/socket/packages/vehicle_socket/nodes/kvaser_microbus_can_sender/kvaser_microbus_can_sender_stroke.cpp:256:6:[m[K [01;35m[Kwarning: [m[K  ‘[01m[Kint kvaser_can_sender::config_result[m[K’ [-Wreorder]
  int config_result;
[01;32m[K      ^[m[K
[01m[K/home/autoware/Autoware_1.11.0_sai_edit/ros/src/socket/packages/vehicle_socket/nodes/kvaser_microbus_can_sender/kvaser_microbus_can_sender_stroke.cpp:1597:2:[m[K [01;35m[Kwarning: [m[K  when initialized here [-Wreorder]
  kvaser_can_sender(ros::NodeHandle nh, ros::NodeHandle p_nh)
[01;32m[K  ^[m[K
[01m[K/home/autoware/Autoware_1.11.0_sai_edit/ros/src/socket/packages/vehicle_socket/nodes/kvaser_microbus_can_sender/kvaser_microbus_can_sender_stroke.cpp:321:26:[m[K [01;35m[Kwarning: [m[K‘[01m[Kkvaser_can_sender::use_acceleration_data_[m[K’ will be initialized after [-Wreorder]
  int use_velocity_data_, use_acceleration_data_;
[01;32m[K                          ^[m[K
[01m[K/home/autoware/Autoware_1.11.0_sai_edit/ros/src/socket/packages/vehicle_socket/nodes/kvaser_microbus_can_sender/kvaser_microbus_can_sender_stroke.cpp:318:9:[m[K [01;35m[Kwarning: [m[K  ‘[01m[Kdouble kvaser_can_sender::stopper_distance_[m[K’ [-Wreorder]
  double stopper_distance_;
[01;32m[K         ^[m[K
[01m[K/home/autoware/Autoware_1.11.0_sai_edit/ros/src/socket/packages/vehicle_socket/nodes/kvaser_microbus_can_sender/kvaser_microbus_can_sender_stroke.cpp:1597:2:[m[K [01;35m[Kwarning: [m[K  when initialized here [-Wreorder]
  kvaser_can_sender(ros::NodeHandle nh, ros::NodeHandle p_nh)
[01;32m[K  ^[m[K
[01m[K/home/autoware/Autoware_1.11.0_sai_edit/ros/src/socket/packages/vehicle_socket/nodes/kvaser_microbus_can_sender/kvaser_microbus_can_sender_stroke.cpp:318:9:[m[K [01;35m[Kwarning: [m[K‘[01m[Kkvaser_can_sender::stopper_distance_[m[K’ will be initialized after [-Wreorder]
  double stopper_distance_;
[01;32m[K         ^[m[K
[01m[K/home/autoware/Autoware_1.11.0_sai_edit/ros/src/socket/packages/vehicle_socket/nodes/kvaser_microbus_can_sender/kvaser_microbus_can_sender_stroke.cpp:306:9:[m[K [01;35m[Kwarning: [m[K  ‘[01m[Kdouble kvaser_can_sender::acceleration1_twist_[m[K’ [-Wreorder]
  double acceleration1_twist_, acceleration2_twist_, jurk1_twist_, jurk2_twist_;
[01;32m[K         ^[m[K
[01m[K/home/autoware/Autoware_1.11.0_sai_edit/ros/src/socket/packages/vehicle_socket/nodes/kvaser_microbus_can_sender/kvaser_microbus_can_sender_stroke.cpp:1597:2:[m[K [01;35m[Kwarning: [m[K  when initialized here [-Wreorder]
  kvaser_can_sender(ros::NodeHandle nh, ros::NodeHandle p_nh)
[01;32m[K  ^[m[K
[ 18%] [32m[1mLinking CXX executable devel/lib/vehicle_socket/kvaser_microbus_can_sender_stroke[0m
[ 18%] Built target kvaser_microbus_can_sender_stroke
[ 27%] Built target kvaser_microbus_can_receiver
[ 36%] Built target kvaser_prius_can_sender
[ 45%] Built target kvaser_prius_can_receiver
[ 54%] Built target canusbz_prius_can_receiver
[ 63%] Built target vehicle_receiver
[ 81%] Built target bus_socket
[ 90%] Built target kvaser_microbus_can_sender
[100%] Built target vehicle_sender
Invoked command in '/home/autoware/Autoware_1.11.0_sai_edit/ros/src/build/vehicle_socket' returned '0': CMAKE_PREFIX_PATH=/home/autoware/Autoware_1.11.0_sai_edit/ros/src/install/tablet_socket_msgs:/home/autoware/Autoware_1.11.0_sai_edit/ros/src/install/autoware_msgs:/home/autoware/Autoware_1.11.0_sai_edit/ros/src/install/autoware_config_msgs:/home/autoware/Autoware_1.11.0_sai_edit/ros/src/install/autoware_can_msgs:/home/autoware/Autoware_1.11.0_sai_edit/ros/src/install/autoware_build_flags:${CMAKE_PREFIX_PATH} PKG_CONFIG_PATH=/home/autoware/Autoware_1.11.0_sai_edit/ros/src/install/tablet_socket_msgs/lib/pkgconfig:/home/autoware/Autoware_1.11.0_sai_edit/ros/src/install/autoware_msgs/lib/pkgconfig:/home/autoware/Autoware_1.11.0_sai_edit/ros/src/install/autoware_config_msgs/lib/pkgconfig:/home/autoware/Autoware_1.11.0_sai_edit/ros/src/install/autoware_can_msgs/lib/pkgconfig:/home/autoware/Autoware_1.11.0_sai_edit/ros/src/install/autoware_build_flags/lib/pkgconfig:${PKG_CONFIG_PATH} PYTHONPATH=/home/autoware/Autoware_1.11.0_sai_edit/ros/src/install/tablet_socket_msgs/lib/python2.7/dist-packages:/home/autoware/Autoware_1.11.0_sai_edit/ros/src/install/autoware_msgs/lib/python2.7/dist-packages:/home/autoware/Autoware_1.11.0_sai_edit/ros/src/install/autoware_config_msgs/lib/python2.7/dist-packages:/home/autoware/Autoware_1.11.0_sai_edit/ros/src/install/autoware_can_msgs/lib/python2.7/dist-packages:${PYTHONPATH} ROS_PACKAGE_PATH=/home/autoware/Autoware_1.11.0_sai_edit/ros/src/install/tablet_socket_msgs/share:/home/autoware/Autoware_1.11.0_sai_edit/ros/src/install/autoware_msgs/share:/home/autoware/Autoware_1.11.0_sai_edit/ros/src/install/autoware_config_msgs/share:/home/autoware/Autoware_1.11.0_sai_edit/ros/src/install/autoware_can_msgs/share:/home/autoware/Autoware_1.11.0_sai_edit/ros/src/install/autoware_build_flags/share:${ROS_PACKAGE_PATH} /usr/bin/cmake --build /home/autoware/Autoware_1.11.0_sai_edit/ros/src/build/vehicle_socket -- -j8 -l8
Invoking command in '/home/autoware/Autoware_1.11.0_sai_edit/ros/src/build/vehicle_socket': CMAKE_PREFIX_PATH=/home/autoware/Autoware_1.11.0_sai_edit/ros/src/install/tablet_socket_msgs:/home/autoware/Autoware_1.11.0_sai_edit/ros/src/install/autoware_msgs:/home/autoware/Autoware_1.11.0_sai_edit/ros/src/install/autoware_config_msgs:/home/autoware/Autoware_1.11.0_sai_edit/ros/src/install/autoware_can_msgs:/home/autoware/Autoware_1.11.0_sai_edit/ros/src/install/autoware_build_flags:${CMAKE_PREFIX_PATH} PKG_CONFIG_PATH=/home/autoware/Autoware_1.11.0_sai_edit/ros/src/install/tablet_socket_msgs/lib/pkgconfig:/home/autoware/Autoware_1.11.0_sai_edit/ros/src/install/autoware_msgs/lib/pkgconfig:/home/autoware/Autoware_1.11.0_sai_edit/ros/src/install/autoware_config_msgs/lib/pkgconfig:/home/autoware/Autoware_1.11.0_sai_edit/ros/src/install/autoware_can_msgs/lib/pkgconfig:/home/autoware/Autoware_1.11.0_sai_edit/ros/src/install/autoware_build_flags/lib/pkgconfig:${PKG_CONFIG_PATH} PYTHONPATH=/home/autoware/Autoware_1.11.0_sai_edit/ros/src/install/tablet_socket_msgs/lib/python2.7/dist-packages:/home/autoware/Autoware_1.11.0_sai_edit/ros/src/install/autoware_msgs/lib/python2.7/dist-packages:/home/autoware/Autoware_1.11.0_sai_edit/ros/src/install/autoware_config_msgs/lib/python2.7/dist-packages:/home/autoware/Autoware_1.11.0_sai_edit/ros/src/install/autoware_can_msgs/lib/python2.7/dist-packages:${PYTHONPATH} ROS_PACKAGE_PATH=/home/autoware/Autoware_1.11.0_sai_edit/ros/src/install/tablet_socket_msgs/share:/home/autoware/Autoware_1.11.0_sai_edit/ros/src/install/autoware_msgs/share:/home/autoware/Autoware_1.11.0_sai_edit/ros/src/install/autoware_config_msgs/share:/home/autoware/Autoware_1.11.0_sai_edit/ros/src/install/autoware_can_msgs/share:/home/autoware/Autoware_1.11.0_sai_edit/ros/src/install/autoware_build_flags/share:${ROS_PACKAGE_PATH} /usr/bin/cmake --build /home/autoware/Autoware_1.11.0_sai_edit/ros/src/build/vehicle_socket --target tests -- -j8 -l8
Built target tests
Invoked command in '/home/autoware/Autoware_1.11.0_sai_edit/ros/src/build/vehicle_socket' returned '0': CMAKE_PREFIX_PATH=/home/autoware/Autoware_1.11.0_sai_edit/ros/src/install/tablet_socket_msgs:/home/autoware/Autoware_1.11.0_sai_edit/ros/src/install/autoware_msgs:/home/autoware/Autoware_1.11.0_sai_edit/ros/src/install/autoware_config_msgs:/home/autoware/Autoware_1.11.0_sai_edit/ros/src/install/autoware_can_msgs:/home/autoware/Autoware_1.11.0_sai_edit/ros/src/install/autoware_build_flags:${CMAKE_PREFIX_PATH} PKG_CONFIG_PATH=/home/autoware/Autoware_1.11.0_sai_edit/ros/src/install/tablet_socket_msgs/lib/pkgconfig:/home/autoware/Autoware_1.11.0_sai_edit/ros/src/install/autoware_msgs/lib/pkgconfig:/home/autoware/Autoware_1.11.0_sai_edit/ros/src/install/autoware_config_msgs/lib/pkgconfig:/home/autoware/Autoware_1.11.0_sai_edit/ros/src/install/autoware_can_msgs/lib/pkgconfig:/home/autoware/Autoware_1.11.0_sai_edit/ros/src/install/autoware_build_flags/lib/pkgconfig:${PKG_CONFIG_PATH} PYTHONPATH=/home/autoware/Autoware_1.11.0_sai_edit/ros/src/install/tablet_socket_msgs/lib/python2.7/dist-packages:/home/autoware/Autoware_1.11.0_sai_edit/ros/src/install/autoware_msgs/lib/python2.7/dist-packages:/home/autoware/Autoware_1.11.0_sai_edit/ros/src/install/autoware_config_msgs/lib/python2.7/dist-packages:/home/autoware/Autoware_1.11.0_sai_edit/ros/src/install/autoware_can_msgs/lib/python2.7/dist-packages:${PYTHONPATH} ROS_PACKAGE_PATH=/home/autoware/Autoware_1.11.0_sai_edit/ros/src/install/tablet_socket_msgs/share:/home/autoware/Autoware_1.11.0_sai_edit/ros/src/install/autoware_msgs/share:/home/autoware/Autoware_1.11.0_sai_edit/ros/src/install/autoware_config_msgs/share:/home/autoware/Autoware_1.11.0_sai_edit/ros/src/install/autoware_can_msgs/share:/home/autoware/Autoware_1.11.0_sai_edit/ros/src/install/autoware_build_flags/share:${ROS_PACKAGE_PATH} /usr/bin/cmake --build /home/autoware/Autoware_1.11.0_sai_edit/ros/src/build/vehicle_socket --target tests -- -j8 -l8
Invoking command in '/home/autoware/Autoware_1.11.0_sai_edit/ros/src/build/vehicle_socket': CMAKE_PREFIX_PATH=/home/autoware/Autoware_1.11.0_sai_edit/ros/src/install/tablet_socket_msgs:/home/autoware/Autoware_1.11.0_sai_edit/ros/src/install/autoware_msgs:/home/autoware/Autoware_1.11.0_sai_edit/ros/src/install/autoware_config_msgs:/home/autoware/Autoware_1.11.0_sai_edit/ros/src/install/autoware_can_msgs:/home/autoware/Autoware_1.11.0_sai_edit/ros/src/install/autoware_build_flags:${CMAKE_PREFIX_PATH} PKG_CONFIG_PATH=/home/autoware/Autoware_1.11.0_sai_edit/ros/src/install/tablet_socket_msgs/lib/pkgconfig:/home/autoware/Autoware_1.11.0_sai_edit/ros/src/install/autoware_msgs/lib/pkgconfig:/home/autoware/Autoware_1.11.0_sai_edit/ros/src/install/autoware_config_msgs/lib/pkgconfig:/home/autoware/Autoware_1.11.0_sai_edit/ros/src/install/autoware_can_msgs/lib/pkgconfig:/home/autoware/Autoware_1.11.0_sai_edit/ros/src/install/autoware_build_flags/lib/pkgconfig:${PKG_CONFIG_PATH} PYTHONPATH=/home/autoware/Autoware_1.11.0_sai_edit/ros/src/install/tablet_socket_msgs/lib/python2.7/dist-packages:/home/autoware/Autoware_1.11.0_sai_edit/ros/src/install/autoware_msgs/lib/python2.7/dist-packages:/home/autoware/Autoware_1.11.0_sai_edit/ros/src/install/autoware_config_msgs/lib/python2.7/dist-packages:/home/autoware/Autoware_1.11.0_sai_edit/ros/src/install/autoware_can_msgs/lib/python2.7/dist-packages:${PYTHONPATH} ROS_PACKAGE_PATH=/home/autoware/Autoware_1.11.0_sai_edit/ros/src/install/tablet_socket_msgs/share:/home/autoware/Autoware_1.11.0_sai_edit/ros/src/install/autoware_msgs/share:/home/autoware/Autoware_1.11.0_sai_edit/ros/src/install/autoware_config_msgs/share:/home/autoware/Autoware_1.11.0_sai_edit/ros/src/install/autoware_can_msgs/share:/home/autoware/Autoware_1.11.0_sai_edit/ros/src/install/autoware_build_flags/share:${ROS_PACKAGE_PATH} /usr/bin/cmake --build /home/autoware/Autoware_1.11.0_sai_edit/ros/src/build/vehicle_socket --target install
[  0%] Built target actionlib_msgs_generate_messages_lisp
[  0%] Built target sensor_msgs_generate_messages_lisp
[  0%] Built target autoware_msgs_generate_messages_py
[  0%] Built target tf_generate_messages_cpp
[  0%] Built target autoware_can_msgs_generate_messages_nodejs
[  0%] Built target actionlib_msgs_generate_messages_eus
[  0%] Built target jsk_footstep_msgs_generate_messages_py
[  0%] Built target actionlib_generate_messages_lisp
[  0%] Built target autoware_config_msgs_generate_messages_nodejs
[  0%] Built target actionlib_msgs_generate_messages_cpp
[  0%] Built target sensor_msgs_generate_messages_eus
[  0%] Built target actionlib_msgs_generate_messages_nodejs
[  0%] Built target tf2_msgs_generate_messages_py
[  0%] Built target jsk_footstep_msgs_generate_messages_nodejs
[  0%] Built target jsk_footstep_msgs_generate_messages_eus
[  0%] Built target pcl_msgs_generate_messages_nodejs
[  0%] Built target pcl_msgs_generate_messages_eus
[  0%] Built target jsk_footstep_msgs_generate_messages_cpp
[  0%] Built target autoware_msgs_generate_messages_lisp
[  0%] Built target rosgraph_msgs_generate_messages_cpp
[  0%] Built target autoware_msgs_generate_messages_nodejs
[  0%] Built target pcl_msgs_generate_messages_cpp
[  0%] Built target jsk_recognition_msgs_generate_messages_py
[  0%] Built target jsk_recognition_msgs_generate_messages_nodejs
[  0%] Built target actionlib_msgs_generate_messages_py
[  0%] Built target autoware_can_msgs_generate_messages_cpp
[  0%] Built target std_msgs_generate_messages_nodejs
[  0%] Built target geometry_msgs_generate_messages_lisp
[  0%] Built target geometry_msgs_generate_messages_py
[  0%] Built target jsk_recognition_msgs_generate_messages_lisp
[  0%] Built target pcl_msgs_generate_messages_lisp
[  0%] Built target autoware_msgs_generate_messages_eus
[  0%] Built target std_msgs_generate_messages_lisp
[  0%] Built target jsk_recognition_msgs_generate_messages_cpp
[  0%] Built target jsk_footstep_msgs_generate_messages_lisp
[  0%] Built target sensor_msgs_generate_messages_cpp
[  0%] Built target geometry_msgs_generate_messages_cpp
[  0%] Built target std_msgs_generate_messages_cpp
[  0%] Built target sensor_msgs_generate_messages_nodejs
[  0%] Built target tablet_socket_msgs_generate_messages_lisp
[  0%] Built target pcl_msgs_generate_messages_py
[  0%] Built target autoware_msgs_generate_messages_cpp
[  0%] Built target actionlib_generate_messages_py
[  0%] Built target actionlib_generate_messages_nodejs
[  0%] Built target tablet_socket_msgs_generate_messages_py
[  0%] Built target tablet_socket_msgs_generate_messages_eus
[  0%] Built target tablet_socket_msgs_generate_messages_nodejs
[  0%] Built target roscpp_generate_messages_cpp
[  0%] Built target roscpp_generate_messages_eus
[  0%] Built target roscpp_generate_messages_lisp
[  0%] Built target sensor_msgs_generate_messages_py
[  0%] Built target roscpp_generate_messages_nodejs
[  0%] Built target jsk_recognition_msgs_generate_messages_eus
[  0%] Built target roscpp_generate_messages_py
[  0%] Built target tf_generate_messages_nodejs
[  0%] Built target std_msgs_generate_messages_py
[  0%] Built target rosgraph_msgs_generate_messages_eus
[  0%] Built target autoware_config_msgs_generate_messages_lisp
[  0%] Built target rosgraph_msgs_generate_messages_lisp
[  0%] Built target geometry_msgs_generate_messages_eus
[  0%] Built target geometry_msgs_generate_messages_nodejs
[  0%] Built target autoware_can_msgs_generate_messages_py
[  0%] Built target rosgraph_msgs_generate_messages_nodejs
[  0%] Built target actionlib_generate_messages_cpp
[  0%] Built target rosgraph_msgs_generate_messages_py
[  0%] Built target tf_generate_messages_lisp
[  0%] Built target tf_generate_messages_eus
[  0%] Built target tf_generate_messages_py
[  0%] Built target std_msgs_generate_messages_eus
[  0%] Built target actionlib_generate_messages_eus
[  0%] Built target tf2_msgs_generate_messages_cpp
[  0%] Built target tf2_msgs_generate_messages_eus
[  0%] Built target tf2_msgs_generate_messages_lisp
[  0%] Built target autoware_can_msgs_generate_messages_lisp
[  0%] Built target tf2_msgs_generate_messages_nodejs
[  0%] Built target autoware_config_msgs_generate_messages_cpp
[  0%] Built target tablet_socket_msgs_generate_messages_cpp
[  0%] Built target autoware_config_msgs_generate_messages_eus
[  0%] Built target autoware_config_msgs_generate_messages_py
[  0%] Built target autoware_can_msgs_generate_messages_eus
[  9%] Built target rs232_microbus_can_receiver
[ 18%] Built target vehicle_sender
[ 27%] Built target kvaser_microbus_can_sender
[ 45%] Built target bus_socket
[ 54%] Built target vehicle_receiver
[ 63%] Built target canusbz_prius_can_receiver
[ 72%] Built target kvaser_prius_can_receiver
[ 81%] Built target kvaser_microbus_can_sender_stroke
[ 90%] Built target kvaser_microbus_can_receiver
[100%] Built target kvaser_prius_can_sender
[36mInstall the project...[0m
-- Install configuration: "Release"
-- Installing: /home/autoware/Autoware_1.11.0_sai_edit/ros/src/install/vehicle_socket/lib/pkgconfig/vehicle_socket.pc
-- Up-to-date: /home/autoware/Autoware_1.11.0_sai_edit/ros/src/install/vehicle_socket/share/vehicle_socket/cmake/vehicle_socketConfig.cmake
-- Up-to-date: /home/autoware/Autoware_1.11.0_sai_edit/ros/src/install/vehicle_socket/share/vehicle_socket/cmake/vehicle_socketConfig-version.cmake
-- Up-to-date: /home/autoware/Autoware_1.11.0_sai_edit/ros/src/install/vehicle_socket/share/vehicle_socket/package.xml
-- Installing: /home/autoware/Autoware_1.11.0_sai_edit/ros/src/install/vehicle_socket/lib/vehicle_socket/microbus_can_topic_sender.py
-- Up-to-date: /home/autoware/Autoware_1.11.0_sai_edit/ros/src/install/vehicle_socket/lib/vehicle_socket/vehicle_sender
-- Up-to-date: /home/autoware/Autoware_1.11.0_sai_edit/ros/src/install/vehicle_socket/lib/vehicle_socket/vehicle_receiver
-- Up-to-date: /home/autoware/Autoware_1.11.0_sai_edit/ros/src/install/vehicle_socket/lib/vehicle_socket/bus_socket
-- Up-to-date: /home/autoware/Autoware_1.11.0_sai_edit/ros/src/install/vehicle_socket/lib/vehicle_socket/kvaser_microbus_can_sender
-- Installing: /home/autoware/Autoware_1.11.0_sai_edit/ros/src/install/vehicle_socket/lib/vehicle_socket/kvaser_microbus_can_sender_stroke
-- Set runtime path of "/home/autoware/Autoware_1.11.0_sai_edit/ros/src/install/vehicle_socket/lib/vehicle_socket/kvaser_microbus_can_sender_stroke" to ""
-- Up-to-date: /home/autoware/Autoware_1.11.0_sai_edit/ros/src/install/vehicle_socket/lib/vehicle_socket/kvaser_microbus_can_receiver
-- Up-to-date: /home/autoware/Autoware_1.11.0_sai_edit/ros/src/install/vehicle_socket/lib/vehicle_socket/kvaser_prius_can_receiver
-- Up-to-date: /home/autoware/Autoware_1.11.0_sai_edit/ros/src/install/vehicle_socket/lib/vehicle_socket/kvaser_prius_can_sender
-- Up-to-date: /home/autoware/Autoware_1.11.0_sai_edit/ros/src/install/vehicle_socket/lib/vehicle_socket/rs232_microbus_can_receiver
-- Up-to-date: /home/autoware/Autoware_1.11.0_sai_edit/ros/src/install/vehicle_socket/lib/vehicle_socket/canusbz_prius_can_receiver
-- Up-to-date: /home/autoware/Autoware_1.11.0_sai_edit/ros/src/install/vehicle_socket/share/vehicle_socket/launch/bus_socket.launch
-- Up-to-date: /home/autoware/Autoware_1.11.0_sai_edit/ros/src/install/vehicle_socket/share/vehicle_socket/launch/kvaser_microbus_can_sender.launch
-- Up-to-date: /home/autoware/Autoware_1.11.0_sai_edit/ros/src/install/vehicle_socket/share/vehicle_socket/launch/kvaser_microbus_can_sender_stroke.launch
-- Up-to-date: /home/autoware/Autoware_1.11.0_sai_edit/ros/src/install/vehicle_socket/share/vehicle_socket/launch/kvaser_microbus_can_receiver.launch
-- Up-to-date: /home/autoware/Autoware_1.11.0_sai_edit/ros/src/install/vehicle_socket/share/vehicle_socket/launch/kvaser_prius_can_receiver.launch
-- Up-to-date: /home/autoware/Autoware_1.11.0_sai_edit/ros/src/install/vehicle_socket/share/vehicle_socket/launch/kvaser_prius_can_sender.launch
-- Up-to-date: /home/autoware/Autoware_1.11.0_sai_edit/ros/src/install/vehicle_socket/share/vehicle_socket/launch/kvaser_microbus.launch
-- Up-to-date: /home/autoware/Autoware_1.11.0_sai_edit/ros/src/install/vehicle_socket/share/vehicle_socket/launch/kvaser_microbus_stroke.launch
Invoked command in '/home/autoware/Autoware_1.11.0_sai_edit/ros/src/build/vehicle_socket' returned '0': CMAKE_PREFIX_PATH=/home/autoware/Autoware_1.11.0_sai_edit/ros/src/install/tablet_socket_msgs:/home/autoware/Autoware_1.11.0_sai_edit/ros/src/install/autoware_msgs:/home/autoware/Autoware_1.11.0_sai_edit/ros/src/install/autoware_config_msgs:/home/autoware/Autoware_1.11.0_sai_edit/ros/src/install/autoware_can_msgs:/home/autoware/Autoware_1.11.0_sai_edit/ros/src/install/autoware_build_flags:${CMAKE_PREFIX_PATH} PKG_CONFIG_PATH=/home/autoware/Autoware_1.11.0_sai_edit/ros/src/install/tablet_socket_msgs/lib/pkgconfig:/home/autoware/Autoware_1.11.0_sai_edit/ros/src/install/autoware_msgs/lib/pkgconfig:/home/autoware/Autoware_1.11.0_sai_edit/ros/src/install/autoware_config_msgs/lib/pkgconfig:/home/autoware/Autoware_1.11.0_sai_edit/ros/src/install/autoware_can_msgs/lib/pkgconfig:/home/autoware/Autoware_1.11.0_sai_edit/ros/src/install/autoware_build_flags/lib/pkgconfig:${PKG_CONFIG_PATH} PYTHONPATH=/home/autoware/Autoware_1.11.0_sai_edit/ros/src/install/tablet_socket_msgs/lib/python2.7/dist-packages:/home/autoware/Autoware_1.11.0_sai_edit/ros/src/install/autoware_msgs/lib/python2.7/dist-packages:/home/autoware/Autoware_1.11.0_sai_edit/ros/src/install/autoware_config_msgs/lib/python2.7/dist-packages:/home/autoware/Autoware_1.11.0_sai_edit/ros/src/install/autoware_can_msgs/lib/python2.7/dist-packages:${PYTHONPATH} ROS_PACKAGE_PATH=/home/autoware/Autoware_1.11.0_sai_edit/ros/src/install/tablet_socket_msgs/share:/home/autoware/Autoware_1.11.0_sai_edit/ros/src/install/autoware_msgs/share:/home/autoware/Autoware_1.11.0_sai_edit/ros/src/install/autoware_config_msgs/share:/home/autoware/Autoware_1.11.0_sai_edit/ros/src/install/autoware_can_msgs/share:/home/autoware/Autoware_1.11.0_sai_edit/ros/src/install/autoware_build_flags/share:${ROS_PACKAGE_PATH} /usr/bin/cmake --build /home/autoware/Autoware_1.11.0_sai_edit/ros/src/build/vehicle_socket --target install
