[  0%] Built target autoware_msgs_generate_messages_py
[  0%] Built target sensor_msgs_generate_messages_lisp
[  0%] Built target actionlib_msgs_generate_messages_lisp
[  0%] Built target actionlib_msgs_generate_messages_eus
[  0%] Built target autoware_can_msgs_generate_messages_nodejs
[  0%] Built target jsk_footstep_msgs_generate_messages_py
[  0%] Built target tf_generate_messages_cpp
[  0%] Built target actionlib_generate_messages_lisp
[  0%] Built target actionlib_msgs_generate_messages_cpp
[  0%] Built target actionlib_msgs_generate_messages_nodejs
[  0%] Built target autoware_config_msgs_generate_messages_nodejs
[  0%] Built target sensor_msgs_generate_messages_eus
[  0%] Built target jsk_footstep_msgs_generate_messages_nodejs
[  0%] Built target tf2_msgs_generate_messages_py
[  0%] Built target pcl_msgs_generate_messages_nodejs
[  0%] Built target jsk_footstep_msgs_generate_messages_eus
[  0%] Built target autoware_msgs_generate_messages_lisp
[  0%] Built target pcl_msgs_generate_messages_eus
[  0%] Built target rosgraph_msgs_generate_messages_cpp
[  0%] Built target jsk_footstep_msgs_generate_messages_cpp
[  0%] Built target autoware_msgs_generate_messages_nodejs
[  0%] Built target pcl_msgs_generate_messages_cpp
[  0%] Built target jsk_recognition_msgs_generate_messages_py
[  0%] Built target autoware_can_msgs_generate_messages_cpp
[  0%] Built target actionlib_msgs_generate_messages_py
[  0%] Built target std_msgs_generate_messages_nodejs
[  0%] Built target geometry_msgs_generate_messages_lisp
[  0%] Built target jsk_recognition_msgs_generate_messages_lisp
[  0%] Built target geometry_msgs_generate_messages_py
[  0%] Built target jsk_recognition_msgs_generate_messages_nodejs
[  0%] Built target pcl_msgs_generate_messages_lisp
[  0%] Built target autoware_msgs_generate_messages_eus
[  0%] Built target std_msgs_generate_messages_cpp
[  0%] Built target jsk_recognition_msgs_generate_messages_cpp
[  0%] Built target std_msgs_generate_messages_lisp
[  0%] Built target sensor_msgs_generate_messages_cpp
[  0%] Built target jsk_footstep_msgs_generate_messages_lisp
[  0%] Built target geometry_msgs_generate_messages_cpp
[  0%] Built target tablet_socket_msgs_generate_messages_lisp
[  0%] Built target sensor_msgs_generate_messages_nodejs
[  0%] Built target actionlib_generate_messages_py
[  0%] Built target autoware_msgs_generate_messages_cpp
[  0%] Built target pcl_msgs_generate_messages_py
[  0%] Built target tablet_socket_msgs_generate_messages_py
[  0%] Built target tablet_socket_msgs_generate_messages_eus
[  0%] Built target actionlib_generate_messages_nodejs
[  0%] Built target roscpp_generate_messages_cpp
[  0%] Built target roscpp_generate_messages_eus
[  0%] Built target tablet_socket_msgs_generate_messages_nodejs
[  0%] Built target roscpp_generate_messages_lisp
[  0%] Built target roscpp_generate_messages_nodejs
[  0%] Built target jsk_recognition_msgs_generate_messages_eus
[  0%] Built target sensor_msgs_generate_messages_py
[  0%] Built target std_msgs_generate_messages_py
[  0%] Built target roscpp_generate_messages_py
[  0%] Built target tf_generate_messages_nodejs
[  0%] Built target rosgraph_msgs_generate_messages_lisp
[  0%] Built target rosgraph_msgs_generate_messages_eus
[  0%] Built target autoware_config_msgs_generate_messages_lisp
[  0%] Built target geometry_msgs_generate_messages_eus
[  0%] Built target geometry_msgs_generate_messages_nodejs
[  0%] Built target autoware_can_msgs_generate_messages_py
[  0%] Built target rosgraph_msgs_generate_messages_nodejs
[  0%] Built target actionlib_generate_messages_cpp
[  0%] Built target tf_generate_messages_eus
[  0%] Built target rosgraph_msgs_generate_messages_py
[  0%] Built target tf_generate_messages_lisp
[  0%] Built target tf_generate_messages_py
[  0%] Built target std_msgs_generate_messages_eus
[  0%] Built target tf2_msgs_generate_messages_eus
[  0%] Built target actionlib_generate_messages_eus
[  0%] Built target tf2_msgs_generate_messages_cpp
[  0%] Built target tf2_msgs_generate_messages_lisp
[  0%] Built target autoware_can_msgs_generate_messages_lisp
[  0%] Built target tf2_msgs_generate_messages_nodejs
[  0%] Built target tablet_socket_msgs_generate_messages_cpp
[  0%] Built target autoware_config_msgs_generate_messages_cpp
[  0%] Built target autoware_can_msgs_generate_messages_eus
[  0%] Built target autoware_config_msgs_generate_messages_py
[  0%] Built target autoware_config_msgs_generate_messages_eus
[35m[1mScanning dependencies of target kvaser_microbus_can_sender_stroke[0m
[  9%] Built target vehicle_sender
[ 18%] Built target vehicle_receiver
[ 27%] Built target canusbz_prius_can_receiver
[ 36%] Built target rs232_microbus_can_receiver
[ 45%] Built target kvaser_microbus_can_sender
[ 50%] [32mBuilding CXX object CMakeFiles/kvaser_microbus_can_sender_stroke.dir/nodes/kvaser_microbus_can_sender/kvaser_microbus_can_sender_stroke.cpp.o[0m
[ 59%] Built target kvaser_prius_can_receiver
[ 77%] Built target bus_socket
[ 86%] Built target kvaser_prius_can_sender
[ 95%] Built target kvaser_microbus_can_receiver
[100%] [32m[1mLinking CXX executable devel/lib/vehicle_socket/kvaser_microbus_can_sender_stroke[0m
[100%] Built target kvaser_microbus_can_sender_stroke
Built target tests
[  0%] Built target actionlib_msgs_generate_messages_lisp
[  0%] Built target sensor_msgs_generate_messages_lisp
[  0%] Built target autoware_msgs_generate_messages_py
[  0%] Built target tf_generate_messages_cpp
[  0%] Built target autoware_can_msgs_generate_messages_nodejs
[  0%] Built target actionlib_msgs_generate_messages_eus
[  0%] Built target jsk_footstep_msgs_generate_messages_py
[  0%] Built target actionlib_generate_messages_lisp
[  0%] Built target autoware_config_msgs_generate_messages_nodejs
[  0%] Built target actionlib_msgs_generate_messages_cpp
[  0%] Built target sensor_msgs_generate_messages_eus
[  0%] Built target actionlib_msgs_generate_messages_nodejs
[  0%] Built target tf2_msgs_generate_messages_py
[  0%] Built target jsk_footstep_msgs_generate_messages_nodejs
[  0%] Built target jsk_footstep_msgs_generate_messages_eus
[  0%] Built target pcl_msgs_generate_messages_nodejs
[  0%] Built target pcl_msgs_generate_messages_eus
[  0%] Built target jsk_footstep_msgs_generate_messages_cpp
[  0%] Built target autoware_msgs_generate_messages_lisp
[  0%] Built target rosgraph_msgs_generate_messages_cpp
[  0%] Built target autoware_msgs_generate_messages_nodejs
[  0%] Built target pcl_msgs_generate_messages_cpp
[  0%] Built target jsk_recognition_msgs_generate_messages_py
[  0%] Built target jsk_recognition_msgs_generate_messages_nodejs
[  0%] Built target actionlib_msgs_generate_messages_py
[  0%] Built target autoware_can_msgs_generate_messages_cpp
[  0%] Built target std_msgs_generate_messages_nodejs
[  0%] Built target geometry_msgs_generate_messages_lisp
[  0%] Built target geometry_msgs_generate_messages_py
[  0%] Built target jsk_recognition_msgs_generate_messages_lisp
[  0%] Built target pcl_msgs_generate_messages_lisp
[  0%] Built target autoware_msgs_generate_messages_eus
[  0%] Built target std_msgs_generate_messages_lisp
[  0%] Built target jsk_recognition_msgs_generate_messages_cpp
[  0%] Built target jsk_footstep_msgs_generate_messages_lisp
[  0%] Built target sensor_msgs_generate_messages_cpp
[  0%] Built target geometry_msgs_generate_messages_cpp
[  0%] Built target std_msgs_generate_messages_cpp
[  0%] Built target sensor_msgs_generate_messages_nodejs
[  0%] Built target tablet_socket_msgs_generate_messages_lisp
[  0%] Built target pcl_msgs_generate_messages_py
[  0%] Built target autoware_msgs_generate_messages_cpp
[  0%] Built target actionlib_generate_messages_py
[  0%] Built target actionlib_generate_messages_nodejs
[  0%] Built target tablet_socket_msgs_generate_messages_py
[  0%] Built target tablet_socket_msgs_generate_messages_eus
[  0%] Built target tablet_socket_msgs_generate_messages_nodejs
[  0%] Built target roscpp_generate_messages_cpp
[  0%] Built target roscpp_generate_messages_eus
[  0%] Built target roscpp_generate_messages_lisp
[  0%] Built target sensor_msgs_generate_messages_py
[  0%] Built target roscpp_generate_messages_nodejs
[  0%] Built target jsk_recognition_msgs_generate_messages_eus
[  0%] Built target roscpp_generate_messages_py
[  0%] Built target tf_generate_messages_nodejs
[  0%] Built target std_msgs_generate_messages_py
[  0%] Built target rosgraph_msgs_generate_messages_eus
[  0%] Built target autoware_config_msgs_generate_messages_lisp
[  0%] Built target rosgraph_msgs_generate_messages_lisp
[  0%] Built target geometry_msgs_generate_messages_eus
[  0%] Built target geometry_msgs_generate_messages_nodejs
[  0%] Built target autoware_can_msgs_generate_messages_py
[  0%] Built target rosgraph_msgs_generate_messages_nodejs
[  0%] Built target actionlib_generate_messages_cpp
[  0%] Built target rosgraph_msgs_generate_messages_py
[  0%] Built target tf_generate_messages_lisp
[  0%] Built target tf_generate_messages_eus
[  0%] Built target tf_generate_messages_py
[  0%] Built target std_msgs_generate_messages_eus
[  0%] Built target actionlib_generate_messages_eus
[  0%] Built target tf2_msgs_generate_messages_cpp
[  0%] Built target tf2_msgs_generate_messages_eus
[  0%] Built target tf2_msgs_generate_messages_lisp
[  0%] Built target autoware_can_msgs_generate_messages_lisp
[  0%] Built target tf2_msgs_generate_messages_nodejs
[  0%] Built target autoware_config_msgs_generate_messages_cpp
[  0%] Built target tablet_socket_msgs_generate_messages_cpp
[  0%] Built target autoware_config_msgs_generate_messages_eus
[  0%] Built target autoware_config_msgs_generate_messages_py
[  0%] Built target autoware_can_msgs_generate_messages_eus
[  9%] Built target rs232_microbus_can_receiver
[ 18%] Built target vehicle_sender
[ 27%] Built target kvaser_microbus_can_sender
[ 45%] Built target bus_socket
[ 54%] Built target vehicle_receiver
[ 63%] Built target canusbz_prius_can_receiver
[ 72%] Built target kvaser_prius_can_receiver
[ 81%] Built target kvaser_microbus_can_sender_stroke
[ 90%] Built target kvaser_microbus_can_receiver
[100%] Built target kvaser_prius_can_sender
[36mInstall the project...[0m
-- Install configuration: "Release"
-- Up-to-date: /home/autoware/Autoware_1.11.0_sai_edit/ros/src/install/vehicle_socket/lib/pkgconfig/vehicle_socket.pc
-- Up-to-date: /home/autoware/Autoware_1.11.0_sai_edit/ros/src/install/vehicle_socket/share/vehicle_socket/cmake/vehicle_socketConfig.cmake
-- Up-to-date: /home/autoware/Autoware_1.11.0_sai_edit/ros/src/install/vehicle_socket/share/vehicle_socket/cmake/vehicle_socketConfig-version.cmake
-- Up-to-date: /home/autoware/Autoware_1.11.0_sai_edit/ros/src/install/vehicle_socket/share/vehicle_socket/package.xml
-- Up-to-date: /home/autoware/Autoware_1.11.0_sai_edit/ros/src/install/vehicle_socket/lib/vehicle_socket/microbus_can_topic_sender.py
-- Up-to-date: /home/autoware/Autoware_1.11.0_sai_edit/ros/src/install/vehicle_socket/lib/vehicle_socket/vehicle_sender
-- Up-to-date: /home/autoware/Autoware_1.11.0_sai_edit/ros/src/install/vehicle_socket/lib/vehicle_socket/vehicle_receiver
-- Up-to-date: /home/autoware/Autoware_1.11.0_sai_edit/ros/src/install/vehicle_socket/lib/vehicle_socket/bus_socket
-- Up-to-date: /home/autoware/Autoware_1.11.0_sai_edit/ros/src/install/vehicle_socket/lib/vehicle_socket/kvaser_microbus_can_sender
-- Installing: /home/autoware/Autoware_1.11.0_sai_edit/ros/src/install/vehicle_socket/lib/vehicle_socket/kvaser_microbus_can_sender_stroke
-- Set runtime path of "/home/autoware/Autoware_1.11.0_sai_edit/ros/src/install/vehicle_socket/lib/vehicle_socket/kvaser_microbus_can_sender_stroke" to ""
-- Up-to-date: /home/autoware/Autoware_1.11.0_sai_edit/ros/src/install/vehicle_socket/lib/vehicle_socket/kvaser_microbus_can_receiver
-- Up-to-date: /home/autoware/Autoware_1.11.0_sai_edit/ros/src/install/vehicle_socket/lib/vehicle_socket/kvaser_prius_can_receiver
-- Up-to-date: /home/autoware/Autoware_1.11.0_sai_edit/ros/src/install/vehicle_socket/lib/vehicle_socket/kvaser_prius_can_sender
-- Up-to-date: /home/autoware/Autoware_1.11.0_sai_edit/ros/src/install/vehicle_socket/lib/vehicle_socket/rs232_microbus_can_receiver
-- Up-to-date: /home/autoware/Autoware_1.11.0_sai_edit/ros/src/install/vehicle_socket/lib/vehicle_socket/canusbz_prius_can_receiver
-- Up-to-date: /home/autoware/Autoware_1.11.0_sai_edit/ros/src/install/vehicle_socket/share/vehicle_socket/launch/bus_socket.launch
-- Up-to-date: /home/autoware/Autoware_1.11.0_sai_edit/ros/src/install/vehicle_socket/share/vehicle_socket/launch/kvaser_microbus_can_sender.launch
-- Up-to-date: /home/autoware/Autoware_1.11.0_sai_edit/ros/src/install/vehicle_socket/share/vehicle_socket/launch/kvaser_microbus_can_sender_stroke.launch
-- Up-to-date: /home/autoware/Autoware_1.11.0_sai_edit/ros/src/install/vehicle_socket/share/vehicle_socket/launch/kvaser_microbus_can_receiver.launch
-- Up-to-date: /home/autoware/Autoware_1.11.0_sai_edit/ros/src/install/vehicle_socket/share/vehicle_socket/launch/kvaser_prius_can_receiver.launch
-- Up-to-date: /home/autoware/Autoware_1.11.0_sai_edit/ros/src/install/vehicle_socket/share/vehicle_socket/launch/kvaser_prius_can_sender.launch
-- Up-to-date: /home/autoware/Autoware_1.11.0_sai_edit/ros/src/install/vehicle_socket/share/vehicle_socket/launch/kvaser_microbus.launch
-- Up-to-date: /home/autoware/Autoware_1.11.0_sai_edit/ros/src/install/vehicle_socket/share/vehicle_socket/launch/kvaser_microbus_stroke.launch
