Invoking command in '/home/autoware/Autoware_1.11.0_sai_edit/ros/src/build/autoware_msgs': /usr/bin/cmake --build /home/autoware/Autoware_1.11.0_sai_edit/ros/src/build/autoware_msgs -- -j8 -l8
[  0%] Built target _autoware_msgs_generate_messages_check_deps_GnssSurfaceSpeed
[  0%] Built target geometry_msgs_generate_messages_lisp
[  0%] Built target _autoware_msgs_generate_messages_check_deps_DetectedObjectArray
[  0%] Built target _autoware_msgs_generate_messages_check_deps_CloudCluster
[  0%] Built target _autoware_msgs_generate_messages_check_deps_PositionChecker
[  0%] Built target _autoware_msgs_generate_messages_check_deps_NdtPoseAndRTKPose
[  0%] Built target _autoware_msgs_generate_messages_check_deps_Waypoint
[  0%] Built target _autoware_msgs_generate_messages_check_deps_ProjectionMatrix
[  0%] Built target _autoware_msgs_generate_messages_check_deps_ImageRect
[  0%] Built target _autoware_msgs_generate_messages_check_deps_GnssStandardDeviation
[  0%] Built target _autoware_msgs_generate_messages_check_deps_AdjustXY
[  0%] Built target _autoware_msgs_generate_messages_check_deps_GeometricRectangle
[  0%] Built target _autoware_msgs_generate_messages_check_deps_NDTStat
[  0%] Built target std_msgs_generate_messages_lisp
[  0%] Built target _autoware_msgs_generate_messages_check_deps_ImageObjects
[  0%] Built target _autoware_msgs_generate_messages_check_deps_DetectedObject
[  0%] Built target _autoware_msgs_generate_messages_check_deps_ValueSet
[  0%] Built target _autoware_msgs_generate_messages_check_deps_DTLane
[  0%] Built target _autoware_msgs_generate_messages_check_deps_CloudClusterArray
[  0%] Built target _autoware_msgs_generate_messages_check_deps_ImageLaneObjects
[  0%] Built target _autoware_msgs_generate_messages_check_deps_VehicleCmd
[  0%] Built target _autoware_msgs_generate_messages_check_deps_Signals
[  0%] Built target _autoware_msgs_generate_messages_check_deps_TrafficLightResult
[  0%] Built target _autoware_msgs_generate_messages_check_deps_DifferenceToWaypointDistance
[  0%] Built target jsk_recognition_msgs_generate_messages_lisp
[  0%] Built target _autoware_msgs_generate_messages_check_deps_ControlCommandStamped
[  0%] Built target _autoware_msgs_generate_messages_check_deps_SyncTimeDiff
[  0%] Built target _autoware_msgs_generate_messages_check_deps_VscanTrackedArray
[  0%] Built target _autoware_msgs_generate_messages_check_deps_ImuMathValue
[  0%] Built target _autoware_msgs_generate_messages_check_deps_ExtractedPosition
[  0%] Built target _autoware_msgs_generate_messages_check_deps_ImageObjTracked
[  0%] Built target _autoware_msgs_generate_messages_check_deps_ColorSet
[  0%] Built target _autoware_msgs_generate_messages_check_deps_LaneArray
[  0%] Built target _autoware_msgs_generate_messages_check_deps_SyncTimeMonitor
[  0%] Built target sensor_msgs_generate_messages_lisp
[  0%] Built target _autoware_msgs_generate_messages_check_deps_TrafficLightResultArray
[  0%] Built target _autoware_msgs_generate_messages_check_deps_BrakeCmd
[  0%] Built target _autoware_msgs_generate_messages_check_deps_IndicatorCmd
[  0%] Built target _autoware_msgs_generate_messages_check_deps_TrafficLight
[  0%] Built target _autoware_msgs_generate_messages_check_deps_VscanTracked
[  0%] Built target _autoware_msgs_generate_messages_check_deps_StateCmd
[  0%] Built target _autoware_msgs_generate_messages_check_deps_LiesseXZB70MParam
[  0%] Built target _autoware_msgs_generate_messages_check_deps_VehicleLocation
[  0%] Built target _autoware_msgs_generate_messages_check_deps_Centroids
[  0%] Built target _autoware_msgs_generate_messages_check_deps_LampCmd
[  0%] Built target _autoware_msgs_generate_messages_check_deps_ScanImage
[  0%] Built target _autoware_msgs_generate_messages_check_deps_Format7Info
[  0%] Built target _autoware_msgs_generate_messages_check_deps_AccelCmd
[  0%] Built target _autoware_msgs_generate_messages_check_deps_LinearArray
[  0%] Built target _autoware_msgs_generate_messages_check_deps_TunedResult
[  0%] Built target _autoware_msgs_generate_messages_check_deps_PointsImage
[  0%] Built target _autoware_msgs_generate_messages_check_deps_ImageObj
[  0%] Built target _autoware_msgs_generate_messages_check_deps_SteerCmd
[  0%] Built target _autoware_msgs_generate_messages_check_deps_ICPStat
[  0%] Built target _autoware_msgs_generate_messages_check_deps_RemoteCmd
[  0%] Built target _autoware_msgs_generate_messages_check_deps_WaypointParam
[  0%] Built target _autoware_msgs_generate_messages_check_deps_ObjLabel
[  0%] Built target _autoware_msgs_generate_messages_check_deps_ImageRectRanged
[  0%] Built target _autoware_msgs_generate_messages_check_deps_WaypointState
[  0%] Built target jsk_recognition_msgs_generate_messages_cpp
[  0%] Built target sensor_msgs_generate_messages_cpp
[  0%] Built target geometry_msgs_generate_messages_cpp
[  0%] Built target std_msgs_generate_messages_cpp
[  0%] Built target geometry_msgs_generate_messages_eus
[  0%] Built target std_msgs_generate_messages_eus
[  0%] Built target sensor_msgs_generate_messages_eus
[  0%] Built target jsk_recognition_msgs_generate_messages_eus
[  0%] Built target std_msgs_generate_messages_nodejs
[  0%] Built target geometry_msgs_generate_messages_nodejs
[  0%] Built target sensor_msgs_generate_messages_nodejs
[  0%] Built target jsk_recognition_msgs_generate_messages_nodejs
[  0%] Built target geometry_msgs_generate_messages_py
[  0%] Built target sensor_msgs_generate_messages_py
[  0%] Built target std_msgs_generate_messages_py
[  0%] Built target jsk_recognition_msgs_generate_messages_py
[  0%] Built target _autoware_msgs_generate_messages_check_deps_ImageObjRanged
[  0%] Built target _autoware_msgs_generate_messages_check_deps_State
[  0%] Built target _autoware_msgs_generate_messages_check_deps_ControlCommand
[  0%] Built target _autoware_msgs_generate_messages_check_deps_VehicleStatus
[  0%] Built target _autoware_msgs_generate_messages_check_deps_Lane
[  0%] Built target _autoware_msgs_generate_messages_check_deps_ObjPose
[ 19%] Built target autoware_msgs_generate_messages_lisp
[ 39%] Built target autoware_msgs_generate_messages_py
[ 60%] Built target autoware_msgs_generate_messages_nodejs
[ 80%] Built target autoware_msgs_generate_messages_eus
[100%] Built target autoware_msgs_generate_messages_cpp
[100%] Built target autoware_msgs_generate_messages
Invoked command in '/home/autoware/Autoware_1.11.0_sai_edit/ros/src/build/autoware_msgs' returned '0': /usr/bin/cmake --build /home/autoware/Autoware_1.11.0_sai_edit/ros/src/build/autoware_msgs -- -j8 -l8
Invoking command in '/home/autoware/Autoware_1.11.0_sai_edit/ros/src/build/autoware_msgs': /usr/bin/cmake --build /home/autoware/Autoware_1.11.0_sai_edit/ros/src/build/autoware_msgs --target tests -- -j8 -l8
Built target tests
Invoked command in '/home/autoware/Autoware_1.11.0_sai_edit/ros/src/build/autoware_msgs' returned '0': /usr/bin/cmake --build /home/autoware/Autoware_1.11.0_sai_edit/ros/src/build/autoware_msgs --target tests -- -j8 -l8
Invoking command in '/home/autoware/Autoware_1.11.0_sai_edit/ros/src/build/autoware_msgs': /usr/bin/cmake --build /home/autoware/Autoware_1.11.0_sai_edit/ros/src/build/autoware_msgs --target install
[  0%] Built target _autoware_msgs_generate_messages_check_deps_GnssSurfaceSpeed
[  0%] Built target _autoware_msgs_generate_messages_check_deps_ObjPose
[  0%] Built target _autoware_msgs_generate_messages_check_deps_Lane
[  0%] Built target _autoware_msgs_generate_messages_check_deps_VehicleStatus
[  0%] Built target _autoware_msgs_generate_messages_check_deps_ControlCommand
[  0%] Built target _autoware_msgs_generate_messages_check_deps_State
[  0%] Built target _autoware_msgs_generate_messages_check_deps_ImageObjRanged
[  0%] Built target geometry_msgs_generate_messages_lisp
[  0%] Built target _autoware_msgs_generate_messages_check_deps_DetectedObjectArray
[  0%] Built target _autoware_msgs_generate_messages_check_deps_CloudCluster
[  0%] Built target _autoware_msgs_generate_messages_check_deps_PositionChecker
[  0%] Built target _autoware_msgs_generate_messages_check_deps_NdtPoseAndRTKPose
[  0%] Built target _autoware_msgs_generate_messages_check_deps_Waypoint
[  0%] Built target _autoware_msgs_generate_messages_check_deps_ProjectionMatrix
[  0%] Built target _autoware_msgs_generate_messages_check_deps_ImageRect
[  0%] Built target _autoware_msgs_generate_messages_check_deps_GnssStandardDeviation
[  0%] Built target _autoware_msgs_generate_messages_check_deps_AdjustXY
[  0%] Built target _autoware_msgs_generate_messages_check_deps_GeometricRectangle
[  0%] Built target _autoware_msgs_generate_messages_check_deps_NDTStat
[  0%] Built target std_msgs_generate_messages_lisp
[  0%] Built target _autoware_msgs_generate_messages_check_deps_ImageObjects
[  0%] Built target _autoware_msgs_generate_messages_check_deps_DetectedObject
[  0%] Built target _autoware_msgs_generate_messages_check_deps_ValueSet
[  0%] Built target _autoware_msgs_generate_messages_check_deps_DTLane
[  0%] Built target _autoware_msgs_generate_messages_check_deps_CloudClusterArray
[  0%] Built target _autoware_msgs_generate_messages_check_deps_ImageLaneObjects
[  0%] Built target _autoware_msgs_generate_messages_check_deps_VehicleCmd
[  0%] Built target _autoware_msgs_generate_messages_check_deps_Signals
[  0%] Built target _autoware_msgs_generate_messages_check_deps_TrafficLightResult
[  0%] Built target _autoware_msgs_generate_messages_check_deps_DifferenceToWaypointDistance
[  0%] Built target jsk_recognition_msgs_generate_messages_lisp
[  0%] Built target _autoware_msgs_generate_messages_check_deps_ControlCommandStamped
[  0%] Built target _autoware_msgs_generate_messages_check_deps_SyncTimeDiff
[  0%] Built target _autoware_msgs_generate_messages_check_deps_VscanTrackedArray
[  0%] Built target _autoware_msgs_generate_messages_check_deps_ImuMathValue
[  0%] Built target _autoware_msgs_generate_messages_check_deps_ExtractedPosition
[  0%] Built target _autoware_msgs_generate_messages_check_deps_ImageObjTracked
[  0%] Built target _autoware_msgs_generate_messages_check_deps_ColorSet
[  0%] Built target _autoware_msgs_generate_messages_check_deps_LaneArray
[  0%] Built target _autoware_msgs_generate_messages_check_deps_SyncTimeMonitor
[  0%] Built target sensor_msgs_generate_messages_lisp
[  0%] Built target _autoware_msgs_generate_messages_check_deps_TrafficLightResultArray
[  0%] Built target _autoware_msgs_generate_messages_check_deps_BrakeCmd
[  0%] Built target _autoware_msgs_generate_messages_check_deps_IndicatorCmd
[  0%] Built target _autoware_msgs_generate_messages_check_deps_TrafficLight
[  0%] Built target _autoware_msgs_generate_messages_check_deps_VscanTracked
[  0%] Built target _autoware_msgs_generate_messages_check_deps_StateCmd
[  0%] Built target _autoware_msgs_generate_messages_check_deps_LiesseXZB70MParam
[  0%] Built target _autoware_msgs_generate_messages_check_deps_VehicleLocation
[  0%] Built target _autoware_msgs_generate_messages_check_deps_Centroids
[  0%] Built target _autoware_msgs_generate_messages_check_deps_LampCmd
[  0%] Built target _autoware_msgs_generate_messages_check_deps_ScanImage
[  0%] Built target _autoware_msgs_generate_messages_check_deps_Format7Info
[  0%] Built target _autoware_msgs_generate_messages_check_deps_AccelCmd
[  0%] Built target _autoware_msgs_generate_messages_check_deps_LinearArray
[  0%] Built target _autoware_msgs_generate_messages_check_deps_TunedResult
[  0%] Built target _autoware_msgs_generate_messages_check_deps_PointsImage
[  0%] Built target _autoware_msgs_generate_messages_check_deps_ImageObj
[  0%] Built target _autoware_msgs_generate_messages_check_deps_SteerCmd
[  0%] Built target _autoware_msgs_generate_messages_check_deps_ICPStat
[  0%] Built target _autoware_msgs_generate_messages_check_deps_RemoteCmd
[  0%] Built target _autoware_msgs_generate_messages_check_deps_WaypointParam
[  0%] Built target _autoware_msgs_generate_messages_check_deps_ObjLabel
[  0%] Built target _autoware_msgs_generate_messages_check_deps_ImageRectRanged
[  0%] Built target _autoware_msgs_generate_messages_check_deps_WaypointState
[ 19%] Built target autoware_msgs_generate_messages_lisp
[ 19%] Built target jsk_recognition_msgs_generate_messages_cpp
[ 19%] Built target sensor_msgs_generate_messages_cpp
[ 19%] Built target geometry_msgs_generate_messages_cpp
[ 19%] Built target std_msgs_generate_messages_cpp
[ 39%] Built target autoware_msgs_generate_messages_cpp
[ 39%] Built target geometry_msgs_generate_messages_eus
[ 39%] Built target std_msgs_generate_messages_eus
[ 39%] Built target sensor_msgs_generate_messages_eus
[ 39%] Built target jsk_recognition_msgs_generate_messages_eus
[ 59%] Built target autoware_msgs_generate_messages_eus
[ 59%] Built target std_msgs_generate_messages_nodejs
[ 59%] Built target geometry_msgs_generate_messages_nodejs
[ 59%] Built target sensor_msgs_generate_messages_nodejs
[ 59%] Built target jsk_recognition_msgs_generate_messages_nodejs
[ 80%] Built target autoware_msgs_generate_messages_nodejs
[ 80%] Built target geometry_msgs_generate_messages_py
[ 80%] Built target sensor_msgs_generate_messages_py
[ 80%] Built target std_msgs_generate_messages_py
[ 80%] Built target jsk_recognition_msgs_generate_messages_py
[100%] Built target autoware_msgs_generate_messages_py
[100%] Built target autoware_msgs_generate_messages
[36mInstall the project...[0m
-- Install configuration: ""
-- Up-to-date: /home/autoware/Autoware_1.11.0_sai_edit/ros/src/install/autoware_msgs/share/autoware_msgs/msg/ControlCommandStamped.msg
-- Up-to-date: /home/autoware/Autoware_1.11.0_sai_edit/ros/src/install/autoware_msgs/share/autoware_msgs/msg/CloudCluster.msg
-- Up-to-date: /home/autoware/Autoware_1.11.0_sai_edit/ros/src/install/autoware_msgs/share/autoware_msgs/msg/CloudClusterArray.msg
-- Up-to-date: /home/autoware/Autoware_1.11.0_sai_edit/ros/src/install/autoware_msgs/share/autoware_msgs/msg/ColorSet.msg
-- Up-to-date: /home/autoware/Autoware_1.11.0_sai_edit/ros/src/install/autoware_msgs/share/autoware_msgs/msg/ControlCommand.msg
-- Up-to-date: /home/autoware/Autoware_1.11.0_sai_edit/ros/src/install/autoware_msgs/share/autoware_msgs/msg/DetectedObject.msg
-- Up-to-date: /home/autoware/Autoware_1.11.0_sai_edit/ros/src/install/autoware_msgs/share/autoware_msgs/msg/DetectedObjectArray.msg
-- Up-to-date: /home/autoware/Autoware_1.11.0_sai_edit/ros/src/install/autoware_msgs/share/autoware_msgs/msg/ExtractedPosition.msg
-- Up-to-date: /home/autoware/Autoware_1.11.0_sai_edit/ros/src/install/autoware_msgs/share/autoware_msgs/msg/ImageLaneObjects.msg
-- Up-to-date: /home/autoware/Autoware_1.11.0_sai_edit/ros/src/install/autoware_msgs/share/autoware_msgs/msg/ImageObjects.msg
-- Up-to-date: /home/autoware/Autoware_1.11.0_sai_edit/ros/src/install/autoware_msgs/share/autoware_msgs/msg/LaneArray.msg
-- Up-to-date: /home/autoware/Autoware_1.11.0_sai_edit/ros/src/install/autoware_msgs/share/autoware_msgs/msg/PointsImage.msg
-- Up-to-date: /home/autoware/Autoware_1.11.0_sai_edit/ros/src/install/autoware_msgs/share/autoware_msgs/msg/ScanImage.msg
-- Up-to-date: /home/autoware/Autoware_1.11.0_sai_edit/ros/src/install/autoware_msgs/share/autoware_msgs/msg/Signals.msg
-- Up-to-date: /home/autoware/Autoware_1.11.0_sai_edit/ros/src/install/autoware_msgs/share/autoware_msgs/msg/TunedResult.msg
-- Up-to-date: /home/autoware/Autoware_1.11.0_sai_edit/ros/src/install/autoware_msgs/share/autoware_msgs/msg/ValueSet.msg
-- Up-to-date: /home/autoware/Autoware_1.11.0_sai_edit/ros/src/install/autoware_msgs/share/autoware_msgs/msg/Centroids.msg
-- Up-to-date: /home/autoware/Autoware_1.11.0_sai_edit/ros/src/install/autoware_msgs/share/autoware_msgs/msg/DTLane.msg
-- Up-to-date: /home/autoware/Autoware_1.11.0_sai_edit/ros/src/install/autoware_msgs/share/autoware_msgs/msg/GeometricRectangle.msg
-- Up-to-date: /home/autoware/Autoware_1.11.0_sai_edit/ros/src/install/autoware_msgs/share/autoware_msgs/msg/ICPStat.msg
-- Up-to-date: /home/autoware/Autoware_1.11.0_sai_edit/ros/src/install/autoware_msgs/share/autoware_msgs/msg/ImageObj.msg
-- Up-to-date: /home/autoware/Autoware_1.11.0_sai_edit/ros/src/install/autoware_msgs/share/autoware_msgs/msg/ImageObjRanged.msg
-- Up-to-date: /home/autoware/Autoware_1.11.0_sai_edit/ros/src/install/autoware_msgs/share/autoware_msgs/msg/ImageObjTracked.msg
-- Up-to-date: /home/autoware/Autoware_1.11.0_sai_edit/ros/src/install/autoware_msgs/share/autoware_msgs/msg/ImageRect.msg
-- Up-to-date: /home/autoware/Autoware_1.11.0_sai_edit/ros/src/install/autoware_msgs/share/autoware_msgs/msg/ImageRectRanged.msg
-- Up-to-date: /home/autoware/Autoware_1.11.0_sai_edit/ros/src/install/autoware_msgs/share/autoware_msgs/msg/Lane.msg
-- Up-to-date: /home/autoware/Autoware_1.11.0_sai_edit/ros/src/install/autoware_msgs/share/autoware_msgs/msg/NDTStat.msg
-- Up-to-date: /home/autoware/Autoware_1.11.0_sai_edit/ros/src/install/autoware_msgs/share/autoware_msgs/msg/ObjLabel.msg
-- Up-to-date: /home/autoware/Autoware_1.11.0_sai_edit/ros/src/install/autoware_msgs/share/autoware_msgs/msg/ObjPose.msg
-- Up-to-date: /home/autoware/Autoware_1.11.0_sai_edit/ros/src/install/autoware_msgs/share/autoware_msgs/msg/ProjectionMatrix.msg
-- Up-to-date: /home/autoware/Autoware_1.11.0_sai_edit/ros/src/install/autoware_msgs/share/autoware_msgs/msg/VscanTracked.msg
-- Up-to-date: /home/autoware/Autoware_1.11.0_sai_edit/ros/src/install/autoware_msgs/share/autoware_msgs/msg/VscanTrackedArray.msg
-- Up-to-date: /home/autoware/Autoware_1.11.0_sai_edit/ros/src/install/autoware_msgs/share/autoware_msgs/msg/Waypoint.msg
-- Up-to-date: /home/autoware/Autoware_1.11.0_sai_edit/ros/src/install/autoware_msgs/share/autoware_msgs/msg/WaypointState.msg
-- Up-to-date: /home/autoware/Autoware_1.11.0_sai_edit/ros/src/install/autoware_msgs/share/autoware_msgs/msg/VehicleCmd.msg
-- Up-to-date: /home/autoware/Autoware_1.11.0_sai_edit/ros/src/install/autoware_msgs/share/autoware_msgs/msg/VehicleLocation.msg
-- Up-to-date: /home/autoware/Autoware_1.11.0_sai_edit/ros/src/install/autoware_msgs/share/autoware_msgs/msg/VehicleStatus.msg
-- Up-to-date: /home/autoware/Autoware_1.11.0_sai_edit/ros/src/install/autoware_msgs/share/autoware_msgs/msg/TrafficLightResult.msg
-- Up-to-date: /home/autoware/Autoware_1.11.0_sai_edit/ros/src/install/autoware_msgs/share/autoware_msgs/msg/TrafficLightResultArray.msg
-- Up-to-date: /home/autoware/Autoware_1.11.0_sai_edit/ros/src/install/autoware_msgs/share/autoware_msgs/msg/AccelCmd.msg
-- Up-to-date: /home/autoware/Autoware_1.11.0_sai_edit/ros/src/install/autoware_msgs/share/autoware_msgs/msg/AdjustXY.msg
-- Up-to-date: /home/autoware/Autoware_1.11.0_sai_edit/ros/src/install/autoware_msgs/share/autoware_msgs/msg/BrakeCmd.msg
-- Up-to-date: /home/autoware/Autoware_1.11.0_sai_edit/ros/src/install/autoware_msgs/share/autoware_msgs/msg/IndicatorCmd.msg
-- Up-to-date: /home/autoware/Autoware_1.11.0_sai_edit/ros/src/install/autoware_msgs/share/autoware_msgs/msg/LampCmd.msg
-- Up-to-date: /home/autoware/Autoware_1.11.0_sai_edit/ros/src/install/autoware_msgs/share/autoware_msgs/msg/SteerCmd.msg
-- Up-to-date: /home/autoware/Autoware_1.11.0_sai_edit/ros/src/install/autoware_msgs/share/autoware_msgs/msg/TrafficLight.msg
-- Up-to-date: /home/autoware/Autoware_1.11.0_sai_edit/ros/src/install/autoware_msgs/share/autoware_msgs/msg/StateCmd.msg
-- Up-to-date: /home/autoware/Autoware_1.11.0_sai_edit/ros/src/install/autoware_msgs/share/autoware_msgs/msg/State.msg
-- Up-to-date: /home/autoware/Autoware_1.11.0_sai_edit/ros/src/install/autoware_msgs/share/autoware_msgs/msg/SyncTimeMonitor.msg
-- Up-to-date: /home/autoware/Autoware_1.11.0_sai_edit/ros/src/install/autoware_msgs/share/autoware_msgs/msg/SyncTimeDiff.msg
-- Up-to-date: /home/autoware/Autoware_1.11.0_sai_edit/ros/src/install/autoware_msgs/share/autoware_msgs/msg/RemoteCmd.msg
-- Up-to-date: /home/autoware/Autoware_1.11.0_sai_edit/ros/src/install/autoware_msgs/share/autoware_msgs/msg/GnssSurfaceSpeed.msg
-- Up-to-date: /home/autoware/Autoware_1.11.0_sai_edit/ros/src/install/autoware_msgs/share/autoware_msgs/msg/GnssStandardDeviation.msg
-- Up-to-date: /home/autoware/Autoware_1.11.0_sai_edit/ros/src/install/autoware_msgs/share/autoware_msgs/msg/NdtPoseAndRTKPose.msg
-- Up-to-date: /home/autoware/Autoware_1.11.0_sai_edit/ros/src/install/autoware_msgs/share/autoware_msgs/msg/PositionChecker.msg
-- Up-to-date: /home/autoware/Autoware_1.11.0_sai_edit/ros/src/install/autoware_msgs/share/autoware_msgs/msg/LiesseXZB70MParam.msg
-- Up-to-date: /home/autoware/Autoware_1.11.0_sai_edit/ros/src/install/autoware_msgs/share/autoware_msgs/msg/WaypointParam.msg
-- Up-to-date: /home/autoware/Autoware_1.11.0_sai_edit/ros/src/install/autoware_msgs/share/autoware_msgs/msg/Format7Info.msg
-- Up-to-date: /home/autoware/Autoware_1.11.0_sai_edit/ros/src/install/autoware_msgs/share/autoware_msgs/msg/LinearArray.msg
-- Up-to-date: /home/autoware/Autoware_1.11.0_sai_edit/ros/src/install/autoware_msgs/share/autoware_msgs/msg/ImuMathValue.msg
-- Up-to-date: /home/autoware/Autoware_1.11.0_sai_edit/ros/src/install/autoware_msgs/share/autoware_msgs/msg/DifferenceToWaypointDistance.msg
-- Up-to-date: /home/autoware/Autoware_1.11.0_sai_edit/ros/src/install/autoware_msgs/share/autoware_msgs/cmake/autoware_msgs-msg-paths.cmake
-- Up-to-date: /home/autoware/Autoware_1.11.0_sai_edit/ros/src/install/autoware_msgs/include/autoware_msgs
-- Up-to-date: /home/autoware/Autoware_1.11.0_sai_edit/ros/src/install/autoware_msgs/include/autoware_msgs/SteerCmd.h
-- Up-to-date: /home/autoware/Autoware_1.11.0_sai_edit/ros/src/install/autoware_msgs/include/autoware_msgs/LiesseXZB70MParam.h
-- Up-to-date: /home/autoware/Autoware_1.11.0_sai_edit/ros/src/install/autoware_msgs/include/autoware_msgs/State.h
-- Up-to-date: /home/autoware/Autoware_1.11.0_sai_edit/ros/src/install/autoware_msgs/include/autoware_msgs/BrakeCmd.h
-- Up-to-date: /home/autoware/Autoware_1.11.0_sai_edit/ros/src/install/autoware_msgs/include/autoware_msgs/ExtractedPosition.h
-- Up-to-date: /home/autoware/Autoware_1.11.0_sai_edit/ros/src/install/autoware_msgs/include/autoware_msgs/PositionChecker.h
-- Up-to-date: /home/autoware/Autoware_1.11.0_sai_edit/ros/src/install/autoware_msgs/include/autoware_msgs/StateCmd.h
-- Up-to-date: /home/autoware/Autoware_1.11.0_sai_edit/ros/src/install/autoware_msgs/include/autoware_msgs/ScanImage.h
-- Up-to-date: /home/autoware/Autoware_1.11.0_sai_edit/ros/src/install/autoware_msgs/include/autoware_msgs/ImageObj.h
-- Up-to-date: /home/autoware/Autoware_1.11.0_sai_edit/ros/src/install/autoware_msgs/include/autoware_msgs/ICPStat.h
-- Up-to-date: /home/autoware/Autoware_1.11.0_sai_edit/ros/src/install/autoware_msgs/include/autoware_msgs/ImageObjects.h
-- Up-to-date: /home/autoware/Autoware_1.11.0_sai_edit/ros/src/install/autoware_msgs/include/autoware_msgs/ObjLabel.h
-- Up-to-date: /home/autoware/Autoware_1.11.0_sai_edit/ros/src/install/autoware_msgs/include/autoware_msgs/ObjPose.h
-- Up-to-date: /home/autoware/Autoware_1.11.0_sai_edit/ros/src/install/autoware_msgs/include/autoware_msgs/LinearArray.h
-- Up-to-date: /home/autoware/Autoware_1.11.0_sai_edit/ros/src/install/autoware_msgs/include/autoware_msgs/Signals.h
-- Up-to-date: /home/autoware/Autoware_1.11.0_sai_edit/ros/src/install/autoware_msgs/include/autoware_msgs/DetectedObjectArray.h
-- Up-to-date: /home/autoware/Autoware_1.11.0_sai_edit/ros/src/install/autoware_msgs/include/autoware_msgs/ImageRect.h
-- Up-to-date: /home/autoware/Autoware_1.11.0_sai_edit/ros/src/install/autoware_msgs/include/autoware_msgs/TrafficLightResult.h
-- Up-to-date: /home/autoware/Autoware_1.11.0_sai_edit/ros/src/install/autoware_msgs/include/autoware_msgs/WaypointParam.h
-- Up-to-date: /home/autoware/Autoware_1.11.0_sai_edit/ros/src/install/autoware_msgs/include/autoware_msgs/DifferenceToWaypointDistance.h
-- Up-to-date: /home/autoware/Autoware_1.11.0_sai_edit/ros/src/install/autoware_msgs/include/autoware_msgs/CloudCluster.h
-- Up-to-date: /home/autoware/Autoware_1.11.0_sai_edit/ros/src/install/autoware_msgs/include/autoware_msgs/Centroids.h
-- Up-to-date: /home/autoware/Autoware_1.11.0_sai_edit/ros/src/install/autoware_msgs/include/autoware_msgs/GnssStandardDeviation.h
-- Up-to-date: /home/autoware/Autoware_1.11.0_sai_edit/ros/src/install/autoware_msgs/include/autoware_msgs/IndicatorCmd.h
-- Up-to-date: /home/autoware/Autoware_1.11.0_sai_edit/ros/src/install/autoware_msgs/include/autoware_msgs/ImuMathValue.h
-- Up-to-date: /home/autoware/Autoware_1.11.0_sai_edit/ros/src/install/autoware_msgs/include/autoware_msgs/SyncTimeMonitor.h
-- Up-to-date: /home/autoware/Autoware_1.11.0_sai_edit/ros/src/install/autoware_msgs/include/autoware_msgs/VscanTracked.h
-- Up-to-date: /home/autoware/Autoware_1.11.0_sai_edit/ros/src/install/autoware_msgs/include/autoware_msgs/WaypointState.h
-- Up-to-date: /home/autoware/Autoware_1.11.0_sai_edit/ros/src/install/autoware_msgs/include/autoware_msgs/ImageRectRanged.h
-- Up-to-date: /home/autoware/Autoware_1.11.0_sai_edit/ros/src/install/autoware_msgs/include/autoware_msgs/NDTStat.h
-- Up-to-date: /home/autoware/Autoware_1.11.0_sai_edit/ros/src/install/autoware_msgs/include/autoware_msgs/NdtPoseAndRTKPose.h
-- Up-to-date: /home/autoware/Autoware_1.11.0_sai_edit/ros/src/install/autoware_msgs/include/autoware_msgs/ColorSet.h
-- Up-to-date: /home/autoware/Autoware_1.11.0_sai_edit/ros/src/install/autoware_msgs/include/autoware_msgs/ImageLaneObjects.h
-- Up-to-date: /home/autoware/Autoware_1.11.0_sai_edit/ros/src/install/autoware_msgs/include/autoware_msgs/GeometricRectangle.h
-- Up-to-date: /home/autoware/Autoware_1.11.0_sai_edit/ros/src/install/autoware_msgs/include/autoware_msgs/GnssSurfaceSpeed.h
-- Up-to-date: /home/autoware/Autoware_1.11.0_sai_edit/ros/src/install/autoware_msgs/include/autoware_msgs/Waypoint.h
-- Up-to-date: /home/autoware/Autoware_1.11.0_sai_edit/ros/src/install/autoware_msgs/include/autoware_msgs/ControlCommandStamped.h
-- Up-to-date: /home/autoware/Autoware_1.11.0_sai_edit/ros/src/install/autoware_msgs/include/autoware_msgs/CloudClusterArray.h
-- Up-to-date: /home/autoware/Autoware_1.11.0_sai_edit/ros/src/install/autoware_msgs/include/autoware_msgs/AdjustXY.h
-- Up-to-date: /home/autoware/Autoware_1.11.0_sai_edit/ros/src/install/autoware_msgs/include/autoware_msgs/TrafficLightResultArray.h
-- Up-to-date: /home/autoware/Autoware_1.11.0_sai_edit/ros/src/install/autoware_msgs/include/autoware_msgs/TrafficLight.h
-- Up-to-date: /home/autoware/Autoware_1.11.0_sai_edit/ros/src/install/autoware_msgs/include/autoware_msgs/AccelCmd.h
-- Up-to-date: /home/autoware/Autoware_1.11.0_sai_edit/ros/src/install/autoware_msgs/include/autoware_msgs/ImageObjTracked.h
-- Up-to-date: /home/autoware/Autoware_1.11.0_sai_edit/ros/src/install/autoware_msgs/include/autoware_msgs/VehicleCmd.h
-- Up-to-date: /home/autoware/Autoware_1.11.0_sai_edit/ros/src/install/autoware_msgs/include/autoware_msgs/PointsImage.h
-- Up-to-date: /home/autoware/Autoware_1.11.0_sai_edit/ros/src/install/autoware_msgs/include/autoware_msgs/LampCmd.h
-- Up-to-date: /home/autoware/Autoware_1.11.0_sai_edit/ros/src/install/autoware_msgs/include/autoware_msgs/Format7Info.h
-- Up-to-date: /home/autoware/Autoware_1.11.0_sai_edit/ros/src/install/autoware_msgs/include/autoware_msgs/LaneArray.h
-- Up-to-date: /home/autoware/Autoware_1.11.0_sai_edit/ros/src/install/autoware_msgs/include/autoware_msgs/VscanTrackedArray.h
-- Up-to-date: /home/autoware/Autoware_1.11.0_sai_edit/ros/src/install/autoware_msgs/include/autoware_msgs/DTLane.h
-- Up-to-date: /home/autoware/Autoware_1.11.0_sai_edit/ros/src/install/autoware_msgs/include/autoware_msgs/ControlCommand.h
-- Up-to-date: /home/autoware/Autoware_1.11.0_sai_edit/ros/src/install/autoware_msgs/include/autoware_msgs/ProjectionMatrix.h
-- Up-to-date: /home/autoware/Autoware_1.11.0_sai_edit/ros/src/install/autoware_msgs/include/autoware_msgs/ValueSet.h
-- Up-to-date: /home/autoware/Autoware_1.11.0_sai_edit/ros/src/install/autoware_msgs/include/autoware_msgs/ImageObjRanged.h
-- Up-to-date: /home/autoware/Autoware_1.11.0_sai_edit/ros/src/install/autoware_msgs/include/autoware_msgs/VehicleLocation.h
-- Up-to-date: /home/autoware/Autoware_1.11.0_sai_edit/ros/src/install/autoware_msgs/include/autoware_msgs/RemoteCmd.h
-- Up-to-date: /home/autoware/Autoware_1.11.0_sai_edit/ros/src/install/autoware_msgs/include/autoware_msgs/DetectedObject.h
-- Up-to-date: /home/autoware/Autoware_1.11.0_sai_edit/ros/src/install/autoware_msgs/include/autoware_msgs/TunedResult.h
-- Up-to-date: /home/autoware/Autoware_1.11.0_sai_edit/ros/src/install/autoware_msgs/include/autoware_msgs/VehicleStatus.h
-- Up-to-date: /home/autoware/Autoware_1.11.0_sai_edit/ros/src/install/autoware_msgs/include/autoware_msgs/Lane.h
-- Up-to-date: /home/autoware/Autoware_1.11.0_sai_edit/ros/src/install/autoware_msgs/include/autoware_msgs/SyncTimeDiff.h
-- Up-to-date: /home/autoware/Autoware_1.11.0_sai_edit/ros/src/install/autoware_msgs/share/roseus/ros/autoware_msgs
-- Up-to-date: /home/autoware/Autoware_1.11.0_sai_edit/ros/src/install/autoware_msgs/share/roseus/ros/autoware_msgs/manifest.l
-- Up-to-date: /home/autoware/Autoware_1.11.0_sai_edit/ros/src/install/autoware_msgs/share/roseus/ros/autoware_msgs/msg
-- Up-to-date: /home/autoware/Autoware_1.11.0_sai_edit/ros/src/install/autoware_msgs/share/roseus/ros/autoware_msgs/msg/ImageRect.l
-- Up-to-date: /home/autoware/Autoware_1.11.0_sai_edit/ros/src/install/autoware_msgs/share/roseus/ros/autoware_msgs/msg/Signals.l
-- Up-to-date: /home/autoware/Autoware_1.11.0_sai_edit/ros/src/install/autoware_msgs/share/roseus/ros/autoware_msgs/msg/StateCmd.l
-- Up-to-date: /home/autoware/Autoware_1.11.0_sai_edit/ros/src/install/autoware_msgs/share/roseus/ros/autoware_msgs/msg/ImageLaneObjects.l
-- Up-to-date: /home/autoware/Autoware_1.11.0_sai_edit/ros/src/install/autoware_msgs/share/roseus/ros/autoware_msgs/msg/Format7Info.l
-- Up-to-date: /home/autoware/Autoware_1.11.0_sai_edit/ros/src/install/autoware_msgs/share/roseus/ros/autoware_msgs/msg/ProjectionMatrix.l
-- Up-to-date: /home/autoware/Autoware_1.11.0_sai_edit/ros/src/install/autoware_msgs/share/roseus/ros/autoware_msgs/msg/LaneArray.l
-- Up-to-date: /home/autoware/Autoware_1.11.0_sai_edit/ros/src/install/autoware_msgs/share/roseus/ros/autoware_msgs/msg/ControlCommand.l
-- Up-to-date: /home/autoware/Autoware_1.11.0_sai_edit/ros/src/install/autoware_msgs/share/roseus/ros/autoware_msgs/msg/CloudClusterArray.l
-- Up-to-date: /home/autoware/Autoware_1.11.0_sai_edit/ros/src/install/autoware_msgs/share/roseus/ros/autoware_msgs/msg/GeometricRectangle.l
-- Up-to-date: /home/autoware/Autoware_1.11.0_sai_edit/ros/src/install/autoware_msgs/share/roseus/ros/autoware_msgs/msg/ControlCommandStamped.l
-- Up-to-date: /home/autoware/Autoware_1.11.0_sai_edit/ros/src/install/autoware_msgs/share/roseus/ros/autoware_msgs/msg/TrafficLightResultArray.l
-- Up-to-date: /home/autoware/Autoware_1.11.0_sai_edit/ros/src/install/autoware_msgs/share/roseus/ros/autoware_msgs/msg/TrafficLight.l
-- Up-to-date: /home/autoware/Autoware_1.11.0_sai_edit/ros/src/install/autoware_msgs/share/roseus/ros/autoware_msgs/msg/IndicatorCmd.l
-- Up-to-date: /home/autoware/Autoware_1.11.0_sai_edit/ros/src/install/autoware_msgs/share/roseus/ros/autoware_msgs/msg/LiesseXZB70MParam.l
-- Up-to-date: /home/autoware/Autoware_1.11.0_sai_edit/ros/src/install/autoware_msgs/share/roseus/ros/autoware_msgs/msg/LampCmd.l
-- Up-to-date: /home/autoware/Autoware_1.11.0_sai_edit/ros/src/install/autoware_msgs/share/roseus/ros/autoware_msgs/msg/DifferenceToWaypointDistance.l
-- Up-to-date: /home/autoware/Autoware_1.11.0_sai_edit/ros/src/install/autoware_msgs/share/roseus/ros/autoware_msgs/msg/CloudCluster.l
-- Up-to-date: /home/autoware/Autoware_1.11.0_sai_edit/ros/src/install/autoware_msgs/share/roseus/ros/autoware_msgs/msg/State.l
-- Up-to-date: /home/autoware/Autoware_1.11.0_sai_edit/ros/src/install/autoware_msgs/share/roseus/ros/autoware_msgs/msg/VehicleCmd.l
-- Up-to-date: /home/autoware/Autoware_1.11.0_sai_edit/ros/src/install/autoware_msgs/share/roseus/ros/autoware_msgs/msg/ExtractedPosition.l
-- Up-to-date: /home/autoware/Autoware_1.11.0_sai_edit/ros/src/install/autoware_msgs/share/roseus/ros/autoware_msgs/msg/RemoteCmd.l
-- Up-to-date: /home/autoware/Autoware_1.11.0_sai_edit/ros/src/install/autoware_msgs/share/roseus/ros/autoware_msgs/msg/NDTStat.l
-- Up-to-date: /home/autoware/Autoware_1.11.0_sai_edit/ros/src/install/autoware_msgs/share/roseus/ros/autoware_msgs/msg/AccelCmd.l
-- Up-to-date: /home/autoware/Autoware_1.11.0_sai_edit/ros/src/install/autoware_msgs/share/roseus/ros/autoware_msgs/msg/SyncTimeMonitor.l
-- Up-to-date: /home/autoware/Autoware_1.11.0_sai_edit/ros/src/install/autoware_msgs/share/roseus/ros/autoware_msgs/msg/VscanTrackedArray.l
-- Up-to-date: /home/autoware/Autoware_1.11.0_sai_edit/ros/src/install/autoware_msgs/share/roseus/ros/autoware_msgs/msg/AdjustXY.l
-- Up-to-date: /home/autoware/Autoware_1.11.0_sai_edit/ros/src/install/autoware_msgs/share/roseus/ros/autoware_msgs/msg/SteerCmd.l
-- Up-to-date: /home/autoware/Autoware_1.11.0_sai_edit/ros/src/install/autoware_msgs/share/roseus/ros/autoware_msgs/msg/PointsImage.l
-- Up-to-date: /home/autoware/Autoware_1.11.0_sai_edit/ros/src/install/autoware_msgs/share/roseus/ros/autoware_msgs/msg/DTLane.l
-- Up-to-date: /home/autoware/Autoware_1.11.0_sai_edit/ros/src/install/autoware_msgs/share/roseus/ros/autoware_msgs/msg/ValueSet.l
-- Up-to-date: /home/autoware/Autoware_1.11.0_sai_edit/ros/src/install/autoware_msgs/share/roseus/ros/autoware_msgs/msg/LinearArray.l
-- Up-to-date: /home/autoware/Autoware_1.11.0_sai_edit/ros/src/install/autoware_msgs/share/roseus/ros/autoware_msgs/msg/BrakeCmd.l
-- Up-to-date: /home/autoware/Autoware_1.11.0_sai_edit/ros/src/install/autoware_msgs/share/roseus/ros/autoware_msgs/msg/ObjLabel.l
-- Up-to-date: /home/autoware/Autoware_1.11.0_sai_edit/ros/src/install/autoware_msgs/share/roseus/ros/autoware_msgs/msg/ICPStat.l
-- Up-to-date: /home/autoware/Autoware_1.11.0_sai_edit/ros/src/install/autoware_msgs/share/roseus/ros/autoware_msgs/msg/VscanTracked.l
-- Up-to-date: /home/autoware/Autoware_1.11.0_sai_edit/ros/src/install/autoware_msgs/share/roseus/ros/autoware_msgs/msg/ObjPose.l
-- Up-to-date: /home/autoware/Autoware_1.11.0_sai_edit/ros/src/install/autoware_msgs/share/roseus/ros/autoware_msgs/msg/TrafficLightResult.l
-- Up-to-date: /home/autoware/Autoware_1.11.0_sai_edit/ros/src/install/autoware_msgs/share/roseus/ros/autoware_msgs/msg/ImageRectRanged.l
-- Up-to-date: /home/autoware/Autoware_1.11.0_sai_edit/ros/src/install/autoware_msgs/share/roseus/ros/autoware_msgs/msg/ImageObj.l
-- Up-to-date: /home/autoware/Autoware_1.11.0_sai_edit/ros/src/install/autoware_msgs/share/roseus/ros/autoware_msgs/msg/DetectedObjectArray.l
-- Up-to-date: /home/autoware/Autoware_1.11.0_sai_edit/ros/src/install/autoware_msgs/share/roseus/ros/autoware_msgs/msg/Centroids.l
-- Up-to-date: /home/autoware/Autoware_1.11.0_sai_edit/ros/src/install/autoware_msgs/share/roseus/ros/autoware_msgs/msg/ColorSet.l
-- Up-to-date: /home/autoware/Autoware_1.11.0_sai_edit/ros/src/install/autoware_msgs/share/roseus/ros/autoware_msgs/msg/VehicleLocation.l
-- Up-to-date: /home/autoware/Autoware_1.11.0_sai_edit/ros/src/install/autoware_msgs/share/roseus/ros/autoware_msgs/msg/TunedResult.l
-- Up-to-date: /home/autoware/Autoware_1.11.0_sai_edit/ros/src/install/autoware_msgs/share/roseus/ros/autoware_msgs/msg/WaypointState.l
-- Up-to-date: /home/autoware/Autoware_1.11.0_sai_edit/ros/src/install/autoware_msgs/share/roseus/ros/autoware_msgs/msg/GnssStandardDeviation.l
-- Up-to-date: /home/autoware/Autoware_1.11.0_sai_edit/ros/src/install/autoware_msgs/share/roseus/ros/autoware_msgs/msg/ImageObjTracked.l
-- Up-to-date: /home/autoware/Autoware_1.11.0_sai_edit/ros/src/install/autoware_msgs/share/roseus/ros/autoware_msgs/msg/PositionChecker.l
-- Up-to-date: /home/autoware/Autoware_1.11.0_sai_edit/ros/src/install/autoware_msgs/share/roseus/ros/autoware_msgs/msg/ImuMathValue.l
-- Up-to-date: /home/autoware/Autoware_1.11.0_sai_edit/ros/src/install/autoware_msgs/share/roseus/ros/autoware_msgs/msg/GnssSurfaceSpeed.l
-- Up-to-date: /home/autoware/Autoware_1.11.0_sai_edit/ros/src/install/autoware_msgs/share/roseus/ros/autoware_msgs/msg/Waypoint.l
-- Up-to-date: /home/autoware/Autoware_1.11.0_sai_edit/ros/src/install/autoware_msgs/share/roseus/ros/autoware_msgs/msg/Lane.l
-- Up-to-date: /home/autoware/Autoware_1.11.0_sai_edit/ros/src/install/autoware_msgs/share/roseus/ros/autoware_msgs/msg/ScanImage.l
-- Up-to-date: /home/autoware/Autoware_1.11.0_sai_edit/ros/src/install/autoware_msgs/share/roseus/ros/autoware_msgs/msg/NdtPoseAndRTKPose.l
-- Up-to-date: /home/autoware/Autoware_1.11.0_sai_edit/ros/src/install/autoware_msgs/share/roseus/ros/autoware_msgs/msg/ImageObjRanged.l
-- Up-to-date: /home/autoware/Autoware_1.11.0_sai_edit/ros/src/install/autoware_msgs/share/roseus/ros/autoware_msgs/msg/SyncTimeDiff.l
-- Up-to-date: /home/autoware/Autoware_1.11.0_sai_edit/ros/src/install/autoware_msgs/share/roseus/ros/autoware_msgs/msg/DetectedObject.l
-- Up-to-date: /home/autoware/Autoware_1.11.0_sai_edit/ros/src/install/autoware_msgs/share/roseus/ros/autoware_msgs/msg/VehicleStatus.l
-- Up-to-date: /home/autoware/Autoware_1.11.0_sai_edit/ros/src/install/autoware_msgs/share/roseus/ros/autoware_msgs/msg/ImageObjects.l
-- Up-to-date: /home/autoware/Autoware_1.11.0_sai_edit/ros/src/install/autoware_msgs/share/roseus/ros/autoware_msgs/msg/WaypointParam.l
-- Up-to-date: /home/autoware/Autoware_1.11.0_sai_edit/ros/src/install/autoware_msgs/share/common-lisp/ros/autoware_msgs
-- Up-to-date: /home/autoware/Autoware_1.11.0_sai_edit/ros/src/install/autoware_msgs/share/common-lisp/ros/autoware_msgs/msg
-- Up-to-date: /home/autoware/Autoware_1.11.0_sai_edit/ros/src/install/autoware_msgs/share/common-lisp/ros/autoware_msgs/msg/VehicleCmd.lisp
-- Up-to-date: /home/autoware/Autoware_1.11.0_sai_edit/ros/src/install/autoware_msgs/share/common-lisp/ros/autoware_msgs/msg/ProjectionMatrix.lisp
-- Up-to-date: /home/autoware/Autoware_1.11.0_sai_edit/ros/src/install/autoware_msgs/share/common-lisp/ros/autoware_msgs/msg/DetectedObject.lisp
-- Up-to-date: /home/autoware/Autoware_1.11.0_sai_edit/ros/src/install/autoware_msgs/share/common-lisp/ros/autoware_msgs/msg/_package_TrafficLightResult.lisp
-- Up-to-date: /home/autoware/Autoware_1.11.0_sai_edit/ros/src/install/autoware_msgs/share/common-lisp/ros/autoware_msgs/msg/_package_ObjLabel.lisp
-- Up-to-date: /home/autoware/Autoware_1.11.0_sai_edit/ros/src/install/autoware_msgs/share/common-lisp/ros/autoware_msgs/msg/RemoteCmd.lisp
-- Up-to-date: /home/autoware/Autoware_1.11.0_sai_edit/ros/src/install/autoware_msgs/share/common-lisp/ros/autoware_msgs/msg/_package_ImageObjects.lisp
-- Up-to-date: /home/autoware/Autoware_1.11.0_sai_edit/ros/src/install/autoware_msgs/share/common-lisp/ros/autoware_msgs/msg/State.lisp
-- Up-to-date: /home/autoware/Autoware_1.11.0_sai_edit/ros/src/install/autoware_msgs/share/common-lisp/ros/autoware_msgs/msg/ImageRectRanged.lisp
-- Up-to-date: /home/autoware/Autoware_1.11.0_sai_edit/ros/src/install/autoware_msgs/share/common-lisp/ros/autoware_msgs/msg/_package_GnssStandardDeviation.lisp
-- Up-to-date: /home/autoware/Autoware_1.11.0_sai_edit/ros/src/install/autoware_msgs/share/common-lisp/ros/autoware_msgs/msg/GeometricRectangle.lisp
-- Up-to-date: /home/autoware/Autoware_1.11.0_sai_edit/ros/src/install/autoware_msgs/share/common-lisp/ros/autoware_msgs/msg/AccelCmd.lisp
-- Up-to-date: /home/autoware/Autoware_1.11.0_sai_edit/ros/src/install/autoware_msgs/share/common-lisp/ros/autoware_msgs/msg/SyncTimeMonitor.lisp
-- Up-to-date: /home/autoware/Autoware_1.11.0_sai_edit/ros/src/install/autoware_msgs/share/common-lisp/ros/autoware_msgs/msg/_package_ControlCommandStamped.lisp
-- Up-to-date: /home/autoware/Autoware_1.11.0_sai_edit/ros/src/install/autoware_msgs/share/common-lisp/ros/autoware_msgs/msg/autoware_msgs-msg.asd
-- Up-to-date: /home/autoware/Autoware_1.11.0_sai_edit/ros/src/install/autoware_msgs/share/common-lisp/ros/autoware_msgs/msg/CloudClusterArray.lisp
-- Up-to-date: /home/autoware/Autoware_1.11.0_sai_edit/ros/src/install/autoware_msgs/share/common-lisp/ros/autoware_msgs/msg/_package_ICPStat.lisp
-- Up-to-date: /home/autoware/Autoware_1.11.0_sai_edit/ros/src/install/autoware_msgs/share/common-lisp/ros/autoware_msgs/msg/_package_Waypoint.lisp
-- Up-to-date: /home/autoware/Autoware_1.11.0_sai_edit/ros/src/install/autoware_msgs/share/common-lisp/ros/autoware_msgs/msg/_package_NdtPoseAndRTKPose.lisp
-- Up-to-date: /home/autoware/Autoware_1.11.0_sai_edit/ros/src/install/autoware_msgs/share/common-lisp/ros/autoware_msgs/msg/_package_ImageObjTracked.lisp
-- Up-to-date: /home/autoware/Autoware_1.11.0_sai_edit/ros/src/install/autoware_msgs/share/common-lisp/ros/autoware_msgs/msg/NDTStat.lisp
-- Up-to-date: /home/autoware/Autoware_1.11.0_sai_edit/ros/src/install/autoware_msgs/share/common-lisp/ros/autoware_msgs/msg/WaypointParam.lisp
-- Up-to-date: /home/autoware/Autoware_1.11.0_sai_edit/ros/src/install/autoware_msgs/share/common-lisp/ros/autoware_msgs/msg/_package_VscanTracked.lisp
-- Up-to-date: /home/autoware/Autoware_1.11.0_sai_edit/ros/src/install/autoware_msgs/share/common-lisp/ros/autoware_msgs/msg/CloudCluster.lisp
-- Up-to-date: /home/autoware/Autoware_1.11.0_sai_edit/ros/src/install/autoware_msgs/share/common-lisp/ros/autoware_msgs/msg/VscanTrackedArray.lisp
-- Up-to-date: /home/autoware/Autoware_1.11.0_sai_edit/ros/src/install/autoware_msgs/share/common-lisp/ros/autoware_msgs/msg/DetectedObjectArray.lisp
-- Up-to-date: /home/autoware/Autoware_1.11.0_sai_edit/ros/src/install/autoware_msgs/share/common-lisp/ros/autoware_msgs/msg/ICPStat.lisp
-- Up-to-date: /home/autoware/Autoware_1.11.0_sai_edit/ros/src/install/autoware_msgs/share/common-lisp/ros/autoware_msgs/msg/ImageObjTracked.lisp
-- Up-to-date: /home/autoware/Autoware_1.11.0_sai_edit/ros/src/install/autoware_msgs/share/common-lisp/ros/autoware_msgs/msg/_package_LiesseXZB70MParam.lisp
-- Up-to-date: /home/autoware/Autoware_1.11.0_sai_edit/ros/src/install/autoware_msgs/share/common-lisp/ros/autoware_msgs/msg/_package_ImageRectRanged.lisp
-- Up-to-date: /home/autoware/Autoware_1.11.0_sai_edit/ros/src/install/autoware_msgs/share/common-lisp/ros/autoware_msgs/msg/_package_LampCmd.lisp
-- Up-to-date: /home/autoware/Autoware_1.11.0_sai_edit/ros/src/install/autoware_msgs/share/common-lisp/ros/autoware_msgs/msg/DifferenceToWaypointDistance.lisp
-- Up-to-date: /home/autoware/Autoware_1.11.0_sai_edit/ros/src/install/autoware_msgs/share/common-lisp/ros/autoware_msgs/msg/ControlCommand.lisp
-- Up-to-date: /home/autoware/Autoware_1.11.0_sai_edit/ros/src/install/autoware_msgs/share/common-lisp/ros/autoware_msgs/msg/_package_ScanImage.lisp
-- Up-to-date: /home/autoware/Autoware_1.11.0_sai_edit/ros/src/install/autoware_msgs/share/common-lisp/ros/autoware_msgs/msg/ImuMathValue.lisp
-- Up-to-date: /home/autoware/Autoware_1.11.0_sai_edit/ros/src/install/autoware_msgs/share/common-lisp/ros/autoware_msgs/msg/_package_DTLane.lisp
-- Up-to-date: /home/autoware/Autoware_1.11.0_sai_edit/ros/src/install/autoware_msgs/share/common-lisp/ros/autoware_msgs/msg/ObjPose.lisp
-- Up-to-date: /home/autoware/Autoware_1.11.0_sai_edit/ros/src/install/autoware_msgs/share/common-lisp/ros/autoware_msgs/msg/PositionChecker.lisp
-- Up-to-date: /home/autoware/Autoware_1.11.0_sai_edit/ros/src/install/autoware_msgs/share/common-lisp/ros/autoware_msgs/msg/ImageObjRanged.lisp
-- Up-to-date: /home/autoware/Autoware_1.11.0_sai_edit/ros/src/install/autoware_msgs/share/common-lisp/ros/autoware_msgs/msg/_package_SyncTimeMonitor.lisp
-- Up-to-date: /home/autoware/Autoware_1.11.0_sai_edit/ros/src/install/autoware_msgs/share/common-lisp/ros/autoware_msgs/msg/TrafficLightResult.lisp
-- Up-to-date: /home/autoware/Autoware_1.11.0_sai_edit/ros/src/install/autoware_msgs/share/common-lisp/ros/autoware_msgs/msg/SteerCmd.lisp
-- Up-to-date: /home/autoware/Autoware_1.11.0_sai_edit/ros/src/install/autoware_msgs/share/common-lisp/ros/autoware_msgs/msg/_package_AccelCmd.lisp
-- Up-to-date: /home/autoware/Autoware_1.11.0_sai_edit/ros/src/install/autoware_msgs/share/common-lisp/ros/autoware_msgs/msg/IndicatorCmd.lisp
-- Up-to-date: /home/autoware/Autoware_1.11.0_sai_edit/ros/src/install/autoware_msgs/share/common-lisp/ros/autoware_msgs/msg/ObjLabel.lisp
-- Up-to-date: /home/autoware/Autoware_1.11.0_sai_edit/ros/src/install/autoware_msgs/share/common-lisp/ros/autoware_msgs/msg/ImageObjects.lisp
-- Up-to-date: /home/autoware/Autoware_1.11.0_sai_edit/ros/src/install/autoware_msgs/share/common-lisp/ros/autoware_msgs/msg/_package_ImageLaneObjects.lisp
-- Up-to-date: /home/autoware/Autoware_1.11.0_sai_edit/ros/src/install/autoware_msgs/share/common-lisp/ros/autoware_msgs/msg/ExtractedPosition.lisp
-- Up-to-date: /home/autoware/Autoware_1.11.0_sai_edit/ros/src/install/autoware_msgs/share/common-lisp/ros/autoware_msgs/msg/_package_Signals.lisp
-- Up-to-date: /home/autoware/Autoware_1.11.0_sai_edit/ros/src/install/autoware_msgs/share/common-lisp/ros/autoware_msgs/msg/_package_ProjectionMatrix.lisp
-- Up-to-date: /home/autoware/Autoware_1.11.0_sai_edit/ros/src/install/autoware_msgs/share/common-lisp/ros/autoware_msgs/msg/LiesseXZB70MParam.lisp
-- Up-to-date: /home/autoware/Autoware_1.11.0_sai_edit/ros/src/install/autoware_msgs/share/common-lisp/ros/autoware_msgs/msg/GnssStandardDeviation.lisp
-- Up-to-date: /home/autoware/Autoware_1.11.0_sai_edit/ros/src/install/autoware_msgs/share/common-lisp/ros/autoware_msgs/msg/_package_SteerCmd.lisp
-- Up-to-date: /home/autoware/Autoware_1.11.0_sai_edit/ros/src/install/autoware_msgs/share/common-lisp/ros/autoware_msgs/msg/BrakeCmd.lisp
-- Up-to-date: /home/autoware/Autoware_1.11.0_sai_edit/ros/src/install/autoware_msgs/share/common-lisp/ros/autoware_msgs/msg/SyncTimeDiff.lisp
-- Up-to-date: /home/autoware/Autoware_1.11.0_sai_edit/ros/src/install/autoware_msgs/share/common-lisp/ros/autoware_msgs/msg/ColorSet.lisp
-- Up-to-date: /home/autoware/Autoware_1.11.0_sai_edit/ros/src/install/autoware_msgs/share/common-lisp/ros/autoware_msgs/msg/_package_ControlCommand.lisp
-- Up-to-date: /home/autoware/Autoware_1.11.0_sai_edit/ros/src/install/autoware_msgs/share/common-lisp/ros/autoware_msgs/msg/NdtPoseAndRTKPose.lisp
-- Up-to-date: /home/autoware/Autoware_1.11.0_sai_edit/ros/src/install/autoware_msgs/share/common-lisp/ros/autoware_msgs/msg/_package_TrafficLight.lisp
-- Up-to-date: /home/autoware/Autoware_1.11.0_sai_edit/ros/src/install/autoware_msgs/share/common-lisp/ros/autoware_msgs/msg/_package_ImageObj.lisp
-- Up-to-date: /home/autoware/Autoware_1.11.0_sai_edit/ros/src/install/autoware_msgs/share/common-lisp/ros/autoware_msgs/msg/_package_ObjPose.lisp
-- Up-to-date: /home/autoware/Autoware_1.11.0_sai_edit/ros/src/install/autoware_msgs/share/common-lisp/ros/autoware_msgs/msg/_package_ImageObjRanged.lisp
-- Up-to-date: /home/autoware/Autoware_1.11.0_sai_edit/ros/src/install/autoware_msgs/share/common-lisp/ros/autoware_msgs/msg/_package_PositionChecker.lisp
-- Up-to-date: /home/autoware/Autoware_1.11.0_sai_edit/ros/src/install/autoware_msgs/share/common-lisp/ros/autoware_msgs/msg/WaypointState.lisp
-- Up-to-date: /home/autoware/Autoware_1.11.0_sai_edit/ros/src/install/autoware_msgs/share/common-lisp/ros/autoware_msgs/msg/LinearArray.lisp
-- Up-to-date: /home/autoware/Autoware_1.11.0_sai_edit/ros/src/install/autoware_msgs/share/common-lisp/ros/autoware_msgs/msg/_package_BrakeCmd.lisp
-- Up-to-date: /home/autoware/Autoware_1.11.0_sai_edit/ros/src/install/autoware_msgs/share/common-lisp/ros/autoware_msgs/msg/ControlCommandStamped.lisp
-- Up-to-date: /home/autoware/Autoware_1.11.0_sai_edit/ros/src/install/autoware_msgs/share/common-lisp/ros/autoware_msgs/msg/_package_Lane.lisp
-- Up-to-date: /home/autoware/Autoware_1.11.0_sai_edit/ros/src/install/autoware_msgs/share/common-lisp/ros/autoware_msgs/msg/Waypoint.lisp
-- Up-to-date: /home/autoware/Autoware_1.11.0_sai_edit/ros/src/install/autoware_msgs/share/common-lisp/ros/autoware_msgs/msg/ScanImage.lisp
-- Up-to-date: /home/autoware/Autoware_1.11.0_sai_edit/ros/src/install/autoware_msgs/share/common-lisp/ros/autoware_msgs/msg/_package_ImageRect.lisp
-- Up-to-date: /home/autoware/Autoware_1.11.0_sai_edit/ros/src/install/autoware_msgs/share/common-lisp/ros/autoware_msgs/msg/_package_LaneArray.lisp
-- Up-to-date: /home/autoware/Autoware_1.11.0_sai_edit/ros/src/install/autoware_msgs/share/common-lisp/ros/autoware_msgs/msg/DTLane.lisp
-- Up-to-date: /home/autoware/Autoware_1.11.0_sai_edit/ros/src/install/autoware_msgs/share/common-lisp/ros/autoware_msgs/msg/StateCmd.lisp
-- Up-to-date: /home/autoware/Autoware_1.11.0_sai_edit/ros/src/install/autoware_msgs/share/common-lisp/ros/autoware_msgs/msg/Format7Info.lisp
-- Up-to-date: /home/autoware/Autoware_1.11.0_sai_edit/ros/src/install/autoware_msgs/share/common-lisp/ros/autoware_msgs/msg/_package_NDTStat.lisp
-- Up-to-date: /home/autoware/Autoware_1.11.0_sai_edit/ros/src/install/autoware_msgs/share/common-lisp/ros/autoware_msgs/msg/_package_CloudClusterArray.lisp
-- Up-to-date: /home/autoware/Autoware_1.11.0_sai_edit/ros/src/install/autoware_msgs/share/common-lisp/ros/autoware_msgs/msg/_package_TunedResult.lisp
-- Up-to-date: /home/autoware/Autoware_1.11.0_sai_edit/ros/src/install/autoware_msgs/share/common-lisp/ros/autoware_msgs/msg/TrafficLightResultArray.lisp
-- Up-to-date: /home/autoware/Autoware_1.11.0_sai_edit/ros/src/install/autoware_msgs/share/common-lisp/ros/autoware_msgs/msg/TrafficLight.lisp
-- Up-to-date: /home/autoware/Autoware_1.11.0_sai_edit/ros/src/install/autoware_msgs/share/common-lisp/ros/autoware_msgs/msg/_package_ImuMathValue.lisp
-- Up-to-date: /home/autoware/Autoware_1.11.0_sai_edit/ros/src/install/autoware_msgs/share/common-lisp/ros/autoware_msgs/msg/_package_CloudCluster.lisp
-- Up-to-date: /home/autoware/Autoware_1.11.0_sai_edit/ros/src/install/autoware_msgs/share/common-lisp/ros/autoware_msgs/msg/Lane.lisp
-- Up-to-date: /home/autoware/Autoware_1.11.0_sai_edit/ros/src/install/autoware_msgs/share/common-lisp/ros/autoware_msgs/msg/_package_ValueSet.lisp
-- Up-to-date: /home/autoware/Autoware_1.11.0_sai_edit/ros/src/install/autoware_msgs/share/common-lisp/ros/autoware_msgs/msg/VscanTracked.lisp
-- Up-to-date: /home/autoware/Autoware_1.11.0_sai_edit/ros/src/install/autoware_msgs/share/common-lisp/ros/autoware_msgs/msg/AdjustXY.lisp
-- Up-to-date: /home/autoware/Autoware_1.11.0_sai_edit/ros/src/install/autoware_msgs/share/common-lisp/ros/autoware_msgs/msg/LaneArray.lisp
-- Up-to-date: /home/autoware/Autoware_1.11.0_sai_edit/ros/src/install/autoware_msgs/share/common-lisp/ros/autoware_msgs/msg/_package_WaypointState.lisp
-- Up-to-date: /home/autoware/Autoware_1.11.0_sai_edit/ros/src/install/autoware_msgs/share/common-lisp/ros/autoware_msgs/msg/_package_ExtractedPosition.lisp
-- Up-to-date: /home/autoware/Autoware_1.11.0_sai_edit/ros/src/install/autoware_msgs/share/common-lisp/ros/autoware_msgs/msg/TunedResult.lisp
-- Up-to-date: /home/autoware/Autoware_1.11.0_sai_edit/ros/src/install/autoware_msgs/share/common-lisp/ros/autoware_msgs/msg/_package_VscanTrackedArray.lisp
-- Up-to-date: /home/autoware/Autoware_1.11.0_sai_edit/ros/src/install/autoware_msgs/share/common-lisp/ros/autoware_msgs/msg/_package_IndicatorCmd.lisp
-- Up-to-date: /home/autoware/Autoware_1.11.0_sai_edit/ros/src/install/autoware_msgs/share/common-lisp/ros/autoware_msgs/msg/_package_LinearArray.lisp
-- Up-to-date: /home/autoware/Autoware_1.11.0_sai_edit/ros/src/install/autoware_msgs/share/common-lisp/ros/autoware_msgs/msg/_package_TrafficLightResultArray.lisp
-- Up-to-date: /home/autoware/Autoware_1.11.0_sai_edit/ros/src/install/autoware_msgs/share/common-lisp/ros/autoware_msgs/msg/_package_Centroids.lisp
-- Up-to-date: /home/autoware/Autoware_1.11.0_sai_edit/ros/src/install/autoware_msgs/share/common-lisp/ros/autoware_msgs/msg/_package_DetectedObjectArray.lisp
-- Up-to-date: /home/autoware/Autoware_1.11.0_sai_edit/ros/src/install/autoware_msgs/share/common-lisp/ros/autoware_msgs/msg/_package_DetectedObject.lisp
-- Up-to-date: /home/autoware/Autoware_1.11.0_sai_edit/ros/src/install/autoware_msgs/share/common-lisp/ros/autoware_msgs/msg/PointsImage.lisp
-- Up-to-date: /home/autoware/Autoware_1.11.0_sai_edit/ros/src/install/autoware_msgs/share/common-lisp/ros/autoware_msgs/msg/_package_State.lisp
-- Up-to-date: /home/autoware/Autoware_1.11.0_sai_edit/ros/src/install/autoware_msgs/share/common-lisp/ros/autoware_msgs/msg/_package_Format7Info.lisp
-- Up-to-date: /home/autoware/Autoware_1.11.0_sai_edit/ros/src/install/autoware_msgs/share/common-lisp/ros/autoware_msgs/msg/_package.lisp
-- Up-to-date: /home/autoware/Autoware_1.11.0_sai_edit/ros/src/install/autoware_msgs/share/common-lisp/ros/autoware_msgs/msg/_package_GnssSurfaceSpeed.lisp
-- Up-to-date: /home/autoware/Autoware_1.11.0_sai_edit/ros/src/install/autoware_msgs/share/common-lisp/ros/autoware_msgs/msg/Centroids.lisp
-- Up-to-date: /home/autoware/Autoware_1.11.0_sai_edit/ros/src/install/autoware_msgs/share/common-lisp/ros/autoware_msgs/msg/_package_DifferenceToWaypointDistance.lisp
-- Up-to-date: /home/autoware/Autoware_1.11.0_sai_edit/ros/src/install/autoware_msgs/share/common-lisp/ros/autoware_msgs/msg/_package_StateCmd.lisp
-- Up-to-date: /home/autoware/Autoware_1.11.0_sai_edit/ros/src/install/autoware_msgs/share/common-lisp/ros/autoware_msgs/msg/VehicleStatus.lisp
-- Up-to-date: /home/autoware/Autoware_1.11.0_sai_edit/ros/src/install/autoware_msgs/share/common-lisp/ros/autoware_msgs/msg/LampCmd.lisp
-- Up-to-date: /home/autoware/Autoware_1.11.0_sai_edit/ros/src/install/autoware_msgs/share/common-lisp/ros/autoware_msgs/msg/_package_GeometricRectangle.lisp
-- Up-to-date: /home/autoware/Autoware_1.11.0_sai_edit/ros/src/install/autoware_msgs/share/common-lisp/ros/autoware_msgs/msg/_package_VehicleCmd.lisp
-- Up-to-date: /home/autoware/Autoware_1.11.0_sai_edit/ros/src/install/autoware_msgs/share/common-lisp/ros/autoware_msgs/msg/ImageObj.lisp
-- Up-to-date: /home/autoware/Autoware_1.11.0_sai_edit/ros/src/install/autoware_msgs/share/common-lisp/ros/autoware_msgs/msg/_package_SyncTimeDiff.lisp
-- Up-to-date: /home/autoware/Autoware_1.11.0_sai_edit/ros/src/install/autoware_msgs/share/common-lisp/ros/autoware_msgs/msg/ImageLaneObjects.lisp
-- Up-to-date: /home/autoware/Autoware_1.11.0_sai_edit/ros/src/install/autoware_msgs/share/common-lisp/ros/autoware_msgs/msg/VehicleLocation.lisp
-- Up-to-date: /home/autoware/Autoware_1.11.0_sai_edit/ros/src/install/autoware_msgs/share/common-lisp/ros/autoware_msgs/msg/_package_WaypointParam.lisp
-- Up-to-date: /home/autoware/Autoware_1.11.0_sai_edit/ros/src/install/autoware_msgs/share/common-lisp/ros/autoware_msgs/msg/ValueSet.lisp
-- Up-to-date: /home/autoware/Autoware_1.11.0_sai_edit/ros/src/install/autoware_msgs/share/common-lisp/ros/autoware_msgs/msg/Signals.lisp
-- Up-to-date: /home/autoware/Autoware_1.11.0_sai_edit/ros/src/install/autoware_msgs/share/common-lisp/ros/autoware_msgs/msg/_package_VehicleLocation.lisp
-- Up-to-date: /home/autoware/Autoware_1.11.0_sai_edit/ros/src/install/autoware_msgs/share/common-lisp/ros/autoware_msgs/msg/_package_PointsImage.lisp
-- Up-to-date: /home/autoware/Autoware_1.11.0_sai_edit/ros/src/install/autoware_msgs/share/common-lisp/ros/autoware_msgs/msg/GnssSurfaceSpeed.lisp
-- Up-to-date: /home/autoware/Autoware_1.11.0_sai_edit/ros/src/install/autoware_msgs/share/common-lisp/ros/autoware_msgs/msg/_package_ColorSet.lisp
-- Up-to-date: /home/autoware/Autoware_1.11.0_sai_edit/ros/src/install/autoware_msgs/share/common-lisp/ros/autoware_msgs/msg/_package_VehicleStatus.lisp
-- Up-to-date: /home/autoware/Autoware_1.11.0_sai_edit/ros/src/install/autoware_msgs/share/common-lisp/ros/autoware_msgs/msg/_package_RemoteCmd.lisp
-- Up-to-date: /home/autoware/Autoware_1.11.0_sai_edit/ros/src/install/autoware_msgs/share/common-lisp/ros/autoware_msgs/msg/_package_AdjustXY.lisp
-- Up-to-date: /home/autoware/Autoware_1.11.0_sai_edit/ros/src/install/autoware_msgs/share/common-lisp/ros/autoware_msgs/msg/ImageRect.lisp
-- Up-to-date: /home/autoware/Autoware_1.11.0_sai_edit/ros/src/install/autoware_msgs/share/gennodejs/ros/autoware_msgs
-- Up-to-date: /home/autoware/Autoware_1.11.0_sai_edit/ros/src/install/autoware_msgs/share/gennodejs/ros/autoware_msgs/_index.js
-- Up-to-date: /home/autoware/Autoware_1.11.0_sai_edit/ros/src/install/autoware_msgs/share/gennodejs/ros/autoware_msgs/msg
-- Up-to-date: /home/autoware/Autoware_1.11.0_sai_edit/ros/src/install/autoware_msgs/share/gennodejs/ros/autoware_msgs/msg/ImageRect.js
-- Up-to-date: /home/autoware/Autoware_1.11.0_sai_edit/ros/src/install/autoware_msgs/share/gennodejs/ros/autoware_msgs/msg/ObjLabel.js
-- Up-to-date: /home/autoware/Autoware_1.11.0_sai_edit/ros/src/install/autoware_msgs/share/gennodejs/ros/autoware_msgs/msg/Waypoint.js
-- Up-to-date: /home/autoware/Autoware_1.11.0_sai_edit/ros/src/install/autoware_msgs/share/gennodejs/ros/autoware_msgs/msg/SteerCmd.js
-- Up-to-date: /home/autoware/Autoware_1.11.0_sai_edit/ros/src/install/autoware_msgs/share/gennodejs/ros/autoware_msgs/msg/IndicatorCmd.js
-- Up-to-date: /home/autoware/Autoware_1.11.0_sai_edit/ros/src/install/autoware_msgs/share/gennodejs/ros/autoware_msgs/msg/LampCmd.js
-- Up-to-date: /home/autoware/Autoware_1.11.0_sai_edit/ros/src/install/autoware_msgs/share/gennodejs/ros/autoware_msgs/msg/_index.js
-- Up-to-date: /home/autoware/Autoware_1.11.0_sai_edit/ros/src/install/autoware_msgs/share/gennodejs/ros/autoware_msgs/msg/TrafficLightResultArray.js
-- Up-to-date: /home/autoware/Autoware_1.11.0_sai_edit/ros/src/install/autoware_msgs/share/gennodejs/ros/autoware_msgs/msg/ControlCommandStamped.js
-- Up-to-date: /home/autoware/Autoware_1.11.0_sai_edit/ros/src/install/autoware_msgs/share/gennodejs/ros/autoware_msgs/msg/ICPStat.js
-- Up-to-date: /home/autoware/Autoware_1.11.0_sai_edit/ros/src/install/autoware_msgs/share/gennodejs/ros/autoware_msgs/msg/WaypointState.js
-- Up-to-date: /home/autoware/Autoware_1.11.0_sai_edit/ros/src/install/autoware_msgs/share/gennodejs/ros/autoware_msgs/msg/ExtractedPosition.js
-- Up-to-date: /home/autoware/Autoware_1.11.0_sai_edit/ros/src/install/autoware_msgs/share/gennodejs/ros/autoware_msgs/msg/DTLane.js
-- Up-to-date: /home/autoware/Autoware_1.11.0_sai_edit/ros/src/install/autoware_msgs/share/gennodejs/ros/autoware_msgs/msg/GeometricRectangle.js
-- Up-to-date: /home/autoware/Autoware_1.11.0_sai_edit/ros/src/install/autoware_msgs/share/gennodejs/ros/autoware_msgs/msg/DifferenceToWaypointDistance.js
-- Up-to-date: /home/autoware/Autoware_1.11.0_sai_edit/ros/src/install/autoware_msgs/share/gennodejs/ros/autoware_msgs/msg/CloudClusterArray.js
-- Up-to-date: /home/autoware/Autoware_1.11.0_sai_edit/ros/src/install/autoware_msgs/share/gennodejs/ros/autoware_msgs/msg/DetectedObjectArray.js
-- Up-to-date: /home/autoware/Autoware_1.11.0_sai_edit/ros/src/install/autoware_msgs/share/gennodejs/ros/autoware_msgs/msg/DetectedObject.js
-- Up-to-date: /home/autoware/Autoware_1.11.0_sai_edit/ros/src/install/autoware_msgs/share/gennodejs/ros/autoware_msgs/msg/CloudCluster.js
-- Up-to-date: /home/autoware/Autoware_1.11.0_sai_edit/ros/src/install/autoware_msgs/share/gennodejs/ros/autoware_msgs/msg/WaypointParam.js
-- Up-to-date: /home/autoware/Autoware_1.11.0_sai_edit/ros/src/install/autoware_msgs/share/gennodejs/ros/autoware_msgs/msg/ImuMathValue.js
-- Up-to-date: /home/autoware/Autoware_1.11.0_sai_edit/ros/src/install/autoware_msgs/share/gennodejs/ros/autoware_msgs/msg/Centroids.js
-- Up-to-date: /home/autoware/Autoware_1.11.0_sai_edit/ros/src/install/autoware_msgs/share/gennodejs/ros/autoware_msgs/msg/GnssSurfaceSpeed.js
-- Up-to-date: /home/autoware/Autoware_1.11.0_sai_edit/ros/src/install/autoware_msgs/share/gennodejs/ros/autoware_msgs/msg/ImageObj.js
-- Up-to-date: /home/autoware/Autoware_1.11.0_sai_edit/ros/src/install/autoware_msgs/share/gennodejs/ros/autoware_msgs/msg/ObjPose.js
-- Up-to-date: /home/autoware/Autoware_1.11.0_sai_edit/ros/src/install/autoware_msgs/share/gennodejs/ros/autoware_msgs/msg/AdjustXY.js
-- Up-to-date: /home/autoware/Autoware_1.11.0_sai_edit/ros/src/install/autoware_msgs/share/gennodejs/ros/autoware_msgs/msg/RemoteCmd.js
-- Up-to-date: /home/autoware/Autoware_1.11.0_sai_edit/ros/src/install/autoware_msgs/share/gennodejs/ros/autoware_msgs/msg/ColorSet.js
-- Up-to-date: /home/autoware/Autoware_1.11.0_sai_edit/ros/src/install/autoware_msgs/share/gennodejs/ros/autoware_msgs/msg/ImageObjTracked.js
-- Up-to-date: /home/autoware/Autoware_1.11.0_sai_edit/ros/src/install/autoware_msgs/share/gennodejs/ros/autoware_msgs/msg/StateCmd.js
-- Up-to-date: /home/autoware/Autoware_1.11.0_sai_edit/ros/src/install/autoware_msgs/share/gennodejs/ros/autoware_msgs/msg/VscanTracked.js
-- Up-to-date: /home/autoware/Autoware_1.11.0_sai_edit/ros/src/install/autoware_msgs/share/gennodejs/ros/autoware_msgs/msg/GnssStandardDeviation.js
-- Up-to-date: /home/autoware/Autoware_1.11.0_sai_edit/ros/src/install/autoware_msgs/share/gennodejs/ros/autoware_msgs/msg/LaneArray.js
-- Up-to-date: /home/autoware/Autoware_1.11.0_sai_edit/ros/src/install/autoware_msgs/share/gennodejs/ros/autoware_msgs/msg/VscanTrackedArray.js
-- Up-to-date: /home/autoware/Autoware_1.11.0_sai_edit/ros/src/install/autoware_msgs/share/gennodejs/ros/autoware_msgs/msg/LinearArray.js
-- Up-to-date: /home/autoware/Autoware_1.11.0_sai_edit/ros/src/install/autoware_msgs/share/gennodejs/ros/autoware_msgs/msg/PositionChecker.js
-- Up-to-date: /home/autoware/Autoware_1.11.0_sai_edit/ros/src/install/autoware_msgs/share/gennodejs/ros/autoware_msgs/msg/TrafficLight.js
-- Up-to-date: /home/autoware/Autoware_1.11.0_sai_edit/ros/src/install/autoware_msgs/share/gennodejs/ros/autoware_msgs/msg/VehicleLocation.js
-- Up-to-date: /home/autoware/Autoware_1.11.0_sai_edit/ros/src/install/autoware_msgs/share/gennodejs/ros/autoware_msgs/msg/NdtPoseAndRTKPose.js
-- Up-to-date: /home/autoware/Autoware_1.11.0_sai_edit/ros/src/install/autoware_msgs/share/gennodejs/ros/autoware_msgs/msg/Signals.js
-- Up-to-date: /home/autoware/Autoware_1.11.0_sai_edit/ros/src/install/autoware_msgs/share/gennodejs/ros/autoware_msgs/msg/ImageObjRanged.js
-- Up-to-date: /home/autoware/Autoware_1.11.0_sai_edit/ros/src/install/autoware_msgs/share/gennodejs/ros/autoware_msgs/msg/Lane.js
-- Up-to-date: /home/autoware/Autoware_1.11.0_sai_edit/ros/src/install/autoware_msgs/share/gennodejs/ros/autoware_msgs/msg/ControlCommand.js
-- Up-to-date: /home/autoware/Autoware_1.11.0_sai_edit/ros/src/install/autoware_msgs/share/gennodejs/ros/autoware_msgs/msg/PointsImage.js
-- Up-to-date: /home/autoware/Autoware_1.11.0_sai_edit/ros/src/install/autoware_msgs/share/gennodejs/ros/autoware_msgs/msg/SyncTimeMonitor.js
-- Up-to-date: /home/autoware/Autoware_1.11.0_sai_edit/ros/src/install/autoware_msgs/share/gennodejs/ros/autoware_msgs/msg/ImageLaneObjects.js
-- Up-to-date: /home/autoware/Autoware_1.11.0_sai_edit/ros/src/install/autoware_msgs/share/gennodejs/ros/autoware_msgs/msg/TrafficLightResult.js
-- Up-to-date: /home/autoware/Autoware_1.11.0_sai_edit/ros/src/install/autoware_msgs/share/gennodejs/ros/autoware_msgs/msg/State.js
-- Up-to-date: /home/autoware/Autoware_1.11.0_sai_edit/ros/src/install/autoware_msgs/share/gennodejs/ros/autoware_msgs/msg/VehicleStatus.js
-- Up-to-date: /home/autoware/Autoware_1.11.0_sai_edit/ros/src/install/autoware_msgs/share/gennodejs/ros/autoware_msgs/msg/Format7Info.js
-- Up-to-date: /home/autoware/Autoware_1.11.0_sai_edit/ros/src/install/autoware_msgs/share/gennodejs/ros/autoware_msgs/msg/ProjectionMatrix.js
-- Up-to-date: /home/autoware/Autoware_1.11.0_sai_edit/ros/src/install/autoware_msgs/share/gennodejs/ros/autoware_msgs/msg/BrakeCmd.js
-- Up-to-date: /home/autoware/Autoware_1.11.0_sai_edit/ros/src/install/autoware_msgs/share/gennodejs/ros/autoware_msgs/msg/LiesseXZB70MParam.js
-- Up-to-date: /home/autoware/Autoware_1.11.0_sai_edit/ros/src/install/autoware_msgs/share/gennodejs/ros/autoware_msgs/msg/AccelCmd.js
-- Up-to-date: /home/autoware/Autoware_1.11.0_sai_edit/ros/src/install/autoware_msgs/share/gennodejs/ros/autoware_msgs/msg/NDTStat.js
-- Up-to-date: /home/autoware/Autoware_1.11.0_sai_edit/ros/src/install/autoware_msgs/share/gennodejs/ros/autoware_msgs/msg/ImageRectRanged.js
-- Up-to-date: /home/autoware/Autoware_1.11.0_sai_edit/ros/src/install/autoware_msgs/share/gennodejs/ros/autoware_msgs/msg/ValueSet.js
-- Up-to-date: /home/autoware/Autoware_1.11.0_sai_edit/ros/src/install/autoware_msgs/share/gennodejs/ros/autoware_msgs/msg/TunedResult.js
-- Up-to-date: /home/autoware/Autoware_1.11.0_sai_edit/ros/src/install/autoware_msgs/share/gennodejs/ros/autoware_msgs/msg/ScanImage.js
-- Up-to-date: /home/autoware/Autoware_1.11.0_sai_edit/ros/src/install/autoware_msgs/share/gennodejs/ros/autoware_msgs/msg/VehicleCmd.js
-- Up-to-date: /home/autoware/Autoware_1.11.0_sai_edit/ros/src/install/autoware_msgs/share/gennodejs/ros/autoware_msgs/msg/ImageObjects.js
-- Up-to-date: /home/autoware/Autoware_1.11.0_sai_edit/ros/src/install/autoware_msgs/share/gennodejs/ros/autoware_msgs/msg/SyncTimeDiff.js
Listing /home/autoware/Autoware_1.11.0_sai_edit/ros/src/build/autoware_msgs/devel/lib/python2.7/dist-packages/autoware_msgs ...
Listing /home/autoware/Autoware_1.11.0_sai_edit/ros/src/build/autoware_msgs/devel/lib/python2.7/dist-packages/autoware_msgs/msg ...
-- Up-to-date: /home/autoware/Autoware_1.11.0_sai_edit/ros/src/install/autoware_msgs/lib/python2.7/dist-packages/autoware_msgs
-- Up-to-date: /home/autoware/Autoware_1.11.0_sai_edit/ros/src/install/autoware_msgs/lib/python2.7/dist-packages/autoware_msgs/__init__.pyc
-- Up-to-date: /home/autoware/Autoware_1.11.0_sai_edit/ros/src/install/autoware_msgs/lib/python2.7/dist-packages/autoware_msgs/__init__.py
-- Up-to-date: /home/autoware/Autoware_1.11.0_sai_edit/ros/src/install/autoware_msgs/lib/python2.7/dist-packages/autoware_msgs/msg
-- Up-to-date: /home/autoware/Autoware_1.11.0_sai_edit/ros/src/install/autoware_msgs/lib/python2.7/dist-packages/autoware_msgs/msg/_Signals.py
-- Up-to-date: /home/autoware/Autoware_1.11.0_sai_edit/ros/src/install/autoware_msgs/lib/python2.7/dist-packages/autoware_msgs/msg/_VehicleCmd.pyc
-- Up-to-date: /home/autoware/Autoware_1.11.0_sai_edit/ros/src/install/autoware_msgs/lib/python2.7/dist-packages/autoware_msgs/msg/_AccelCmd.py
-- Up-to-date: /home/autoware/Autoware_1.11.0_sai_edit/ros/src/install/autoware_msgs/lib/python2.7/dist-packages/autoware_msgs/msg/_RemoteCmd.py
-- Up-to-date: /home/autoware/Autoware_1.11.0_sai_edit/ros/src/install/autoware_msgs/lib/python2.7/dist-packages/autoware_msgs/msg/_ProjectionMatrix.pyc
-- Up-to-date: /home/autoware/Autoware_1.11.0_sai_edit/ros/src/install/autoware_msgs/lib/python2.7/dist-packages/autoware_msgs/msg/_AdjustXY.pyc
-- Up-to-date: /home/autoware/Autoware_1.11.0_sai_edit/ros/src/install/autoware_msgs/lib/python2.7/dist-packages/autoware_msgs/msg/_ControlCommand.py
-- Up-to-date: /home/autoware/Autoware_1.11.0_sai_edit/ros/src/install/autoware_msgs/lib/python2.7/dist-packages/autoware_msgs/msg/_SyncTimeDiff.pyc
-- Up-to-date: /home/autoware/Autoware_1.11.0_sai_edit/ros/src/install/autoware_msgs/lib/python2.7/dist-packages/autoware_msgs/msg/_LampCmd.pyc
-- Up-to-date: /home/autoware/Autoware_1.11.0_sai_edit/ros/src/install/autoware_msgs/lib/python2.7/dist-packages/autoware_msgs/msg/_ImageObj.py
-- Up-to-date: /home/autoware/Autoware_1.11.0_sai_edit/ros/src/install/autoware_msgs/lib/python2.7/dist-packages/autoware_msgs/msg/_PointsImage.pyc
-- Up-to-date: /home/autoware/Autoware_1.11.0_sai_edit/ros/src/install/autoware_msgs/lib/python2.7/dist-packages/autoware_msgs/msg/_ImageObjRanged.pyc
-- Up-to-date: /home/autoware/Autoware_1.11.0_sai_edit/ros/src/install/autoware_msgs/lib/python2.7/dist-packages/autoware_msgs/msg/_SteerCmd.py
-- Up-to-date: /home/autoware/Autoware_1.11.0_sai_edit/ros/src/install/autoware_msgs/lib/python2.7/dist-packages/autoware_msgs/msg/_ObjLabel.py
-- Up-to-date: /home/autoware/Autoware_1.11.0_sai_edit/ros/src/install/autoware_msgs/lib/python2.7/dist-packages/autoware_msgs/msg/_NDTStat.pyc
-- Up-to-date: /home/autoware/Autoware_1.11.0_sai_edit/ros/src/install/autoware_msgs/lib/python2.7/dist-packages/autoware_msgs/msg/_ValueSet.pyc
-- Up-to-date: /home/autoware/Autoware_1.11.0_sai_edit/ros/src/install/autoware_msgs/lib/python2.7/dist-packages/autoware_msgs/msg/_TrafficLightResultArray.pyc
-- Up-to-date: /home/autoware/Autoware_1.11.0_sai_edit/ros/src/install/autoware_msgs/lib/python2.7/dist-packages/autoware_msgs/msg/_GnssStandardDeviation.py
-- Up-to-date: /home/autoware/Autoware_1.11.0_sai_edit/ros/src/install/autoware_msgs/lib/python2.7/dist-packages/autoware_msgs/msg/_ColorSet.pyc
-- Up-to-date: /home/autoware/Autoware_1.11.0_sai_edit/ros/src/install/autoware_msgs/lib/python2.7/dist-packages/autoware_msgs/msg/_PointsImage.py
-- Up-to-date: /home/autoware/Autoware_1.11.0_sai_edit/ros/src/install/autoware_msgs/lib/python2.7/dist-packages/autoware_msgs/msg/_ImuMathValue.pyc
-- Up-to-date: /home/autoware/Autoware_1.11.0_sai_edit/ros/src/install/autoware_msgs/lib/python2.7/dist-packages/autoware_msgs/msg/_ImageRect.pyc
-- Up-to-date: /home/autoware/Autoware_1.11.0_sai_edit/ros/src/install/autoware_msgs/lib/python2.7/dist-packages/autoware_msgs/msg/_ImuMathValue.py
-- Up-to-date: /home/autoware/Autoware_1.11.0_sai_edit/ros/src/install/autoware_msgs/lib/python2.7/dist-packages/autoware_msgs/msg/_DTLane.pyc
-- Up-to-date: /home/autoware/Autoware_1.11.0_sai_edit/ros/src/install/autoware_msgs/lib/python2.7/dist-packages/autoware_msgs/msg/_SyncTimeDiff.py
-- Up-to-date: /home/autoware/Autoware_1.11.0_sai_edit/ros/src/install/autoware_msgs/lib/python2.7/dist-packages/autoware_msgs/msg/_DTLane.py
-- Up-to-date: /home/autoware/Autoware_1.11.0_sai_edit/ros/src/install/autoware_msgs/lib/python2.7/dist-packages/autoware_msgs/msg/__init__.pyc
-- Up-to-date: /home/autoware/Autoware_1.11.0_sai_edit/ros/src/install/autoware_msgs/lib/python2.7/dist-packages/autoware_msgs/msg/_ICPStat.py
-- Up-to-date: /home/autoware/Autoware_1.11.0_sai_edit/ros/src/install/autoware_msgs/lib/python2.7/dist-packages/autoware_msgs/msg/_Lane.pyc
-- Up-to-date: /home/autoware/Autoware_1.11.0_sai_edit/ros/src/install/autoware_msgs/lib/python2.7/dist-packages/autoware_msgs/msg/_PositionChecker.py
-- Up-to-date: /home/autoware/Autoware_1.11.0_sai_edit/ros/src/install/autoware_msgs/lib/python2.7/dist-packages/autoware_msgs/msg/_TrafficLightResult.py
-- Up-to-date: /home/autoware/Autoware_1.11.0_sai_edit/ros/src/install/autoware_msgs/lib/python2.7/dist-packages/autoware_msgs/msg/_StateCmd.py
-- Up-to-date: /home/autoware/Autoware_1.11.0_sai_edit/ros/src/install/autoware_msgs/lib/python2.7/dist-packages/autoware_msgs/msg/_ExtractedPosition.py
-- Up-to-date: /home/autoware/Autoware_1.11.0_sai_edit/ros/src/install/autoware_msgs/lib/python2.7/dist-packages/autoware_msgs/msg/_VscanTrackedArray.pyc
-- Up-to-date: /home/autoware/Autoware_1.11.0_sai_edit/ros/src/install/autoware_msgs/lib/python2.7/dist-packages/autoware_msgs/msg/_CloudClusterArray.py
-- Up-to-date: /home/autoware/Autoware_1.11.0_sai_edit/ros/src/install/autoware_msgs/lib/python2.7/dist-packages/autoware_msgs/msg/_ImageObjects.py
-- Up-to-date: /home/autoware/Autoware_1.11.0_sai_edit/ros/src/install/autoware_msgs/lib/python2.7/dist-packages/autoware_msgs/msg/_GnssSurfaceSpeed.py
-- Up-to-date: /home/autoware/Autoware_1.11.0_sai_edit/ros/src/install/autoware_msgs/lib/python2.7/dist-packages/autoware_msgs/msg/_LinearArray.py
-- Up-to-date: /home/autoware/Autoware_1.11.0_sai_edit/ros/src/install/autoware_msgs/lib/python2.7/dist-packages/autoware_msgs/msg/_ImageLaneObjects.pyc
-- Up-to-date: /home/autoware/Autoware_1.11.0_sai_edit/ros/src/install/autoware_msgs/lib/python2.7/dist-packages/autoware_msgs/msg/_IndicatorCmd.py
-- Up-to-date: /home/autoware/Autoware_1.11.0_sai_edit/ros/src/install/autoware_msgs/lib/python2.7/dist-packages/autoware_msgs/msg/_ProjectionMatrix.py
-- Up-to-date: /home/autoware/Autoware_1.11.0_sai_edit/ros/src/install/autoware_msgs/lib/python2.7/dist-packages/autoware_msgs/msg/_AccelCmd.pyc
-- Up-to-date: /home/autoware/Autoware_1.11.0_sai_edit/ros/src/install/autoware_msgs/lib/python2.7/dist-packages/autoware_msgs/msg/_ICPStat.pyc
-- Up-to-date: /home/autoware/Autoware_1.11.0_sai_edit/ros/src/install/autoware_msgs/lib/python2.7/dist-packages/autoware_msgs/msg/_ValueSet.py
-- Up-to-date: /home/autoware/Autoware_1.11.0_sai_edit/ros/src/install/autoware_msgs/lib/python2.7/dist-packages/autoware_msgs/msg/_DetectedObject.pyc
-- Up-to-date: /home/autoware/Autoware_1.11.0_sai_edit/ros/src/install/autoware_msgs/lib/python2.7/dist-packages/autoware_msgs/msg/_ExtractedPosition.pyc
-- Up-to-date: /home/autoware/Autoware_1.11.0_sai_edit/ros/src/install/autoware_msgs/lib/python2.7/dist-packages/autoware_msgs/msg/_WaypointState.py
-- Up-to-date: /home/autoware/Autoware_1.11.0_sai_edit/ros/src/install/autoware_msgs/lib/python2.7/dist-packages/autoware_msgs/msg/_ObjPose.pyc
-- Up-to-date: /home/autoware/Autoware_1.11.0_sai_edit/ros/src/install/autoware_msgs/lib/python2.7/dist-packages/autoware_msgs/msg/_VehicleCmd.py
-- Up-to-date: /home/autoware/Autoware_1.11.0_sai_edit/ros/src/install/autoware_msgs/lib/python2.7/dist-packages/autoware_msgs/msg/_LaneArray.py
-- Up-to-date: /home/autoware/Autoware_1.11.0_sai_edit/ros/src/install/autoware_msgs/lib/python2.7/dist-packages/autoware_msgs/msg/_ImageRectRanged.py
-- Up-to-date: /home/autoware/Autoware_1.11.0_sai_edit/ros/src/install/autoware_msgs/lib/python2.7/dist-packages/autoware_msgs/msg/_LiesseXZB70MParam.pyc
-- Up-to-date: /home/autoware/Autoware_1.11.0_sai_edit/ros/src/install/autoware_msgs/lib/python2.7/dist-packages/autoware_msgs/msg/_SyncTimeMonitor.pyc
-- Up-to-date: /home/autoware/Autoware_1.11.0_sai_edit/ros/src/install/autoware_msgs/lib/python2.7/dist-packages/autoware_msgs/msg/_Centroids.pyc
-- Up-to-date: /home/autoware/Autoware_1.11.0_sai_edit/ros/src/install/autoware_msgs/lib/python2.7/dist-packages/autoware_msgs/msg/_ImageObjTracked.pyc
-- Up-to-date: /home/autoware/Autoware_1.11.0_sai_edit/ros/src/install/autoware_msgs/lib/python2.7/dist-packages/autoware_msgs/msg/_ImageRectRanged.pyc
-- Up-to-date: /home/autoware/Autoware_1.11.0_sai_edit/ros/src/install/autoware_msgs/lib/python2.7/dist-packages/autoware_msgs/msg/__init__.py
-- Up-to-date: /home/autoware/Autoware_1.11.0_sai_edit/ros/src/install/autoware_msgs/lib/python2.7/dist-packages/autoware_msgs/msg/_NdtPoseAndRTKPose.py
-- Up-to-date: /home/autoware/Autoware_1.11.0_sai_edit/ros/src/install/autoware_msgs/lib/python2.7/dist-packages/autoware_msgs/msg/_PositionChecker.pyc
-- Up-to-date: /home/autoware/Autoware_1.11.0_sai_edit/ros/src/install/autoware_msgs/lib/python2.7/dist-packages/autoware_msgs/msg/_ControlCommand.pyc
-- Up-to-date: /home/autoware/Autoware_1.11.0_sai_edit/ros/src/install/autoware_msgs/lib/python2.7/dist-packages/autoware_msgs/msg/_DifferenceToWaypointDistance.py
-- Up-to-date: /home/autoware/Autoware_1.11.0_sai_edit/ros/src/install/autoware_msgs/lib/python2.7/dist-packages/autoware_msgs/msg/_ObjLabel.pyc
-- Up-to-date: /home/autoware/Autoware_1.11.0_sai_edit/ros/src/install/autoware_msgs/lib/python2.7/dist-packages/autoware_msgs/msg/_State.py
-- Up-to-date: /home/autoware/Autoware_1.11.0_sai_edit/ros/src/install/autoware_msgs/lib/python2.7/dist-packages/autoware_msgs/msg/_LiesseXZB70MParam.py
-- Up-to-date: /home/autoware/Autoware_1.11.0_sai_edit/ros/src/install/autoware_msgs/lib/python2.7/dist-packages/autoware_msgs/msg/_NDTStat.py
-- Up-to-date: /home/autoware/Autoware_1.11.0_sai_edit/ros/src/install/autoware_msgs/lib/python2.7/dist-packages/autoware_msgs/msg/_WaypointParam.pyc
-- Up-to-date: /home/autoware/Autoware_1.11.0_sai_edit/ros/src/install/autoware_msgs/lib/python2.7/dist-packages/autoware_msgs/msg/_ObjPose.py
-- Up-to-date: /home/autoware/Autoware_1.11.0_sai_edit/ros/src/install/autoware_msgs/lib/python2.7/dist-packages/autoware_msgs/msg/_ScanImage.py
-- Up-to-date: /home/autoware/Autoware_1.11.0_sai_edit/ros/src/install/autoware_msgs/lib/python2.7/dist-packages/autoware_msgs/msg/_ColorSet.py
-- Up-to-date: /home/autoware/Autoware_1.11.0_sai_edit/ros/src/install/autoware_msgs/lib/python2.7/dist-packages/autoware_msgs/msg/_LaneArray.pyc
-- Up-to-date: /home/autoware/Autoware_1.11.0_sai_edit/ros/src/install/autoware_msgs/lib/python2.7/dist-packages/autoware_msgs/msg/_ControlCommandStamped.py
-- Up-to-date: /home/autoware/Autoware_1.11.0_sai_edit/ros/src/install/autoware_msgs/lib/python2.7/dist-packages/autoware_msgs/msg/_Waypoint.pyc
-- Up-to-date: /home/autoware/Autoware_1.11.0_sai_edit/ros/src/install/autoware_msgs/lib/python2.7/dist-packages/autoware_msgs/msg/_AdjustXY.py
-- Up-to-date: /home/autoware/Autoware_1.11.0_sai_edit/ros/src/install/autoware_msgs/lib/python2.7/dist-packages/autoware_msgs/msg/_ImageObjTracked.py
-- Up-to-date: /home/autoware/Autoware_1.11.0_sai_edit/ros/src/install/autoware_msgs/lib/python2.7/dist-packages/autoware_msgs/msg/_ControlCommandStamped.pyc
-- Up-to-date: /home/autoware/Autoware_1.11.0_sai_edit/ros/src/install/autoware_msgs/lib/python2.7/dist-packages/autoware_msgs/msg/_BrakeCmd.pyc
-- Up-to-date: /home/autoware/Autoware_1.11.0_sai_edit/ros/src/install/autoware_msgs/lib/python2.7/dist-packages/autoware_msgs/msg/_GnssStandardDeviation.pyc
-- Up-to-date: /home/autoware/Autoware_1.11.0_sai_edit/ros/src/install/autoware_msgs/lib/python2.7/dist-packages/autoware_msgs/msg/_VehicleLocation.pyc
-- Up-to-date: /home/autoware/Autoware_1.11.0_sai_edit/ros/src/install/autoware_msgs/lib/python2.7/dist-packages/autoware_msgs/msg/_ImageRect.py
-- Up-to-date: /home/autoware/Autoware_1.11.0_sai_edit/ros/src/install/autoware_msgs/lib/python2.7/dist-packages/autoware_msgs/msg/_GnssSurfaceSpeed.pyc
-- Up-to-date: /home/autoware/Autoware_1.11.0_sai_edit/ros/src/install/autoware_msgs/lib/python2.7/dist-packages/autoware_msgs/msg/_GeometricRectangle.py
-- Up-to-date: /home/autoware/Autoware_1.11.0_sai_edit/ros/src/install/autoware_msgs/lib/python2.7/dist-packages/autoware_msgs/msg/_CloudCluster.py
-- Up-to-date: /home/autoware/Autoware_1.11.0_sai_edit/ros/src/install/autoware_msgs/lib/python2.7/dist-packages/autoware_msgs/msg/_SteerCmd.pyc
-- Up-to-date: /home/autoware/Autoware_1.11.0_sai_edit/ros/src/install/autoware_msgs/lib/python2.7/dist-packages/autoware_msgs/msg/_StateCmd.pyc
-- Up-to-date: /home/autoware/Autoware_1.11.0_sai_edit/ros/src/install/autoware_msgs/lib/python2.7/dist-packages/autoware_msgs/msg/_WaypointState.pyc
-- Up-to-date: /home/autoware/Autoware_1.11.0_sai_edit/ros/src/install/autoware_msgs/lib/python2.7/dist-packages/autoware_msgs/msg/_Lane.py
-- Up-to-date: /home/autoware/Autoware_1.11.0_sai_edit/ros/src/install/autoware_msgs/lib/python2.7/dist-packages/autoware_msgs/msg/_DetectedObjectArray.py
-- Up-to-date: /home/autoware/Autoware_1.11.0_sai_edit/ros/src/install/autoware_msgs/lib/python2.7/dist-packages/autoware_msgs/msg/_Centroids.py
-- Up-to-date: /home/autoware/Autoware_1.11.0_sai_edit/ros/src/install/autoware_msgs/lib/python2.7/dist-packages/autoware_msgs/msg/_VehicleLocation.py
-- Up-to-date: /home/autoware/Autoware_1.11.0_sai_edit/ros/src/install/autoware_msgs/lib/python2.7/dist-packages/autoware_msgs/msg/_VscanTracked.py
-- Up-to-date: /home/autoware/Autoware_1.11.0_sai_edit/ros/src/install/autoware_msgs/lib/python2.7/dist-packages/autoware_msgs/msg/_Format7Info.py
-- Up-to-date: /home/autoware/Autoware_1.11.0_sai_edit/ros/src/install/autoware_msgs/lib/python2.7/dist-packages/autoware_msgs/msg/_DifferenceToWaypointDistance.pyc
-- Up-to-date: /home/autoware/Autoware_1.11.0_sai_edit/ros/src/install/autoware_msgs/lib/python2.7/dist-packages/autoware_msgs/msg/_CloudClusterArray.pyc
-- Up-to-date: /home/autoware/Autoware_1.11.0_sai_edit/ros/src/install/autoware_msgs/lib/python2.7/dist-packages/autoware_msgs/msg/_NdtPoseAndRTKPose.pyc
-- Up-to-date: /home/autoware/Autoware_1.11.0_sai_edit/ros/src/install/autoware_msgs/lib/python2.7/dist-packages/autoware_msgs/msg/_DetectedObject.py
-- Up-to-date: /home/autoware/Autoware_1.11.0_sai_edit/ros/src/install/autoware_msgs/lib/python2.7/dist-packages/autoware_msgs/msg/_TrafficLightResultArray.py
-- Up-to-date: /home/autoware/Autoware_1.11.0_sai_edit/ros/src/install/autoware_msgs/lib/python2.7/dist-packages/autoware_msgs/msg/_VehicleStatus.py
-- Up-to-date: /home/autoware/Autoware_1.11.0_sai_edit/ros/src/install/autoware_msgs/lib/python2.7/dist-packages/autoware_msgs/msg/_DetectedObjectArray.pyc
-- Up-to-date: /home/autoware/Autoware_1.11.0_sai_edit/ros/src/install/autoware_msgs/lib/python2.7/dist-packages/autoware_msgs/msg/_ScanImage.pyc
-- Up-to-date: /home/autoware/Autoware_1.11.0_sai_edit/ros/src/install/autoware_msgs/lib/python2.7/dist-packages/autoware_msgs/msg/_Format7Info.pyc
-- Up-to-date: /home/autoware/Autoware_1.11.0_sai_edit/ros/src/install/autoware_msgs/lib/python2.7/dist-packages/autoware_msgs/msg/_Signals.pyc
-- Up-to-date: /home/autoware/Autoware_1.11.0_sai_edit/ros/src/install/autoware_msgs/lib/python2.7/dist-packages/autoware_msgs/msg/_State.pyc
-- Up-to-date: /home/autoware/Autoware_1.11.0_sai_edit/ros/src/install/autoware_msgs/lib/python2.7/dist-packages/autoware_msgs/msg/_LinearArray.pyc
-- Up-to-date: /home/autoware/Autoware_1.11.0_sai_edit/ros/src/install/autoware_msgs/lib/python2.7/dist-packages/autoware_msgs/msg/_ImageObjRanged.py
-- Up-to-date: /home/autoware/Autoware_1.11.0_sai_edit/ros/src/install/autoware_msgs/lib/python2.7/dist-packages/autoware_msgs/msg/_GeometricRectangle.pyc
-- Up-to-date: /home/autoware/Autoware_1.11.0_sai_edit/ros/src/install/autoware_msgs/lib/python2.7/dist-packages/autoware_msgs/msg/_RemoteCmd.pyc
-- Up-to-date: /home/autoware/Autoware_1.11.0_sai_edit/ros/src/install/autoware_msgs/lib/python2.7/dist-packages/autoware_msgs/msg/_TrafficLight.pyc
-- Up-to-date: /home/autoware/Autoware_1.11.0_sai_edit/ros/src/install/autoware_msgs/lib/python2.7/dist-packages/autoware_msgs/msg/_IndicatorCmd.pyc
-- Up-to-date: /home/autoware/Autoware_1.11.0_sai_edit/ros/src/install/autoware_msgs/lib/python2.7/dist-packages/autoware_msgs/msg/_ImageLaneObjects.py
-- Up-to-date: /home/autoware/Autoware_1.11.0_sai_edit/ros/src/install/autoware_msgs/lib/python2.7/dist-packages/autoware_msgs/msg/_VscanTracked.pyc
-- Up-to-date: /home/autoware/Autoware_1.11.0_sai_edit/ros/src/install/autoware_msgs/lib/python2.7/dist-packages/autoware_msgs/msg/_SyncTimeMonitor.py
-- Up-to-date: /home/autoware/Autoware_1.11.0_sai_edit/ros/src/install/autoware_msgs/lib/python2.7/dist-packages/autoware_msgs/msg/_CloudCluster.pyc
-- Up-to-date: /home/autoware/Autoware_1.11.0_sai_edit/ros/src/install/autoware_msgs/lib/python2.7/dist-packages/autoware_msgs/msg/_ImageObjects.pyc
-- Up-to-date: /home/autoware/Autoware_1.11.0_sai_edit/ros/src/install/autoware_msgs/lib/python2.7/dist-packages/autoware_msgs/msg/_ImageObj.pyc
-- Up-to-date: /home/autoware/Autoware_1.11.0_sai_edit/ros/src/install/autoware_msgs/lib/python2.7/dist-packages/autoware_msgs/msg/_BrakeCmd.py
-- Up-to-date: /home/autoware/Autoware_1.11.0_sai_edit/ros/src/install/autoware_msgs/lib/python2.7/dist-packages/autoware_msgs/msg/_TunedResult.pyc
-- Up-to-date: /home/autoware/Autoware_1.11.0_sai_edit/ros/src/install/autoware_msgs/lib/python2.7/dist-packages/autoware_msgs/msg/_VehicleStatus.pyc
-- Up-to-date: /home/autoware/Autoware_1.11.0_sai_edit/ros/src/install/autoware_msgs/lib/python2.7/dist-packages/autoware_msgs/msg/_WaypointParam.py
-- Up-to-date: /home/autoware/Autoware_1.11.0_sai_edit/ros/src/install/autoware_msgs/lib/python2.7/dist-packages/autoware_msgs/msg/_TrafficLightResult.pyc
-- Up-to-date: /home/autoware/Autoware_1.11.0_sai_edit/ros/src/install/autoware_msgs/lib/python2.7/dist-packages/autoware_msgs/msg/_TunedResult.py
-- Up-to-date: /home/autoware/Autoware_1.11.0_sai_edit/ros/src/install/autoware_msgs/lib/python2.7/dist-packages/autoware_msgs/msg/_Waypoint.py
-- Up-to-date: /home/autoware/Autoware_1.11.0_sai_edit/ros/src/install/autoware_msgs/lib/python2.7/dist-packages/autoware_msgs/msg/_VscanTrackedArray.py
-- Up-to-date: /home/autoware/Autoware_1.11.0_sai_edit/ros/src/install/autoware_msgs/lib/python2.7/dist-packages/autoware_msgs/msg/_LampCmd.py
-- Up-to-date: /home/autoware/Autoware_1.11.0_sai_edit/ros/src/install/autoware_msgs/lib/python2.7/dist-packages/autoware_msgs/msg/_TrafficLight.py
-- Up-to-date: /home/autoware/Autoware_1.11.0_sai_edit/ros/src/install/autoware_msgs/lib/pkgconfig/autoware_msgs.pc
-- Up-to-date: /home/autoware/Autoware_1.11.0_sai_edit/ros/src/install/autoware_msgs/share/autoware_msgs/cmake/autoware_msgs-msg-extras.cmake
-- Up-to-date: /home/autoware/Autoware_1.11.0_sai_edit/ros/src/install/autoware_msgs/share/autoware_msgs/cmake/autoware_msgsConfig.cmake
-- Up-to-date: /home/autoware/Autoware_1.11.0_sai_edit/ros/src/install/autoware_msgs/share/autoware_msgs/cmake/autoware_msgsConfig-version.cmake
-- Up-to-date: /home/autoware/Autoware_1.11.0_sai_edit/ros/src/install/autoware_msgs/share/autoware_msgs/package.xml
Invoked command in '/home/autoware/Autoware_1.11.0_sai_edit/ros/src/build/autoware_msgs' returned '0': /usr/bin/cmake --build /home/autoware/Autoware_1.11.0_sai_edit/ros/src/build/autoware_msgs --target install
