-- The C compiler identification is GNU 5.4.0
-- The CXX compiler identification is GNU 5.4.0
-- Check for working C compiler: /usr/bin/cc
-- Check for working C compiler: /usr/bin/cc -- works
-- Detecting C compiler ABI info
-- Detecting C compiler ABI info - done
-- Detecting C compile features
-- Detecting C compile features - done
-- Check for working CXX compiler: /usr/bin/c++
-- Check for working CXX compiler: /usr/bin/c++ -- works
-- Detecting CXX compiler ABI info
-- Detecting CXX compiler ABI info - done
-- Detecting CXX compile features
-- Detecting CXX compile features - done
-- Using CATKIN_DEVEL_PREFIX: /home/autoware/Autoware_1.11.0_sai_edit/ros/src/build/autoware_can_msgs/devel
-- Using CMAKE_PREFIX_PATH: /home/autoware/Autoware_1.11.0_sai_edit/ros/install/ymc;/home/autoware/Autoware_1.11.0_sai_edit/ros/install/xsens_driver;/home/autoware/Autoware_1.11.0_sai_edit/ros/install/lattice_planner;/home/autoware/Autoware_1.11.0_sai_edit/ros/install/waypoint_planner;/home/autoware/Autoware_1.11.0_sai_edit/ros/install/waypoint_maker;/home/autoware/Autoware_1.11.0_sai_edit/ros/install/way_planner;/home/autoware/Autoware_1.11.0_sai_edit/ros/install/trafficlight_recognizer;/home/autoware/Autoware_1.11.0_sai_edit/ros/install/op_utilities;/home/autoware/Autoware_1.11.0_sai_edit/ros/install/op_simulation_package;/home/autoware/Autoware_1.11.0_sai_edit/ros/install/op_local_planner;/home/autoware/Autoware_1.11.0_sai_edit/ros/install/op_global_planner;/home/autoware/Autoware_1.11.0_sai_edit/ros/install/lidar_kf_contour_track;/home/autoware/Autoware_1.11.0_sai_edit/ros/install/op_ros_helpers;/home/autoware/Autoware_1.11.0_sai_edit/ros/install/lane_planner;/home/autoware/Autoware_1.11.0_sai_edit/ros/install/ff_waypoint_follower;/home/autoware/Autoware_1.11.0_sai_edit/ros/install/dp_planner;/home/autoware/Autoware_1.11.0_sai_edit/ros/install/waypoint_follower;/home/autoware/Autoware_1.11.0_sai_edit/ros/install/vlg22c_cam;/home/autoware/Autoware_1.11.0_sai_edit/ros/install/vision_ssd_detect;/home/autoware/Autoware_1.11.0_sai_edit/ros/install/vision_segment_enet_detect;/home/autoware/Autoware_1.11.0_sai_edit/ros/install/vision_lane_detect;/home/autoware/Autoware_1.11.0_sai_edit/ros/install/vision_dpm_ttic_detect;/home/autoware/Autoware_1.11.0_sai_edit/ros/install/vision_darknet_detect;/home/autoware/Autoware_1.11.0_sai_edit/ros/install/vision_beyond_track;/home/autoware/Autoware_1.11.0_sai_edit/ros/install/vehicle_socket;/home/autoware/Autoware_1.11.0_sai_edit/ros/install/vehicle_model;/home/autoware/Autoware_1.11.0_sai_edit/ros/install/vehicle_gazebo_simulation_launcher;/home/autoware/Autoware_1.11.0_sai_edit/ros/install/vehicle_gazebo_simulation_interface;/home/autoware/Autoware_1.11.0_sai_edit/ros/install/vehicle_description;/home/autoware/Autoware_1.11.0_sai_edit/ros/install/op_simu;/home/autoware/Autoware_1.11.0_sai_edit/ros/install/op_planner;/home/autoware/Autoware_1.11.0_sai_edit/ros/install/op_utility;/home/autoware/Autoware_1.11.0_sai_edit/ros/install/lidar_euclidean_cluster_detect;/home/autoware/Autoware_1.11.0_sai_edit/ros/install/vector_map_server;/home/autoware/Autoware_1.11.0_sai_edit/ros/install/road_occupancy_processor;/home/autoware/Autoware_1.11.0_sai_edit/ros/install/costmap_generator;/home/autoware/Autoware_1.11.0_sai_edit/ros/install/object_map;/home/autoware/Autoware_1.11.0_sai_edit/ros/install/naive_motion_predict;/home/autoware/Autoware_1.11.0_sai_edit/ros/install/map_file;/home/autoware/Autoware_1.11.0_sai_edit/ros/install/libvectormap;/home/autoware/Autoware_1.11.0_sai_edit/ros/install/imm_ukf_pda_track;/home/autoware/Autoware_1.11.0_sai_edit/ros/install/decision_maker;/home/autoware/Autoware_1.11.0_sai_edit/ros/install/vector_map;/home/autoware/Autoware_1.11.0_sai_edit/ros/install/vector_map_msgs;/home/autoware/Autoware_1.11.0_sai_edit/ros/install/vectacam;/home/autoware/Autoware_1.11.0_sai_edit/ros/install/udon_socket;/home/autoware/Autoware_1.11.0_sai_edit/ros/install/twist_to_odom;/home/autoware/Autoware_1.11.0_sai_edit/ros/install/tablet_socket;/home/autoware/Autoware_1.11.0_sai_edit/ros/install/runtime_manager;/home/autoware/Autoware_1.11.0_sai_edit/ros/install/mqtt_socket;/home/autoware/Autoware_1.11.0_sai_edit/ros/install/tablet_socket_msgs;/home/autoware/Autoware_1.11.0_sai_edit/ros/install/state_machine_lib;/home/autoware/Autoware_1.11.0_sai_edit/ros/install/sound_player;/home/autoware/Autoware_1.11.0_sai_edit/ros/install/signal_creator;/home/autoware/Autoware_1.11.0_sai_edit/ros/install/sick_lms5xx;/home/autoware/Autoware_1.11.0_sai_edit/ros/install/sick_ldmrs_tools;/home/autoware/Autoware_1.11.0_sai_edit/ros/install/sick_ldmrs_driver;/home/autoware/Autoware_1.11.0_sai_edit/ros/install/sick_ldmrs_msgs;/home/autoware/Autoware_1.11.0_sai_edit/ros/install/sick_ldmrs_description;/home/autoware/Autoware_1.11.0_sai_edit/ros/install/rslidar_driver;/home/autoware/Autoware_1.11.0_sai_edit/ros/install/rslidar_msgs;/home/autoware/Autoware_1.11.0_sai_edit/ros/install/points2image;/home/autoware/Autoware_1.11.0_sai_edit/ros/install/calibration_camera_lidar;/home/autoware/Autoware_1.11.0_sai_edit/ros/install/rosinterface;/home/autoware/Autoware_1.11.0_sai_edit/ros/install/rosbag_controller;/home/autoware/Autoware_1.11.0_sai_edit/ros/install/roi_object_filter;/home/autoware/Autoware_1.11.0_sai_edit/ros/install/range_vision_fusion;/home/autoware/Autoware_1.11.0_sai_edit/ros/install/pos_db;/home/autoware/Autoware_1.11.0_sai_edit/ros/install/points_preprocessor;/home/autoware/Autoware_1.11.0_sai_edit/ros/install/points_downsampler;/home/autoware/Autoware_1.11.0_sai_edit/ros/install/pixel_cloud_fusion;/home/autoware/Autoware_1.11.0_sai_edit/ros/install/lidar_localizer;/home/autoware/Autoware_1.11.0_sai_edit/ros/install/pcl_omp_registration;/home/autoware/Autoware_1.11.0_sai_edit/ros/install/pc2_downsampler;/home/autoware/Autoware_1.11.0_sai_edit/ros/install/ouster_ros;/home/autoware/Autoware_1.11.0_sai_edit/ros/install/oculus_socket;/home/autoware/Autoware_1.11.0_sai_edit/ros/install/obj_db;/home/autoware/Autoware_1.11.0_sai_edit/ros/install/novatel_oem7;/home/autoware/Autoware_1.11.0_sai_edit/ros/install/nmea_navsat;/home/autoware/Autoware_1.11.0_sai_edit/ros/install/ndt_tku;/home/autoware/Autoware_1.11.0_sai_edit/ros/install/ndt_gpu;/home/autoware/Autoware_1.11.0_sai_edit/ros/install/ndt_cpu;/home/autoware/Autoware_1.11.0_sai_edit/ros/install/multi_lidar_calibrator;/home/autoware/Autoware_1.11.0_sai_edit/ros/install/microstrain_driver;/home/autoware/Autoware_1.11.0_sai_edit/ros/install/microbus_interface;/home/autoware/Autoware_1.11.0_sai_edit/ros/install/memsic_imu;/home/autoware/Autoware_1.11.0_sai_edit/ros/install/marker_downsampler;/home/autoware/Autoware_1.11.0_sai_edit/ros/install/map_tools;/home/autoware/Autoware_1.11.0_sai_edit/ros/install/map_tf_generator;/home/autoware/Autoware_1.11.0_sai_edit/ros/install/log_tools;/home/autoware/Autoware_1.11.0_sai_edit/ros/install/liesse_model;/home/autoware/Autoware_1.11.0_sai_edit/ros/install/lidar_shape_estimation;/home/autoware/Autoware_1.11.0_sai_edit/ros/install/lidar_point_pillars;/home/autoware/Autoware_1.11.0_sai_edit/ros/install/lidar_naive_l_shape_detect;/home/autoware/Autoware_1.11.0_sai_edit/ros/install/lidar_fake_perception;/home/autoware/Autoware_1.11.0_sai_edit/ros/install/lidar_apollo_cnn_seg_detect;/home/autoware/Autoware_1.11.0_sai_edit/ros/install/libdpm_ttic;/home/autoware/Autoware_1.11.0_sai_edit/ros/install/lgsvl_simulator_bridge;/home/autoware/Autoware_1.11.0_sai_edit/ros/install/lgsvl_msgs;/home/autoware/Autoware_1.11.0_sai_edit/ros/install/kvaser;/home/autoware/Autoware_1.11.0_sai_edit/ros/install/kitti_launch;/home/autoware/Autoware_1.11.0_sai_edit/ros/install/kitti_player;/home/autoware/Autoware_1.11.0_sai_edit/ros/install/kitti_box_publisher;/home/autoware/Autoware_1.11.0_sai_edit/ros/install/javad_navsat_driver;/home/autoware/Autoware_1.11.0_sai_edit/ros/install/integrated_viewer;/home/autoware/Autoware_1.11.0_sai_edit/ros/install/image_processor;/home/autoware/Autoware_1.11.0_sai_edit/ros/install/hokuyo;/home/autoware/Autoware_1.11.0_sai_edit/ros/install/graph_tools;/home/autoware/Autoware_1.11.0_sai_edit/ros/install/gnss_localizer;/home/autoware/Autoware_1.11.0_sai_edit/ros/install/gnss;/home/autoware/Autoware_1.11.0_sai_edit/ros/install/glviewer;/home/autoware/Autoware_1.11.0_sai_edit/ros/install/gazebo_world_description;/home/autoware/Autoware_1.11.0_sai_edit/ros/install/gazebo_imu_description;/home/autoware/Autoware_1.11.0_sai_edit/ros/install/gazebo_camera_description;/home/autoware/Autoware_1.11.0_sai_edit/ros/install/garmin;/home/autoware/Autoware_1.11.0_sai_edit/ros/install/freespace_planner;/home/autoware/Autoware_1.11.0_sai_edit/ros/install/fastvirtualscan;/home/autoware/Autoware_1.11.0_sai_edit/ros/install/ekf_localizer;/home/autoware/Autoware_1.11.0_sai_edit/ros/install/detected_objects_visualizer;/home/autoware/Autoware_1.11.0_sai_edit/ros/install/decision_maker_panel;/home/autoware/Autoware_1.11.0_sai_edit/ros/install/dbw_mkz_msgs;/home/autoware/Autoware_1.11.0_sai_edit/ros/install/data_preprocessor;/home/autoware/Autoware_1.11.0_sai_edit/ros/install/custom_msgs;/home/autoware/Autoware_1.11.0_sai_edit/ros/install/calibration_publisher;/home/autoware/Autoware_1.11.0_sai_edit/ros/install/backlight;/home/autoware/Autoware_1.11.0_sai_edit/ros/install/autoware_health_checker;/home/autoware/Autoware_1.11.0_sai_edit/ros/install/autoware_system_msgs;/home/autoware/Autoware_1.11.0_sai_edit/ros/install/autoware_rviz_plugins;/home/autoware/Autoware_1.11.0_sai_edit/ros/install/autoware_pointgrey_drivers;/home/autoware/Autoware_1.11.0_sai_edit/ros/install/autoware_driveworks_interface;/home/autoware/Autoware_1.11.0_sai_edit/ros/install/autoware_connector;/home/autoware/Autoware_1.11.0_sai_edit/ros/install/autoware_camera_lidar_calibrator;/home/autoware/Autoware_1.11.0_sai_edit/ros/install/astar_search;/home/autoware/Autoware_1.11.0_sai_edit/ros/install/as;/home/autoware/Autoware_1.11.0_sai_edit/ros/install/amathutils_lib;/home/autoware/Autoware_1.11.0_sai_edit/ros/install/autoware_msgs;/home/autoware/Autoware_1.11.0_sai_edit/ros/install/autoware_launcher_rviz;/home/autoware/Autoware_1.11.0_sai_edit/ros/install/autoware_launcher;/home/autoware/Autoware_1.11.0_sai_edit/ros/install/autoware_driveworks_gmsl_interface;/home/autoware/Autoware_1.11.0_sai_edit/ros/install/autoware_config_msgs;/home/autoware/Autoware_1.11.0_sai_edit/ros/install/autoware_can_msgs;/home/autoware/Autoware_1.11.0_sai_edit/ros/install/autoware_build_flags;/home/autoware/Autoware_1.11.0_sai_edit/ros/install/autoware_bag_tools;/home/autoware/Autoware_1.11.0_sai_edit/ros/install/adi_driver;/opt/ros/kinetic
-- This workspace overlays: /home/autoware/Autoware_1.11.0_sai_edit/ros/install/ymc;/home/autoware/Autoware_1.11.0_sai_edit/ros/install/xsens_driver;/home/autoware/Autoware_1.11.0_sai_edit/ros/install/lattice_planner;/home/autoware/Autoware_1.11.0_sai_edit/ros/install/waypoint_planner;/home/autoware/Autoware_1.11.0_sai_edit/ros/install/waypoint_maker;/home/autoware/Autoware_1.11.0_sai_edit/ros/install/way_planner;/home/autoware/Autoware_1.11.0_sai_edit/ros/install/trafficlight_recognizer;/home/autoware/Autoware_1.11.0_sai_edit/ros/install/op_utilities;/home/autoware/Autoware_1.11.0_sai_edit/ros/install/op_simulation_package;/home/autoware/Autoware_1.11.0_sai_edit/ros/install/op_local_planner;/home/autoware/Autoware_1.11.0_sai_edit/ros/install/op_global_planner;/home/autoware/Autoware_1.11.0_sai_edit/ros/install/lidar_kf_contour_track;/home/autoware/Autoware_1.11.0_sai_edit/ros/install/op_ros_helpers;/home/autoware/Autoware_1.11.0_sai_edit/ros/install/lane_planner;/home/autoware/Autoware_1.11.0_sai_edit/ros/install/ff_waypoint_follower;/home/autoware/Autoware_1.11.0_sai_edit/ros/install/dp_planner;/home/autoware/Autoware_1.11.0_sai_edit/ros/install/waypoint_follower;/home/autoware/Autoware_1.11.0_sai_edit/ros/install/vlg22c_cam;/home/autoware/Autoware_1.11.0_sai_edit/ros/install/vision_ssd_detect;/home/autoware/Autoware_1.11.0_sai_edit/ros/install/vision_segment_enet_detect;/home/autoware/Autoware_1.11.0_sai_edit/ros/install/vision_lane_detect;/home/autoware/Autoware_1.11.0_sai_edit/ros/install/vision_dpm_ttic_detect;/home/autoware/Autoware_1.11.0_sai_edit/ros/install/vision_darknet_detect;/home/autoware/Autoware_1.11.0_sai_edit/ros/install/vision_beyond_track;/home/autoware/Autoware_1.11.0_sai_edit/ros/install/vehicle_socket;/home/autoware/Autoware_1.11.0_sai_edit/ros/install/vehicle_model;/home/autoware/Autoware_1.11.0_sai_edit/ros/install/vehicle_gazebo_simulation_launcher;/home/autoware/Autoware_1.11.0_sai_edit/ros/install/vehicle_gazebo_simulation_interface;/home/autoware/Autoware_1.11.0_sai_edit/ros/install/vehicle_description;/home/autoware/Autoware_1.11.0_sai_edit/ros/install/op_simu;/home/autoware/Autoware_1.11.0_sai_edit/ros/install/op_planner;/home/autoware/Autoware_1.11.0_sai_edit/ros/install/op_utility;/home/autoware/Autoware_1.11.0_sai_edit/ros/install/lidar_euclidean_cluster_detect;/home/autoware/Autoware_1.11.0_sai_edit/ros/install/vector_map_server;/home/autoware/Autoware_1.11.0_sai_edit/ros/install/road_occupancy_processor;/home/autoware/Autoware_1.11.0_sai_edit/ros/install/costmap_generator;/home/autoware/Autoware_1.11.0_sai_edit/ros/install/object_map;/home/autoware/Autoware_1.11.0_sai_edit/ros/install/naive_motion_predict;/home/autoware/Autoware_1.11.0_sai_edit/ros/install/map_file;/home/autoware/Autoware_1.11.0_sai_edit/ros/install/libvectormap;/home/autoware/Autoware_1.11.0_sai_edit/ros/install/imm_ukf_pda_track;/home/autoware/Autoware_1.11.0_sai_edit/ros/install/decision_maker;/home/autoware/Autoware_1.11.0_sai_edit/ros/install/vector_map;/home/autoware/Autoware_1.11.0_sai_edit/ros/install/vector_map_msgs;/home/autoware/Autoware_1.11.0_sai_edit/ros/install/vectacam;/home/autoware/Autoware_1.11.0_sai_edit/ros/install/udon_socket;/home/autoware/Autoware_1.11.0_sai_edit/ros/install/twist_to_odom;/home/autoware/Autoware_1.11.0_sai_edit/ros/install/tablet_socket;/home/autoware/Autoware_1.11.0_sai_edit/ros/install/runtime_manager;/home/autoware/Autoware_1.11.0_sai_edit/ros/install/mqtt_socket;/home/autoware/Autoware_1.11.0_sai_edit/ros/install/tablet_socket_msgs;/home/autoware/Autoware_1.11.0_sai_edit/ros/install/state_machine_lib;/home/autoware/Autoware_1.11.0_sai_edit/ros/install/sound_player;/home/autoware/Autoware_1.11.0_sai_edit/ros/install/signal_creator;/home/autoware/Autoware_1.11.0_sai_edit/ros/install/sick_lms5xx;/home/autoware/Autoware_1.11.0_sai_edit/ros/install/sick_ldmrs_tools;/home/autoware/Autoware_1.11.0_sai_edit/ros/install/sick_ldmrs_driver;/home/autoware/Autoware_1.11.0_sai_edit/ros/install/sick_ldmrs_msgs;/home/autoware/Autoware_1.11.0_sai_edit/ros/install/sick_ldmrs_description;/home/autoware/Autoware_1.11.0_sai_edit/ros/install/rslidar_driver;/home/autoware/Autoware_1.11.0_sai_edit/ros/install/rslidar_msgs;/home/autoware/Autoware_1.11.0_sai_edit/ros/install/points2image;/home/autoware/Autoware_1.11.0_sai_edit/ros/install/calibration_camera_lidar;/home/autoware/Autoware_1.11.0_sai_edit/ros/install/rosinterface;/home/autoware/Autoware_1.11.0_sai_edit/ros/install/rosbag_controller;/home/autoware/Autoware_1.11.0_sai_edit/ros/install/roi_object_filter;/home/autoware/Autoware_1.11.0_sai_edit/ros/install/range_vision_fusion;/home/autoware/Autoware_1.11.0_sai_edit/ros/install/pos_db;/home/autoware/Autoware_1.11.0_sai_edit/ros/install/points_preprocessor;/home/autoware/Autoware_1.11.0_sai_edit/ros/install/points_downsampler;/home/autoware/Autoware_1.11.0_sai_edit/ros/install/pixel_cloud_fusion;/home/autoware/Autoware_1.11.0_sai_edit/ros/install/lidar_localizer;/home/autoware/Autoware_1.11.0_sai_edit/ros/install/pcl_omp_registration;/home/autoware/Autoware_1.11.0_sai_edit/ros/install/pc2_downsampler;/home/autoware/Autoware_1.11.0_sai_edit/ros/install/ouster_ros;/home/autoware/Autoware_1.11.0_sai_edit/ros/install/oculus_socket;/home/autoware/Autoware_1.11.0_sai_edit/ros/install/obj_db;/home/autoware/Autoware_1.11.0_sai_edit/ros/install/novatel_oem7;/home/autoware/Autoware_1.11.0_sai_edit/ros/install/nmea_navsat;/home/autoware/Autoware_1.11.0_sai_edit/ros/install/ndt_tku;/home/autoware/Autoware_1.11.0_sai_edit/ros/install/ndt_gpu;/home/autoware/Autoware_1.11.0_sai_edit/ros/install/ndt_cpu;/home/autoware/Autoware_1.11.0_sai_edit/ros/install/multi_lidar_calibrator;/home/autoware/Autoware_1.11.0_sai_edit/ros/install/microstrain_driver;/home/autoware/Autoware_1.11.0_sai_edit/ros/install/microbus_interface;/home/autoware/Autoware_1.11.0_sai_edit/ros/install/memsic_imu;/home/autoware/Autoware_1.11.0_sai_edit/ros/install/marker_downsampler;/home/autoware/Autoware_1.11.0_sai_edit/ros/install/map_tools;/home/autoware/Autoware_1.11.0_sai_edit/ros/install/map_tf_generator;/home/autoware/Autoware_1.11.0_sai_edit/ros/install/log_tools;/home/autoware/Autoware_1.11.0_sai_edit/ros/install/liesse_model;/home/autoware/Autoware_1.11.0_sai_edit/ros/install/lidar_shape_estimation;/home/autoware/Autoware_1.11.0_sai_edit/ros/install/lidar_point_pillars;/home/autoware/Autoware_1.11.0_sai_edit/ros/install/lidar_naive_l_shape_detect;/home/autoware/Autoware_1.11.0_sai_edit/ros/install/lidar_fake_perception;/home/autoware/Autoware_1.11.0_sai_edit/ros/install/lidar_apollo_cnn_seg_detect;/home/autoware/Autoware_1.11.0_sai_edit/ros/install/libdpm_ttic;/home/autoware/Autoware_1.11.0_sai_edit/ros/install/lgsvl_simulator_bridge;/home/autoware/Autoware_1.11.0_sai_edit/ros/install/lgsvl_msgs;/home/autoware/Autoware_1.11.0_sai_edit/ros/install/kvaser;/home/autoware/Autoware_1.11.0_sai_edit/ros/install/kitti_launch;/home/autoware/Autoware_1.11.0_sai_edit/ros/install/kitti_player;/home/autoware/Autoware_1.11.0_sai_edit/ros/install/kitti_box_publisher;/home/autoware/Autoware_1.11.0_sai_edit/ros/install/javad_navsat_driver;/home/autoware/Autoware_1.11.0_sai_edit/ros/install/integrated_viewer;/home/autoware/Autoware_1.11.0_sai_edit/ros/install/image_processor;/home/autoware/Autoware_1.11.0_sai_edit/ros/install/hokuyo;/home/autoware/Autoware_1.11.0_sai_edit/ros/install/graph_tools;/home/autoware/Autoware_1.11.0_sai_edit/ros/install/gnss_localizer;/home/autoware/Autoware_1.11.0_sai_edit/ros/install/gnss;/home/autoware/Autoware_1.11.0_sai_edit/ros/install/glviewer;/home/autoware/Autoware_1.11.0_sai_edit/ros/install/gazebo_world_description;/home/autoware/Autoware_1.11.0_sai_edit/ros/install/gazebo_imu_description;/home/autoware/Autoware_1.11.0_sai_edit/ros/install/gazebo_camera_description;/home/autoware/Autoware_1.11.0_sai_edit/ros/install/garmin;/home/autoware/Autoware_1.11.0_sai_edit/ros/install/freespace_planner;/home/autoware/Autoware_1.11.0_sai_edit/ros/install/fastvirtualscan;/home/autoware/Autoware_1.11.0_sai_edit/ros/install/ekf_localizer;/home/autoware/Autoware_1.11.0_sai_edit/ros/install/detected_objects_visualizer;/home/autoware/Autoware_1.11.0_sai_edit/ros/install/decision_maker_panel;/home/autoware/Autoware_1.11.0_sai_edit/ros/install/dbw_mkz_msgs;/home/autoware/Autoware_1.11.0_sai_edit/ros/install/data_preprocessor;/home/autoware/Autoware_1.11.0_sai_edit/ros/install/custom_msgs;/home/autoware/Autoware_1.11.0_sai_edit/ros/install/calibration_publisher;/home/autoware/Autoware_1.11.0_sai_edit/ros/install/backlight;/home/autoware/Autoware_1.11.0_sai_edit/ros/install/autoware_health_checker;/home/autoware/Autoware_1.11.0_sai_edit/ros/install/autoware_system_msgs;/home/autoware/Autoware_1.11.0_sai_edit/ros/install/autoware_rviz_plugins;/home/autoware/Autoware_1.11.0_sai_edit/ros/install/autoware_pointgrey_drivers;/home/autoware/Autoware_1.11.0_sai_edit/ros/install/autoware_driveworks_interface;/home/autoware/Autoware_1.11.0_sai_edit/ros/install/autoware_connector;/home/autoware/Autoware_1.11.0_sai_edit/ros/install/autoware_camera_lidar_calibrator;/home/autoware/Autoware_1.11.0_sai_edit/ros/install/astar_search;/home/autoware/Autoware_1.11.0_sai_edit/ros/install/as;/home/autoware/Autoware_1.11.0_sai_edit/ros/install/amathutils_lib;/home/autoware/Autoware_1.11.0_sai_edit/ros/install/autoware_msgs;/home/autoware/Autoware_1.11.0_sai_edit/ros/install/autoware_launcher_rviz;/home/autoware/Autoware_1.11.0_sai_edit/ros/install/autoware_launcher;/home/autoware/Autoware_1.11.0_sai_edit/ros/install/autoware_driveworks_gmsl_interface;/home/autoware/Autoware_1.11.0_sai_edit/ros/install/autoware_config_msgs;/home/autoware/Autoware_1.11.0_sai_edit/ros/install/autoware_can_msgs;/home/autoware/Autoware_1.11.0_sai_edit/ros/install/autoware_build_flags;/home/autoware/Autoware_1.11.0_sai_edit/ros/install/autoware_bag_tools;/home/autoware/Autoware_1.11.0_sai_edit/ros/install/adi_driver;/opt/ros/kinetic
-- Found PythonInterp: /usr/bin/python (found version "2.7.12") 
-- Using PYTHON_EXECUTABLE: /usr/bin/python
-- Using Debian Python package layout
-- Using empy: /usr/bin/empy
-- Using CATKIN_ENABLE_TESTING: ON
-- Call enable_testing()
-- Using CATKIN_TEST_RESULTS_DIR: /home/autoware/Autoware_1.11.0_sai_edit/ros/src/build/autoware_can_msgs/test_results
-- Found gmock sources under '/usr/src/gmock': gmock will be built
-- Looking for pthread.h
-- Looking for pthread.h - found
-- Looking for pthread_create
-- Looking for pthread_create - not found
-- Looking for pthread_create in pthreads
-- Looking for pthread_create in pthreads - not found
-- Looking for pthread_create in pthread
-- Looking for pthread_create in pthread - found
-- Found Threads: TRUE  
-- Found gtest sources under '/usr/src/gmock': gtests will be built
-- Using Python nosetests: /usr/bin/nosetests-2.7
-- catkin 0.7.14
-- Using these message generators: gencpp;geneus;genlisp;gennodejs;genpy
-- autoware_can_msgs: 7 messages, 0 services
-- Configuring done
-- Generating done
-- Build files have been written to: /home/autoware/Autoware_1.11.0_sai_edit/ros/src/build/autoware_can_msgs
[35m[1mScanning dependencies of target _autoware_can_msgs_generate_messages_check_deps_MicroBusCan503[0m
[  0%] Built target _autoware_can_msgs_generate_messages_check_deps_MicroBusCan503
[35m[1mScanning dependencies of target _autoware_can_msgs_generate_messages_check_deps_MicroBusCanSenderStatus[0m
[  0%] Built target _autoware_can_msgs_generate_messages_check_deps_MicroBusCanSenderStatus
[35m[1mScanning dependencies of target std_msgs_generate_messages_nodejs[0m
[  0%] Built target std_msgs_generate_messages_nodejs
[35m[1mScanning dependencies of target std_msgs_generate_messages_py[0m
[  0%] Built target std_msgs_generate_messages_py
[35m[1mScanning dependencies of target std_msgs_generate_messages_lisp[0m
[  0%] Built target std_msgs_generate_messages_lisp
[35m[1mScanning dependencies of target std_msgs_generate_messages_cpp[0m
[  0%] Built target std_msgs_generate_messages_cpp
[35m[1mScanning dependencies of target _autoware_can_msgs_generate_messages_check_deps_MicroBusCan501[0m
[  0%] Built target _autoware_can_msgs_generate_messages_check_deps_MicroBusCan501
[35m[1mScanning dependencies of target _autoware_can_msgs_generate_messages_check_deps_CANPacket[0m
[  0%] Built target _autoware_can_msgs_generate_messages_check_deps_CANPacket
[35m[1mScanning dependencies of target _autoware_can_msgs_generate_messages_check_deps_CANInfo[0m
[  0%] Built target _autoware_can_msgs_generate_messages_check_deps_CANInfo
[35m[1mScanning dependencies of target _autoware_can_msgs_generate_messages_check_deps_CANData[0m
[  0%] Built target _autoware_can_msgs_generate_messages_check_deps_CANData
[35m[1mScanning dependencies of target _autoware_can_msgs_generate_messages_check_deps_MicroBusCan502[0m
[  0%] Built target _autoware_can_msgs_generate_messages_check_deps_MicroBusCan502
[35m[1mScanning dependencies of target std_msgs_generate_messages_eus[0m
[  0%] Built target std_msgs_generate_messages_eus
[35m[1mScanning dependencies of target autoware_can_msgs_generate_messages_cpp[0m
[  2%] [34m[1mGenerating C++ code from autoware_can_msgs/CANInfo.msg[0m
[  5%] [34m[1mGenerating C++ code from autoware_can_msgs/MicroBusCan503.msg[0m
[  8%] [34m[1mGenerating C++ code from autoware_can_msgs/CANData.msg[0m
[ 10%] [34m[1mGenerating C++ code from autoware_can_msgs/MicroBusCanSenderStatus.msg[0m
[ 13%] [34m[1mGenerating C++ code from autoware_can_msgs/CANPacket.msg[0m
[ 16%] [34m[1mGenerating C++ code from autoware_can_msgs/MicroBusCan502.msg[0m
[ 18%] [34m[1mGenerating C++ code from autoware_can_msgs/MicroBusCan501.msg[0m
[ 18%] Built target autoware_can_msgs_generate_messages_cpp
[35m[1mScanning dependencies of target autoware_can_msgs_generate_messages_eus[0m
[ 21%] [34m[1mGenerating EusLisp code from autoware_can_msgs/CANInfo.msg[0m
[ 24%] [34m[1mGenerating EusLisp code from autoware_can_msgs/CANData.msg[0m
[ 27%] [34m[1mGenerating EusLisp code from autoware_can_msgs/MicroBusCanSenderStatus.msg[0m
[ 29%] [34m[1mGenerating EusLisp code from autoware_can_msgs/CANPacket.msg[0m
[ 32%] [34m[1mGenerating EusLisp manifest code for autoware_can_msgs[0m
[ 35%] [34m[1mGenerating EusLisp code from autoware_can_msgs/MicroBusCan503.msg[0m
[ 37%] [34m[1mGenerating EusLisp code from autoware_can_msgs/MicroBusCan502.msg[0m
[ 40%] [34m[1mGenerating EusLisp code from autoware_can_msgs/MicroBusCan501.msg[0m
[ 40%] Built target autoware_can_msgs_generate_messages_eus
[35m[1mScanning dependencies of target autoware_can_msgs_generate_messages_lisp[0m
[ 43%] [34m[1mGenerating Lisp code from autoware_can_msgs/CANInfo.msg[0m
[ 45%] [34m[1mGenerating Lisp code from autoware_can_msgs/MicroBusCanSenderStatus.msg[0m
[ 48%] [34m[1mGenerating Lisp code from autoware_can_msgs/CANPacket.msg[0m
[ 51%] [34m[1mGenerating Lisp code from autoware_can_msgs/CANData.msg[0m
[ 54%] [34m[1mGenerating Lisp code from autoware_can_msgs/MicroBusCan503.msg[0m
[ 56%] [34m[1mGenerating Lisp code from autoware_can_msgs/MicroBusCan502.msg[0m
[ 59%] [34m[1mGenerating Lisp code from autoware_can_msgs/MicroBusCan501.msg[0m
[ 59%] Built target autoware_can_msgs_generate_messages_lisp
[35m[1mScanning dependencies of target autoware_can_msgs_generate_messages_py[0m
[ 62%] [34m[1mGenerating Python from MSG autoware_can_msgs/CANInfo[0m
[ 64%] [34m[1mGenerating Python from MSG autoware_can_msgs/CANPacket[0m
[ 67%] [34m[1mGenerating Python from MSG autoware_can_msgs/MicroBusCanSenderStatus[0m
[ 70%] [34m[1mGenerating Python from MSG autoware_can_msgs/CANData[0m
[ 72%] [34m[1mGenerating Python from MSG autoware_can_msgs/MicroBusCan503[0m
[ 75%] [34m[1mGenerating Python from MSG autoware_can_msgs/MicroBusCan502[0m
[ 78%] [34m[1mGenerating Python from MSG autoware_can_msgs/MicroBusCan501[0m
[ 81%] [34m[1mGenerating Python msg __init__.py for autoware_can_msgs[0m
[ 81%] Built target autoware_can_msgs_generate_messages_py
[35m[1mScanning dependencies of target autoware_can_msgs_generate_messages_nodejs[0m
[ 83%] [34m[1mGenerating Javascript code from autoware_can_msgs/CANInfo.msg[0m
[ 86%] [34m[1mGenerating Javascript code from autoware_can_msgs/CANPacket.msg[0m
[ 89%] [34m[1mGenerating Javascript code from autoware_can_msgs/MicroBusCanSenderStatus.msg[0m
[ 91%] [34m[1mGenerating Javascript code from autoware_can_msgs/CANData.msg[0m
[ 94%] [34m[1mGenerating Javascript code from autoware_can_msgs/MicroBusCan503.msg[0m
[ 97%] [34m[1mGenerating Javascript code from autoware_can_msgs/MicroBusCan502.msg[0m
[100%] [34m[1mGenerating Javascript code from autoware_can_msgs/MicroBusCan501.msg[0m
[100%] Built target autoware_can_msgs_generate_messages_nodejs
[35m[1mScanning dependencies of target autoware_can_msgs_generate_messages[0m
[100%] Built target autoware_can_msgs_generate_messages
[35m[1mScanning dependencies of target tests[0m
Built target tests
[  0%] Built target _autoware_can_msgs_generate_messages_check_deps_MicroBusCan503
[  0%] Built target std_msgs_generate_messages_eus
[  0%] Built target _autoware_can_msgs_generate_messages_check_deps_MicroBusCan502
[  0%] Built target _autoware_can_msgs_generate_messages_check_deps_CANData
[  0%] Built target _autoware_can_msgs_generate_messages_check_deps_CANInfo
[  0%] Built target _autoware_can_msgs_generate_messages_check_deps_CANPacket
[  0%] Built target _autoware_can_msgs_generate_messages_check_deps_MicroBusCan501
[  0%] Built target _autoware_can_msgs_generate_messages_check_deps_MicroBusCanSenderStatus
[ 21%] Built target autoware_can_msgs_generate_messages_eus
[ 21%] Built target std_msgs_generate_messages_nodejs
[ 40%] Built target autoware_can_msgs_generate_messages_nodejs
[ 40%] Built target std_msgs_generate_messages_py
[ 62%] Built target autoware_can_msgs_generate_messages_py
[ 62%] Built target std_msgs_generate_messages_lisp
[ 81%] Built target autoware_can_msgs_generate_messages_lisp
[ 81%] Built target std_msgs_generate_messages_cpp
[100%] Built target autoware_can_msgs_generate_messages_cpp
[100%] Built target autoware_can_msgs_generate_messages
[36mInstall the project...[0m
-- Install configuration: ""
-- Installing: /home/autoware/Autoware_1.11.0_sai_edit/ros/src/install/autoware_can_msgs/share/autoware_can_msgs/msg/MicroBusCan501.msg
-- Installing: /home/autoware/Autoware_1.11.0_sai_edit/ros/src/install/autoware_can_msgs/share/autoware_can_msgs/msg/MicroBusCan502.msg
-- Installing: /home/autoware/Autoware_1.11.0_sai_edit/ros/src/install/autoware_can_msgs/share/autoware_can_msgs/msg/MicroBusCan503.msg
-- Installing: /home/autoware/Autoware_1.11.0_sai_edit/ros/src/install/autoware_can_msgs/share/autoware_can_msgs/msg/MicroBusCanSenderStatus.msg
-- Installing: /home/autoware/Autoware_1.11.0_sai_edit/ros/src/install/autoware_can_msgs/share/autoware_can_msgs/msg/CANInfo.msg
-- Installing: /home/autoware/Autoware_1.11.0_sai_edit/ros/src/install/autoware_can_msgs/share/autoware_can_msgs/msg/CANData.msg
-- Installing: /home/autoware/Autoware_1.11.0_sai_edit/ros/src/install/autoware_can_msgs/share/autoware_can_msgs/msg/CANPacket.msg
-- Installing: /home/autoware/Autoware_1.11.0_sai_edit/ros/src/install/autoware_can_msgs/share/autoware_can_msgs/cmake/autoware_can_msgs-msg-paths.cmake
-- Installing: /home/autoware/Autoware_1.11.0_sai_edit/ros/src/install/autoware_can_msgs/include/autoware_can_msgs
-- Installing: /home/autoware/Autoware_1.11.0_sai_edit/ros/src/install/autoware_can_msgs/include/autoware_can_msgs/CANPacket.h
-- Installing: /home/autoware/Autoware_1.11.0_sai_edit/ros/src/install/autoware_can_msgs/include/autoware_can_msgs/MicroBusCan502.h
-- Installing: /home/autoware/Autoware_1.11.0_sai_edit/ros/src/install/autoware_can_msgs/include/autoware_can_msgs/CANData.h
-- Installing: /home/autoware/Autoware_1.11.0_sai_edit/ros/src/install/autoware_can_msgs/include/autoware_can_msgs/CANInfo.h
-- Installing: /home/autoware/Autoware_1.11.0_sai_edit/ros/src/install/autoware_can_msgs/include/autoware_can_msgs/MicroBusCanSenderStatus.h
-- Installing: /home/autoware/Autoware_1.11.0_sai_edit/ros/src/install/autoware_can_msgs/include/autoware_can_msgs/MicroBusCan501.h
-- Installing: /home/autoware/Autoware_1.11.0_sai_edit/ros/src/install/autoware_can_msgs/include/autoware_can_msgs/MicroBusCan503.h
-- Installing: /home/autoware/Autoware_1.11.0_sai_edit/ros/src/install/autoware_can_msgs/share/roseus/ros/autoware_can_msgs
-- Installing: /home/autoware/Autoware_1.11.0_sai_edit/ros/src/install/autoware_can_msgs/share/roseus/ros/autoware_can_msgs/manifest.l
-- Installing: /home/autoware/Autoware_1.11.0_sai_edit/ros/src/install/autoware_can_msgs/share/roseus/ros/autoware_can_msgs/msg
-- Installing: /home/autoware/Autoware_1.11.0_sai_edit/ros/src/install/autoware_can_msgs/share/roseus/ros/autoware_can_msgs/msg/MicroBusCan503.l
-- Installing: /home/autoware/Autoware_1.11.0_sai_edit/ros/src/install/autoware_can_msgs/share/roseus/ros/autoware_can_msgs/msg/MicroBusCan502.l
-- Installing: /home/autoware/Autoware_1.11.0_sai_edit/ros/src/install/autoware_can_msgs/share/roseus/ros/autoware_can_msgs/msg/CANData.l
-- Installing: /home/autoware/Autoware_1.11.0_sai_edit/ros/src/install/autoware_can_msgs/share/roseus/ros/autoware_can_msgs/msg/MicroBusCan501.l
-- Installing: /home/autoware/Autoware_1.11.0_sai_edit/ros/src/install/autoware_can_msgs/share/roseus/ros/autoware_can_msgs/msg/MicroBusCanSenderStatus.l
-- Installing: /home/autoware/Autoware_1.11.0_sai_edit/ros/src/install/autoware_can_msgs/share/roseus/ros/autoware_can_msgs/msg/CANPacket.l
-- Installing: /home/autoware/Autoware_1.11.0_sai_edit/ros/src/install/autoware_can_msgs/share/roseus/ros/autoware_can_msgs/msg/CANInfo.l
-- Installing: /home/autoware/Autoware_1.11.0_sai_edit/ros/src/install/autoware_can_msgs/share/common-lisp/ros/autoware_can_msgs
-- Installing: /home/autoware/Autoware_1.11.0_sai_edit/ros/src/install/autoware_can_msgs/share/common-lisp/ros/autoware_can_msgs/msg
-- Installing: /home/autoware/Autoware_1.11.0_sai_edit/ros/src/install/autoware_can_msgs/share/common-lisp/ros/autoware_can_msgs/msg/MicroBusCan503.lisp
-- Installing: /home/autoware/Autoware_1.11.0_sai_edit/ros/src/install/autoware_can_msgs/share/common-lisp/ros/autoware_can_msgs/msg/_package_MicroBusCanSenderStatus.lisp
-- Installing: /home/autoware/Autoware_1.11.0_sai_edit/ros/src/install/autoware_can_msgs/share/common-lisp/ros/autoware_can_msgs/msg/_package_MicroBusCan501.lisp
-- Installing: /home/autoware/Autoware_1.11.0_sai_edit/ros/src/install/autoware_can_msgs/share/common-lisp/ros/autoware_can_msgs/msg/_package_CANData.lisp
-- Installing: /home/autoware/Autoware_1.11.0_sai_edit/ros/src/install/autoware_can_msgs/share/common-lisp/ros/autoware_can_msgs/msg/CANData.lisp
-- Installing: /home/autoware/Autoware_1.11.0_sai_edit/ros/src/install/autoware_can_msgs/share/common-lisp/ros/autoware_can_msgs/msg/CANInfo.lisp
-- Installing: /home/autoware/Autoware_1.11.0_sai_edit/ros/src/install/autoware_can_msgs/share/common-lisp/ros/autoware_can_msgs/msg/_package_CANInfo.lisp
-- Installing: /home/autoware/Autoware_1.11.0_sai_edit/ros/src/install/autoware_can_msgs/share/common-lisp/ros/autoware_can_msgs/msg/MicroBusCan501.lisp
-- Installing: /home/autoware/Autoware_1.11.0_sai_edit/ros/src/install/autoware_can_msgs/share/common-lisp/ros/autoware_can_msgs/msg/_package_MicroBusCan502.lisp
-- Installing: /home/autoware/Autoware_1.11.0_sai_edit/ros/src/install/autoware_can_msgs/share/common-lisp/ros/autoware_can_msgs/msg/autoware_can_msgs-msg.asd
-- Installing: /home/autoware/Autoware_1.11.0_sai_edit/ros/src/install/autoware_can_msgs/share/common-lisp/ros/autoware_can_msgs/msg/_package_MicroBusCan503.lisp
-- Installing: /home/autoware/Autoware_1.11.0_sai_edit/ros/src/install/autoware_can_msgs/share/common-lisp/ros/autoware_can_msgs/msg/MicroBusCanSenderStatus.lisp
-- Installing: /home/autoware/Autoware_1.11.0_sai_edit/ros/src/install/autoware_can_msgs/share/common-lisp/ros/autoware_can_msgs/msg/_package.lisp
-- Installing: /home/autoware/Autoware_1.11.0_sai_edit/ros/src/install/autoware_can_msgs/share/common-lisp/ros/autoware_can_msgs/msg/MicroBusCan502.lisp
-- Installing: /home/autoware/Autoware_1.11.0_sai_edit/ros/src/install/autoware_can_msgs/share/common-lisp/ros/autoware_can_msgs/msg/CANPacket.lisp
-- Installing: /home/autoware/Autoware_1.11.0_sai_edit/ros/src/install/autoware_can_msgs/share/common-lisp/ros/autoware_can_msgs/msg/_package_CANPacket.lisp
-- Installing: /home/autoware/Autoware_1.11.0_sai_edit/ros/src/install/autoware_can_msgs/share/gennodejs/ros/autoware_can_msgs
-- Installing: /home/autoware/Autoware_1.11.0_sai_edit/ros/src/install/autoware_can_msgs/share/gennodejs/ros/autoware_can_msgs/_index.js
-- Installing: /home/autoware/Autoware_1.11.0_sai_edit/ros/src/install/autoware_can_msgs/share/gennodejs/ros/autoware_can_msgs/msg
-- Installing: /home/autoware/Autoware_1.11.0_sai_edit/ros/src/install/autoware_can_msgs/share/gennodejs/ros/autoware_can_msgs/msg/MicroBusCan501.js
-- Installing: /home/autoware/Autoware_1.11.0_sai_edit/ros/src/install/autoware_can_msgs/share/gennodejs/ros/autoware_can_msgs/msg/MicroBusCan503.js
-- Installing: /home/autoware/Autoware_1.11.0_sai_edit/ros/src/install/autoware_can_msgs/share/gennodejs/ros/autoware_can_msgs/msg/_index.js
-- Installing: /home/autoware/Autoware_1.11.0_sai_edit/ros/src/install/autoware_can_msgs/share/gennodejs/ros/autoware_can_msgs/msg/CANInfo.js
-- Installing: /home/autoware/Autoware_1.11.0_sai_edit/ros/src/install/autoware_can_msgs/share/gennodejs/ros/autoware_can_msgs/msg/MicroBusCan502.js
-- Installing: /home/autoware/Autoware_1.11.0_sai_edit/ros/src/install/autoware_can_msgs/share/gennodejs/ros/autoware_can_msgs/msg/CANData.js
-- Installing: /home/autoware/Autoware_1.11.0_sai_edit/ros/src/install/autoware_can_msgs/share/gennodejs/ros/autoware_can_msgs/msg/CANPacket.js
-- Installing: /home/autoware/Autoware_1.11.0_sai_edit/ros/src/install/autoware_can_msgs/share/gennodejs/ros/autoware_can_msgs/msg/MicroBusCanSenderStatus.js
Listing /home/autoware/Autoware_1.11.0_sai_edit/ros/src/build/autoware_can_msgs/devel/lib/python2.7/dist-packages/autoware_can_msgs ...
Compiling /home/autoware/Autoware_1.11.0_sai_edit/ros/src/build/autoware_can_msgs/devel/lib/python2.7/dist-packages/autoware_can_msgs/__init__.py ...
Listing /home/autoware/Autoware_1.11.0_sai_edit/ros/src/build/autoware_can_msgs/devel/lib/python2.7/dist-packages/autoware_can_msgs/msg ...
Compiling /home/autoware/Autoware_1.11.0_sai_edit/ros/src/build/autoware_can_msgs/devel/lib/python2.7/dist-packages/autoware_can_msgs/msg/_CANData.py ...
Compiling /home/autoware/Autoware_1.11.0_sai_edit/ros/src/build/autoware_can_msgs/devel/lib/python2.7/dist-packages/autoware_can_msgs/msg/_CANInfo.py ...
Compiling /home/autoware/Autoware_1.11.0_sai_edit/ros/src/build/autoware_can_msgs/devel/lib/python2.7/dist-packages/autoware_can_msgs/msg/_CANPacket.py ...
Compiling /home/autoware/Autoware_1.11.0_sai_edit/ros/src/build/autoware_can_msgs/devel/lib/python2.7/dist-packages/autoware_can_msgs/msg/_MicroBusCan501.py ...
Compiling /home/autoware/Autoware_1.11.0_sai_edit/ros/src/build/autoware_can_msgs/devel/lib/python2.7/dist-packages/autoware_can_msgs/msg/_MicroBusCan502.py ...
Compiling /home/autoware/Autoware_1.11.0_sai_edit/ros/src/build/autoware_can_msgs/devel/lib/python2.7/dist-packages/autoware_can_msgs/msg/_MicroBusCan503.py ...
Compiling /home/autoware/Autoware_1.11.0_sai_edit/ros/src/build/autoware_can_msgs/devel/lib/python2.7/dist-packages/autoware_can_msgs/msg/_MicroBusCanSenderStatus.py ...
Compiling /home/autoware/Autoware_1.11.0_sai_edit/ros/src/build/autoware_can_msgs/devel/lib/python2.7/dist-packages/autoware_can_msgs/msg/__init__.py ...
-- Installing: /home/autoware/Autoware_1.11.0_sai_edit/ros/src/install/autoware_can_msgs/lib/python2.7/dist-packages/autoware_can_msgs
-- Installing: /home/autoware/Autoware_1.11.0_sai_edit/ros/src/install/autoware_can_msgs/lib/python2.7/dist-packages/autoware_can_msgs/__init__.pyc
-- Installing: /home/autoware/Autoware_1.11.0_sai_edit/ros/src/install/autoware_can_msgs/lib/python2.7/dist-packages/autoware_can_msgs/__init__.py
-- Installing: /home/autoware/Autoware_1.11.0_sai_edit/ros/src/install/autoware_can_msgs/lib/python2.7/dist-packages/autoware_can_msgs/msg
-- Installing: /home/autoware/Autoware_1.11.0_sai_edit/ros/src/install/autoware_can_msgs/lib/python2.7/dist-packages/autoware_can_msgs/msg/_MicroBusCan502.pyc
-- Installing: /home/autoware/Autoware_1.11.0_sai_edit/ros/src/install/autoware_can_msgs/lib/python2.7/dist-packages/autoware_can_msgs/msg/__init__.pyc
-- Installing: /home/autoware/Autoware_1.11.0_sai_edit/ros/src/install/autoware_can_msgs/lib/python2.7/dist-packages/autoware_can_msgs/msg/_CANInfo.py
-- Installing: /home/autoware/Autoware_1.11.0_sai_edit/ros/src/install/autoware_can_msgs/lib/python2.7/dist-packages/autoware_can_msgs/msg/_MicroBusCan501.pyc
-- Installing: /home/autoware/Autoware_1.11.0_sai_edit/ros/src/install/autoware_can_msgs/lib/python2.7/dist-packages/autoware_can_msgs/msg/_MicroBusCanSenderStatus.py
-- Installing: /home/autoware/Autoware_1.11.0_sai_edit/ros/src/install/autoware_can_msgs/lib/python2.7/dist-packages/autoware_can_msgs/msg/__init__.py
-- Installing: /home/autoware/Autoware_1.11.0_sai_edit/ros/src/install/autoware_can_msgs/lib/python2.7/dist-packages/autoware_can_msgs/msg/_MicroBusCan502.py
-- Installing: /home/autoware/Autoware_1.11.0_sai_edit/ros/src/install/autoware_can_msgs/lib/python2.7/dist-packages/autoware_can_msgs/msg/_MicroBusCan501.py
-- Installing: /home/autoware/Autoware_1.11.0_sai_edit/ros/src/install/autoware_can_msgs/lib/python2.7/dist-packages/autoware_can_msgs/msg/_CANPacket.pyc
-- Installing: /home/autoware/Autoware_1.11.0_sai_edit/ros/src/install/autoware_can_msgs/lib/python2.7/dist-packages/autoware_can_msgs/msg/_CANInfo.pyc
-- Installing: /home/autoware/Autoware_1.11.0_sai_edit/ros/src/install/autoware_can_msgs/lib/python2.7/dist-packages/autoware_can_msgs/msg/_MicroBusCan503.pyc
-- Installing: /home/autoware/Autoware_1.11.0_sai_edit/ros/src/install/autoware_can_msgs/lib/python2.7/dist-packages/autoware_can_msgs/msg/_MicroBusCanSenderStatus.pyc
-- Installing: /home/autoware/Autoware_1.11.0_sai_edit/ros/src/install/autoware_can_msgs/lib/python2.7/dist-packages/autoware_can_msgs/msg/_CANData.pyc
-- Installing: /home/autoware/Autoware_1.11.0_sai_edit/ros/src/install/autoware_can_msgs/lib/python2.7/dist-packages/autoware_can_msgs/msg/_CANPacket.py
-- Installing: /home/autoware/Autoware_1.11.0_sai_edit/ros/src/install/autoware_can_msgs/lib/python2.7/dist-packages/autoware_can_msgs/msg/_MicroBusCan503.py
-- Installing: /home/autoware/Autoware_1.11.0_sai_edit/ros/src/install/autoware_can_msgs/lib/python2.7/dist-packages/autoware_can_msgs/msg/_CANData.py
-- Installing: /home/autoware/Autoware_1.11.0_sai_edit/ros/src/install/autoware_can_msgs/lib/pkgconfig/autoware_can_msgs.pc
-- Installing: /home/autoware/Autoware_1.11.0_sai_edit/ros/src/install/autoware_can_msgs/share/autoware_can_msgs/cmake/autoware_can_msgs-msg-extras.cmake
-- Installing: /home/autoware/Autoware_1.11.0_sai_edit/ros/src/install/autoware_can_msgs/share/autoware_can_msgs/cmake/autoware_can_msgsConfig.cmake
-- Installing: /home/autoware/Autoware_1.11.0_sai_edit/ros/src/install/autoware_can_msgs/share/autoware_can_msgs/cmake/autoware_can_msgsConfig-version.cmake
-- Installing: /home/autoware/Autoware_1.11.0_sai_edit/ros/src/install/autoware_can_msgs/share/autoware_can_msgs/package.xml
