[01m[K/home/autoware/Autoware_1.11.0_sai_edit/ros/src/socket/packages/vehicle_socket/nodes/rs232_microbus_can_receiver/rs232_microbus_can_receiver.cpp:[m[K In member function ‘[01m[Kvoid socket_class::socket_connect(std::__cxx11::string, int)[m[K’:
[01m[K/home/autoware/Autoware_1.11.0_sai_edit/ros/src/socket/packages/vehicle_socket/nodes/rs232_microbus_can_receiver/rs232_microbus_can_receiver.cpp:39:16:[m[K [01;35m[Kwarning: [m[Kthe address of ‘[01m[Kint socket(int, int, int)[m[K’ will never be NULL [-Waddress]
   if(socket == 0)
[01;32m[K                ^[m[K
In file included from [01m[K/home/autoware/Autoware_1.11.0_sai_edit/ros/src/socket/packages/vehicle_socket/nodes/kvaser_microbus_can_sender/kvaser_microbus_can_sender_stroke.cpp:31:0[m[K:
[01m[K/home/autoware/Autoware_1.11.0_sai_edit/ros/src/socket/packages/vehicle_socket/include/kvaser_can.h:[m[K In constructor ‘[01m[KKVASER_CAN::KVASER_CAN()[m[K’:
[01m[K/home/autoware/Autoware_1.11.0_sai_edit/ros/src/socket/packages/vehicle_socket/include/kvaser_can.h:11:15:[m[K [01;35m[Kwarning: [m[K‘[01m[KKVASER_CAN::msgCounter_[m[K’ will be initialized after [-Wreorder]
  unsigned int msgCounter_;
[01;32m[K               ^[m[K
[01m[K/home/autoware/Autoware_1.11.0_sai_edit/ros/src/socket/packages/vehicle_socket/include/kvaser_can.h:10:7:[m[K [01;35m[Kwarning: [m[K  ‘[01m[Kbool KVASER_CAN::open_flag_[m[K’ [-Wreorder]
  bool open_flag_;
[01;32m[K       ^[m[K
[01m[K/home/autoware/Autoware_1.11.0_sai_edit/ros/src/socket/packages/vehicle_socket/include/kvaser_can.h:17:2:[m[K [01;35m[Kwarning: [m[K  when initialized here [-Wreorder]
  KVASER_CAN()
[01;32m[K  ^[m[K
[01m[K/home/autoware/Autoware_1.11.0_sai_edit/ros/src/socket/packages/vehicle_socket/include/kvaser_can.h:20:24:[m[K [01;35m[Kwarning: [m[Kconverting to non-pointer type ‘[01m[KcanHandle {aka int}[m[K’ from NULL [-Wconversion-null]
      , open_flag_(false)
[01;32m[K                        ^[m[K
[01m[K/home/autoware/Autoware_1.11.0_sai_edit/ros/src/socket/packages/vehicle_socket/nodes/kvaser_microbus_can_sender/kvaser_microbus_can_sender_stroke.cpp:[m[K In member function ‘[01m[Kint PID_params::init(double)[m[K’:
[01m[K/home/autoware/Autoware_1.11.0_sai_edit/ros/src/socket/packages/vehicle_socket/nodes/kvaser_microbus_can_sender/kvaser_microbus_can_sender_stroke.cpp:68:2:[m[K [01;35m[Kwarning: [m[Kno return statement in function returning non-void [-Wreturn-type]
  }
[01;32m[K  ^[m[K
[01m[K/home/autoware/Autoware_1.11.0_sai_edit/ros/src/socket/packages/vehicle_socket/nodes/kvaser_microbus_can_sender/kvaser_microbus_can_sender_stroke.cpp:[m[K In member function ‘[01m[Kconst LIMIT_ANGLE_FROM_VELOCITY_STRUCT LIMIT_ANGLE_FROM_VELOCITY_CLASS::getLimit(double)[m[K’:
[01m[K/home/autoware/Autoware_1.11.0_sai_edit/ros/src/socket/packages/vehicle_socket/nodes/kvaser_microbus_can_sender/kvaser_microbus_can_sender_stroke.cpp:172:16:[m[K [01;35m[Kwarning: [m[Kcomparison between signed and unsigned integer expressions [-Wsign-compare]
   for(int i=0;i<lafvs.size()-1;i++)
[01;32m[K                ^[m[K
[01m[K/home/autoware/Autoware_1.11.0_sai_edit/ros/src/socket/packages/vehicle_socket/nodes/kvaser_microbus_can_sender/kvaser_microbus_can_sender_stroke.cpp:[m[K In member function ‘[01m[Kvoid kvaser_can_sender::NdtGnssCheck()[m[K’:
[01m[K/home/autoware/Autoware_1.11.0_sai_edit/ros/src/socket/packages/vehicle_socket/nodes/kvaser_microbus_can_sender/kvaser_microbus_can_sender_stroke.cpp:366:10:[m[K [01;35m[Kwarning: [m[Kunused variable ‘[01m[Kdistance[m[K’ [-Wunused-variable]
   double distance = sqrt((ndtx - gnssx) * (ndtx -gnssx) + (ndty - gnssy) * (ndty -gnssy));
[01;32m[K          ^[m[K
[01m[K/home/autoware/Autoware_1.11.0_sai_edit/ros/src/socket/packages/vehicle_socket/nodes/kvaser_microbus_can_sender/kvaser_microbus_can_sender_stroke.cpp:[m[K In member function ‘[01m[Kvoid kvaser_can_sender::callbackLidarDetectorObjects(const ConstPtr&)[m[K’:
[01m[K/home/autoware/Autoware_1.11.0_sai_edit/ros/src/socket/packages/vehicle_socket/nodes/kvaser_microbus_can_sender/kvaser_microbus_can_sender_stroke.cpp:443:25:[m[K [01;35m[Kwarning: [m[Kcomparison between signed and unsigned integer expressions [-Wsign-compare]
   for(int obj_i=0; obj_i<msg->objects.size(); obj_i++)
[01;32m[K                         ^[m[K
[01m[K/home/autoware/Autoware_1.11.0_sai_edit/ros/src/socket/packages/vehicle_socket/nodes/kvaser_microbus_can_sender/kvaser_microbus_can_sender_stroke.cpp:[m[K In member function ‘[01m[Kvoid kvaser_can_sender::TwistPoseCallback(const TwistStampedConstPtr&, const PoseStampedConstPtr&)[m[K’:
[01m[K/home/autoware/Autoware_1.11.0_sai_edit/ros/src/socket/packages/vehicle_socket/nodes/kvaser_microbus_can_sender/kvaser_microbus_can_sender_stroke.cpp:592:25:[m[K [01;35m[Kwarning: [m[Kcomparison between signed and unsigned integer expressions [-Wsign-compare]
   for(vec_cou=0; vec_cou<acceleration_vec1_.size(); vec_cou++)
[01;32m[K                         ^[m[K
[01m[K/home/autoware/Autoware_1.11.0_sai_edit/ros/src/socket/packages/vehicle_socket/nodes/kvaser_microbus_can_sender/kvaser_microbus_can_sender_stroke.cpp:603:25:[m[K [01;35m[Kwarning: [m[Kcomparison between signed and unsigned integer expressions [-Wsign-compare]
   for(vec_cou=0; vec_cou<acceleration_vec2_.size(); vec_cou++)
[01;32m[K                         ^[m[K
[01m[K/home/autoware/Autoware_1.11.0_sai_edit/ros/src/socket/packages/vehicle_socket/nodes/kvaser_microbus_can_sender/kvaser_microbus_can_sender_stroke.cpp:581:16:[m[K [01;35m[Kwarning: [m[Kunused variable ‘[01m[Kx[m[K’ [-Wunused-variable]
   const double x =
[01;32m[K                ^[m[K
[01m[K/home/autoware/Autoware_1.11.0_sai_edit/ros/src/socket/packages/vehicle_socket/nodes/kvaser_microbus_can_sender/kvaser_microbus_can_sender_stroke.cpp:585:10:[m[K [01;35m[Kwarning: [m[Kunused variable ‘[01m[Kv_sa[m[K’ [-Wunused-variable]
   double v_sa = v * v - v0 * v0;
[01;32m[K          ^[m[K
[01m[K/home/autoware/Autoware_1.11.0_sai_edit/ros/src/socket/packages/vehicle_socket/nodes/kvaser_microbus_can_sender/kvaser_microbus_can_sender_stroke.cpp:[m[K In member function ‘[01m[Kvoid kvaser_can_sender::bufset_steer(unsigned char*)[m[K’:
[01m[K/home/autoware/Autoware_1.11.0_sai_edit/ros/src/socket/packages/vehicle_socket/nodes/kvaser_microbus_can_sender/kvaser_microbus_can_sender_stroke.cpp:977:11:[m[K [01;35m[Kwarning: [m[Kunused variable ‘[01m[Kratio[m[K’ [-Wunused-variable]
    double ratio = ((handle_control_ratio - 1.0) * (zisoku - handle_control_min_speed))
[01;32m[K           ^[m[K
[01m[K/home/autoware/Autoware_1.11.0_sai_edit/ros/src/socket/packages/vehicle_socket/nodes/kvaser_microbus_can_sender/kvaser_microbus_can_sender_stroke.cpp:[m[K In member function ‘[01m[Kvoid kvaser_can_sender::bufset_drive(unsigned char*, double, double, double)[m[K’:
[01m[K/home/autoware/Autoware_1.11.0_sai_edit/ros/src/socket/packages/vehicle_socket/nodes/kvaser_microbus_can_sender/kvaser_microbus_can_sender_stroke.cpp:1456:13:[m[K [01;35m[Kwarning: [m[Ksuggest parentheses around ‘[01m[K&&[m[K’ within ‘[01m[K||[m[K’ [-Wparentheses]
             && fabs(cmd_velocity) > 0.0 || (stopper_distance_>=0 && stopper_distance_ <=current_velocity) )
[01;32m[K             ^[m[K
[01m[K/home/autoware/Autoware_1.11.0_sai_edit/ros/src/socket/packages/vehicle_socket/nodes/kvaser_microbus_can_sender/kvaser_microbus_can_sender_stroke.cpp:[m[K In constructor ‘[01m[Kkvaser_can_sender::kvaser_can_sender(ros::NodeHandle, ros::NodeHandle)[m[K’:
[01m[K/home/autoware/Autoware_1.11.0_sai_edit/ros/src/socket/packages/vehicle_socket/nodes/kvaser_microbus_can_sender/kvaser_microbus_can_sender_stroke.cpp:309:22:[m[K [01;35m[Kwarning: [m[K‘[01m[Kkvaser_can_sender::input_drive_[m[K’ will be initialized after [-Wreorder]
  short input_steer_, input_drive_;
[01;32m[K                      ^[m[K
[01m[K/home/autoware/Autoware_1.11.0_sai_edit/ros/src/socket/packages/vehicle_socket/nodes/kvaser_microbus_can_sender/kvaser_microbus_can_sender_stroke.cpp:299:16:[m[K [01;35m[Kwarning: [m[K  ‘[01m[Kunsigned char kvaser_can_sender::drive_control_mode_[m[K’ [-Wreorder]
  unsigned char drive_control_mode_;
[01;32m[K                ^[m[K
[01m[K/home/autoware/Autoware_1.11.0_sai_edit/ros/src/socket/packages/vehicle_socket/nodes/kvaser_microbus_can_sender/kvaser_microbus_can_sender_stroke.cpp:1595:2:[m[K [01;35m[Kwarning: [m[K  when initialized here [-Wreorder]
  kvaser_can_sender(ros::NodeHandle nh, ros::NodeHandle p_nh)
[01;32m[K  ^[m[K
[01m[K/home/autoware/Autoware_1.11.0_sai_edit/ros/src/socket/packages/vehicle_socket/nodes/kvaser_microbus_can_sender/kvaser_microbus_can_sender_stroke.cpp:315:38:[m[K [01;35m[Kwarning: [m[K‘[01m[Kkvaser_can_sender::blinker_stop_[m[K’ will be initialized after [-Wreorder]
  bool blinker_right_, blinker_left_, blinker_stop_;
[01;32m[K                                      ^[m[K
[01m[K/home/autoware/Autoware_1.11.0_sai_edit/ros/src/socket/packages/vehicle_socket/nodes/kvaser_microbus_can_sender/kvaser_microbus_can_sender_stroke.cpp:312:63:[m[K [01;35m[Kwarning: [m[K  ‘[01m[Kunsigned char kvaser_can_sender::automatic_door_[m[K’ [-Wreorder]
  unsigned char shift_position_, drive_clutch_, steer_clutch_, automatic_door_;
[01;32m[K                                                               ^[m[K
[01m[K/home/autoware/Autoware_1.11.0_sai_edit/ros/src/socket/packages/vehicle_socket/nodes/kvaser_microbus_can_sender/kvaser_microbus_can_sender_stroke.cpp:1595:2:[m[K [01;35m[Kwarning: [m[K  when initialized here [-Wreorder]
  kvaser_can_sender(ros::NodeHandle nh, ros::NodeHandle p_nh)
[01;32m[K  ^[m[K
[01m[K/home/autoware/Autoware_1.11.0_sai_edit/ros/src/socket/packages/vehicle_socket/nodes/kvaser_microbus_can_sender/kvaser_microbus_can_sender_stroke.cpp:312:63:[m[K [01;35m[Kwarning: [m[K‘[01m[Kkvaser_can_sender::automatic_door_[m[K’ will be initialized after [-Wreorder]
  unsigned char shift_position_, drive_clutch_, steer_clutch_, automatic_door_;
[01;32m[K                                                               ^[m[K
[01m[K/home/autoware/Autoware_1.11.0_sai_edit/ros/src/socket/packages/vehicle_socket/nodes/kvaser_microbus_can_sender/kvaser_microbus_can_sender_stroke.cpp:312:33:[m[K [01;35m[Kwarning: [m[K  ‘[01m[Kunsigned char kvaser_can_sender::drive_clutch_[m[K’ [-Wreorder]
  unsigned char shift_position_, drive_clutch_, steer_clutch_, automatic_door_;
[01;32m[K                                 ^[m[K
[01m[K/home/autoware/Autoware_1.11.0_sai_edit/ros/src/socket/packages/vehicle_socket/nodes/kvaser_microbus_can_sender/kvaser_microbus_can_sender_stroke.cpp:1595:2:[m[K [01;35m[Kwarning: [m[K  when initialized here [-Wreorder]
  kvaser_can_sender(ros::NodeHandle nh, ros::NodeHandle p_nh)
[01;32m[K  ^[m[K
[01m[K/home/autoware/Autoware_1.11.0_sai_edit/ros/src/socket/packages/vehicle_socket/nodes/kvaser_microbus_can_sender/kvaser_microbus_can_sender_stroke.cpp:312:48:[m[K [01;35m[Kwarning: [m[K‘[01m[Kkvaser_can_sender::steer_clutch_[m[K’ will be initialized after [-Wreorder]
  unsigned char shift_position_, drive_clutch_, steer_clutch_, automatic_door_;
[01;32m[K                                                ^[m[K
[01m[K/home/autoware/Autoware_1.11.0_sai_edit/ros/src/socket/packages/vehicle_socket/nodes/kvaser_microbus_can_sender/kvaser_microbus_can_sender_stroke.cpp:256:6:[m[K [01;35m[Kwarning: [m[K  ‘[01m[Kint kvaser_can_sender::config_result[m[K’ [-Wreorder]
  int config_result;
[01;32m[K      ^[m[K
[01m[K/home/autoware/Autoware_1.11.0_sai_edit/ros/src/socket/packages/vehicle_socket/nodes/kvaser_microbus_can_sender/kvaser_microbus_can_sender_stroke.cpp:1595:2:[m[K [01;35m[Kwarning: [m[K  when initialized here [-Wreorder]
  kvaser_can_sender(ros::NodeHandle nh, ros::NodeHandle p_nh)
[01;32m[K  ^[m[K
[01m[K/home/autoware/Autoware_1.11.0_sai_edit/ros/src/socket/packages/vehicle_socket/nodes/kvaser_microbus_can_sender/kvaser_microbus_can_sender_stroke.cpp:321:26:[m[K [01;35m[Kwarning: [m[K‘[01m[Kkvaser_can_sender::use_acceleration_data_[m[K’ will be initialized after [-Wreorder]
  int use_velocity_data_, use_acceleration_data_;
[01;32m[K                          ^[m[K
[01m[K/home/autoware/Autoware_1.11.0_sai_edit/ros/src/socket/packages/vehicle_socket/nodes/kvaser_microbus_can_sender/kvaser_microbus_can_sender_stroke.cpp:318:9:[m[K [01;35m[Kwarning: [m[K  ‘[01m[Kdouble kvaser_can_sender::stopper_distance_[m[K’ [-Wreorder]
  double stopper_distance_;
[01;32m[K         ^[m[K
[01m[K/home/autoware/Autoware_1.11.0_sai_edit/ros/src/socket/packages/vehicle_socket/nodes/kvaser_microbus_can_sender/kvaser_microbus_can_sender_stroke.cpp:1595:2:[m[K [01;35m[Kwarning: [m[K  when initialized here [-Wreorder]
  kvaser_can_sender(ros::NodeHandle nh, ros::NodeHandle p_nh)
[01;32m[K  ^[m[K
[01m[K/home/autoware/Autoware_1.11.0_sai_edit/ros/src/socket/packages/vehicle_socket/nodes/kvaser_microbus_can_sender/kvaser_microbus_can_sender_stroke.cpp:318:9:[m[K [01;35m[Kwarning: [m[K‘[01m[Kkvaser_can_sender::stopper_distance_[m[K’ will be initialized after [-Wreorder]
  double stopper_distance_;
[01;32m[K         ^[m[K
[01m[K/home/autoware/Autoware_1.11.0_sai_edit/ros/src/socket/packages/vehicle_socket/nodes/kvaser_microbus_can_sender/kvaser_microbus_can_sender_stroke.cpp:306:9:[m[K [01;35m[Kwarning: [m[K  ‘[01m[Kdouble kvaser_can_sender::acceleration1_twist_[m[K’ [-Wreorder]
  double acceleration1_twist_, acceleration2_twist_, jurk1_twist_, jurk2_twist_;
[01;32m[K         ^[m[K
[01m[K/home/autoware/Autoware_1.11.0_sai_edit/ros/src/socket/packages/vehicle_socket/nodes/kvaser_microbus_can_sender/kvaser_microbus_can_sender_stroke.cpp:1595:2:[m[K [01;35m[Kwarning: [m[K  when initialized here [-Wreorder]
  kvaser_can_sender(ros::NodeHandle nh, ros::NodeHandle p_nh)
[01;32m[K  ^[m[K
In file included from [01m[K/home/autoware/Autoware_1.11.0_sai_edit/ros/src/socket/packages/vehicle_socket/nodes/kvaser_microbus_can_receiver/kvaser_microbus_can_receiver.cpp:5:0[m[K:
[01m[K/home/autoware/Autoware_1.11.0_sai_edit/ros/src/socket/packages/vehicle_socket/include/kvaser_can.h:[m[K In constructor ‘[01m[KKVASER_CAN::KVASER_CAN()[m[K’:
[01m[K/home/autoware/Autoware_1.11.0_sai_edit/ros/src/socket/packages/vehicle_socket/include/kvaser_can.h:11:15:[m[K [01;35m[Kwarning: [m[K‘[01m[KKVASER_CAN::msgCounter_[m[K’ will be initialized after [-Wreorder]
  unsigned int msgCounter_;
[01;32m[K               ^[m[K
[01m[K/home/autoware/Autoware_1.11.0_sai_edit/ros/src/socket/packages/vehicle_socket/include/kvaser_can.h:10:7:[m[K [01;35m[Kwarning: [m[K  ‘[01m[Kbool KVASER_CAN::open_flag_[m[K’ [-Wreorder]
  bool open_flag_;
[01;32m[K       ^[m[K
[01m[K/home/autoware/Autoware_1.11.0_sai_edit/ros/src/socket/packages/vehicle_socket/include/kvaser_can.h:17:2:[m[K [01;35m[Kwarning: [m[K  when initialized here [-Wreorder]
  KVASER_CAN()
[01;32m[K  ^[m[K
[01m[K/home/autoware/Autoware_1.11.0_sai_edit/ros/src/socket/packages/vehicle_socket/include/kvaser_can.h:20:24:[m[K [01;35m[Kwarning: [m[Kconverting to non-pointer type ‘[01m[KcanHandle {aka int}[m[K’ from NULL [-Wconversion-null]
      , open_flag_(false)
[01;32m[K                        ^[m[K
[01m[K/home/autoware/Autoware_1.11.0_sai_edit/ros/src/socket/packages/vehicle_socket/nodes/kvaser_microbus_can_receiver/kvaser_microbus_can_receiver.cpp:[m[K In member function ‘[01m[Kvoid kvaser_can_receiver::read_wait()[m[K’:
[01m[K/home/autoware/Autoware_1.11.0_sai_edit/ros/src/socket/packages/vehicle_socket/nodes/kvaser_microbus_can_receiver/kvaser_microbus_can_receiver.cpp:114:17:[m[K [01;35m[Kwarning: [m[Ksuggest parentheses around comparison in operand of ‘[01m[K&[m[K’ [-Wparentheses]
      if(data[6] & 0x80 != 0) can.emergency_stop = 2;
[01;32m[K                 ^[m[K
[01m[K/home/autoware/Autoware_1.11.0_sai_edit/ros/src/socket/packages/vehicle_socket/nodes/kvaser_microbus_can_receiver/kvaser_microbus_can_receiver.cpp:115:22:[m[K [01;35m[Kwarning: [m[Ksuggest parentheses around comparison in operand of ‘[01m[K&[m[K’ [-Wparentheses]
      else if(data[6] & 0x40 != 0) can.emergency_stop = 1;
[01;32m[K                      ^[m[K
[01m[K/home/autoware/Autoware_1.11.0_sai_edit/ros/src/socket/packages/vehicle_socket/nodes/kvaser_microbus_can_receiver/kvaser_microbus_can_receiver.cpp:117:17:[m[K [01;35m[Kwarning: [m[Ksuggest parentheses around comparison in operand of ‘[01m[K&[m[K’ [-Wparentheses]
      if(data[6] & 0x20 != 0) can.side_brake = 2;
[01;32m[K                 ^[m[K
[01m[K/home/autoware/Autoware_1.11.0_sai_edit/ros/src/socket/packages/vehicle_socket/nodes/kvaser_microbus_can_receiver/kvaser_microbus_can_receiver.cpp:118:22:[m[K [01;35m[Kwarning: [m[Ksuggest parentheses around comparison in operand of ‘[01m[K&[m[K’ [-Wparentheses]
      else if(data[6] & 0x10 != 0) can.side_brake = 1;
[01;32m[K                      ^[m[K
[01m[K/home/autoware/Autoware_1.11.0_sai_edit/ros/src/socket/packages/vehicle_socket/nodes/kvaser_microbus_can_receiver/kvaser_microbus_can_receiver.cpp:120:17:[m[K [01;35m[Kwarning: [m[Ksuggest parentheses around comparison in operand of ‘[01m[K&[m[K’ [-Wparentheses]
      if(data[6] & 0x08 != 0) can.automatic_door = 2;
[01;32m[K                 ^[m[K
[01m[K/home/autoware/Autoware_1.11.0_sai_edit/ros/src/socket/packages/vehicle_socket/nodes/kvaser_microbus_can_receiver/kvaser_microbus_can_receiver.cpp:121:22:[m[K [01;35m[Kwarning: [m[Ksuggest parentheses around comparison in operand of ‘[01m[K&[m[K’ [-Wparentheses]
      else if(data[6] & 0x04 != 0) can.automatic_door = 1;
[01;32m[K                      ^[m[K
[01m[K/home/autoware/Autoware_1.11.0_sai_edit/ros/src/socket/packages/vehicle_socket/nodes/kvaser_microbus_can_receiver/kvaser_microbus_can_receiver.cpp:123:35:[m[K [01;35m[Kwarning: [m[Ksuggest parentheses around comparison in operand of ‘[01m[K&[m[K’ [-Wparentheses]
      can.blinker_right = (data[6] & 0x02 != 0) ? true : false;
[01;32m[K                                   ^[m[K
[01m[K/home/autoware/Autoware_1.11.0_sai_edit/ros/src/socket/packages/vehicle_socket/nodes/kvaser_microbus_can_receiver/kvaser_microbus_can_receiver.cpp:124:34:[m[K [01;35m[Kwarning: [m[Ksuggest parentheses around comparison in operand of ‘[01m[K&[m[K’ [-Wparentheses]
      can.blinker_left = (data[6] & 0x01 != 0) ? true : false;
[01;32m[K                                  ^[m[K
[01m[K/home/autoware/Autoware_1.11.0_sai_edit/ros/src/socket/packages/vehicle_socket/nodes/kvaser_microbus_can_receiver/kvaser_microbus_can_receiver.cpp:70:20:[m[K [01;35m[Kwarning: [m[Kunused variable ‘[01m[Kdmode0[m[K’ [-Wunused-variable]
      unsigned char dmode0 = data[0] & 0x0F;
[01;32m[K                    ^[m[K
[01m[K/home/autoware/Autoware_1.11.0_sai_edit/ros/src/socket/packages/vehicle_socket/nodes/kvaser_microbus_can_receiver/kvaser_microbus_can_receiver.cpp:109:21:[m[K [01;35m[Kwarning: [m[Kunused variable ‘[01m[Kstroke_tmp[m[K’ [-Wunused-variable]
      unsigned char *stroke_tmp = (unsigned char*)&can.pedal;
[01;32m[K                     ^[m[K
[01m[K/home/autoware/Autoware_1.11.0_sai_edit/ros/src/socket/packages/vehicle_socket/nodes/kvaser_microbus_can_receiver/kvaser_microbus_can_receiver.cpp:163:36:[m[K [01;35m[Kwarning: [m[Kcomparison between signed and unsigned integer expressions [-Wsign-compare]
       if(acceleration_list_.size() > list_pushback_size) acceleration_list_.resize(list_pushback_size);
[01;32m[K                                    ^[m[K
[01m[K/home/autoware/Autoware_1.11.0_sai_edit/ros/src/socket/packages/vehicle_socket/nodes/kvaser_microbus_can_receiver/kvaser_microbus_can_receiver.cpp:165:21:[m[K [01;35m[Kwarning: [m[Kcomparison between signed and unsigned integer expressions [-Wsign-compare]
       for(int i=0; i<acceleration_list_.size(); i++) sum += acceleration_list_[i];
[01;32m[K                     ^[m[K
[01m[K/home/autoware/Autoware_1.11.0_sai_edit/ros/src/socket/packages/vehicle_socket/nodes/kvaser_microbus_can_receiver/kvaser_microbus_can_receiver.cpp:176:31:[m[K [01;35m[Kwarning: [m[Kcomparison between signed and unsigned integer expressions [-Wsign-compare]
      if(velocity_list_.size() > list_pushback_size) velocity_list_.resize(list_pushback_size);
[01;32m[K                               ^[m[K
[01m[K/home/autoware/Autoware_1.11.0_sai_edit/ros/src/socket/packages/vehicle_socket/nodes/kvaser_microbus_can_receiver/kvaser_microbus_can_receiver.cpp:178:20:[m[K [01;35m[Kwarning: [m[Kcomparison between signed and unsigned integer expressions [-Wsign-compare]
      for(int i=0; i<velocity_list_.size(); i++) sum += velocity_list_[i];
[01;32m[K                    ^[m[K
[01m[K/home/autoware/Autoware_1.11.0_sai_edit/ros/src/socket/packages/vehicle_socket/nodes/kvaser_microbus_can_receiver/kvaser_microbus_can_receiver.cpp:191:28:[m[K [01;35m[Kwarning: [m[Kcomparison between signed and unsigned integer expressions [-Wsign-compare]
      if(angle_list_.size() == list_pushback_size) angle_list_.resize(list_pushback_size);
[01;32m[K                            ^[m[K
[01m[K/home/autoware/Autoware_1.11.0_sai_edit/ros/src/socket/packages/vehicle_socket/nodes/kvaser_microbus_can_receiver/kvaser_microbus_can_receiver.cpp:156:12:[m[K [01;35m[Kwarning: [m[Kunused variable ‘[01m[Kacceleration[m[K’ [-Wunused-variable]
      short acceleration = 0;
[01;32m[K            ^[m[K
[01m[K/home/autoware/Autoware_1.11.0_sai_edit/ros/src/socket/packages/vehicle_socket/nodes/kvaser_microbus_can_receiver/kvaser_microbus_can_receiver.cpp:195:20:[m[K [01;35m[Kwarning: [m[Kunused variable ‘[01m[Kstatus0[m[K’ [-Wunused-variable]
      unsigned char status0 = data[0],  status1 = data[1];
[01;32m[K                    ^[m[K
[01m[K/home/autoware/Autoware_1.11.0_sai_edit/ros/src/socket/packages/vehicle_socket/nodes/kvaser_microbus_can_receiver/kvaser_microbus_can_receiver.cpp:221:20:[m[K [01;35m[Kwarning: [m[Kunused variable ‘[01m[Kstatus0[m[K’ [-Wunused-variable]
      unsigned char status0 = data[0],  status1 = data[1];
[01;32m[K                    ^[m[K
In file included from [01m[K/home/autoware/Autoware_1.11.0_sai_edit/ros/src/socket/packages/vehicle_socket/nodes/kvaser_prius_can_sender/kvaser_prius_can_sender.cpp:2:0[m[K:
[01m[K/home/autoware/Autoware_1.11.0_sai_edit/ros/src/socket/packages/vehicle_socket/include/kvaser_can.h:[m[K In constructor ‘[01m[KKVASER_CAN::KVASER_CAN()[m[K’:
[01m[K/home/autoware/Autoware_1.11.0_sai_edit/ros/src/socket/packages/vehicle_socket/include/kvaser_can.h:11:15:[m[K [01;35m[Kwarning: [m[K‘[01m[KKVASER_CAN::msgCounter_[m[K’ will be initialized after [-Wreorder]
  unsigned int msgCounter_;
[01;32m[K               ^[m[K
[01m[K/home/autoware/Autoware_1.11.0_sai_edit/ros/src/socket/packages/vehicle_socket/include/kvaser_can.h:10:7:[m[K [01;35m[Kwarning: [m[K  ‘[01m[Kbool KVASER_CAN::open_flag_[m[K’ [-Wreorder]
  bool open_flag_;
[01;32m[K       ^[m[K
[01m[K/home/autoware/Autoware_1.11.0_sai_edit/ros/src/socket/packages/vehicle_socket/include/kvaser_can.h:17:2:[m[K [01;35m[Kwarning: [m[K  when initialized here [-Wreorder]
  KVASER_CAN()
[01;32m[K  ^[m[K
[01m[K/home/autoware/Autoware_1.11.0_sai_edit/ros/src/socket/packages/vehicle_socket/include/kvaser_can.h:20:24:[m[K [01;35m[Kwarning: [m[Kconverting to non-pointer type ‘[01m[KcanHandle {aka int}[m[K’ from NULL [-Wconversion-null]
      , open_flag_(false)
[01;32m[K                        ^[m[K
[01m[K/home/autoware/Autoware_1.11.0_sai_edit/ros/src/socket/packages/vehicle_socket/nodes/kvaser_prius_can_sender/kvaser_prius_can_sender.cpp:[m[K In function ‘[01m[Kint main(int, char**)[m[K’:
[01m[K/home/autoware/Autoware_1.11.0_sai_edit/ros/src/socket/packages/vehicle_socket/nodes/kvaser_prius_can_sender/kvaser_prius_can_sender.cpp:34:7:[m[K [01;35m[Kwarning: [m[Kunused variable ‘[01m[Kuse_position_checker[m[K’ [-Wunused-variable]
  bool use_position_checker;
[01;32m[K       ^[m[K
In file included from [01m[K/home/autoware/Autoware_1.11.0_sai_edit/ros/src/socket/packages/vehicle_socket/nodes/kvaser_prius_can_receiver/kvaser_prius_can_receiver.cpp:2:0[m[K:
[01m[K/home/autoware/Autoware_1.11.0_sai_edit/ros/src/socket/packages/vehicle_socket/include/kvaser_can.h:[m[K In constructor ‘[01m[KKVASER_CAN::KVASER_CAN()[m[K’:
[01m[K/home/autoware/Autoware_1.11.0_sai_edit/ros/src/socket/packages/vehicle_socket/include/kvaser_can.h:11:15:[m[K [01;35m[Kwarning: [m[K‘[01m[KKVASER_CAN::msgCounter_[m[K’ will be initialized after [-Wreorder]
  unsigned int msgCounter_;
[01;32m[K               ^[m[K
[01m[K/home/autoware/Autoware_1.11.0_sai_edit/ros/src/socket/packages/vehicle_socket/include/kvaser_can.h:10:7:[m[K [01;35m[Kwarning: [m[K  ‘[01m[Kbool KVASER_CAN::open_flag_[m[K’ [-Wreorder]
  bool open_flag_;
[01;32m[K       ^[m[K
[01m[K/home/autoware/Autoware_1.11.0_sai_edit/ros/src/socket/packages/vehicle_socket/include/kvaser_can.h:17:2:[m[K [01;35m[Kwarning: [m[K  when initialized here [-Wreorder]
  KVASER_CAN()
[01;32m[K  ^[m[K
[01m[K/home/autoware/Autoware_1.11.0_sai_edit/ros/src/socket/packages/vehicle_socket/include/kvaser_can.h:20:24:[m[K [01;35m[Kwarning: [m[Kconverting to non-pointer type ‘[01m[KcanHandle {aka int}[m[K’ from NULL [-Wconversion-null]
      , open_flag_(false)
[01;32m[K                        ^[m[K
[01m[K/home/autoware/Autoware_1.11.0_sai_edit/ros/src/socket/packages/vehicle_socket/nodes/kvaser_prius_can_receiver/kvaser_prius_can_receiver.cpp:[m[K In member function ‘[01m[Kvoid kvaser_can_receiver::read_wait()[m[K’:
[01m[K/home/autoware/Autoware_1.11.0_sai_edit/ros/src/socket/packages/vehicle_socket/nodes/kvaser_prius_can_receiver/kvaser_prius_can_receiver.cpp:26:13:[m[K [01;35m[Kwarning: [m[Kunused variable ‘[01m[Kres[m[K’ [-Wunused-variable]
   canStatus res = kc.read_wait(100);
[01;32m[K             ^[m[K
[01m[K/home/autoware/Autoware_1.11.0_sai_edit/ros/src/socket/packages/vehicle_socket/nodes/kvaser_prius_can_receiver/kvaser_prius_can_receiver.cpp:29:8:[m[K [01;35m[Kwarning: [m[Kunused variable ‘[01m[Kid_high[m[K’ [-Wunused-variable]
   long id_high = id >> 6;
[01;32m[K        ^[m[K
[01m[K/home/autoware/Autoware_1.11.0_sai_edit/ros/src/socket/packages/vehicle_socket/nodes/kvaser_prius_can_receiver/kvaser_prius_can_receiver.cpp:30:8:[m[K [01;35m[Kwarning: [m[Kunused variable ‘[01m[Kid_low[m[K’ [-Wunused-variable]
   long id_low = id & 0x3F;
[01;32m[K        ^[m[K
In file included from [01m[K/home/autoware/Autoware_1.11.0_sai_edit/ros/src/socket/packages/vehicle_socket/nodes/kvaser_microbus_can_sender/kvaser_microbus_can_sender.cpp:19:0[m[K:
[01m[K/home/autoware/Autoware_1.11.0_sai_edit/ros/src/socket/packages/vehicle_socket/include/kvaser_can.h:[m[K In constructor ‘[01m[KKVASER_CAN::KVASER_CAN()[m[K’:
[01m[K/home/autoware/Autoware_1.11.0_sai_edit/ros/src/socket/packages/vehicle_socket/include/kvaser_can.h:11:15:[m[K [01;35m[Kwarning: [m[K‘[01m[KKVASER_CAN::msgCounter_[m[K’ will be initialized after [-Wreorder]
  unsigned int msgCounter_;
[01;32m[K               ^[m[K
[01m[K/home/autoware/Autoware_1.11.0_sai_edit/ros/src/socket/packages/vehicle_socket/include/kvaser_can.h:10:7:[m[K [01;35m[Kwarning: [m[K  ‘[01m[Kbool KVASER_CAN::open_flag_[m[K’ [-Wreorder]
  bool open_flag_;
[01;32m[K       ^[m[K
[01m[K/home/autoware/Autoware_1.11.0_sai_edit/ros/src/socket/packages/vehicle_socket/include/kvaser_can.h:17:2:[m[K [01;35m[Kwarning: [m[K  when initialized here [-Wreorder]
  KVASER_CAN()
[01;32m[K  ^[m[K
[01m[K/home/autoware/Autoware_1.11.0_sai_edit/ros/src/socket/packages/vehicle_socket/include/kvaser_can.h:20:24:[m[K [01;35m[Kwarning: [m[Kconverting to non-pointer type ‘[01m[KcanHandle {aka int}[m[K’ from NULL [-Wconversion-null]
      , open_flag_(false)
[01;32m[K                        ^[m[K
[01m[K/home/autoware/Autoware_1.11.0_sai_edit/ros/src/socket/packages/vehicle_socket/nodes/kvaser_microbus_can_sender/kvaser_microbus_can_sender.cpp:[m[K In member function ‘[01m[Kconst LIMIT_ANGLE_FROM_VELOCITY_STRUCT LIMIT_ANGLE_FROM_VELOCITY_CLASS::getLimit(double)[m[K’:
[01m[K/home/autoware/Autoware_1.11.0_sai_edit/ros/src/socket/packages/vehicle_socket/nodes/kvaser_microbus_can_sender/kvaser_microbus_can_sender.cpp:71:16:[m[K [01;35m[Kwarning: [m[Kcomparison between signed and unsigned integer expressions [-Wsign-compare]
   for(int i=0;i<lafvs.size()-1;i++)
[01;32m[K                ^[m[K
[01m[K/home/autoware/Autoware_1.11.0_sai_edit/ros/src/socket/packages/vehicle_socket/nodes/kvaser_microbus_can_sender/kvaser_microbus_can_sender.cpp:[m[K In member function ‘[01m[Kvoid kvaser_can_sender::bufset_steer(unsigned char*)[m[K’:
[01m[K/home/autoware/Autoware_1.11.0_sai_edit/ros/src/socket/packages/vehicle_socket/nodes/kvaser_microbus_can_sender/kvaser_microbus_can_sender.cpp:706:11:[m[K [01;35m[Kwarning: [m[Kunused variable ‘[01m[Kratio[m[K’ [-Wunused-variable]
    double ratio = ((handle_control_ratio - 1.0) * (zisoku - handle_control_min_speed))
[01;32m[K           ^[m[K
[01m[K/home/autoware/Autoware_1.11.0_sai_edit/ros/src/socket/packages/vehicle_socket/nodes/kvaser_microbus_can_sender/kvaser_microbus_can_sender.cpp:[m[K In member function ‘[01m[Kvoid kvaser_can_sender::bufset_drive(unsigned char*)[m[K’:
[01m[K/home/autoware/Autoware_1.11.0_sai_edit/ros/src/socket/packages/vehicle_socket/nodes/kvaser_microbus_can_sender/kvaser_microbus_can_sender.cpp:808:19:[m[K [01;35m[Kwarning: [m[Kunused variable ‘[01m[Kpedal_val[m[K’ [-Wunused-variable]
     unsigned char pedal_val = pedal_;
[01;32m[K                   ^[m[K
[01m[K/home/autoware/Autoware_1.11.0_sai_edit/ros/src/socket/packages/vehicle_socket/nodes/kvaser_microbus_can_sender/kvaser_microbus_can_sender.cpp:[m[K In member function ‘[01m[Kdouble kvaser_can_sender::_accel_stroke_pid_control(double, double)[m[K’:
[01m[K/home/autoware/Autoware_1.11.0_sai_edit/ros/src/socket/packages/vehicle_socket/nodes/kvaser_microbus_can_sender/kvaser_microbus_can_sender.cpp:939:11:[m[K [01;35m[Kwarning: [m[Kunused variable ‘[01m[Ktarget_accel_stroke[m[K’ [-Wunused-variable]
    double target_accel_stroke;
[01;32m[K           ^[m[K
[01m[K/home/autoware/Autoware_1.11.0_sai_edit/ros/src/socket/packages/vehicle_socket/nodes/kvaser_microbus_can_sender/kvaser_microbus_can_sender.cpp:917:10:[m[K [01;35m[Kwarning: [m[Kunused variable ‘[01m[Ke_i[m[K’ [-Wunused-variable]
   double e_i;
[01;32m[K          ^[m[K
[01m[K/home/autoware/Autoware_1.11.0_sai_edit/ros/src/socket/packages/vehicle_socket/nodes/kvaser_microbus_can_sender/kvaser_microbus_can_sender.cpp:918:10:[m[K [01;35m[Kwarning: [m[Kvariable ‘[01m[Ke_d[m[K’ set but not used [-Wunused-but-set-variable]
   double e_d;
[01;32m[K          ^[m[K
[01m[K/home/autoware/Autoware_1.11.0_sai_edit/ros/src/socket/packages/vehicle_socket/nodes/kvaser_microbus_can_sender/kvaser_microbus_can_sender.cpp:919:10:[m[K [01;35m[Kwarning: [m[Kvariable ‘[01m[Kret[m[K’ set but not used [-Wunused-but-set-variable]
   double ret;
[01;32m[K          ^[m[K
[01m[K/home/autoware/Autoware_1.11.0_sai_edit/ros/src/socket/packages/vehicle_socket/nodes/kvaser_microbus_can_sender/kvaser_microbus_can_sender.cpp:961:2:[m[K [01;35m[Kwarning: [m[Kno return statement in function returning non-void [-Wreturn-type]
  }
[01;32m[K  ^[m[K
[01m[K/home/autoware/Autoware_1.11.0_sai_edit/ros/src/socket/packages/vehicle_socket/nodes/kvaser_microbus_can_sender/kvaser_microbus_can_sender.cpp:[m[K In member function ‘[01m[Kvoid kvaser_can_sender::StrokeControl(double, double)[m[K’:
[01m[K/home/autoware/Autoware_1.11.0_sai_edit/ros/src/socket/packages/vehicle_socket/nodes/kvaser_microbus_can_sender/kvaser_microbus_can_sender.cpp:998:12:[m[K [01;35m[Kwarning: [m[Kvariable ‘[01m[Kaccel_stroke[m[K’ set but not used [-Wunused-but-set-variable]
     double accel_stroke;
[01;32m[K            ^[m[K
[01m[K/home/autoware/Autoware_1.11.0_sai_edit/ros/src/socket/packages/vehicle_socket/nodes/kvaser_microbus_can_sender/kvaser_microbus_can_sender.cpp:[m[K In constructor ‘[01m[Kkvaser_can_sender::kvaser_can_sender(ros::NodeHandle, ros::NodeHandle, int)[m[K’:
[01m[K/home/autoware/Autoware_1.11.0_sai_edit/ros/src/socket/packages/vehicle_socket/nodes/kvaser_microbus_can_sender/kvaser_microbus_can_sender.cpp:165:22:[m[K [01;35m[Kwarning: [m[K‘[01m[Kkvaser_can_sender::input_drive_[m[K’ will be initialized after [-Wreorder]
  short input_steer_, input_drive_;
[01;32m[K                      ^[m[K
[01m[K/home/autoware/Autoware_1.11.0_sai_edit/ros/src/socket/packages/vehicle_socket/nodes/kvaser_microbus_can_sender/kvaser_microbus_can_sender.cpp:160:16:[m[K [01;35m[Kwarning: [m[K  ‘[01m[Kunsigned char kvaser_can_sender::drive_control_mode_[m[K’ [-Wreorder]
  unsigned char drive_control_mode_;
[01;32m[K                ^[m[K
[01m[K/home/autoware/Autoware_1.11.0_sai_edit/ros/src/socket/packages/vehicle_socket/nodes/kvaser_microbus_can_sender/kvaser_microbus_can_sender.cpp:1039:2:[m[K [01;35m[Kwarning: [m[K  when initialized here [-Wreorder]
  kvaser_can_sender(ros::NodeHandle nh, ros::NodeHandle p_nh, int kvaser_channel)
[01;32m[K  ^[m[K
[01m[K/home/autoware/Autoware_1.11.0_sai_edit/ros/src/socket/packages/vehicle_socket/nodes/kvaser_microbus_can_sender/kvaser_microbus_can_sender.cpp:896:12:[m[K [01;35m[Kwarning: [m[K‘[01m[Kkvaser_can_sender::proc_time[m[K’ will be initialized after [-Wreorder]
  ros::Time proc_time;
[01;32m[K            ^[m[K
[01m[K/home/autoware/Autoware_1.11.0_sai_edit/ros/src/socket/packages/vehicle_socket/nodes/kvaser_microbus_can_sender/kvaser_microbus_can_sender.cpp:167:7:[m[K [01;35m[Kwarning: [m[K  ‘[01m[Kbool kvaser_can_sender::shift_auto_[m[K’ [-Wreorder]
  bool shift_auto_;
[01;32m[K       ^[m[K
[01m[K/home/autoware/Autoware_1.11.0_sai_edit/ros/src/socket/packages/vehicle_socket/nodes/kvaser_microbus_can_sender/kvaser_microbus_can_sender.cpp:1039:2:[m[K [01;35m[Kwarning: [m[K  when initialized here [-Wreorder]
  kvaser_can_sender(ros::NodeHandle nh, ros::NodeHandle p_nh, int kvaser_channel)
[01;32m[K  ^[m[K
[01m[K/home/autoware/Autoware_1.11.0_sai_edit/ros/src/socket/packages/vehicle_socket/nodes/kvaser_microbus_can_sender/kvaser_microbus_can_sender.cpp:172:47:[m[K [01;35m[Kwarning: [m[K‘[01m[Kkvaser_can_sender::blinker_stop_[m[K’ will be initialized after [-Wreorder]
  bool hazard_, blinker_right_, blinker_left_, blinker_stop_;
[01;32m[K                                               ^[m[K
[01m[K/home/autoware/Autoware_1.11.0_sai_edit/ros/src/socket/packages/vehicle_socket/nodes/kvaser_microbus_can_sender/kvaser_microbus_can_sender.cpp:168:73:[m[K [01;35m[Kwarning: [m[K  ‘[01m[Kunsigned char kvaser_can_sender::automatic_door_[m[K’ [-Wreorder]
  unsigned char shift_position_, drive_gasu_breake_, steer_gasu_breake_, automatic_door_;
[01;32m[K                                                                         ^[m[K
[01m[K/home/autoware/Autoware_1.11.0_sai_edit/ros/src/socket/packages/vehicle_socket/nodes/kvaser_microbus_can_sender/kvaser_microbus_can_sender.cpp:1039:2:[m[K [01;35m[Kwarning: [m[K  when initialized here [-Wreorder]
  kvaser_can_sender(ros::NodeHandle nh, ros::NodeHandle p_nh, int kvaser_channel)
[01;32m[K  ^[m[K
[01m[K/home/autoware/Autoware_1.11.0_sai_edit/ros/src/socket/packages/vehicle_socket/nodes/kvaser_microbus_can_sender/kvaser_microbus_can_sender.cpp:168:73:[m[K [01;35m[Kwarning: [m[K‘[01m[Kkvaser_can_sender::automatic_door_[m[K’ will be initialized after [-Wreorder]
  unsigned char shift_position_, drive_gasu_breake_, steer_gasu_breake_, automatic_door_;
[01;32m[K                                                                         ^[m[K
[01m[K/home/autoware/Autoware_1.11.0_sai_edit/ros/src/socket/packages/vehicle_socket/nodes/kvaser_microbus_can_sender/kvaser_microbus_can_sender.cpp:168:33:[m[K [01;35m[Kwarning: [m[K  ‘[01m[Kunsigned char kvaser_can_sender::drive_gasu_breake_[m[K’ [-Wreorder]
  unsigned char shift_position_, drive_gasu_breake_, steer_gasu_breake_, automatic_door_;
[01;32m[K                                 ^[m[K
[01m[K/home/autoware/Autoware_1.11.0_sai_edit/ros/src/socket/packages/vehicle_socket/nodes/kvaser_microbus_can_sender/kvaser_microbus_can_sender.cpp:1039:2:[m[K [01;35m[Kwarning: [m[K  when initialized here [-Wreorder]
  kvaser_can_sender(ros::NodeHandle nh, ros::NodeHandle p_nh, int kvaser_channel)
[01;32m[K  ^[m[K
[01m[K/home/autoware/Autoware_1.11.0_sai_edit/ros/src/socket/packages/vehicle_socket/nodes/kvaser_microbus_can_sender/kvaser_microbus_can_sender.cpp:[m[K In function ‘[01m[Kint main(int, char**)[m[K’:
[01m[K/home/autoware/Autoware_1.11.0_sai_edit/ros/src/socket/packages/vehicle_socket/nodes/kvaser_microbus_can_sender/kvaser_microbus_can_sender.cpp:1162:7:[m[K [01;35m[Kwarning: [m[Kunused variable ‘[01m[Kuse_position_checker[m[K’ [-Wunused-variable]
  bool use_position_checker;
[01;32m[K       ^[m[K
