-- The C compiler identification is GNU 5.4.0
-- The CXX compiler identification is GNU 5.4.0
-- Check for working C compiler: /usr/bin/cc
-- Check for working C compiler: /usr/bin/cc -- works
-- Detecting C compiler ABI info
-- Detecting C compiler ABI info - done
-- Detecting C compile features
-- Detecting C compile features - done
-- Check for working CXX compiler: /usr/bin/c++
-- Check for working CXX compiler: /usr/bin/c++ -- works
-- Detecting CXX compiler ABI info
-- Detecting CXX compiler ABI info - done
-- Detecting CXX compile features
-- Detecting CXX compile features - done
-- Using CATKIN_DEVEL_PREFIX: /home/autoware/Autoware_1.11.0_sai_edit/ros/src/build/vehicle_socket/devel
-- Using CMAKE_PREFIX_PATH: /home/autoware/Autoware_1.11.0_sai_edit/ros/install/ymc;/home/autoware/Autoware_1.11.0_sai_edit/ros/install/xsens_driver;/home/autoware/Autoware_1.11.0_sai_edit/ros/install/lattice_planner;/home/autoware/Autoware_1.11.0_sai_edit/ros/install/waypoint_planner;/home/autoware/Autoware_1.11.0_sai_edit/ros/install/waypoint_maker;/home/autoware/Autoware_1.11.0_sai_edit/ros/install/way_planner;/home/autoware/Autoware_1.11.0_sai_edit/ros/install/trafficlight_recognizer;/home/autoware/Autoware_1.11.0_sai_edit/ros/install/op_utilities;/home/autoware/Autoware_1.11.0_sai_edit/ros/install/op_simulation_package;/home/autoware/Autoware_1.11.0_sai_edit/ros/install/op_local_planner;/home/autoware/Autoware_1.11.0_sai_edit/ros/install/op_global_planner;/home/autoware/Autoware_1.11.0_sai_edit/ros/install/lidar_kf_contour_track;/home/autoware/Autoware_1.11.0_sai_edit/ros/install/op_ros_helpers;/home/autoware/Autoware_1.11.0_sai_edit/ros/install/lane_planner;/home/autoware/Autoware_1.11.0_sai_edit/ros/install/ff_waypoint_follower;/home/autoware/Autoware_1.11.0_sai_edit/ros/install/dp_planner;/home/autoware/Autoware_1.11.0_sai_edit/ros/install/waypoint_follower;/home/autoware/Autoware_1.11.0_sai_edit/ros/install/vlg22c_cam;/home/autoware/Autoware_1.11.0_sai_edit/ros/install/vision_ssd_detect;/home/autoware/Autoware_1.11.0_sai_edit/ros/install/vision_segment_enet_detect;/home/autoware/Autoware_1.11.0_sai_edit/ros/install/vision_lane_detect;/home/autoware/Autoware_1.11.0_sai_edit/ros/install/vision_dpm_ttic_detect;/home/autoware/Autoware_1.11.0_sai_edit/ros/install/vision_darknet_detect;/home/autoware/Autoware_1.11.0_sai_edit/ros/install/vision_beyond_track;/home/autoware/Autoware_1.11.0_sai_edit/ros/install/vehicle_socket;/home/autoware/Autoware_1.11.0_sai_edit/ros/install/vehicle_model;/home/autoware/Autoware_1.11.0_sai_edit/ros/install/vehicle_gazebo_simulation_launcher;/home/autoware/Autoware_1.11.0_sai_edit/ros/install/vehicle_gazebo_simulation_interface;/home/autoware/Autoware_1.11.0_sai_edit/ros/install/vehicle_description;/home/autoware/Autoware_1.11.0_sai_edit/ros/install/op_simu;/home/autoware/Autoware_1.11.0_sai_edit/ros/install/op_planner;/home/autoware/Autoware_1.11.0_sai_edit/ros/install/op_utility;/home/autoware/Autoware_1.11.0_sai_edit/ros/install/lidar_euclidean_cluster_detect;/home/autoware/Autoware_1.11.0_sai_edit/ros/install/vector_map_server;/home/autoware/Autoware_1.11.0_sai_edit/ros/install/road_occupancy_processor;/home/autoware/Autoware_1.11.0_sai_edit/ros/install/costmap_generator;/home/autoware/Autoware_1.11.0_sai_edit/ros/install/object_map;/home/autoware/Autoware_1.11.0_sai_edit/ros/install/naive_motion_predict;/home/autoware/Autoware_1.11.0_sai_edit/ros/install/map_file;/home/autoware/Autoware_1.11.0_sai_edit/ros/install/libvectormap;/home/autoware/Autoware_1.11.0_sai_edit/ros/install/imm_ukf_pda_track;/home/autoware/Autoware_1.11.0_sai_edit/ros/install/decision_maker;/home/autoware/Autoware_1.11.0_sai_edit/ros/install/vector_map;/home/autoware/Autoware_1.11.0_sai_edit/ros/install/vector_map_msgs;/home/autoware/Autoware_1.11.0_sai_edit/ros/install/vectacam;/home/autoware/Autoware_1.11.0_sai_edit/ros/install/udon_socket;/home/autoware/Autoware_1.11.0_sai_edit/ros/install/twist_to_odom;/home/autoware/Autoware_1.11.0_sai_edit/ros/install/tablet_socket;/home/autoware/Autoware_1.11.0_sai_edit/ros/install/runtime_manager;/home/autoware/Autoware_1.11.0_sai_edit/ros/install/mqtt_socket;/home/autoware/Autoware_1.11.0_sai_edit/ros/install/tablet_socket_msgs;/home/autoware/Autoware_1.11.0_sai_edit/ros/install/state_machine_lib;/home/autoware/Autoware_1.11.0_sai_edit/ros/install/sound_player;/home/autoware/Autoware_1.11.0_sai_edit/ros/install/signal_creator;/home/autoware/Autoware_1.11.0_sai_edit/ros/install/sick_lms5xx;/home/autoware/Autoware_1.11.0_sai_edit/ros/install/sick_ldmrs_tools;/home/autoware/Autoware_1.11.0_sai_edit/ros/install/sick_ldmrs_driver;/home/autoware/Autoware_1.11.0_sai_edit/ros/install/sick_ldmrs_msgs;/home/autoware/Autoware_1.11.0_sai_edit/ros/install/sick_ldmrs_description;/home/autoware/Autoware_1.11.0_sai_edit/ros/install/rslidar_driver;/home/autoware/Autoware_1.11.0_sai_edit/ros/install/rslidar_msgs;/home/autoware/Autoware_1.11.0_sai_edit/ros/install/points2image;/home/autoware/Autoware_1.11.0_sai_edit/ros/install/calibration_camera_lidar;/home/autoware/Autoware_1.11.0_sai_edit/ros/install/rosinterface;/home/autoware/Autoware_1.11.0_sai_edit/ros/install/rosbag_controller;/home/autoware/Autoware_1.11.0_sai_edit/ros/install/roi_object_filter;/home/autoware/Autoware_1.11.0_sai_edit/ros/install/range_vision_fusion;/home/autoware/Autoware_1.11.0_sai_edit/ros/install/pos_db;/home/autoware/Autoware_1.11.0_sai_edit/ros/install/points_preprocessor;/home/autoware/Autoware_1.11.0_sai_edit/ros/install/points_downsampler;/home/autoware/Autoware_1.11.0_sai_edit/ros/install/pixel_cloud_fusion;/home/autoware/Autoware_1.11.0_sai_edit/ros/install/lidar_localizer;/home/autoware/Autoware_1.11.0_sai_edit/ros/install/pcl_omp_registration;/home/autoware/Autoware_1.11.0_sai_edit/ros/install/pc2_downsampler;/home/autoware/Autoware_1.11.0_sai_edit/ros/install/ouster_ros;/home/autoware/Autoware_1.11.0_sai_edit/ros/install/oculus_socket;/home/autoware/Autoware_1.11.0_sai_edit/ros/install/obj_db;/home/autoware/Autoware_1.11.0_sai_edit/ros/install/novatel_oem7;/home/autoware/Autoware_1.11.0_sai_edit/ros/install/nmea_navsat;/home/autoware/Autoware_1.11.0_sai_edit/ros/install/ndt_tku;/home/autoware/Autoware_1.11.0_sai_edit/ros/install/ndt_gpu;/home/autoware/Autoware_1.11.0_sai_edit/ros/install/ndt_cpu;/home/autoware/Autoware_1.11.0_sai_edit/ros/install/multi_lidar_calibrator;/home/autoware/Autoware_1.11.0_sai_edit/ros/install/microstrain_driver;/home/autoware/Autoware_1.11.0_sai_edit/ros/install/microbus_interface;/home/autoware/Autoware_1.11.0_sai_edit/ros/install/memsic_imu;/home/autoware/Autoware_1.11.0_sai_edit/ros/install/marker_downsampler;/home/autoware/Autoware_1.11.0_sai_edit/ros/install/map_tools;/home/autoware/Autoware_1.11.0_sai_edit/ros/install/map_tf_generator;/home/autoware/Autoware_1.11.0_sai_edit/ros/install/log_tools;/home/autoware/Autoware_1.11.0_sai_edit/ros/install/liesse_model;/home/autoware/Autoware_1.11.0_sai_edit/ros/install/lidar_shape_estimation;/home/autoware/Autoware_1.11.0_sai_edit/ros/install/lidar_point_pillars;/home/autoware/Autoware_1.11.0_sai_edit/ros/install/lidar_naive_l_shape_detect;/home/autoware/Autoware_1.11.0_sai_edit/ros/install/lidar_fake_perception;/home/autoware/Autoware_1.11.0_sai_edit/ros/install/lidar_apollo_cnn_seg_detect;/home/autoware/Autoware_1.11.0_sai_edit/ros/install/libdpm_ttic;/home/autoware/Autoware_1.11.0_sai_edit/ros/install/lgsvl_simulator_bridge;/home/autoware/Autoware_1.11.0_sai_edit/ros/install/lgsvl_msgs;/home/autoware/Autoware_1.11.0_sai_edit/ros/install/kvaser;/home/autoware/Autoware_1.11.0_sai_edit/ros/install/kitti_launch;/home/autoware/Autoware_1.11.0_sai_edit/ros/install/kitti_player;/home/autoware/Autoware_1.11.0_sai_edit/ros/install/kitti_box_publisher;/home/autoware/Autoware_1.11.0_sai_edit/ros/install/javad_navsat_driver;/home/autoware/Autoware_1.11.0_sai_edit/ros/install/integrated_viewer;/home/autoware/Autoware_1.11.0_sai_edit/ros/install/image_processor;/home/autoware/Autoware_1.11.0_sai_edit/ros/install/hokuyo;/home/autoware/Autoware_1.11.0_sai_edit/ros/install/graph_tools;/home/autoware/Autoware_1.11.0_sai_edit/ros/install/gnss_localizer;/home/autoware/Autoware_1.11.0_sai_edit/ros/install/gnss;/home/autoware/Autoware_1.11.0_sai_edit/ros/install/glviewer;/home/autoware/Autoware_1.11.0_sai_edit/ros/install/gazebo_world_description;/home/autoware/Autoware_1.11.0_sai_edit/ros/install/gazebo_imu_description;/home/autoware/Autoware_1.11.0_sai_edit/ros/install/gazebo_camera_description;/home/autoware/Autoware_1.11.0_sai_edit/ros/install/garmin;/home/autoware/Autoware_1.11.0_sai_edit/ros/install/freespace_planner;/home/autoware/Autoware_1.11.0_sai_edit/ros/install/fastvirtualscan;/home/autoware/Autoware_1.11.0_sai_edit/ros/install/ekf_localizer;/home/autoware/Autoware_1.11.0_sai_edit/ros/install/detected_objects_visualizer;/home/autoware/Autoware_1.11.0_sai_edit/ros/install/decision_maker_panel;/home/autoware/Autoware_1.11.0_sai_edit/ros/install/dbw_mkz_msgs;/home/autoware/Autoware_1.11.0_sai_edit/ros/install/data_preprocessor;/home/autoware/Autoware_1.11.0_sai_edit/ros/install/custom_msgs;/home/autoware/Autoware_1.11.0_sai_edit/ros/install/calibration_publisher;/home/autoware/Autoware_1.11.0_sai_edit/ros/install/backlight;/home/autoware/Autoware_1.11.0_sai_edit/ros/install/autoware_health_checker;/home/autoware/Autoware_1.11.0_sai_edit/ros/install/autoware_system_msgs;/home/autoware/Autoware_1.11.0_sai_edit/ros/install/autoware_rviz_plugins;/home/autoware/Autoware_1.11.0_sai_edit/ros/install/autoware_pointgrey_drivers;/home/autoware/Autoware_1.11.0_sai_edit/ros/install/autoware_driveworks_interface;/home/autoware/Autoware_1.11.0_sai_edit/ros/install/autoware_connector;/home/autoware/Autoware_1.11.0_sai_edit/ros/install/autoware_camera_lidar_calibrator;/home/autoware/Autoware_1.11.0_sai_edit/ros/install/astar_search;/home/autoware/Autoware_1.11.0_sai_edit/ros/install/as;/home/autoware/Autoware_1.11.0_sai_edit/ros/install/amathutils_lib;/home/autoware/Autoware_1.11.0_sai_edit/ros/install/autoware_msgs;/home/autoware/Autoware_1.11.0_sai_edit/ros/install/autoware_launcher_rviz;/home/autoware/Autoware_1.11.0_sai_edit/ros/install/autoware_launcher;/home/autoware/Autoware_1.11.0_sai_edit/ros/install/autoware_driveworks_gmsl_interface;/home/autoware/Autoware_1.11.0_sai_edit/ros/install/autoware_config_msgs;/home/autoware/Autoware_1.11.0_sai_edit/ros/install/autoware_can_msgs;/home/autoware/Autoware_1.11.0_sai_edit/ros/install/autoware_build_flags;/home/autoware/Autoware_1.11.0_sai_edit/ros/install/autoware_bag_tools;/home/autoware/Autoware_1.11.0_sai_edit/ros/install/adi_driver;/opt/ros/kinetic
-- This workspace overlays: /home/autoware/Autoware_1.11.0_sai_edit/ros/install/ymc;/home/autoware/Autoware_1.11.0_sai_edit/ros/install/xsens_driver;/home/autoware/Autoware_1.11.0_sai_edit/ros/install/lattice_planner;/home/autoware/Autoware_1.11.0_sai_edit/ros/install/waypoint_planner;/home/autoware/Autoware_1.11.0_sai_edit/ros/install/waypoint_maker;/home/autoware/Autoware_1.11.0_sai_edit/ros/install/way_planner;/home/autoware/Autoware_1.11.0_sai_edit/ros/install/trafficlight_recognizer;/home/autoware/Autoware_1.11.0_sai_edit/ros/install/op_utilities;/home/autoware/Autoware_1.11.0_sai_edit/ros/install/op_simulation_package;/home/autoware/Autoware_1.11.0_sai_edit/ros/install/op_local_planner;/home/autoware/Autoware_1.11.0_sai_edit/ros/install/op_global_planner;/home/autoware/Autoware_1.11.0_sai_edit/ros/install/lidar_kf_contour_track;/home/autoware/Autoware_1.11.0_sai_edit/ros/install/op_ros_helpers;/home/autoware/Autoware_1.11.0_sai_edit/ros/install/lane_planner;/home/autoware/Autoware_1.11.0_sai_edit/ros/install/ff_waypoint_follower;/home/autoware/Autoware_1.11.0_sai_edit/ros/install/dp_planner;/home/autoware/Autoware_1.11.0_sai_edit/ros/install/waypoint_follower;/home/autoware/Autoware_1.11.0_sai_edit/ros/install/vlg22c_cam;/home/autoware/Autoware_1.11.0_sai_edit/ros/install/vision_ssd_detect;/home/autoware/Autoware_1.11.0_sai_edit/ros/install/vision_segment_enet_detect;/home/autoware/Autoware_1.11.0_sai_edit/ros/install/vision_lane_detect;/home/autoware/Autoware_1.11.0_sai_edit/ros/install/vision_dpm_ttic_detect;/home/autoware/Autoware_1.11.0_sai_edit/ros/install/vision_darknet_detect;/home/autoware/Autoware_1.11.0_sai_edit/ros/install/vision_beyond_track;/home/autoware/Autoware_1.11.0_sai_edit/ros/install/vehicle_socket;/home/autoware/Autoware_1.11.0_sai_edit/ros/install/vehicle_model;/home/autoware/Autoware_1.11.0_sai_edit/ros/install/vehicle_gazebo_simulation_launcher;/home/autoware/Autoware_1.11.0_sai_edit/ros/install/vehicle_gazebo_simulation_interface;/home/autoware/Autoware_1.11.0_sai_edit/ros/install/vehicle_description;/home/autoware/Autoware_1.11.0_sai_edit/ros/install/op_simu;/home/autoware/Autoware_1.11.0_sai_edit/ros/install/op_planner;/home/autoware/Autoware_1.11.0_sai_edit/ros/install/op_utility;/home/autoware/Autoware_1.11.0_sai_edit/ros/install/lidar_euclidean_cluster_detect;/home/autoware/Autoware_1.11.0_sai_edit/ros/install/vector_map_server;/home/autoware/Autoware_1.11.0_sai_edit/ros/install/road_occupancy_processor;/home/autoware/Autoware_1.11.0_sai_edit/ros/install/costmap_generator;/home/autoware/Autoware_1.11.0_sai_edit/ros/install/object_map;/home/autoware/Autoware_1.11.0_sai_edit/ros/install/naive_motion_predict;/home/autoware/Autoware_1.11.0_sai_edit/ros/install/map_file;/home/autoware/Autoware_1.11.0_sai_edit/ros/install/libvectormap;/home/autoware/Autoware_1.11.0_sai_edit/ros/install/imm_ukf_pda_track;/home/autoware/Autoware_1.11.0_sai_edit/ros/install/decision_maker;/home/autoware/Autoware_1.11.0_sai_edit/ros/install/vector_map;/home/autoware/Autoware_1.11.0_sai_edit/ros/install/vector_map_msgs;/home/autoware/Autoware_1.11.0_sai_edit/ros/install/vectacam;/home/autoware/Autoware_1.11.0_sai_edit/ros/install/udon_socket;/home/autoware/Autoware_1.11.0_sai_edit/ros/install/twist_to_odom;/home/autoware/Autoware_1.11.0_sai_edit/ros/install/tablet_socket;/home/autoware/Autoware_1.11.0_sai_edit/ros/install/runtime_manager;/home/autoware/Autoware_1.11.0_sai_edit/ros/install/mqtt_socket;/home/autoware/Autoware_1.11.0_sai_edit/ros/install/tablet_socket_msgs;/home/autoware/Autoware_1.11.0_sai_edit/ros/install/state_machine_lib;/home/autoware/Autoware_1.11.0_sai_edit/ros/install/sound_player;/home/autoware/Autoware_1.11.0_sai_edit/ros/install/signal_creator;/home/autoware/Autoware_1.11.0_sai_edit/ros/install/sick_lms5xx;/home/autoware/Autoware_1.11.0_sai_edit/ros/install/sick_ldmrs_tools;/home/autoware/Autoware_1.11.0_sai_edit/ros/install/sick_ldmrs_driver;/home/autoware/Autoware_1.11.0_sai_edit/ros/install/sick_ldmrs_msgs;/home/autoware/Autoware_1.11.0_sai_edit/ros/install/sick_ldmrs_description;/home/autoware/Autoware_1.11.0_sai_edit/ros/install/rslidar_driver;/home/autoware/Autoware_1.11.0_sai_edit/ros/install/rslidar_msgs;/home/autoware/Autoware_1.11.0_sai_edit/ros/install/points2image;/home/autoware/Autoware_1.11.0_sai_edit/ros/install/calibration_camera_lidar;/home/autoware/Autoware_1.11.0_sai_edit/ros/install/rosinterface;/home/autoware/Autoware_1.11.0_sai_edit/ros/install/rosbag_controller;/home/autoware/Autoware_1.11.0_sai_edit/ros/install/roi_object_filter;/home/autoware/Autoware_1.11.0_sai_edit/ros/install/range_vision_fusion;/home/autoware/Autoware_1.11.0_sai_edit/ros/install/pos_db;/home/autoware/Autoware_1.11.0_sai_edit/ros/install/points_preprocessor;/home/autoware/Autoware_1.11.0_sai_edit/ros/install/points_downsampler;/home/autoware/Autoware_1.11.0_sai_edit/ros/install/pixel_cloud_fusion;/home/autoware/Autoware_1.11.0_sai_edit/ros/install/lidar_localizer;/home/autoware/Autoware_1.11.0_sai_edit/ros/install/pcl_omp_registration;/home/autoware/Autoware_1.11.0_sai_edit/ros/install/pc2_downsampler;/home/autoware/Autoware_1.11.0_sai_edit/ros/install/ouster_ros;/home/autoware/Autoware_1.11.0_sai_edit/ros/install/oculus_socket;/home/autoware/Autoware_1.11.0_sai_edit/ros/install/obj_db;/home/autoware/Autoware_1.11.0_sai_edit/ros/install/novatel_oem7;/home/autoware/Autoware_1.11.0_sai_edit/ros/install/nmea_navsat;/home/autoware/Autoware_1.11.0_sai_edit/ros/install/ndt_tku;/home/autoware/Autoware_1.11.0_sai_edit/ros/install/ndt_gpu;/home/autoware/Autoware_1.11.0_sai_edit/ros/install/ndt_cpu;/home/autoware/Autoware_1.11.0_sai_edit/ros/install/multi_lidar_calibrator;/home/autoware/Autoware_1.11.0_sai_edit/ros/install/microstrain_driver;/home/autoware/Autoware_1.11.0_sai_edit/ros/install/microbus_interface;/home/autoware/Autoware_1.11.0_sai_edit/ros/install/memsic_imu;/home/autoware/Autoware_1.11.0_sai_edit/ros/install/marker_downsampler;/home/autoware/Autoware_1.11.0_sai_edit/ros/install/map_tools;/home/autoware/Autoware_1.11.0_sai_edit/ros/install/map_tf_generator;/home/autoware/Autoware_1.11.0_sai_edit/ros/install/log_tools;/home/autoware/Autoware_1.11.0_sai_edit/ros/install/liesse_model;/home/autoware/Autoware_1.11.0_sai_edit/ros/install/lidar_shape_estimation;/home/autoware/Autoware_1.11.0_sai_edit/ros/install/lidar_point_pillars;/home/autoware/Autoware_1.11.0_sai_edit/ros/install/lidar_naive_l_shape_detect;/home/autoware/Autoware_1.11.0_sai_edit/ros/install/lidar_fake_perception;/home/autoware/Autoware_1.11.0_sai_edit/ros/install/lidar_apollo_cnn_seg_detect;/home/autoware/Autoware_1.11.0_sai_edit/ros/install/libdpm_ttic;/home/autoware/Autoware_1.11.0_sai_edit/ros/install/lgsvl_simulator_bridge;/home/autoware/Autoware_1.11.0_sai_edit/ros/install/lgsvl_msgs;/home/autoware/Autoware_1.11.0_sai_edit/ros/install/kvaser;/home/autoware/Autoware_1.11.0_sai_edit/ros/install/kitti_launch;/home/autoware/Autoware_1.11.0_sai_edit/ros/install/kitti_player;/home/autoware/Autoware_1.11.0_sai_edit/ros/install/kitti_box_publisher;/home/autoware/Autoware_1.11.0_sai_edit/ros/install/javad_navsat_driver;/home/autoware/Autoware_1.11.0_sai_edit/ros/install/integrated_viewer;/home/autoware/Autoware_1.11.0_sai_edit/ros/install/image_processor;/home/autoware/Autoware_1.11.0_sai_edit/ros/install/hokuyo;/home/autoware/Autoware_1.11.0_sai_edit/ros/install/graph_tools;/home/autoware/Autoware_1.11.0_sai_edit/ros/install/gnss_localizer;/home/autoware/Autoware_1.11.0_sai_edit/ros/install/gnss;/home/autoware/Autoware_1.11.0_sai_edit/ros/install/glviewer;/home/autoware/Autoware_1.11.0_sai_edit/ros/install/gazebo_world_description;/home/autoware/Autoware_1.11.0_sai_edit/ros/install/gazebo_imu_description;/home/autoware/Autoware_1.11.0_sai_edit/ros/install/gazebo_camera_description;/home/autoware/Autoware_1.11.0_sai_edit/ros/install/garmin;/home/autoware/Autoware_1.11.0_sai_edit/ros/install/freespace_planner;/home/autoware/Autoware_1.11.0_sai_edit/ros/install/fastvirtualscan;/home/autoware/Autoware_1.11.0_sai_edit/ros/install/ekf_localizer;/home/autoware/Autoware_1.11.0_sai_edit/ros/install/detected_objects_visualizer;/home/autoware/Autoware_1.11.0_sai_edit/ros/install/decision_maker_panel;/home/autoware/Autoware_1.11.0_sai_edit/ros/install/dbw_mkz_msgs;/home/autoware/Autoware_1.11.0_sai_edit/ros/install/data_preprocessor;/home/autoware/Autoware_1.11.0_sai_edit/ros/install/custom_msgs;/home/autoware/Autoware_1.11.0_sai_edit/ros/install/calibration_publisher;/home/autoware/Autoware_1.11.0_sai_edit/ros/install/backlight;/home/autoware/Autoware_1.11.0_sai_edit/ros/install/autoware_health_checker;/home/autoware/Autoware_1.11.0_sai_edit/ros/install/autoware_system_msgs;/home/autoware/Autoware_1.11.0_sai_edit/ros/install/autoware_rviz_plugins;/home/autoware/Autoware_1.11.0_sai_edit/ros/install/autoware_pointgrey_drivers;/home/autoware/Autoware_1.11.0_sai_edit/ros/install/autoware_driveworks_interface;/home/autoware/Autoware_1.11.0_sai_edit/ros/install/autoware_connector;/home/autoware/Autoware_1.11.0_sai_edit/ros/install/autoware_camera_lidar_calibrator;/home/autoware/Autoware_1.11.0_sai_edit/ros/install/astar_search;/home/autoware/Autoware_1.11.0_sai_edit/ros/install/as;/home/autoware/Autoware_1.11.0_sai_edit/ros/install/amathutils_lib;/home/autoware/Autoware_1.11.0_sai_edit/ros/install/autoware_msgs;/home/autoware/Autoware_1.11.0_sai_edit/ros/install/autoware_launcher_rviz;/home/autoware/Autoware_1.11.0_sai_edit/ros/install/autoware_launcher;/home/autoware/Autoware_1.11.0_sai_edit/ros/install/autoware_driveworks_gmsl_interface;/home/autoware/Autoware_1.11.0_sai_edit/ros/install/autoware_config_msgs;/home/autoware/Autoware_1.11.0_sai_edit/ros/install/autoware_can_msgs;/home/autoware/Autoware_1.11.0_sai_edit/ros/install/autoware_build_flags;/home/autoware/Autoware_1.11.0_sai_edit/ros/install/autoware_bag_tools;/home/autoware/Autoware_1.11.0_sai_edit/ros/install/adi_driver;/opt/ros/kinetic
-- Found PythonInterp: /usr/bin/python (found version "2.7.12") 
-- Using PYTHON_EXECUTABLE: /usr/bin/python
-- Using Debian Python package layout
-- Using empy: /usr/bin/empy
-- Using CATKIN_ENABLE_TESTING: ON
-- Call enable_testing()
-- Using CATKIN_TEST_RESULTS_DIR: /home/autoware/Autoware_1.11.0_sai_edit/ros/src/build/vehicle_socket/test_results
-- Found gmock sources under '/usr/src/gmock': gmock will be built
-- Looking for pthread.h
-- Looking for pthread.h - found
-- Looking for pthread_create
-- Looking for pthread_create - not found
-- Looking for pthread_create in pthreads
-- Looking for pthread_create in pthreads - not found
-- Looking for pthread_create in pthread
-- Looking for pthread_create in pthread - found
-- Found Threads: TRUE  
-- Found gtest sources under '/usr/src/gmock': gtests will be built
-- Using Python nosetests: /usr/bin/nosetests-2.7
-- catkin 0.7.14
-- Using these message generators: gencpp;geneus;genlisp;gennodejs;genpy
-- Configuring done
-- Generating done
-- Build files have been written to: /home/autoware/Autoware_1.11.0_sai_edit/ros/src/build/vehicle_socket
[35m[1mScanning dependencies of target actionlib_msgs_generate_messages_lisp[0m
[  0%] Built target actionlib_msgs_generate_messages_lisp
[35m[1mScanning dependencies of target actionlib_generate_messages_lisp[0m
[  0%] Built target actionlib_generate_messages_lisp
[35m[1mScanning dependencies of target autoware_config_msgs_generate_messages_nodejs[0m
[  0%] Built target autoware_config_msgs_generate_messages_nodejs
[35m[1mScanning dependencies of target actionlib_msgs_generate_messages_cpp[0m
[  0%] Built target actionlib_msgs_generate_messages_cpp
[35m[1mScanning dependencies of target sensor_msgs_generate_messages_eus[0m
[  0%] Built target sensor_msgs_generate_messages_eus
[35m[1mScanning dependencies of target actionlib_msgs_generate_messages_nodejs[0m
[  0%] Built target actionlib_msgs_generate_messages_nodejs
[35m[1mScanning dependencies of target tf2_msgs_generate_messages_py[0m
[  0%] Built target tf2_msgs_generate_messages_py
[35m[1mScanning dependencies of target jsk_footstep_msgs_generate_messages_nodejs[0m
[  0%] Built target jsk_footstep_msgs_generate_messages_nodejs
[35m[1mScanning dependencies of target jsk_footstep_msgs_generate_messages_eus[0m
[  0%] Built target jsk_footstep_msgs_generate_messages_eus
[35m[1mScanning dependencies of target pcl_msgs_generate_messages_nodejs[0m
[  0%] Built target pcl_msgs_generate_messages_nodejs
[35m[1mScanning dependencies of target pcl_msgs_generate_messages_eus[0m
[  0%] Built target pcl_msgs_generate_messages_eus
[35m[1mScanning dependencies of target jsk_footstep_msgs_generate_messages_cpp[0m
[  0%] Built target jsk_footstep_msgs_generate_messages_cpp
[35m[1mScanning dependencies of target autoware_msgs_generate_messages_lisp[0m
[  0%] Built target autoware_msgs_generate_messages_lisp
[35m[1mScanning dependencies of target rosgraph_msgs_generate_messages_cpp[0m
[  0%] Built target rosgraph_msgs_generate_messages_cpp
[35m[1mScanning dependencies of target autoware_msgs_generate_messages_nodejs[0m
[  0%] Built target autoware_msgs_generate_messages_nodejs
[35m[1mScanning dependencies of target pcl_msgs_generate_messages_cpp[0m
[  0%] Built target pcl_msgs_generate_messages_cpp
[35m[1mScanning dependencies of target jsk_recognition_msgs_generate_messages_py[0m
[  0%] Built target jsk_recognition_msgs_generate_messages_py
[35m[1mScanning dependencies of target jsk_recognition_msgs_generate_messages_nodejs[0m
[  0%] Built target jsk_recognition_msgs_generate_messages_nodejs
[35m[1mScanning dependencies of target actionlib_msgs_generate_messages_py[0m
[  0%] Built target actionlib_msgs_generate_messages_py
[35m[1mScanning dependencies of target autoware_can_msgs_generate_messages_cpp[0m
[  0%] Built target autoware_can_msgs_generate_messages_cpp
[35m[1mScanning dependencies of target std_msgs_generate_messages_nodejs[0m
[  0%] Built target std_msgs_generate_messages_nodejs
[35m[1mScanning dependencies of target geometry_msgs_generate_messages_lisp[0m
[  0%] Built target geometry_msgs_generate_messages_lisp
[35m[1mScanning dependencies of target geometry_msgs_generate_messages_py[0m
[  0%] Built target geometry_msgs_generate_messages_py
[35m[1mScanning dependencies of target jsk_recognition_msgs_generate_messages_lisp[0m
[  0%] Built target jsk_recognition_msgs_generate_messages_lisp
[35m[1mScanning dependencies of target pcl_msgs_generate_messages_lisp[0m
[  0%] Built target pcl_msgs_generate_messages_lisp
[35m[1mScanning dependencies of target autoware_msgs_generate_messages_eus[0m
[  0%] Built target autoware_msgs_generate_messages_eus
[35m[1mScanning dependencies of target std_msgs_generate_messages_lisp[0m
[  0%] Built target std_msgs_generate_messages_lisp
[35m[1mScanning dependencies of target jsk_recognition_msgs_generate_messages_cpp[0m
[  0%] Built target jsk_recognition_msgs_generate_messages_cpp
[35m[1mScanning dependencies of target jsk_footstep_msgs_generate_messages_lisp[0m
[  0%] Built target jsk_footstep_msgs_generate_messages_lisp
[35m[1mScanning dependencies of target sensor_msgs_generate_messages_cpp[0m
[  0%] Built target sensor_msgs_generate_messages_cpp
[35m[1mScanning dependencies of target geometry_msgs_generate_messages_cpp[0m
[  0%] Built target geometry_msgs_generate_messages_cpp
[35m[1mScanning dependencies of target std_msgs_generate_messages_cpp[0m
[  0%] Built target std_msgs_generate_messages_cpp
[35m[1mScanning dependencies of target sensor_msgs_generate_messages_nodejs[0m
[  0%] Built target sensor_msgs_generate_messages_nodejs
[35m[1mScanning dependencies of target tablet_socket_msgs_generate_messages_lisp[0m
[  0%] Built target tablet_socket_msgs_generate_messages_lisp
[35m[1mScanning dependencies of target pcl_msgs_generate_messages_py[0m
[  0%] Built target pcl_msgs_generate_messages_py
[35m[1mScanning dependencies of target autoware_msgs_generate_messages_cpp[0m
[  0%] Built target autoware_msgs_generate_messages_cpp
[35m[1mScanning dependencies of target actionlib_generate_messages_py[0m
[  0%] Built target actionlib_generate_messages_py
[35m[1mScanning dependencies of target actionlib_generate_messages_nodejs[0m
[  0%] Built target actionlib_generate_messages_nodejs
[35m[1mScanning dependencies of target tablet_socket_msgs_generate_messages_py[0m
[  0%] Built target tablet_socket_msgs_generate_messages_py
[35m[1mScanning dependencies of target tablet_socket_msgs_generate_messages_eus[0m
[  0%] Built target tablet_socket_msgs_generate_messages_eus
[35m[1mScanning dependencies of target tablet_socket_msgs_generate_messages_nodejs[0m
[  0%] Built target tablet_socket_msgs_generate_messages_nodejs
[35m[1mScanning dependencies of target roscpp_generate_messages_cpp[0m
[  0%] Built target roscpp_generate_messages_cpp
[35m[1mScanning dependencies of target roscpp_generate_messages_eus[0m
[  0%] Built target roscpp_generate_messages_eus
[35m[1mScanning dependencies of target roscpp_generate_messages_lisp[0m
[  0%] Built target roscpp_generate_messages_lisp
[35m[1mScanning dependencies of target sensor_msgs_generate_messages_py[0m
[  0%] Built target sensor_msgs_generate_messages_py
[35m[1mScanning dependencies of target roscpp_generate_messages_nodejs[0m
[  0%] Built target roscpp_generate_messages_nodejs
[35m[1mScanning dependencies of target jsk_recognition_msgs_generate_messages_eus[0m
[  0%] Built target jsk_recognition_msgs_generate_messages_eus
[35m[1mScanning dependencies of target roscpp_generate_messages_py[0m
[  0%] Built target roscpp_generate_messages_py
[35m[1mScanning dependencies of target tf_generate_messages_nodejs[0m
[  0%] Built target tf_generate_messages_nodejs
[35m[1mScanning dependencies of target std_msgs_generate_messages_py[0m
[  0%] Built target std_msgs_generate_messages_py
[35m[1mScanning dependencies of target rosgraph_msgs_generate_messages_eus[0m
[  0%] Built target rosgraph_msgs_generate_messages_eus
[35m[1mScanning dependencies of target autoware_config_msgs_generate_messages_lisp[0m
[  0%] Built target autoware_config_msgs_generate_messages_lisp
[35m[1mScanning dependencies of target rosgraph_msgs_generate_messages_lisp[0m
[  0%] Built target rosgraph_msgs_generate_messages_lisp
[35m[1mScanning dependencies of target geometry_msgs_generate_messages_eus[0m
[  0%] Built target geometry_msgs_generate_messages_eus
[35m[1mScanning dependencies of target geometry_msgs_generate_messages_nodejs[0m
[  0%] Built target geometry_msgs_generate_messages_nodejs
[35m[1mScanning dependencies of target autoware_can_msgs_generate_messages_py[0m
[  0%] Built target autoware_can_msgs_generate_messages_py
[35m[1mScanning dependencies of target rosgraph_msgs_generate_messages_nodejs[0m
[  0%] Built target rosgraph_msgs_generate_messages_nodejs
[35m[1mScanning dependencies of target actionlib_generate_messages_cpp[0m
[  0%] Built target actionlib_generate_messages_cpp
[35m[1mScanning dependencies of target rosgraph_msgs_generate_messages_py[0m
[  0%] Built target rosgraph_msgs_generate_messages_py
[35m[1mScanning dependencies of target tf_generate_messages_lisp[0m
[  0%] Built target tf_generate_messages_lisp
[35m[1mScanning dependencies of target tf_generate_messages_eus[0m
[  0%] Built target tf_generate_messages_eus
[35m[1mScanning dependencies of target tf_generate_messages_py[0m
[  0%] Built target tf_generate_messages_py
[35m[1mScanning dependencies of target std_msgs_generate_messages_eus[0m
[  0%] Built target std_msgs_generate_messages_eus
[35m[1mScanning dependencies of target actionlib_generate_messages_eus[0m
[  0%] Built target actionlib_generate_messages_eus
[35m[1mScanning dependencies of target tf2_msgs_generate_messages_cpp[0m
[  0%] Built target tf2_msgs_generate_messages_cpp
[35m[1mScanning dependencies of target tf2_msgs_generate_messages_eus[0m
[  0%] Built target tf2_msgs_generate_messages_eus
[35m[1mScanning dependencies of target tf2_msgs_generate_messages_lisp[0m
[  0%] Built target tf2_msgs_generate_messages_lisp
[35m[1mScanning dependencies of target autoware_can_msgs_generate_messages_lisp[0m
[  0%] Built target autoware_can_msgs_generate_messages_lisp
[35m[1mScanning dependencies of target tf2_msgs_generate_messages_nodejs[0m
[  0%] Built target tf2_msgs_generate_messages_nodejs
[35m[1mScanning dependencies of target autoware_config_msgs_generate_messages_cpp[0m
[  0%] Built target autoware_config_msgs_generate_messages_cpp
[35m[1mScanning dependencies of target tablet_socket_msgs_generate_messages_cpp[0m
[  0%] Built target tablet_socket_msgs_generate_messages_cpp
[35m[1mScanning dependencies of target autoware_config_msgs_generate_messages_eus[0m
[  0%] Built target autoware_config_msgs_generate_messages_eus
[35m[1mScanning dependencies of target autoware_config_msgs_generate_messages_py[0m
[  0%] Built target autoware_config_msgs_generate_messages_py
[35m[1mScanning dependencies of target autoware_can_msgs_generate_messages_eus[0m
[  0%] Built target autoware_can_msgs_generate_messages_eus
[35m[1mScanning dependencies of target jsk_footstep_msgs_generate_messages_py[0m
[  0%] Built target jsk_footstep_msgs_generate_messages_py
[35m[1mScanning dependencies of target actionlib_msgs_generate_messages_eus[0m
[  0%] Built target actionlib_msgs_generate_messages_eus
[35m[1mScanning dependencies of target autoware_can_msgs_generate_messages_nodejs[0m
[  0%] Built target autoware_can_msgs_generate_messages_nodejs
[35m[1mScanning dependencies of target tf_generate_messages_cpp[0m
[  0%] Built target tf_generate_messages_cpp
[35m[1mScanning dependencies of target autoware_msgs_generate_messages_py[0m
[  0%] Built target autoware_msgs_generate_messages_py
[35m[1mScanning dependencies of target sensor_msgs_generate_messages_lisp[0m
[  0%] Built target sensor_msgs_generate_messages_lisp
[35m[1mScanning dependencies of target rs232_microbus_can_receiver[0m
[  4%] [32mBuilding CXX object CMakeFiles/rs232_microbus_can_receiver.dir/nodes/rs232_microbus_can_receiver/rs232_microbus_can_receiver.cpp.o[0m
[01m[K/home/autoware/Autoware_1.11.0_sai_edit/ros/src/socket/packages/vehicle_socket/nodes/rs232_microbus_can_receiver/rs232_microbus_can_receiver.cpp:[m[K In member function ‘[01m[Kvoid socket_class::socket_connect(std::__cxx11::string, int)[m[K’:
[01m[K/home/autoware/Autoware_1.11.0_sai_edit/ros/src/socket/packages/vehicle_socket/nodes/rs232_microbus_can_receiver/rs232_microbus_can_receiver.cpp:39:16:[m[K [01;35m[Kwarning: [m[Kthe address of ‘[01m[Kint socket(int, int, int)[m[K’ will never be NULL [-Waddress]
   if(socket == 0)
[01;32m[K                ^[m[K
[  9%] [32m[1mLinking CXX executable devel/lib/vehicle_socket/rs232_microbus_can_receiver[0m
[  9%] Built target rs232_microbus_can_receiver
[35m[1mScanning dependencies of target kvaser_microbus_can_sender_stroke[0m
[ 13%] [32mBuilding CXX object CMakeFiles/kvaser_microbus_can_sender_stroke.dir/nodes/kvaser_microbus_can_sender/kvaser_microbus_can_sender_stroke.cpp.o[0m
In file included from [01m[K/home/autoware/Autoware_1.11.0_sai_edit/ros/src/socket/packages/vehicle_socket/nodes/kvaser_microbus_can_sender/kvaser_microbus_can_sender_stroke.cpp:31:0[m[K:
[01m[K/home/autoware/Autoware_1.11.0_sai_edit/ros/src/socket/packages/vehicle_socket/include/kvaser_can.h:[m[K In constructor ‘[01m[KKVASER_CAN::KVASER_CAN()[m[K’:
[01m[K/home/autoware/Autoware_1.11.0_sai_edit/ros/src/socket/packages/vehicle_socket/include/kvaser_can.h:11:15:[m[K [01;35m[Kwarning: [m[K‘[01m[KKVASER_CAN::msgCounter_[m[K’ will be initialized after [-Wreorder]
  unsigned int msgCounter_;
[01;32m[K               ^[m[K
[01m[K/home/autoware/Autoware_1.11.0_sai_edit/ros/src/socket/packages/vehicle_socket/include/kvaser_can.h:10:7:[m[K [01;35m[Kwarning: [m[K  ‘[01m[Kbool KVASER_CAN::open_flag_[m[K’ [-Wreorder]
  bool open_flag_;
[01;32m[K       ^[m[K
[01m[K/home/autoware/Autoware_1.11.0_sai_edit/ros/src/socket/packages/vehicle_socket/include/kvaser_can.h:17:2:[m[K [01;35m[Kwarning: [m[K  when initialized here [-Wreorder]
  KVASER_CAN()
[01;32m[K  ^[m[K
[01m[K/home/autoware/Autoware_1.11.0_sai_edit/ros/src/socket/packages/vehicle_socket/include/kvaser_can.h:20:24:[m[K [01;35m[Kwarning: [m[Kconverting to non-pointer type ‘[01m[KcanHandle {aka int}[m[K’ from NULL [-Wconversion-null]
      , open_flag_(false)
[01;32m[K                        ^[m[K
[01m[K/home/autoware/Autoware_1.11.0_sai_edit/ros/src/socket/packages/vehicle_socket/nodes/kvaser_microbus_can_sender/kvaser_microbus_can_sender_stroke.cpp:[m[K In member function ‘[01m[Kint PID_params::init(double)[m[K’:
[01m[K/home/autoware/Autoware_1.11.0_sai_edit/ros/src/socket/packages/vehicle_socket/nodes/kvaser_microbus_can_sender/kvaser_microbus_can_sender_stroke.cpp:68:2:[m[K [01;35m[Kwarning: [m[Kno return statement in function returning non-void [-Wreturn-type]
  }
[01;32m[K  ^[m[K
[01m[K/home/autoware/Autoware_1.11.0_sai_edit/ros/src/socket/packages/vehicle_socket/nodes/kvaser_microbus_can_sender/kvaser_microbus_can_sender_stroke.cpp:[m[K In member function ‘[01m[Kconst LIMIT_ANGLE_FROM_VELOCITY_STRUCT LIMIT_ANGLE_FROM_VELOCITY_CLASS::getLimit(double)[m[K’:
[01m[K/home/autoware/Autoware_1.11.0_sai_edit/ros/src/socket/packages/vehicle_socket/nodes/kvaser_microbus_can_sender/kvaser_microbus_can_sender_stroke.cpp:172:16:[m[K [01;35m[Kwarning: [m[Kcomparison between signed and unsigned integer expressions [-Wsign-compare]
   for(int i=0;i<lafvs.size()-1;i++)
[01;32m[K                ^[m[K
[01m[K/home/autoware/Autoware_1.11.0_sai_edit/ros/src/socket/packages/vehicle_socket/nodes/kvaser_microbus_can_sender/kvaser_microbus_can_sender_stroke.cpp:[m[K In member function ‘[01m[Kvoid kvaser_can_sender::NdtGnssCheck()[m[K’:
[01m[K/home/autoware/Autoware_1.11.0_sai_edit/ros/src/socket/packages/vehicle_socket/nodes/kvaser_microbus_can_sender/kvaser_microbus_can_sender_stroke.cpp:366:10:[m[K [01;35m[Kwarning: [m[Kunused variable ‘[01m[Kdistance[m[K’ [-Wunused-variable]
   double distance = sqrt((ndtx - gnssx) * (ndtx -gnssx) + (ndty - gnssy) * (ndty -gnssy));
[01;32m[K          ^[m[K
[01m[K/home/autoware/Autoware_1.11.0_sai_edit/ros/src/socket/packages/vehicle_socket/nodes/kvaser_microbus_can_sender/kvaser_microbus_can_sender_stroke.cpp:[m[K In member function ‘[01m[Kvoid kvaser_can_sender::callbackLidarDetectorObjects(const ConstPtr&)[m[K’:
[01m[K/home/autoware/Autoware_1.11.0_sai_edit/ros/src/socket/packages/vehicle_socket/nodes/kvaser_microbus_can_sender/kvaser_microbus_can_sender_stroke.cpp:443:25:[m[K [01;35m[Kwarning: [m[Kcomparison between signed and unsigned integer expressions [-Wsign-compare]
   for(int obj_i=0; obj_i<msg->objects.size(); obj_i++)
[01;32m[K                         ^[m[K
[01m[K/home/autoware/Autoware_1.11.0_sai_edit/ros/src/socket/packages/vehicle_socket/nodes/kvaser_microbus_can_sender/kvaser_microbus_can_sender_stroke.cpp:[m[K In member function ‘[01m[Kvoid kvaser_can_sender::TwistPoseCallback(const TwistStampedConstPtr&, const PoseStampedConstPtr&)[m[K’:
[01m[K/home/autoware/Autoware_1.11.0_sai_edit/ros/src/socket/packages/vehicle_socket/nodes/kvaser_microbus_can_sender/kvaser_microbus_can_sender_stroke.cpp:592:25:[m[K [01;35m[Kwarning: [m[Kcomparison between signed and unsigned integer expressions [-Wsign-compare]
   for(vec_cou=0; vec_cou<acceleration_vec1_.size(); vec_cou++)
[01;32m[K                         ^[m[K
[01m[K/home/autoware/Autoware_1.11.0_sai_edit/ros/src/socket/packages/vehicle_socket/nodes/kvaser_microbus_can_sender/kvaser_microbus_can_sender_stroke.cpp:603:25:[m[K [01;35m[Kwarning: [m[Kcomparison between signed and unsigned integer expressions [-Wsign-compare]
   for(vec_cou=0; vec_cou<acceleration_vec2_.size(); vec_cou++)
[01;32m[K                         ^[m[K
[01m[K/home/autoware/Autoware_1.11.0_sai_edit/ros/src/socket/packages/vehicle_socket/nodes/kvaser_microbus_can_sender/kvaser_microbus_can_sender_stroke.cpp:581:16:[m[K [01;35m[Kwarning: [m[Kunused variable ‘[01m[Kx[m[K’ [-Wunused-variable]
   const double x =
[01;32m[K                ^[m[K
[01m[K/home/autoware/Autoware_1.11.0_sai_edit/ros/src/socket/packages/vehicle_socket/nodes/kvaser_microbus_can_sender/kvaser_microbus_can_sender_stroke.cpp:585:10:[m[K [01;35m[Kwarning: [m[Kunused variable ‘[01m[Kv_sa[m[K’ [-Wunused-variable]
   double v_sa = v * v - v0 * v0;
[01;32m[K          ^[m[K
[01m[K/home/autoware/Autoware_1.11.0_sai_edit/ros/src/socket/packages/vehicle_socket/nodes/kvaser_microbus_can_sender/kvaser_microbus_can_sender_stroke.cpp:[m[K In member function ‘[01m[Kvoid kvaser_can_sender::bufset_steer(unsigned char*)[m[K’:
[01m[K/home/autoware/Autoware_1.11.0_sai_edit/ros/src/socket/packages/vehicle_socket/nodes/kvaser_microbus_can_sender/kvaser_microbus_can_sender_stroke.cpp:977:11:[m[K [01;35m[Kwarning: [m[Kunused variable ‘[01m[Kratio[m[K’ [-Wunused-variable]
    double ratio = ((handle_control_ratio - 1.0) * (zisoku - handle_control_min_speed))
[01;32m[K           ^[m[K
[01m[K/home/autoware/Autoware_1.11.0_sai_edit/ros/src/socket/packages/vehicle_socket/nodes/kvaser_microbus_can_sender/kvaser_microbus_can_sender_stroke.cpp:[m[K In member function ‘[01m[Kvoid kvaser_can_sender::bufset_drive(unsigned char*, double, double, double)[m[K’:
[01m[K/home/autoware/Autoware_1.11.0_sai_edit/ros/src/socket/packages/vehicle_socket/nodes/kvaser_microbus_can_sender/kvaser_microbus_can_sender_stroke.cpp:1456:13:[m[K [01;35m[Kwarning: [m[Ksuggest parentheses around ‘[01m[K&&[m[K’ within ‘[01m[K||[m[K’ [-Wparentheses]
             && fabs(cmd_velocity) > 0.0 || (stopper_distance_>=0 && stopper_distance_ <=current_velocity) )
[01;32m[K             ^[m[K
[01m[K/home/autoware/Autoware_1.11.0_sai_edit/ros/src/socket/packages/vehicle_socket/nodes/kvaser_microbus_can_sender/kvaser_microbus_can_sender_stroke.cpp:[m[K In constructor ‘[01m[Kkvaser_can_sender::kvaser_can_sender(ros::NodeHandle, ros::NodeHandle)[m[K’:
[01m[K/home/autoware/Autoware_1.11.0_sai_edit/ros/src/socket/packages/vehicle_socket/nodes/kvaser_microbus_can_sender/kvaser_microbus_can_sender_stroke.cpp:309:22:[m[K [01;35m[Kwarning: [m[K‘[01m[Kkvaser_can_sender::input_drive_[m[K’ will be initialized after [-Wreorder]
  short input_steer_, input_drive_;
[01;32m[K                      ^[m[K
[01m[K/home/autoware/Autoware_1.11.0_sai_edit/ros/src/socket/packages/vehicle_socket/nodes/kvaser_microbus_can_sender/kvaser_microbus_can_sender_stroke.cpp:299:16:[m[K [01;35m[Kwarning: [m[K  ‘[01m[Kunsigned char kvaser_can_sender::drive_control_mode_[m[K’ [-Wreorder]
  unsigned char drive_control_mode_;
[01;32m[K                ^[m[K
[01m[K/home/autoware/Autoware_1.11.0_sai_edit/ros/src/socket/packages/vehicle_socket/nodes/kvaser_microbus_can_sender/kvaser_microbus_can_sender_stroke.cpp:1595:2:[m[K [01;35m[Kwarning: [m[K  when initialized here [-Wreorder]
  kvaser_can_sender(ros::NodeHandle nh, ros::NodeHandle p_nh)
[01;32m[K  ^[m[K
[01m[K/home/autoware/Autoware_1.11.0_sai_edit/ros/src/socket/packages/vehicle_socket/nodes/kvaser_microbus_can_sender/kvaser_microbus_can_sender_stroke.cpp:315:38:[m[K [01;35m[Kwarning: [m[K‘[01m[Kkvaser_can_sender::blinker_stop_[m[K’ will be initialized after [-Wreorder]
  bool blinker_right_, blinker_left_, blinker_stop_;
[01;32m[K                                      ^[m[K
[01m[K/home/autoware/Autoware_1.11.0_sai_edit/ros/src/socket/packages/vehicle_socket/nodes/kvaser_microbus_can_sender/kvaser_microbus_can_sender_stroke.cpp:312:63:[m[K [01;35m[Kwarning: [m[K  ‘[01m[Kunsigned char kvaser_can_sender::automatic_door_[m[K’ [-Wreorder]
  unsigned char shift_position_, drive_clutch_, steer_clutch_, automatic_door_;
[01;32m[K                                                               ^[m[K
[01m[K/home/autoware/Autoware_1.11.0_sai_edit/ros/src/socket/packages/vehicle_socket/nodes/kvaser_microbus_can_sender/kvaser_microbus_can_sender_stroke.cpp:1595:2:[m[K [01;35m[Kwarning: [m[K  when initialized here [-Wreorder]
  kvaser_can_sender(ros::NodeHandle nh, ros::NodeHandle p_nh)
[01;32m[K  ^[m[K
[01m[K/home/autoware/Autoware_1.11.0_sai_edit/ros/src/socket/packages/vehicle_socket/nodes/kvaser_microbus_can_sender/kvaser_microbus_can_sender_stroke.cpp:312:63:[m[K [01;35m[Kwarning: [m[K‘[01m[Kkvaser_can_sender::automatic_door_[m[K’ will be initialized after [-Wreorder]
  unsigned char shift_position_, drive_clutch_, steer_clutch_, automatic_door_;
[01;32m[K                                                               ^[m[K
[01m[K/home/autoware/Autoware_1.11.0_sai_edit/ros/src/socket/packages/vehicle_socket/nodes/kvaser_microbus_can_sender/kvaser_microbus_can_sender_stroke.cpp:312:33:[m[K [01;35m[Kwarning: [m[K  ‘[01m[Kunsigned char kvaser_can_sender::drive_clutch_[m[K’ [-Wreorder]
  unsigned char shift_position_, drive_clutch_, steer_clutch_, automatic_door_;
[01;32m[K                                 ^[m[K
[01m[K/home/autoware/Autoware_1.11.0_sai_edit/ros/src/socket/packages/vehicle_socket/nodes/kvaser_microbus_can_sender/kvaser_microbus_can_sender_stroke.cpp:1595:2:[m[K [01;35m[Kwarning: [m[K  when initialized here [-Wreorder]
  kvaser_can_sender(ros::NodeHandle nh, ros::NodeHandle p_nh)
[01;32m[K  ^[m[K
[01m[K/home/autoware/Autoware_1.11.0_sai_edit/ros/src/socket/packages/vehicle_socket/nodes/kvaser_microbus_can_sender/kvaser_microbus_can_sender_stroke.cpp:312:48:[m[K [01;35m[Kwarning: [m[K‘[01m[Kkvaser_can_sender::steer_clutch_[m[K’ will be initialized after [-Wreorder]
  unsigned char shift_position_, drive_clutch_, steer_clutch_, automatic_door_;
[01;32m[K                                                ^[m[K
[01m[K/home/autoware/Autoware_1.11.0_sai_edit/ros/src/socket/packages/vehicle_socket/nodes/kvaser_microbus_can_sender/kvaser_microbus_can_sender_stroke.cpp:256:6:[m[K [01;35m[Kwarning: [m[K  ‘[01m[Kint kvaser_can_sender::config_result[m[K’ [-Wreorder]
  int config_result;
[01;32m[K      ^[m[K
[01m[K/home/autoware/Autoware_1.11.0_sai_edit/ros/src/socket/packages/vehicle_socket/nodes/kvaser_microbus_can_sender/kvaser_microbus_can_sender_stroke.cpp:1595:2:[m[K [01;35m[Kwarning: [m[K  when initialized here [-Wreorder]
  kvaser_can_sender(ros::NodeHandle nh, ros::NodeHandle p_nh)
[01;32m[K  ^[m[K
[01m[K/home/autoware/Autoware_1.11.0_sai_edit/ros/src/socket/packages/vehicle_socket/nodes/kvaser_microbus_can_sender/kvaser_microbus_can_sender_stroke.cpp:321:26:[m[K [01;35m[Kwarning: [m[K‘[01m[Kkvaser_can_sender::use_acceleration_data_[m[K’ will be initialized after [-Wreorder]
  int use_velocity_data_, use_acceleration_data_;
[01;32m[K                          ^[m[K
[01m[K/home/autoware/Autoware_1.11.0_sai_edit/ros/src/socket/packages/vehicle_socket/nodes/kvaser_microbus_can_sender/kvaser_microbus_can_sender_stroke.cpp:318:9:[m[K [01;35m[Kwarning: [m[K  ‘[01m[Kdouble kvaser_can_sender::stopper_distance_[m[K’ [-Wreorder]
  double stopper_distance_;
[01;32m[K         ^[m[K
[01m[K/home/autoware/Autoware_1.11.0_sai_edit/ros/src/socket/packages/vehicle_socket/nodes/kvaser_microbus_can_sender/kvaser_microbus_can_sender_stroke.cpp:1595:2:[m[K [01;35m[Kwarning: [m[K  when initialized here [-Wreorder]
  kvaser_can_sender(ros::NodeHandle nh, ros::NodeHandle p_nh)
[01;32m[K  ^[m[K
[01m[K/home/autoware/Autoware_1.11.0_sai_edit/ros/src/socket/packages/vehicle_socket/nodes/kvaser_microbus_can_sender/kvaser_microbus_can_sender_stroke.cpp:318:9:[m[K [01;35m[Kwarning: [m[K‘[01m[Kkvaser_can_sender::stopper_distance_[m[K’ will be initialized after [-Wreorder]
  double stopper_distance_;
[01;32m[K         ^[m[K
[01m[K/home/autoware/Autoware_1.11.0_sai_edit/ros/src/socket/packages/vehicle_socket/nodes/kvaser_microbus_can_sender/kvaser_microbus_can_sender_stroke.cpp:306:9:[m[K [01;35m[Kwarning: [m[K  ‘[01m[Kdouble kvaser_can_sender::acceleration1_twist_[m[K’ [-Wreorder]
  double acceleration1_twist_, acceleration2_twist_, jurk1_twist_, jurk2_twist_;
[01;32m[K         ^[m[K
[01m[K/home/autoware/Autoware_1.11.0_sai_edit/ros/src/socket/packages/vehicle_socket/nodes/kvaser_microbus_can_sender/kvaser_microbus_can_sender_stroke.cpp:1595:2:[m[K [01;35m[Kwarning: [m[K  when initialized here [-Wreorder]
  kvaser_can_sender(ros::NodeHandle nh, ros::NodeHandle p_nh)
[01;32m[K  ^[m[K
[ 18%] [32m[1mLinking CXX executable devel/lib/vehicle_socket/kvaser_microbus_can_sender_stroke[0m
[ 18%] Built target kvaser_microbus_can_sender_stroke
[35m[1mScanning dependencies of target kvaser_microbus_can_receiver[0m
[ 22%] [32mBuilding CXX object CMakeFiles/kvaser_microbus_can_receiver.dir/nodes/kvaser_microbus_can_receiver/kvaser_microbus_can_receiver.cpp.o[0m
In file included from [01m[K/home/autoware/Autoware_1.11.0_sai_edit/ros/src/socket/packages/vehicle_socket/nodes/kvaser_microbus_can_receiver/kvaser_microbus_can_receiver.cpp:5:0[m[K:
[01m[K/home/autoware/Autoware_1.11.0_sai_edit/ros/src/socket/packages/vehicle_socket/include/kvaser_can.h:[m[K In constructor ‘[01m[KKVASER_CAN::KVASER_CAN()[m[K’:
[01m[K/home/autoware/Autoware_1.11.0_sai_edit/ros/src/socket/packages/vehicle_socket/include/kvaser_can.h:11:15:[m[K [01;35m[Kwarning: [m[K‘[01m[KKVASER_CAN::msgCounter_[m[K’ will be initialized after [-Wreorder]
  unsigned int msgCounter_;
[01;32m[K               ^[m[K
[01m[K/home/autoware/Autoware_1.11.0_sai_edit/ros/src/socket/packages/vehicle_socket/include/kvaser_can.h:10:7:[m[K [01;35m[Kwarning: [m[K  ‘[01m[Kbool KVASER_CAN::open_flag_[m[K’ [-Wreorder]
  bool open_flag_;
[01;32m[K       ^[m[K
[01m[K/home/autoware/Autoware_1.11.0_sai_edit/ros/src/socket/packages/vehicle_socket/include/kvaser_can.h:17:2:[m[K [01;35m[Kwarning: [m[K  when initialized here [-Wreorder]
  KVASER_CAN()
[01;32m[K  ^[m[K
[01m[K/home/autoware/Autoware_1.11.0_sai_edit/ros/src/socket/packages/vehicle_socket/include/kvaser_can.h:20:24:[m[K [01;35m[Kwarning: [m[Kconverting to non-pointer type ‘[01m[KcanHandle {aka int}[m[K’ from NULL [-Wconversion-null]
      , open_flag_(false)
[01;32m[K                        ^[m[K
[01m[K/home/autoware/Autoware_1.11.0_sai_edit/ros/src/socket/packages/vehicle_socket/nodes/kvaser_microbus_can_receiver/kvaser_microbus_can_receiver.cpp:[m[K In member function ‘[01m[Kvoid kvaser_can_receiver::read_wait()[m[K’:
[01m[K/home/autoware/Autoware_1.11.0_sai_edit/ros/src/socket/packages/vehicle_socket/nodes/kvaser_microbus_can_receiver/kvaser_microbus_can_receiver.cpp:114:17:[m[K [01;35m[Kwarning: [m[Ksuggest parentheses around comparison in operand of ‘[01m[K&[m[K’ [-Wparentheses]
      if(data[6] & 0x80 != 0) can.emergency_stop = 2;
[01;32m[K                 ^[m[K
[01m[K/home/autoware/Autoware_1.11.0_sai_edit/ros/src/socket/packages/vehicle_socket/nodes/kvaser_microbus_can_receiver/kvaser_microbus_can_receiver.cpp:115:22:[m[K [01;35m[Kwarning: [m[Ksuggest parentheses around comparison in operand of ‘[01m[K&[m[K’ [-Wparentheses]
      else if(data[6] & 0x40 != 0) can.emergency_stop = 1;
[01;32m[K                      ^[m[K
[01m[K/home/autoware/Autoware_1.11.0_sai_edit/ros/src/socket/packages/vehicle_socket/nodes/kvaser_microbus_can_receiver/kvaser_microbus_can_receiver.cpp:117:17:[m[K [01;35m[Kwarning: [m[Ksuggest parentheses around comparison in operand of ‘[01m[K&[m[K’ [-Wparentheses]
      if(data[6] & 0x20 != 0) can.side_brake = 2;
[01;32m[K                 ^[m[K
[01m[K/home/autoware/Autoware_1.11.0_sai_edit/ros/src/socket/packages/vehicle_socket/nodes/kvaser_microbus_can_receiver/kvaser_microbus_can_receiver.cpp:118:22:[m[K [01;35m[Kwarning: [m[Ksuggest parentheses around comparison in operand of ‘[01m[K&[m[K’ [-Wparentheses]
      else if(data[6] & 0x10 != 0) can.side_brake = 1;
[01;32m[K                      ^[m[K
[01m[K/home/autoware/Autoware_1.11.0_sai_edit/ros/src/socket/packages/vehicle_socket/nodes/kvaser_microbus_can_receiver/kvaser_microbus_can_receiver.cpp:120:17:[m[K [01;35m[Kwarning: [m[Ksuggest parentheses around comparison in operand of ‘[01m[K&[m[K’ [-Wparentheses]
      if(data[6] & 0x08 != 0) can.automatic_door = 2;
[01;32m[K                 ^[m[K
[01m[K/home/autoware/Autoware_1.11.0_sai_edit/ros/src/socket/packages/vehicle_socket/nodes/kvaser_microbus_can_receiver/kvaser_microbus_can_receiver.cpp:121:22:[m[K [01;35m[Kwarning: [m[Ksuggest parentheses around comparison in operand of ‘[01m[K&[m[K’ [-Wparentheses]
      else if(data[6] & 0x04 != 0) can.automatic_door = 1;
[01;32m[K                      ^[m[K
[01m[K/home/autoware/Autoware_1.11.0_sai_edit/ros/src/socket/packages/vehicle_socket/nodes/kvaser_microbus_can_receiver/kvaser_microbus_can_receiver.cpp:123:35:[m[K [01;35m[Kwarning: [m[Ksuggest parentheses around comparison in operand of ‘[01m[K&[m[K’ [-Wparentheses]
      can.blinker_right = (data[6] & 0x02 != 0) ? true : false;
[01;32m[K                                   ^[m[K
[01m[K/home/autoware/Autoware_1.11.0_sai_edit/ros/src/socket/packages/vehicle_socket/nodes/kvaser_microbus_can_receiver/kvaser_microbus_can_receiver.cpp:124:34:[m[K [01;35m[Kwarning: [m[Ksuggest parentheses around comparison in operand of ‘[01m[K&[m[K’ [-Wparentheses]
      can.blinker_left = (data[6] & 0x01 != 0) ? true : false;
[01;32m[K                                  ^[m[K
[01m[K/home/autoware/Autoware_1.11.0_sai_edit/ros/src/socket/packages/vehicle_socket/nodes/kvaser_microbus_can_receiver/kvaser_microbus_can_receiver.cpp:70:20:[m[K [01;35m[Kwarning: [m[Kunused variable ‘[01m[Kdmode0[m[K’ [-Wunused-variable]
      unsigned char dmode0 = data[0] & 0x0F;
[01;32m[K                    ^[m[K
[01m[K/home/autoware/Autoware_1.11.0_sai_edit/ros/src/socket/packages/vehicle_socket/nodes/kvaser_microbus_can_receiver/kvaser_microbus_can_receiver.cpp:109:21:[m[K [01;35m[Kwarning: [m[Kunused variable ‘[01m[Kstroke_tmp[m[K’ [-Wunused-variable]
      unsigned char *stroke_tmp = (unsigned char*)&can.pedal;
[01;32m[K                     ^[m[K
[01m[K/home/autoware/Autoware_1.11.0_sai_edit/ros/src/socket/packages/vehicle_socket/nodes/kvaser_microbus_can_receiver/kvaser_microbus_can_receiver.cpp:163:36:[m[K [01;35m[Kwarning: [m[Kcomparison between signed and unsigned integer expressions [-Wsign-compare]
       if(acceleration_list_.size() > list_pushback_size) acceleration_list_.resize(list_pushback_size);
[01;32m[K                                    ^[m[K
[01m[K/home/autoware/Autoware_1.11.0_sai_edit/ros/src/socket/packages/vehicle_socket/nodes/kvaser_microbus_can_receiver/kvaser_microbus_can_receiver.cpp:165:21:[m[K [01;35m[Kwarning: [m[Kcomparison between signed and unsigned integer expressions [-Wsign-compare]
       for(int i=0; i<acceleration_list_.size(); i++) sum += acceleration_list_[i];
[01;32m[K                     ^[m[K
[01m[K/home/autoware/Autoware_1.11.0_sai_edit/ros/src/socket/packages/vehicle_socket/nodes/kvaser_microbus_can_receiver/kvaser_microbus_can_receiver.cpp:176:31:[m[K [01;35m[Kwarning: [m[Kcomparison between signed and unsigned integer expressions [-Wsign-compare]
      if(velocity_list_.size() > list_pushback_size) velocity_list_.resize(list_pushback_size);
[01;32m[K                               ^[m[K
[01m[K/home/autoware/Autoware_1.11.0_sai_edit/ros/src/socket/packages/vehicle_socket/nodes/kvaser_microbus_can_receiver/kvaser_microbus_can_receiver.cpp:178:20:[m[K [01;35m[Kwarning: [m[Kcomparison between signed and unsigned integer expressions [-Wsign-compare]
      for(int i=0; i<velocity_list_.size(); i++) sum += velocity_list_[i];
[01;32m[K                    ^[m[K
[01m[K/home/autoware/Autoware_1.11.0_sai_edit/ros/src/socket/packages/vehicle_socket/nodes/kvaser_microbus_can_receiver/kvaser_microbus_can_receiver.cpp:191:28:[m[K [01;35m[Kwarning: [m[Kcomparison between signed and unsigned integer expressions [-Wsign-compare]
      if(angle_list_.size() == list_pushback_size) angle_list_.resize(list_pushback_size);
[01;32m[K                            ^[m[K
[01m[K/home/autoware/Autoware_1.11.0_sai_edit/ros/src/socket/packages/vehicle_socket/nodes/kvaser_microbus_can_receiver/kvaser_microbus_can_receiver.cpp:156:12:[m[K [01;35m[Kwarning: [m[Kunused variable ‘[01m[Kacceleration[m[K’ [-Wunused-variable]
      short acceleration = 0;
[01;32m[K            ^[m[K
[01m[K/home/autoware/Autoware_1.11.0_sai_edit/ros/src/socket/packages/vehicle_socket/nodes/kvaser_microbus_can_receiver/kvaser_microbus_can_receiver.cpp:195:20:[m[K [01;35m[Kwarning: [m[Kunused variable ‘[01m[Kstatus0[m[K’ [-Wunused-variable]
      unsigned char status0 = data[0],  status1 = data[1];
[01;32m[K                    ^[m[K
[01m[K/home/autoware/Autoware_1.11.0_sai_edit/ros/src/socket/packages/vehicle_socket/nodes/kvaser_microbus_can_receiver/kvaser_microbus_can_receiver.cpp:221:20:[m[K [01;35m[Kwarning: [m[Kunused variable ‘[01m[Kstatus0[m[K’ [-Wunused-variable]
      unsigned char status0 = data[0],  status1 = data[1];
[01;32m[K                    ^[m[K
[ 27%] [32m[1mLinking CXX executable devel/lib/vehicle_socket/kvaser_microbus_can_receiver[0m
[ 27%] Built target kvaser_microbus_can_receiver
[35m[1mScanning dependencies of target kvaser_prius_can_sender[0m
[ 31%] [32mBuilding CXX object CMakeFiles/kvaser_prius_can_sender.dir/nodes/kvaser_prius_can_sender/kvaser_prius_can_sender.cpp.o[0m
In file included from [01m[K/home/autoware/Autoware_1.11.0_sai_edit/ros/src/socket/packages/vehicle_socket/nodes/kvaser_prius_can_sender/kvaser_prius_can_sender.cpp:2:0[m[K:
[01m[K/home/autoware/Autoware_1.11.0_sai_edit/ros/src/socket/packages/vehicle_socket/include/kvaser_can.h:[m[K In constructor ‘[01m[KKVASER_CAN::KVASER_CAN()[m[K’:
[01m[K/home/autoware/Autoware_1.11.0_sai_edit/ros/src/socket/packages/vehicle_socket/include/kvaser_can.h:11:15:[m[K [01;35m[Kwarning: [m[K‘[01m[KKVASER_CAN::msgCounter_[m[K’ will be initialized after [-Wreorder]
  unsigned int msgCounter_;
[01;32m[K               ^[m[K
[01m[K/home/autoware/Autoware_1.11.0_sai_edit/ros/src/socket/packages/vehicle_socket/include/kvaser_can.h:10:7:[m[K [01;35m[Kwarning: [m[K  ‘[01m[Kbool KVASER_CAN::open_flag_[m[K’ [-Wreorder]
  bool open_flag_;
[01;32m[K       ^[m[K
[01m[K/home/autoware/Autoware_1.11.0_sai_edit/ros/src/socket/packages/vehicle_socket/include/kvaser_can.h:17:2:[m[K [01;35m[Kwarning: [m[K  when initialized here [-Wreorder]
  KVASER_CAN()
[01;32m[K  ^[m[K
[01m[K/home/autoware/Autoware_1.11.0_sai_edit/ros/src/socket/packages/vehicle_socket/include/kvaser_can.h:20:24:[m[K [01;35m[Kwarning: [m[Kconverting to non-pointer type ‘[01m[KcanHandle {aka int}[m[K’ from NULL [-Wconversion-null]
      , open_flag_(false)
[01;32m[K                        ^[m[K
[01m[K/home/autoware/Autoware_1.11.0_sai_edit/ros/src/socket/packages/vehicle_socket/nodes/kvaser_prius_can_sender/kvaser_prius_can_sender.cpp:[m[K In function ‘[01m[Kint main(int, char**)[m[K’:
[01m[K/home/autoware/Autoware_1.11.0_sai_edit/ros/src/socket/packages/vehicle_socket/nodes/kvaser_prius_can_sender/kvaser_prius_can_sender.cpp:34:7:[m[K [01;35m[Kwarning: [m[Kunused variable ‘[01m[Kuse_position_checker[m[K’ [-Wunused-variable]
  bool use_position_checker;
[01;32m[K       ^[m[K
[ 36%] [32m[1mLinking CXX executable devel/lib/vehicle_socket/kvaser_prius_can_sender[0m
[ 36%] Built target kvaser_prius_can_sender
[35m[1mScanning dependencies of target kvaser_prius_can_receiver[0m
[ 40%] [32mBuilding CXX object CMakeFiles/kvaser_prius_can_receiver.dir/nodes/kvaser_prius_can_receiver/kvaser_prius_can_receiver.cpp.o[0m
In file included from [01m[K/home/autoware/Autoware_1.11.0_sai_edit/ros/src/socket/packages/vehicle_socket/nodes/kvaser_prius_can_receiver/kvaser_prius_can_receiver.cpp:2:0[m[K:
[01m[K/home/autoware/Autoware_1.11.0_sai_edit/ros/src/socket/packages/vehicle_socket/include/kvaser_can.h:[m[K In constructor ‘[01m[KKVASER_CAN::KVASER_CAN()[m[K’:
[01m[K/home/autoware/Autoware_1.11.0_sai_edit/ros/src/socket/packages/vehicle_socket/include/kvaser_can.h:11:15:[m[K [01;35m[Kwarning: [m[K‘[01m[KKVASER_CAN::msgCounter_[m[K’ will be initialized after [-Wreorder]
  unsigned int msgCounter_;
[01;32m[K               ^[m[K
[01m[K/home/autoware/Autoware_1.11.0_sai_edit/ros/src/socket/packages/vehicle_socket/include/kvaser_can.h:10:7:[m[K [01;35m[Kwarning: [m[K  ‘[01m[Kbool KVASER_CAN::open_flag_[m[K’ [-Wreorder]
  bool open_flag_;
[01;32m[K       ^[m[K
[01m[K/home/autoware/Autoware_1.11.0_sai_edit/ros/src/socket/packages/vehicle_socket/include/kvaser_can.h:17:2:[m[K [01;35m[Kwarning: [m[K  when initialized here [-Wreorder]
  KVASER_CAN()
[01;32m[K  ^[m[K
[01m[K/home/autoware/Autoware_1.11.0_sai_edit/ros/src/socket/packages/vehicle_socket/include/kvaser_can.h:20:24:[m[K [01;35m[Kwarning: [m[Kconverting to non-pointer type ‘[01m[KcanHandle {aka int}[m[K’ from NULL [-Wconversion-null]
      , open_flag_(false)
[01;32m[K                        ^[m[K
[01m[K/home/autoware/Autoware_1.11.0_sai_edit/ros/src/socket/packages/vehicle_socket/nodes/kvaser_prius_can_receiver/kvaser_prius_can_receiver.cpp:[m[K In member function ‘[01m[Kvoid kvaser_can_receiver::read_wait()[m[K’:
[01m[K/home/autoware/Autoware_1.11.0_sai_edit/ros/src/socket/packages/vehicle_socket/nodes/kvaser_prius_can_receiver/kvaser_prius_can_receiver.cpp:26:13:[m[K [01;35m[Kwarning: [m[Kunused variable ‘[01m[Kres[m[K’ [-Wunused-variable]
   canStatus res = kc.read_wait(100);
[01;32m[K             ^[m[K
[01m[K/home/autoware/Autoware_1.11.0_sai_edit/ros/src/socket/packages/vehicle_socket/nodes/kvaser_prius_can_receiver/kvaser_prius_can_receiver.cpp:29:8:[m[K [01;35m[Kwarning: [m[Kunused variable ‘[01m[Kid_high[m[K’ [-Wunused-variable]
   long id_high = id >> 6;
[01;32m[K        ^[m[K
[01m[K/home/autoware/Autoware_1.11.0_sai_edit/ros/src/socket/packages/vehicle_socket/nodes/kvaser_prius_can_receiver/kvaser_prius_can_receiver.cpp:30:8:[m[K [01;35m[Kwarning: [m[Kunused variable ‘[01m[Kid_low[m[K’ [-Wunused-variable]
   long id_low = id & 0x3F;
[01;32m[K        ^[m[K
[ 45%] [32m[1mLinking CXX executable devel/lib/vehicle_socket/kvaser_prius_can_receiver[0m
[ 45%] Built target kvaser_prius_can_receiver
[35m[1mScanning dependencies of target canusbz_prius_can_receiver[0m
[ 50%] [32mBuilding CXX object CMakeFiles/canusbz_prius_can_receiver.dir/nodes/canusbz_prius_can_receiver/canusbz_prius_can_receiver.cpp.o[0m
[ 54%] [32m[1mLinking CXX executable devel/lib/vehicle_socket/canusbz_prius_can_receiver[0m
[ 54%] Built target canusbz_prius_can_receiver
[35m[1mScanning dependencies of target vehicle_receiver[0m
[ 59%] [32mBuilding CXX object CMakeFiles/vehicle_receiver.dir/nodes/vehicle_receiver/vehicle_receiver.cpp.o[0m
[ 63%] [32m[1mLinking CXX executable devel/lib/vehicle_socket/vehicle_receiver[0m
[ 63%] Built target vehicle_receiver
[35m[1mScanning dependencies of target bus_socket[0m
[ 68%] [32mBuilding CXX object CMakeFiles/bus_socket.dir/nodes/bus_socket/bus_socket.cpp.o[0m
[ 72%] [32mBuilding CXX object CMakeFiles/bus_socket.dir/nodes/bus_socket/estima.cpp.o[0m
[ 77%] [32mBuilding CXX object CMakeFiles/bus_socket.dir/nodes/bus_socket/canif.cpp.o[0m
[ 81%] [32m[1mLinking CXX executable devel/lib/vehicle_socket/bus_socket[0m
[ 81%] Built target bus_socket
[35m[1mScanning dependencies of target kvaser_microbus_can_sender[0m
[ 86%] [32mBuilding CXX object CMakeFiles/kvaser_microbus_can_sender.dir/nodes/kvaser_microbus_can_sender/kvaser_microbus_can_sender.cpp.o[0m
In file included from [01m[K/home/autoware/Autoware_1.11.0_sai_edit/ros/src/socket/packages/vehicle_socket/nodes/kvaser_microbus_can_sender/kvaser_microbus_can_sender.cpp:19:0[m[K:
[01m[K/home/autoware/Autoware_1.11.0_sai_edit/ros/src/socket/packages/vehicle_socket/include/kvaser_can.h:[m[K In constructor ‘[01m[KKVASER_CAN::KVASER_CAN()[m[K’:
[01m[K/home/autoware/Autoware_1.11.0_sai_edit/ros/src/socket/packages/vehicle_socket/include/kvaser_can.h:11:15:[m[K [01;35m[Kwarning: [m[K‘[01m[KKVASER_CAN::msgCounter_[m[K’ will be initialized after [-Wreorder]
  unsigned int msgCounter_;
[01;32m[K               ^[m[K
[01m[K/home/autoware/Autoware_1.11.0_sai_edit/ros/src/socket/packages/vehicle_socket/include/kvaser_can.h:10:7:[m[K [01;35m[Kwarning: [m[K  ‘[01m[Kbool KVASER_CAN::open_flag_[m[K’ [-Wreorder]
  bool open_flag_;
[01;32m[K       ^[m[K
[01m[K/home/autoware/Autoware_1.11.0_sai_edit/ros/src/socket/packages/vehicle_socket/include/kvaser_can.h:17:2:[m[K [01;35m[Kwarning: [m[K  when initialized here [-Wreorder]
  KVASER_CAN()
[01;32m[K  ^[m[K
[01m[K/home/autoware/Autoware_1.11.0_sai_edit/ros/src/socket/packages/vehicle_socket/include/kvaser_can.h:20:24:[m[K [01;35m[Kwarning: [m[Kconverting to non-pointer type ‘[01m[KcanHandle {aka int}[m[K’ from NULL [-Wconversion-null]
      , open_flag_(false)
[01;32m[K                        ^[m[K
[01m[K/home/autoware/Autoware_1.11.0_sai_edit/ros/src/socket/packages/vehicle_socket/nodes/kvaser_microbus_can_sender/kvaser_microbus_can_sender.cpp:[m[K In member function ‘[01m[Kconst LIMIT_ANGLE_FROM_VELOCITY_STRUCT LIMIT_ANGLE_FROM_VELOCITY_CLASS::getLimit(double)[m[K’:
[01m[K/home/autoware/Autoware_1.11.0_sai_edit/ros/src/socket/packages/vehicle_socket/nodes/kvaser_microbus_can_sender/kvaser_microbus_can_sender.cpp:71:16:[m[K [01;35m[Kwarning: [m[Kcomparison between signed and unsigned integer expressions [-Wsign-compare]
   for(int i=0;i<lafvs.size()-1;i++)
[01;32m[K                ^[m[K
[01m[K/home/autoware/Autoware_1.11.0_sai_edit/ros/src/socket/packages/vehicle_socket/nodes/kvaser_microbus_can_sender/kvaser_microbus_can_sender.cpp:[m[K In member function ‘[01m[Kvoid kvaser_can_sender::bufset_steer(unsigned char*)[m[K’:
[01m[K/home/autoware/Autoware_1.11.0_sai_edit/ros/src/socket/packages/vehicle_socket/nodes/kvaser_microbus_can_sender/kvaser_microbus_can_sender.cpp:706:11:[m[K [01;35m[Kwarning: [m[Kunused variable ‘[01m[Kratio[m[K’ [-Wunused-variable]
    double ratio = ((handle_control_ratio - 1.0) * (zisoku - handle_control_min_speed))
[01;32m[K           ^[m[K
[01m[K/home/autoware/Autoware_1.11.0_sai_edit/ros/src/socket/packages/vehicle_socket/nodes/kvaser_microbus_can_sender/kvaser_microbus_can_sender.cpp:[m[K In member function ‘[01m[Kvoid kvaser_can_sender::bufset_drive(unsigned char*)[m[K’:
[01m[K/home/autoware/Autoware_1.11.0_sai_edit/ros/src/socket/packages/vehicle_socket/nodes/kvaser_microbus_can_sender/kvaser_microbus_can_sender.cpp:808:19:[m[K [01;35m[Kwarning: [m[Kunused variable ‘[01m[Kpedal_val[m[K’ [-Wunused-variable]
     unsigned char pedal_val = pedal_;
[01;32m[K                   ^[m[K
[01m[K/home/autoware/Autoware_1.11.0_sai_edit/ros/src/socket/packages/vehicle_socket/nodes/kvaser_microbus_can_sender/kvaser_microbus_can_sender.cpp:[m[K In member function ‘[01m[Kdouble kvaser_can_sender::_accel_stroke_pid_control(double, double)[m[K’:
[01m[K/home/autoware/Autoware_1.11.0_sai_edit/ros/src/socket/packages/vehicle_socket/nodes/kvaser_microbus_can_sender/kvaser_microbus_can_sender.cpp:939:11:[m[K [01;35m[Kwarning: [m[Kunused variable ‘[01m[Ktarget_accel_stroke[m[K’ [-Wunused-variable]
    double target_accel_stroke;
[01;32m[K           ^[m[K
[01m[K/home/autoware/Autoware_1.11.0_sai_edit/ros/src/socket/packages/vehicle_socket/nodes/kvaser_microbus_can_sender/kvaser_microbus_can_sender.cpp:917:10:[m[K [01;35m[Kwarning: [m[Kunused variable ‘[01m[Ke_i[m[K’ [-Wunused-variable]
   double e_i;
[01;32m[K          ^[m[K
[01m[K/home/autoware/Autoware_1.11.0_sai_edit/ros/src/socket/packages/vehicle_socket/nodes/kvaser_microbus_can_sender/kvaser_microbus_can_sender.cpp:918:10:[m[K [01;35m[Kwarning: [m[Kvariable ‘[01m[Ke_d[m[K’ set but not used [-Wunused-but-set-variable]
   double e_d;
[01;32m[K          ^[m[K
[01m[K/home/autoware/Autoware_1.11.0_sai_edit/ros/src/socket/packages/vehicle_socket/nodes/kvaser_microbus_can_sender/kvaser_microbus_can_sender.cpp:919:10:[m[K [01;35m[Kwarning: [m[Kvariable ‘[01m[Kret[m[K’ set but not used [-Wunused-but-set-variable]
   double ret;
[01;32m[K          ^[m[K
[01m[K/home/autoware/Autoware_1.11.0_sai_edit/ros/src/socket/packages/vehicle_socket/nodes/kvaser_microbus_can_sender/kvaser_microbus_can_sender.cpp:961:2:[m[K [01;35m[Kwarning: [m[Kno return statement in function returning non-void [-Wreturn-type]
  }
[01;32m[K  ^[m[K
[01m[K/home/autoware/Autoware_1.11.0_sai_edit/ros/src/socket/packages/vehicle_socket/nodes/kvaser_microbus_can_sender/kvaser_microbus_can_sender.cpp:[m[K In member function ‘[01m[Kvoid kvaser_can_sender::StrokeControl(double, double)[m[K’:
[01m[K/home/autoware/Autoware_1.11.0_sai_edit/ros/src/socket/packages/vehicle_socket/nodes/kvaser_microbus_can_sender/kvaser_microbus_can_sender.cpp:998:12:[m[K [01;35m[Kwarning: [m[Kvariable ‘[01m[Kaccel_stroke[m[K’ set but not used [-Wunused-but-set-variable]
     double accel_stroke;
[01;32m[K            ^[m[K
[01m[K/home/autoware/Autoware_1.11.0_sai_edit/ros/src/socket/packages/vehicle_socket/nodes/kvaser_microbus_can_sender/kvaser_microbus_can_sender.cpp:[m[K In constructor ‘[01m[Kkvaser_can_sender::kvaser_can_sender(ros::NodeHandle, ros::NodeHandle, int)[m[K’:
[01m[K/home/autoware/Autoware_1.11.0_sai_edit/ros/src/socket/packages/vehicle_socket/nodes/kvaser_microbus_can_sender/kvaser_microbus_can_sender.cpp:165:22:[m[K [01;35m[Kwarning: [m[K‘[01m[Kkvaser_can_sender::input_drive_[m[K’ will be initialized after [-Wreorder]
  short input_steer_, input_drive_;
[01;32m[K                      ^[m[K
[01m[K/home/autoware/Autoware_1.11.0_sai_edit/ros/src/socket/packages/vehicle_socket/nodes/kvaser_microbus_can_sender/kvaser_microbus_can_sender.cpp:160:16:[m[K [01;35m[Kwarning: [m[K  ‘[01m[Kunsigned char kvaser_can_sender::drive_control_mode_[m[K’ [-Wreorder]
  unsigned char drive_control_mode_;
[01;32m[K                ^[m[K
[01m[K/home/autoware/Autoware_1.11.0_sai_edit/ros/src/socket/packages/vehicle_socket/nodes/kvaser_microbus_can_sender/kvaser_microbus_can_sender.cpp:1039:2:[m[K [01;35m[Kwarning: [m[K  when initialized here [-Wreorder]
  kvaser_can_sender(ros::NodeHandle nh, ros::NodeHandle p_nh, int kvaser_channel)
[01;32m[K  ^[m[K
[01m[K/home/autoware/Autoware_1.11.0_sai_edit/ros/src/socket/packages/vehicle_socket/nodes/kvaser_microbus_can_sender/kvaser_microbus_can_sender.cpp:896:12:[m[K [01;35m[Kwarning: [m[K‘[01m[Kkvaser_can_sender::proc_time[m[K’ will be initialized after [-Wreorder]
  ros::Time proc_time;
[01;32m[K            ^[m[K
[01m[K/home/autoware/Autoware_1.11.0_sai_edit/ros/src/socket/packages/vehicle_socket/nodes/kvaser_microbus_can_sender/kvaser_microbus_can_sender.cpp:167:7:[m[K [01;35m[Kwarning: [m[K  ‘[01m[Kbool kvaser_can_sender::shift_auto_[m[K’ [-Wreorder]
  bool shift_auto_;
[01;32m[K       ^[m[K
[01m[K/home/autoware/Autoware_1.11.0_sai_edit/ros/src/socket/packages/vehicle_socket/nodes/kvaser_microbus_can_sender/kvaser_microbus_can_sender.cpp:1039:2:[m[K [01;35m[Kwarning: [m[K  when initialized here [-Wreorder]
  kvaser_can_sender(ros::NodeHandle nh, ros::NodeHandle p_nh, int kvaser_channel)
[01;32m[K  ^[m[K
[01m[K/home/autoware/Autoware_1.11.0_sai_edit/ros/src/socket/packages/vehicle_socket/nodes/kvaser_microbus_can_sender/kvaser_microbus_can_sender.cpp:172:47:[m[K [01;35m[Kwarning: [m[K‘[01m[Kkvaser_can_sender::blinker_stop_[m[K’ will be initialized after [-Wreorder]
  bool hazard_, blinker_right_, blinker_left_, blinker_stop_;
[01;32m[K                                               ^[m[K
[01m[K/home/autoware/Autoware_1.11.0_sai_edit/ros/src/socket/packages/vehicle_socket/nodes/kvaser_microbus_can_sender/kvaser_microbus_can_sender.cpp:168:73:[m[K [01;35m[Kwarning: [m[K  ‘[01m[Kunsigned char kvaser_can_sender::automatic_door_[m[K’ [-Wreorder]
  unsigned char shift_position_, drive_gasu_breake_, steer_gasu_breake_, automatic_door_;
[01;32m[K                                                                         ^[m[K
[01m[K/home/autoware/Autoware_1.11.0_sai_edit/ros/src/socket/packages/vehicle_socket/nodes/kvaser_microbus_can_sender/kvaser_microbus_can_sender.cpp:1039:2:[m[K [01;35m[Kwarning: [m[K  when initialized here [-Wreorder]
  kvaser_can_sender(ros::NodeHandle nh, ros::NodeHandle p_nh, int kvaser_channel)
[01;32m[K  ^[m[K
[01m[K/home/autoware/Autoware_1.11.0_sai_edit/ros/src/socket/packages/vehicle_socket/nodes/kvaser_microbus_can_sender/kvaser_microbus_can_sender.cpp:168:73:[m[K [01;35m[Kwarning: [m[K‘[01m[Kkvaser_can_sender::automatic_door_[m[K’ will be initialized after [-Wreorder]
  unsigned char shift_position_, drive_gasu_breake_, steer_gasu_breake_, automatic_door_;
[01;32m[K                                                                         ^[m[K
[01m[K/home/autoware/Autoware_1.11.0_sai_edit/ros/src/socket/packages/vehicle_socket/nodes/kvaser_microbus_can_sender/kvaser_microbus_can_sender.cpp:168:33:[m[K [01;35m[Kwarning: [m[K  ‘[01m[Kunsigned char kvaser_can_sender::drive_gasu_breake_[m[K’ [-Wreorder]
  unsigned char shift_position_, drive_gasu_breake_, steer_gasu_breake_, automatic_door_;
[01;32m[K                                 ^[m[K
[01m[K/home/autoware/Autoware_1.11.0_sai_edit/ros/src/socket/packages/vehicle_socket/nodes/kvaser_microbus_can_sender/kvaser_microbus_can_sender.cpp:1039:2:[m[K [01;35m[Kwarning: [m[K  when initialized here [-Wreorder]
  kvaser_can_sender(ros::NodeHandle nh, ros::NodeHandle p_nh, int kvaser_channel)
[01;32m[K  ^[m[K
[01m[K/home/autoware/Autoware_1.11.0_sai_edit/ros/src/socket/packages/vehicle_socket/nodes/kvaser_microbus_can_sender/kvaser_microbus_can_sender.cpp:[m[K In function ‘[01m[Kint main(int, char**)[m[K’:
[01m[K/home/autoware/Autoware_1.11.0_sai_edit/ros/src/socket/packages/vehicle_socket/nodes/kvaser_microbus_can_sender/kvaser_microbus_can_sender.cpp:1162:7:[m[K [01;35m[Kwarning: [m[Kunused variable ‘[01m[Kuse_position_checker[m[K’ [-Wunused-variable]
  bool use_position_checker;
[01;32m[K       ^[m[K
[ 90%] [32m[1mLinking CXX executable devel/lib/vehicle_socket/kvaser_microbus_can_sender[0m
[ 90%] Built target kvaser_microbus_can_sender
[35m[1mScanning dependencies of target vehicle_sender[0m
[ 95%] [32mBuilding CXX object CMakeFiles/vehicle_sender.dir/nodes/vehicle_sender/vehicle_sender.cpp.o[0m
[100%] [32m[1mLinking CXX executable devel/lib/vehicle_socket/vehicle_sender[0m
[100%] Built target vehicle_sender
[35m[1mScanning dependencies of target tests[0m
Built target tests
[  0%] Built target actionlib_msgs_generate_messages_lisp
[  0%] Built target sensor_msgs_generate_messages_lisp
[  0%] Built target autoware_msgs_generate_messages_py
[  0%] Built target tf_generate_messages_cpp
[  0%] Built target autoware_can_msgs_generate_messages_nodejs
[  0%] Built target actionlib_msgs_generate_messages_eus
[  0%] Built target jsk_footstep_msgs_generate_messages_py
[  0%] Built target actionlib_generate_messages_lisp
[  0%] Built target autoware_config_msgs_generate_messages_nodejs
[  0%] Built target actionlib_msgs_generate_messages_cpp
[  0%] Built target sensor_msgs_generate_messages_eus
[  0%] Built target actionlib_msgs_generate_messages_nodejs
[  0%] Built target tf2_msgs_generate_messages_py
[  0%] Built target jsk_footstep_msgs_generate_messages_nodejs
[  0%] Built target jsk_footstep_msgs_generate_messages_eus
[  0%] Built target pcl_msgs_generate_messages_nodejs
[  0%] Built target pcl_msgs_generate_messages_eus
[  0%] Built target jsk_footstep_msgs_generate_messages_cpp
[  0%] Built target autoware_msgs_generate_messages_lisp
[  0%] Built target rosgraph_msgs_generate_messages_cpp
[  0%] Built target autoware_msgs_generate_messages_nodejs
[  0%] Built target pcl_msgs_generate_messages_cpp
[  0%] Built target jsk_recognition_msgs_generate_messages_py
[  0%] Built target jsk_recognition_msgs_generate_messages_nodejs
[  0%] Built target actionlib_msgs_generate_messages_py
[  0%] Built target autoware_can_msgs_generate_messages_cpp
[  0%] Built target std_msgs_generate_messages_nodejs
[  0%] Built target geometry_msgs_generate_messages_lisp
[  0%] Built target geometry_msgs_generate_messages_py
[  0%] Built target jsk_recognition_msgs_generate_messages_lisp
[  0%] Built target pcl_msgs_generate_messages_lisp
[  0%] Built target autoware_msgs_generate_messages_eus
[  0%] Built target std_msgs_generate_messages_lisp
[  0%] Built target jsk_recognition_msgs_generate_messages_cpp
[  0%] Built target jsk_footstep_msgs_generate_messages_lisp
[  0%] Built target sensor_msgs_generate_messages_cpp
[  0%] Built target geometry_msgs_generate_messages_cpp
[  0%] Built target std_msgs_generate_messages_cpp
[  0%] Built target sensor_msgs_generate_messages_nodejs
[  0%] Built target tablet_socket_msgs_generate_messages_lisp
[  0%] Built target pcl_msgs_generate_messages_py
[  0%] Built target autoware_msgs_generate_messages_cpp
[  0%] Built target actionlib_generate_messages_py
[  0%] Built target actionlib_generate_messages_nodejs
[  0%] Built target tablet_socket_msgs_generate_messages_py
[  0%] Built target tablet_socket_msgs_generate_messages_eus
[  0%] Built target tablet_socket_msgs_generate_messages_nodejs
[  0%] Built target roscpp_generate_messages_cpp
[  0%] Built target roscpp_generate_messages_eus
[  0%] Built target roscpp_generate_messages_lisp
[  0%] Built target sensor_msgs_generate_messages_py
[  0%] Built target roscpp_generate_messages_nodejs
[  0%] Built target jsk_recognition_msgs_generate_messages_eus
[  0%] Built target roscpp_generate_messages_py
[  0%] Built target tf_generate_messages_nodejs
[  0%] Built target std_msgs_generate_messages_py
[  0%] Built target rosgraph_msgs_generate_messages_eus
[  0%] Built target autoware_config_msgs_generate_messages_lisp
[  0%] Built target rosgraph_msgs_generate_messages_lisp
[  0%] Built target geometry_msgs_generate_messages_eus
[  0%] Built target geometry_msgs_generate_messages_nodejs
[  0%] Built target autoware_can_msgs_generate_messages_py
[  0%] Built target rosgraph_msgs_generate_messages_nodejs
[  0%] Built target actionlib_generate_messages_cpp
[  0%] Built target rosgraph_msgs_generate_messages_py
[  0%] Built target tf_generate_messages_lisp
[  0%] Built target tf_generate_messages_eus
[  0%] Built target tf_generate_messages_py
[  0%] Built target std_msgs_generate_messages_eus
[  0%] Built target actionlib_generate_messages_eus
[  0%] Built target tf2_msgs_generate_messages_cpp
[  0%] Built target tf2_msgs_generate_messages_eus
[  0%] Built target tf2_msgs_generate_messages_lisp
[  0%] Built target autoware_can_msgs_generate_messages_lisp
[  0%] Built target tf2_msgs_generate_messages_nodejs
[  0%] Built target autoware_config_msgs_generate_messages_cpp
[  0%] Built target tablet_socket_msgs_generate_messages_cpp
[  0%] Built target autoware_config_msgs_generate_messages_eus
[  0%] Built target autoware_config_msgs_generate_messages_py
[  0%] Built target autoware_can_msgs_generate_messages_eus
[  9%] Built target rs232_microbus_can_receiver
[ 18%] Built target vehicle_sender
[ 27%] Built target kvaser_microbus_can_sender
[ 45%] Built target bus_socket
[ 54%] Built target vehicle_receiver
[ 63%] Built target canusbz_prius_can_receiver
[ 72%] Built target kvaser_prius_can_receiver
[ 81%] Built target kvaser_microbus_can_sender_stroke
[ 90%] Built target kvaser_microbus_can_receiver
[100%] Built target kvaser_prius_can_sender
[36mInstall the project...[0m
-- Install configuration: "Release"
-- Installing: /home/autoware/Autoware_1.11.0_sai_edit/ros/src/install/vehicle_socket/lib/pkgconfig/vehicle_socket.pc
-- Installing: /home/autoware/Autoware_1.11.0_sai_edit/ros/src/install/vehicle_socket/share/vehicle_socket/cmake/vehicle_socketConfig.cmake
-- Installing: /home/autoware/Autoware_1.11.0_sai_edit/ros/src/install/vehicle_socket/share/vehicle_socket/cmake/vehicle_socketConfig-version.cmake
-- Installing: /home/autoware/Autoware_1.11.0_sai_edit/ros/src/install/vehicle_socket/share/vehicle_socket/package.xml
-- Installing: /home/autoware/Autoware_1.11.0_sai_edit/ros/src/install/vehicle_socket/lib/vehicle_socket/microbus_can_topic_sender.py
-- Installing: /home/autoware/Autoware_1.11.0_sai_edit/ros/src/install/vehicle_socket/lib/vehicle_socket/vehicle_sender
-- Set runtime path of "/home/autoware/Autoware_1.11.0_sai_edit/ros/src/install/vehicle_socket/lib/vehicle_socket/vehicle_sender" to ""
-- Installing: /home/autoware/Autoware_1.11.0_sai_edit/ros/src/install/vehicle_socket/lib/vehicle_socket/vehicle_receiver
-- Set runtime path of "/home/autoware/Autoware_1.11.0_sai_edit/ros/src/install/vehicle_socket/lib/vehicle_socket/vehicle_receiver" to ""
-- Installing: /home/autoware/Autoware_1.11.0_sai_edit/ros/src/install/vehicle_socket/lib/vehicle_socket/bus_socket
-- Set runtime path of "/home/autoware/Autoware_1.11.0_sai_edit/ros/src/install/vehicle_socket/lib/vehicle_socket/bus_socket" to ""
-- Installing: /home/autoware/Autoware_1.11.0_sai_edit/ros/src/install/vehicle_socket/lib/vehicle_socket/kvaser_microbus_can_sender
-- Set runtime path of "/home/autoware/Autoware_1.11.0_sai_edit/ros/src/install/vehicle_socket/lib/vehicle_socket/kvaser_microbus_can_sender" to ""
-- Installing: /home/autoware/Autoware_1.11.0_sai_edit/ros/src/install/vehicle_socket/lib/vehicle_socket/kvaser_microbus_can_sender_stroke
-- Set runtime path of "/home/autoware/Autoware_1.11.0_sai_edit/ros/src/install/vehicle_socket/lib/vehicle_socket/kvaser_microbus_can_sender_stroke" to ""
-- Installing: /home/autoware/Autoware_1.11.0_sai_edit/ros/src/install/vehicle_socket/lib/vehicle_socket/kvaser_microbus_can_receiver
-- Set runtime path of "/home/autoware/Autoware_1.11.0_sai_edit/ros/src/install/vehicle_socket/lib/vehicle_socket/kvaser_microbus_can_receiver" to ""
-- Installing: /home/autoware/Autoware_1.11.0_sai_edit/ros/src/install/vehicle_socket/lib/vehicle_socket/kvaser_prius_can_receiver
-- Set runtime path of "/home/autoware/Autoware_1.11.0_sai_edit/ros/src/install/vehicle_socket/lib/vehicle_socket/kvaser_prius_can_receiver" to ""
-- Installing: /home/autoware/Autoware_1.11.0_sai_edit/ros/src/install/vehicle_socket/lib/vehicle_socket/kvaser_prius_can_sender
-- Set runtime path of "/home/autoware/Autoware_1.11.0_sai_edit/ros/src/install/vehicle_socket/lib/vehicle_socket/kvaser_prius_can_sender" to ""
-- Installing: /home/autoware/Autoware_1.11.0_sai_edit/ros/src/install/vehicle_socket/lib/vehicle_socket/rs232_microbus_can_receiver
-- Set runtime path of "/home/autoware/Autoware_1.11.0_sai_edit/ros/src/install/vehicle_socket/lib/vehicle_socket/rs232_microbus_can_receiver" to ""
-- Installing: /home/autoware/Autoware_1.11.0_sai_edit/ros/src/install/vehicle_socket/lib/vehicle_socket/canusbz_prius_can_receiver
-- Set runtime path of "/home/autoware/Autoware_1.11.0_sai_edit/ros/src/install/vehicle_socket/lib/vehicle_socket/canusbz_prius_can_receiver" to ""
-- Installing: /home/autoware/Autoware_1.11.0_sai_edit/ros/src/install/vehicle_socket/share/vehicle_socket/launch/bus_socket.launch
-- Installing: /home/autoware/Autoware_1.11.0_sai_edit/ros/src/install/vehicle_socket/share/vehicle_socket/launch/kvaser_microbus_can_sender.launch
-- Installing: /home/autoware/Autoware_1.11.0_sai_edit/ros/src/install/vehicle_socket/share/vehicle_socket/launch/kvaser_microbus_can_sender_stroke.launch
-- Installing: /home/autoware/Autoware_1.11.0_sai_edit/ros/src/install/vehicle_socket/share/vehicle_socket/launch/kvaser_microbus_can_receiver.launch
-- Installing: /home/autoware/Autoware_1.11.0_sai_edit/ros/src/install/vehicle_socket/share/vehicle_socket/launch/kvaser_prius_can_receiver.launch
-- Installing: /home/autoware/Autoware_1.11.0_sai_edit/ros/src/install/vehicle_socket/share/vehicle_socket/launch/kvaser_prius_can_sender.launch
-- Installing: /home/autoware/Autoware_1.11.0_sai_edit/ros/src/install/vehicle_socket/share/vehicle_socket/launch/kvaser_microbus.launch
-- Installing: /home/autoware/Autoware_1.11.0_sai_edit/ros/src/install/vehicle_socket/share/vehicle_socket/launch/kvaser_microbus_stroke.launch
