-- The C compiler identification is GNU 5.4.0
-- The CXX compiler identification is GNU 5.4.0
-- Check for working C compiler: /usr/bin/cc
-- Check for working C compiler: /usr/bin/cc -- works
-- Detecting C compiler ABI info
-- Detecting C compiler ABI info - done
-- Detecting C compile features
-- Detecting C compile features - done
-- Check for working CXX compiler: /usr/bin/c++
-- Check for working CXX compiler: /usr/bin/c++ -- works
-- Detecting CXX compiler ABI info
-- Detecting CXX compiler ABI info - done
-- Detecting CXX compile features
-- Detecting CXX compile features - done
-- Using CATKIN_DEVEL_PREFIX: /home/autoware/Autoware_1.11.0_sai_edit/ros/src/build/vehicle_socket/devel
-- Using CMAKE_PREFIX_PATH: /home/autoware/Autoware_1.11.0_sai_edit/ros/install/ymc;/home/autoware/Autoware_1.11.0_sai_edit/ros/install/xsens_driver;/home/autoware/Autoware_1.11.0_sai_edit/ros/install/lattice_planner;/home/autoware/Autoware_1.11.0_sai_edit/ros/install/waypoint_planner;/home/autoware/Autoware_1.11.0_sai_edit/ros/install/waypoint_maker;/home/autoware/Autoware_1.11.0_sai_edit/ros/install/way_planner;/home/autoware/Autoware_1.11.0_sai_edit/ros/install/trafficlight_recognizer;/home/autoware/Autoware_1.11.0_sai_edit/ros/install/op_utilities;/home/autoware/Autoware_1.11.0_sai_edit/ros/install/op_simulation_package;/home/autoware/Autoware_1.11.0_sai_edit/ros/install/op_local_planner;/home/autoware/Autoware_1.11.0_sai_edit/ros/install/op_global_planner;/home/autoware/Autoware_1.11.0_sai_edit/ros/install/lidar_kf_contour_track;/home/autoware/Autoware_1.11.0_sai_edit/ros/install/op_ros_helpers;/home/autoware/Autoware_1.11.0_sai_edit/ros/install/lane_planner;/home/autoware/Autoware_1.11.0_sai_edit/ros/install/ff_waypoint_follower;/home/autoware/Autoware_1.11.0_sai_edit/ros/install/dp_planner;/home/autoware/Autoware_1.11.0_sai_edit/ros/install/waypoint_follower;/home/autoware/Autoware_1.11.0_sai_edit/ros/install/vlg22c_cam;/home/autoware/Autoware_1.11.0_sai_edit/ros/install/vision_ssd_detect;/home/autoware/Autoware_1.11.0_sai_edit/ros/install/vision_segment_enet_detect;/home/autoware/Autoware_1.11.0_sai_edit/ros/install/vision_lane_detect;/home/autoware/Autoware_1.11.0_sai_edit/ros/install/vision_dpm_ttic_detect;/home/autoware/Autoware_1.11.0_sai_edit/ros/install/vision_darknet_detect;/home/autoware/Autoware_1.11.0_sai_edit/ros/install/vision_beyond_track;/home/autoware/Autoware_1.11.0_sai_edit/ros/install/vehicle_socket;/home/autoware/Autoware_1.11.0_sai_edit/ros/install/vehicle_model;/home/autoware/Autoware_1.11.0_sai_edit/ros/install/vehicle_gazebo_simulation_launcher;/home/autoware/Autoware_1.11.0_sai_edit/ros/install/vehicle_gazebo_simulation_interface;/home/autoware/Autoware_1.11.0_sai_edit/ros/install/vehicle_description;/home/autoware/Autoware_1.11.0_sai_edit/ros/install/op_simu;/home/autoware/Autoware_1.11.0_sai_edit/ros/install/op_planner;/home/autoware/Autoware_1.11.0_sai_edit/ros/install/op_utility;/home/autoware/Autoware_1.11.0_sai_edit/ros/install/lidar_euclidean_cluster_detect;/home/autoware/Autoware_1.11.0_sai_edit/ros/install/vector_map_server;/home/autoware/Autoware_1.11.0_sai_edit/ros/install/road_occupancy_processor;/home/autoware/Autoware_1.11.0_sai_edit/ros/install/costmap_generator;/home/autoware/Autoware_1.11.0_sai_edit/ros/install/object_map;/home/autoware/Autoware_1.11.0_sai_edit/ros/install/naive_motion_predict;/home/autoware/Autoware_1.11.0_sai_edit/ros/install/map_file;/home/autoware/Autoware_1.11.0_sai_edit/ros/install/libvectormap;/home/autoware/Autoware_1.11.0_sai_edit/ros/install/imm_ukf_pda_track;/home/autoware/Autoware_1.11.0_sai_edit/ros/install/decision_maker;/home/autoware/Autoware_1.11.0_sai_edit/ros/install/vector_map;/home/autoware/Autoware_1.11.0_sai_edit/ros/install/vector_map_msgs;/home/autoware/Autoware_1.11.0_sai_edit/ros/install/vectacam;/home/autoware/Autoware_1.11.0_sai_edit/ros/install/udon_socket;/home/autoware/Autoware_1.11.0_sai_edit/ros/install/twist_to_odom;/home/autoware/Autoware_1.11.0_sai_edit/ros/install/tablet_socket;/home/autoware/Autoware_1.11.0_sai_edit/ros/install/runtime_manager;/home/autoware/Autoware_1.11.0_sai_edit/ros/install/mqtt_socket;/home/autoware/Autoware_1.11.0_sai_edit/ros/install/tablet_socket_msgs;/home/autoware/Autoware_1.11.0_sai_edit/ros/install/state_machine_lib;/home/autoware/Autoware_1.11.0_sai_edit/ros/install/sound_player;/home/autoware/Autoware_1.11.0_sai_edit/ros/install/signal_creator;/home/autoware/Autoware_1.11.0_sai_edit/ros/install/sick_lms5xx;/home/autoware/Autoware_1.11.0_sai_edit/ros/install/sick_ldmrs_tools;/home/autoware/Autoware_1.11.0_sai_edit/ros/install/sick_ldmrs_driver;/home/autoware/Autoware_1.11.0_sai_edit/ros/install/sick_ldmrs_msgs;/home/autoware/Autoware_1.11.0_sai_edit/ros/install/sick_ldmrs_description;/home/autoware/Autoware_1.11.0_sai_edit/ros/install/rslidar_driver;/home/autoware/Autoware_1.11.0_sai_edit/ros/install/rslidar_msgs;/home/autoware/Autoware_1.11.0_sai_edit/ros/install/points2image;/home/autoware/Autoware_1.11.0_sai_edit/ros/install/calibration_camera_lidar;/home/autoware/Autoware_1.11.0_sai_edit/ros/install/rosinterface;/home/autoware/Autoware_1.11.0_sai_edit/ros/install/rosbag_controller;/home/autoware/Autoware_1.11.0_sai_edit/ros/install/roi_object_filter;/home/autoware/Autoware_1.11.0_sai_edit/ros/install/range_vision_fusion;/home/autoware/Autoware_1.11.0_sai_edit/ros/install/pos_db;/home/autoware/Autoware_1.11.0_sai_edit/ros/install/points_preprocessor;/home/autoware/Autoware_1.11.0_sai_edit/ros/install/points_downsampler;/home/autoware/Autoware_1.11.0_sai_edit/ros/install/pixel_cloud_fusion;/home/autoware/Autoware_1.11.0_sai_edit/ros/install/lidar_localizer;/home/autoware/Autoware_1.11.0_sai_edit/ros/install/pcl_omp_registration;/home/autoware/Autoware_1.11.0_sai_edit/ros/install/pc2_downsampler;/home/autoware/Autoware_1.11.0_sai_edit/ros/install/ouster_ros;/home/autoware/Autoware_1.11.0_sai_edit/ros/install/oculus_socket;/home/autoware/Autoware_1.11.0_sai_edit/ros/install/obj_db;/home/autoware/Autoware_1.11.0_sai_edit/ros/install/novatel_oem7;/home/autoware/Autoware_1.11.0_sai_edit/ros/install/nmea_navsat;/home/autoware/Autoware_1.11.0_sai_edit/ros/install/ndt_tku;/home/autoware/Autoware_1.11.0_sai_edit/ros/install/ndt_gpu;/home/autoware/Autoware_1.11.0_sai_edit/ros/install/ndt_cpu;/home/autoware/Autoware_1.11.0_sai_edit/ros/install/multi_lidar_calibrator;/home/autoware/Autoware_1.11.0_sai_edit/ros/install/microstrain_driver;/home/autoware/Autoware_1.11.0_sai_edit/ros/install/microbus_interface;/home/autoware/Autoware_1.11.0_sai_edit/ros/install/memsic_imu;/home/autoware/Autoware_1.11.0_sai_edit/ros/install/marker_downsampler;/home/autoware/Autoware_1.11.0_sai_edit/ros/install/map_tools;/home/autoware/Autoware_1.11.0_sai_edit/ros/install/map_tf_generator;/home/autoware/Autoware_1.11.0_sai_edit/ros/install/log_tools;/home/autoware/Autoware_1.11.0_sai_edit/ros/install/liesse_model;/home/autoware/Autoware_1.11.0_sai_edit/ros/install/lidar_shape_estimation;/home/autoware/Autoware_1.11.0_sai_edit/ros/install/lidar_point_pillars;/home/autoware/Autoware_1.11.0_sai_edit/ros/install/lidar_naive_l_shape_detect;/home/autoware/Autoware_1.11.0_sai_edit/ros/install/lidar_fake_perception;/home/autoware/Autoware_1.11.0_sai_edit/ros/install/lidar_apollo_cnn_seg_detect;/home/autoware/Autoware_1.11.0_sai_edit/ros/install/libdpm_ttic;/home/autoware/Autoware_1.11.0_sai_edit/ros/install/lgsvl_simulator_bridge;/home/autoware/Autoware_1.11.0_sai_edit/ros/install/lgsvl_msgs;/home/autoware/Autoware_1.11.0_sai_edit/ros/install/kvaser;/home/autoware/Autoware_1.11.0_sai_edit/ros/install/kitti_launch;/home/autoware/Autoware_1.11.0_sai_edit/ros/install/kitti_player;/home/autoware/Autoware_1.11.0_sai_edit/ros/install/kitti_box_publisher;/home/autoware/Autoware_1.11.0_sai_edit/ros/install/javad_navsat_driver;/home/autoware/Autoware_1.11.0_sai_edit/ros/install/integrated_viewer;/home/autoware/Autoware_1.11.0_sai_edit/ros/install/image_processor;/home/autoware/Autoware_1.11.0_sai_edit/ros/install/hokuyo;/home/autoware/Autoware_1.11.0_sai_edit/ros/install/graph_tools;/home/autoware/Autoware_1.11.0_sai_edit/ros/install/gnss_localizer;/home/autoware/Autoware_1.11.0_sai_edit/ros/install/gnss;/home/autoware/Autoware_1.11.0_sai_edit/ros/install/glviewer;/home/autoware/Autoware_1.11.0_sai_edit/ros/install/gazebo_world_description;/home/autoware/Autoware_1.11.0_sai_edit/ros/install/gazebo_imu_description;/home/autoware/Autoware_1.11.0_sai_edit/ros/install/gazebo_camera_description;/home/autoware/Autoware_1.11.0_sai_edit/ros/install/garmin;/home/autoware/Autoware_1.11.0_sai_edit/ros/install/freespace_planner;/home/autoware/Autoware_1.11.0_sai_edit/ros/install/fastvirtualscan;/home/autoware/Autoware_1.11.0_sai_edit/ros/install/ekf_localizer;/home/autoware/Autoware_1.11.0_sai_edit/ros/install/detected_objects_visualizer;/home/autoware/Autoware_1.11.0_sai_edit/ros/install/decision_maker_panel;/home/autoware/Autoware_1.11.0_sai_edit/ros/install/dbw_mkz_msgs;/home/autoware/Autoware_1.11.0_sai_edit/ros/install/data_preprocessor;/home/autoware/Autoware_1.11.0_sai_edit/ros/install/custom_msgs;/home/autoware/Autoware_1.11.0_sai_edit/ros/install/calibration_publisher;/home/autoware/Autoware_1.11.0_sai_edit/ros/install/backlight;/home/autoware/Autoware_1.11.0_sai_edit/ros/install/autoware_health_checker;/home/autoware/Autoware_1.11.0_sai_edit/ros/install/autoware_system_msgs;/home/autoware/Autoware_1.11.0_sai_edit/ros/install/autoware_rviz_plugins;/home/autoware/Autoware_1.11.0_sai_edit/ros/install/autoware_pointgrey_drivers;/home/autoware/Autoware_1.11.0_sai_edit/ros/install/autoware_driveworks_interface;/home/autoware/Autoware_1.11.0_sai_edit/ros/install/autoware_connector;/home/autoware/Autoware_1.11.0_sai_edit/ros/install/autoware_camera_lidar_calibrator;/home/autoware/Autoware_1.11.0_sai_edit/ros/install/astar_search;/home/autoware/Autoware_1.11.0_sai_edit/ros/install/as;/home/autoware/Autoware_1.11.0_sai_edit/ros/install/amathutils_lib;/home/autoware/Autoware_1.11.0_sai_edit/ros/install/autoware_msgs;/home/autoware/Autoware_1.11.0_sai_edit/ros/install/autoware_launcher_rviz;/home/autoware/Autoware_1.11.0_sai_edit/ros/install/autoware_launcher;/home/autoware/Autoware_1.11.0_sai_edit/ros/install/autoware_driveworks_gmsl_interface;/home/autoware/Autoware_1.11.0_sai_edit/ros/install/autoware_config_msgs;/home/autoware/Autoware_1.11.0_sai_edit/ros/install/autoware_can_msgs;/home/autoware/Autoware_1.11.0_sai_edit/ros/install/autoware_build_flags;/home/autoware/Autoware_1.11.0_sai_edit/ros/install/autoware_bag_tools;/home/autoware/Autoware_1.11.0_sai_edit/ros/install/adi_driver;/opt/ros/kinetic
-- This workspace overlays: /home/autoware/Autoware_1.11.0_sai_edit/ros/install/ymc;/home/autoware/Autoware_1.11.0_sai_edit/ros/install/xsens_driver;/home/autoware/Autoware_1.11.0_sai_edit/ros/install/lattice_planner;/home/autoware/Autoware_1.11.0_sai_edit/ros/install/waypoint_planner;/home/autoware/Autoware_1.11.0_sai_edit/ros/install/waypoint_maker;/home/autoware/Autoware_1.11.0_sai_edit/ros/install/way_planner;/home/autoware/Autoware_1.11.0_sai_edit/ros/install/trafficlight_recognizer;/home/autoware/Autoware_1.11.0_sai_edit/ros/install/op_utilities;/home/autoware/Autoware_1.11.0_sai_edit/ros/install/op_simulation_package;/home/autoware/Autoware_1.11.0_sai_edit/ros/install/op_local_planner;/home/autoware/Autoware_1.11.0_sai_edit/ros/install/op_global_planner;/home/autoware/Autoware_1.11.0_sai_edit/ros/install/lidar_kf_contour_track;/home/autoware/Autoware_1.11.0_sai_edit/ros/install/op_ros_helpers;/home/autoware/Autoware_1.11.0_sai_edit/ros/install/lane_planner;/home/autoware/Autoware_1.11.0_sai_edit/ros/install/ff_waypoint_follower;/home/autoware/Autoware_1.11.0_sai_edit/ros/install/dp_planner;/home/autoware/Autoware_1.11.0_sai_edit/ros/install/waypoint_follower;/home/autoware/Autoware_1.11.0_sai_edit/ros/install/vlg22c_cam;/home/autoware/Autoware_1.11.0_sai_edit/ros/install/vision_ssd_detect;/home/autoware/Autoware_1.11.0_sai_edit/ros/install/vision_segment_enet_detect;/home/autoware/Autoware_1.11.0_sai_edit/ros/install/vision_lane_detect;/home/autoware/Autoware_1.11.0_sai_edit/ros/install/vision_dpm_ttic_detect;/home/autoware/Autoware_1.11.0_sai_edit/ros/install/vision_darknet_detect;/home/autoware/Autoware_1.11.0_sai_edit/ros/install/vision_beyond_track;/home/autoware/Autoware_1.11.0_sai_edit/ros/install/vehicle_socket;/home/autoware/Autoware_1.11.0_sai_edit/ros/install/vehicle_model;/home/autoware/Autoware_1.11.0_sai_edit/ros/install/vehicle_gazebo_simulation_launcher;/home/autoware/Autoware_1.11.0_sai_edit/ros/install/vehicle_gazebo_simulation_interface;/home/autoware/Autoware_1.11.0_sai_edit/ros/install/vehicle_description;/home/autoware/Autoware_1.11.0_sai_edit/ros/install/op_simu;/home/autoware/Autoware_1.11.0_sai_edit/ros/install/op_planner;/home/autoware/Autoware_1.11.0_sai_edit/ros/install/op_utility;/home/autoware/Autoware_1.11.0_sai_edit/ros/install/lidar_euclidean_cluster_detect;/home/autoware/Autoware_1.11.0_sai_edit/ros/install/vector_map_server;/home/autoware/Autoware_1.11.0_sai_edit/ros/install/road_occupancy_processor;/home/autoware/Autoware_1.11.0_sai_edit/ros/install/costmap_generator;/home/autoware/Autoware_1.11.0_sai_edit/ros/install/object_map;/home/autoware/Autoware_1.11.0_sai_edit/ros/install/naive_motion_predict;/home/autoware/Autoware_1.11.0_sai_edit/ros/install/map_file;/home/autoware/Autoware_1.11.0_sai_edit/ros/install/libvectormap;/home/autoware/Autoware_1.11.0_sai_edit/ros/install/imm_ukf_pda_track;/home/autoware/Autoware_1.11.0_sai_edit/ros/install/decision_maker;/home/autoware/Autoware_1.11.0_sai_edit/ros/install/vector_map;/home/autoware/Autoware_1.11.0_sai_edit/ros/install/vector_map_msgs;/home/autoware/Autoware_1.11.0_sai_edit/ros/install/vectacam;/home/autoware/Autoware_1.11.0_sai_edit/ros/install/udon_socket;/home/autoware/Autoware_1.11.0_sai_edit/ros/install/twist_to_odom;/home/autoware/Autoware_1.11.0_sai_edit/ros/install/tablet_socket;/home/autoware/Autoware_1.11.0_sai_edit/ros/install/runtime_manager;/home/autoware/Autoware_1.11.0_sai_edit/ros/install/mqtt_socket;/home/autoware/Autoware_1.11.0_sai_edit/ros/install/tablet_socket_msgs;/home/autoware/Autoware_1.11.0_sai_edit/ros/install/state_machine_lib;/home/autoware/Autoware_1.11.0_sai_edit/ros/install/sound_player;/home/autoware/Autoware_1.11.0_sai_edit/ros/install/signal_creator;/home/autoware/Autoware_1.11.0_sai_edit/ros/install/sick_lms5xx;/home/autoware/Autoware_1.11.0_sai_edit/ros/install/sick_ldmrs_tools;/home/autoware/Autoware_1.11.0_sai_edit/ros/install/sick_ldmrs_driver;/home/autoware/Autoware_1.11.0_sai_edit/ros/install/sick_ldmrs_msgs;/home/autoware/Autoware_1.11.0_sai_edit/ros/install/sick_ldmrs_description;/home/autoware/Autoware_1.11.0_sai_edit/ros/install/rslidar_driver;/home/autoware/Autoware_1.11.0_sai_edit/ros/install/rslidar_msgs;/home/autoware/Autoware_1.11.0_sai_edit/ros/install/points2image;/home/autoware/Autoware_1.11.0_sai_edit/ros/install/calibration_camera_lidar;/home/autoware/Autoware_1.11.0_sai_edit/ros/install/rosinterface;/home/autoware/Autoware_1.11.0_sai_edit/ros/install/rosbag_controller;/home/autoware/Autoware_1.11.0_sai_edit/ros/install/roi_object_filter;/home/autoware/Autoware_1.11.0_sai_edit/ros/install/range_vision_fusion;/home/autoware/Autoware_1.11.0_sai_edit/ros/install/pos_db;/home/autoware/Autoware_1.11.0_sai_edit/ros/install/points_preprocessor;/home/autoware/Autoware_1.11.0_sai_edit/ros/install/points_downsampler;/home/autoware/Autoware_1.11.0_sai_edit/ros/install/pixel_cloud_fusion;/home/autoware/Autoware_1.11.0_sai_edit/ros/install/lidar_localizer;/home/autoware/Autoware_1.11.0_sai_edit/ros/install/pcl_omp_registration;/home/autoware/Autoware_1.11.0_sai_edit/ros/install/pc2_downsampler;/home/autoware/Autoware_1.11.0_sai_edit/ros/install/ouster_ros;/home/autoware/Autoware_1.11.0_sai_edit/ros/install/oculus_socket;/home/autoware/Autoware_1.11.0_sai_edit/ros/install/obj_db;/home/autoware/Autoware_1.11.0_sai_edit/ros/install/novatel_oem7;/home/autoware/Autoware_1.11.0_sai_edit/ros/install/nmea_navsat;/home/autoware/Autoware_1.11.0_sai_edit/ros/install/ndt_tku;/home/autoware/Autoware_1.11.0_sai_edit/ros/install/ndt_gpu;/home/autoware/Autoware_1.11.0_sai_edit/ros/install/ndt_cpu;/home/autoware/Autoware_1.11.0_sai_edit/ros/install/multi_lidar_calibrator;/home/autoware/Autoware_1.11.0_sai_edit/ros/install/microstrain_driver;/home/autoware/Autoware_1.11.0_sai_edit/ros/install/microbus_interface;/home/autoware/Autoware_1.11.0_sai_edit/ros/install/memsic_imu;/home/autoware/Autoware_1.11.0_sai_edit/ros/install/marker_downsampler;/home/autoware/Autoware_1.11.0_sai_edit/ros/install/map_tools;/home/autoware/Autoware_1.11.0_sai_edit/ros/install/map_tf_generator;/home/autoware/Autoware_1.11.0_sai_edit/ros/install/log_tools;/home/autoware/Autoware_1.11.0_sai_edit/ros/install/liesse_model;/home/autoware/Autoware_1.11.0_sai_edit/ros/install/lidar_shape_estimation;/home/autoware/Autoware_1.11.0_sai_edit/ros/install/lidar_point_pillars;/home/autoware/Autoware_1.11.0_sai_edit/ros/install/lidar_naive_l_shape_detect;/home/autoware/Autoware_1.11.0_sai_edit/ros/install/lidar_fake_perception;/home/autoware/Autoware_1.11.0_sai_edit/ros/install/lidar_apollo_cnn_seg_detect;/home/autoware/Autoware_1.11.0_sai_edit/ros/install/libdpm_ttic;/home/autoware/Autoware_1.11.0_sai_edit/ros/install/lgsvl_simulator_bridge;/home/autoware/Autoware_1.11.0_sai_edit/ros/install/lgsvl_msgs;/home/autoware/Autoware_1.11.0_sai_edit/ros/install/kvaser;/home/autoware/Autoware_1.11.0_sai_edit/ros/install/kitti_launch;/home/autoware/Autoware_1.11.0_sai_edit/ros/install/kitti_player;/home/autoware/Autoware_1.11.0_sai_edit/ros/install/kitti_box_publisher;/home/autoware/Autoware_1.11.0_sai_edit/ros/install/javad_navsat_driver;/home/autoware/Autoware_1.11.0_sai_edit/ros/install/integrated_viewer;/home/autoware/Autoware_1.11.0_sai_edit/ros/install/image_processor;/home/autoware/Autoware_1.11.0_sai_edit/ros/install/hokuyo;/home/autoware/Autoware_1.11.0_sai_edit/ros/install/graph_tools;/home/autoware/Autoware_1.11.0_sai_edit/ros/install/gnss_localizer;/home/autoware/Autoware_1.11.0_sai_edit/ros/install/gnss;/home/autoware/Autoware_1.11.0_sai_edit/ros/install/glviewer;/home/autoware/Autoware_1.11.0_sai_edit/ros/install/gazebo_world_description;/home/autoware/Autoware_1.11.0_sai_edit/ros/install/gazebo_imu_description;/home/autoware/Autoware_1.11.0_sai_edit/ros/install/gazebo_camera_description;/home/autoware/Autoware_1.11.0_sai_edit/ros/install/garmin;/home/autoware/Autoware_1.11.0_sai_edit/ros/install/freespace_planner;/home/autoware/Autoware_1.11.0_sai_edit/ros/install/fastvirtualscan;/home/autoware/Autoware_1.11.0_sai_edit/ros/install/ekf_localizer;/home/autoware/Autoware_1.11.0_sai_edit/ros/install/detected_objects_visualizer;/home/autoware/Autoware_1.11.0_sai_edit/ros/install/decision_maker_panel;/home/autoware/Autoware_1.11.0_sai_edit/ros/install/dbw_mkz_msgs;/home/autoware/Autoware_1.11.0_sai_edit/ros/install/data_preprocessor;/home/autoware/Autoware_1.11.0_sai_edit/ros/install/custom_msgs;/home/autoware/Autoware_1.11.0_sai_edit/ros/install/calibration_publisher;/home/autoware/Autoware_1.11.0_sai_edit/ros/install/backlight;/home/autoware/Autoware_1.11.0_sai_edit/ros/install/autoware_health_checker;/home/autoware/Autoware_1.11.0_sai_edit/ros/install/autoware_system_msgs;/home/autoware/Autoware_1.11.0_sai_edit/ros/install/autoware_rviz_plugins;/home/autoware/Autoware_1.11.0_sai_edit/ros/install/autoware_pointgrey_drivers;/home/autoware/Autoware_1.11.0_sai_edit/ros/install/autoware_driveworks_interface;/home/autoware/Autoware_1.11.0_sai_edit/ros/install/autoware_connector;/home/autoware/Autoware_1.11.0_sai_edit/ros/install/autoware_camera_lidar_calibrator;/home/autoware/Autoware_1.11.0_sai_edit/ros/install/astar_search;/home/autoware/Autoware_1.11.0_sai_edit/ros/install/as;/home/autoware/Autoware_1.11.0_sai_edit/ros/install/amathutils_lib;/home/autoware/Autoware_1.11.0_sai_edit/ros/install/autoware_msgs;/home/autoware/Autoware_1.11.0_sai_edit/ros/install/autoware_launcher_rviz;/home/autoware/Autoware_1.11.0_sai_edit/ros/install/autoware_launcher;/home/autoware/Autoware_1.11.0_sai_edit/ros/install/autoware_driveworks_gmsl_interface;/home/autoware/Autoware_1.11.0_sai_edit/ros/install/autoware_config_msgs;/home/autoware/Autoware_1.11.0_sai_edit/ros/install/autoware_can_msgs;/home/autoware/Autoware_1.11.0_sai_edit/ros/install/autoware_build_flags;/home/autoware/Autoware_1.11.0_sai_edit/ros/install/autoware_bag_tools;/home/autoware/Autoware_1.11.0_sai_edit/ros/install/adi_driver;/opt/ros/kinetic
-- Found PythonInterp: /usr/bin/python (found version "2.7.12") 
-- Using PYTHON_EXECUTABLE: /usr/bin/python
-- Using Debian Python package layout
-- Using empy: /usr/bin/empy
-- Using CATKIN_ENABLE_TESTING: ON
-- Call enable_testing()
-- Using CATKIN_TEST_RESULTS_DIR: /home/autoware/Autoware_1.11.0_sai_edit/ros/src/build/vehicle_socket/test_results
-- Found gmock sources under '/usr/src/gmock': gmock will be built
-- Looking for pthread.h
-- Looking for pthread.h - found
-- Looking for pthread_create
-- Looking for pthread_create - not found
-- Looking for pthread_create in pthreads
-- Looking for pthread_create in pthreads - not found
-- Looking for pthread_create in pthread
-- Looking for pthread_create in pthread - found
-- Found Threads: TRUE  
-- Found gtest sources under '/usr/src/gmock': gtests will be built
-- Using Python nosetests: /usr/bin/nosetests-2.7
-- catkin 0.7.14
-- Using these message generators: gencpp;geneus;genlisp;gennodejs;genpy
-- Configuring done
-- Generating done
-- Build files have been written to: /home/autoware/Autoware_1.11.0_sai_edit/ros/src/build/vehicle_socket
[35m[1mScanning dependencies of target actionlib_msgs_generate_messages_lisp[0m
[  0%] Built target actionlib_msgs_generate_messages_lisp
[35m[1mScanning dependencies of target actionlib_generate_messages_lisp[0m
[  0%] Built target actionlib_generate_messages_lisp
[35m[1mScanning dependencies of target autoware_config_msgs_generate_messages_nodejs[0m
[  0%] Built target autoware_config_msgs_generate_messages_nodejs
[35m[1mScanning dependencies of target actionlib_msgs_generate_messages_cpp[0m
[  0%] Built target actionlib_msgs_generate_messages_cpp
[35m[1mScanning dependencies of target sensor_msgs_generate_messages_eus[0m
[  0%] Built target sensor_msgs_generate_messages_eus
[35m[1mScanning dependencies of target actionlib_msgs_generate_messages_nodejs[0m
[  0%] Built target actionlib_msgs_generate_messages_nodejs
[35m[1mScanning dependencies of target tf2_msgs_generate_messages_py[0m
[  0%] Built target tf2_msgs_generate_messages_py
[35m[1mScanning dependencies of target jsk_footstep_msgs_generate_messages_nodejs[0m
[  0%] Built target jsk_footstep_msgs_generate_messages_nodejs
[35m[1mScanning dependencies of target jsk_footstep_msgs_generate_messages_eus[0m
[  0%] Built target jsk_footstep_msgs_generate_messages_eus
[35m[1mScanning dependencies of target pcl_msgs_generate_messages_nodejs[0m
[  0%] Built target pcl_msgs_generate_messages_nodejs
[35m[1mScanning dependencies of target pcl_msgs_generate_messages_eus[0m
[  0%] Built target pcl_msgs_generate_messages_eus
[35m[1mScanning dependencies of target jsk_footstep_msgs_generate_messages_cpp[0m
[  0%] Built target jsk_footstep_msgs_generate_messages_cpp
[35m[1mScanning dependencies of target autoware_msgs_generate_messages_lisp[0m
[  0%] Built target autoware_msgs_generate_messages_lisp
[35m[1mScanning dependencies of target rosgraph_msgs_generate_messages_cpp[0m
[  0%] Built target rosgraph_msgs_generate_messages_cpp
[35m[1mScanning dependencies of target autoware_msgs_generate_messages_nodejs[0m
[  0%] Built target autoware_msgs_generate_messages_nodejs
[35m[1mScanning dependencies of target pcl_msgs_generate_messages_cpp[0m
[  0%] Built target pcl_msgs_generate_messages_cpp
[35m[1mScanning dependencies of target jsk_recognition_msgs_generate_messages_py[0m
[  0%] Built target jsk_recognition_msgs_generate_messages_py
[35m[1mScanning dependencies of target jsk_recognition_msgs_generate_messages_nodejs[0m
[  0%] Built target jsk_recognition_msgs_generate_messages_nodejs
[35m[1mScanning dependencies of target actionlib_msgs_generate_messages_py[0m
[  0%] Built target actionlib_msgs_generate_messages_py
[35m[1mScanning dependencies of target autoware_can_msgs_generate_messages_cpp[0m
[  0%] Built target autoware_can_msgs_generate_messages_cpp
[35m[1mScanning dependencies of target std_msgs_generate_messages_nodejs[0m
[  0%] Built target std_msgs_generate_messages_nodejs
[35m[1mScanning dependencies of target geometry_msgs_generate_messages_lisp[0m
[  0%] Built target geometry_msgs_generate_messages_lisp
[35m[1mScanning dependencies of target geometry_msgs_generate_messages_py[0m
[  0%] Built target geometry_msgs_generate_messages_py
[35m[1mScanning dependencies of target jsk_recognition_msgs_generate_messages_lisp[0m
[  0%] Built target jsk_recognition_msgs_generate_messages_lisp
[35m[1mScanning dependencies of target pcl_msgs_generate_messages_lisp[0m
[  0%] Built target pcl_msgs_generate_messages_lisp
[35m[1mScanning dependencies of target autoware_msgs_generate_messages_eus[0m
[  0%] Built target autoware_msgs_generate_messages_eus
[35m[1mScanning dependencies of target std_msgs_generate_messages_lisp[0m
[  0%] Built target std_msgs_generate_messages_lisp
[35m[1mScanning dependencies of target jsk_recognition_msgs_generate_messages_cpp[0m
[  0%] Built target jsk_recognition_msgs_generate_messages_cpp
[35m[1mScanning dependencies of target jsk_footstep_msgs_generate_messages_lisp[0m
[  0%] Built target jsk_footstep_msgs_generate_messages_lisp
[35m[1mScanning dependencies of target sensor_msgs_generate_messages_cpp[0m
[  0%] Built target sensor_msgs_generate_messages_cpp
[35m[1mScanning dependencies of target geometry_msgs_generate_messages_cpp[0m
[  0%] Built target geometry_msgs_generate_messages_cpp
[35m[1mScanning dependencies of target std_msgs_generate_messages_cpp[0m
[  0%] Built target std_msgs_generate_messages_cpp
[35m[1mScanning dependencies of target sensor_msgs_generate_messages_nodejs[0m
[  0%] Built target sensor_msgs_generate_messages_nodejs
[35m[1mScanning dependencies of target tablet_socket_msgs_generate_messages_lisp[0m
[  0%] Built target tablet_socket_msgs_generate_messages_lisp
[35m[1mScanning dependencies of target pcl_msgs_generate_messages_py[0m
[  0%] Built target pcl_msgs_generate_messages_py
[35m[1mScanning dependencies of target autoware_msgs_generate_messages_cpp[0m
[  0%] Built target autoware_msgs_generate_messages_cpp
[35m[1mScanning dependencies of target actionlib_generate_messages_py[0m
[  0%] Built target actionlib_generate_messages_py
[35m[1mScanning dependencies of target actionlib_generate_messages_nodejs[0m
[  0%] Built target actionlib_generate_messages_nodejs
[35m[1mScanning dependencies of target tablet_socket_msgs_generate_messages_py[0m
[  0%] Built target tablet_socket_msgs_generate_messages_py
[35m[1mScanning dependencies of target tablet_socket_msgs_generate_messages_eus[0m
[  0%] Built target tablet_socket_msgs_generate_messages_eus
[35m[1mScanning dependencies of target tablet_socket_msgs_generate_messages_nodejs[0m
[  0%] Built target tablet_socket_msgs_generate_messages_nodejs
[35m[1mScanning dependencies of target roscpp_generate_messages_cpp[0m
[  0%] Built target roscpp_generate_messages_cpp
[35m[1mScanning dependencies of target roscpp_generate_messages_eus[0m
[  0%] Built target roscpp_generate_messages_eus
[35m[1mScanning dependencies of target roscpp_generate_messages_lisp[0m
[  0%] Built target roscpp_generate_messages_lisp
[35m[1mScanning dependencies of target sensor_msgs_generate_messages_py[0m
[  0%] Built target sensor_msgs_generate_messages_py
[35m[1mScanning dependencies of target roscpp_generate_messages_nodejs[0m
[  0%] Built target roscpp_generate_messages_nodejs
[35m[1mScanning dependencies of target jsk_recognition_msgs_generate_messages_eus[0m
[  0%] Built target jsk_recognition_msgs_generate_messages_eus
[35m[1mScanning dependencies of target roscpp_generate_messages_py[0m
[  0%] Built target roscpp_generate_messages_py
[35m[1mScanning dependencies of target tf_generate_messages_nodejs[0m
[  0%] Built target tf_generate_messages_nodejs
[35m[1mScanning dependencies of target std_msgs_generate_messages_py[0m
[  0%] Built target std_msgs_generate_messages_py
[35m[1mScanning dependencies of target rosgraph_msgs_generate_messages_eus[0m
[  0%] Built target rosgraph_msgs_generate_messages_eus
[35m[1mScanning dependencies of target autoware_config_msgs_generate_messages_lisp[0m
[  0%] Built target autoware_config_msgs_generate_messages_lisp
[35m[1mScanning dependencies of target rosgraph_msgs_generate_messages_lisp[0m
[  0%] Built target rosgraph_msgs_generate_messages_lisp
[35m[1mScanning dependencies of target geometry_msgs_generate_messages_eus[0m
[  0%] Built target geometry_msgs_generate_messages_eus
[35m[1mScanning dependencies of target geometry_msgs_generate_messages_nodejs[0m
[  0%] Built target geometry_msgs_generate_messages_nodejs
[35m[1mScanning dependencies of target autoware_can_msgs_generate_messages_py[0m
[  0%] Built target autoware_can_msgs_generate_messages_py
[35m[1mScanning dependencies of target rosgraph_msgs_generate_messages_nodejs[0m
[  0%] Built target rosgraph_msgs_generate_messages_nodejs
[35m[1mScanning dependencies of target actionlib_generate_messages_cpp[0m
[  0%] Built target actionlib_generate_messages_cpp
[35m[1mScanning dependencies of target rosgraph_msgs_generate_messages_py[0m
[  0%] Built target rosgraph_msgs_generate_messages_py
[35m[1mScanning dependencies of target tf_generate_messages_lisp[0m
[  0%] Built target tf_generate_messages_lisp
[35m[1mScanning dependencies of target tf_generate_messages_eus[0m
[  0%] Built target tf_generate_messages_eus
[35m[1mScanning dependencies of target tf_generate_messages_py[0m
[  0%] Built target tf_generate_messages_py
[35m[1mScanning dependencies of target std_msgs_generate_messages_eus[0m
[  0%] Built target std_msgs_generate_messages_eus
[35m[1mScanning dependencies of target actionlib_generate_messages_eus[0m
[  0%] Built target actionlib_generate_messages_eus
[35m[1mScanning dependencies of target tf2_msgs_generate_messages_cpp[0m
[  0%] Built target tf2_msgs_generate_messages_cpp
[35m[1mScanning dependencies of target tf2_msgs_generate_messages_eus[0m
[  0%] Built target tf2_msgs_generate_messages_eus
[35m[1mScanning dependencies of target tf2_msgs_generate_messages_lisp[0m
[  0%] Built target tf2_msgs_generate_messages_lisp
[35m[1mScanning dependencies of target autoware_can_msgs_generate_messages_lisp[0m
[  0%] Built target autoware_can_msgs_generate_messages_lisp
[35m[1mScanning dependencies of target tf2_msgs_generate_messages_nodejs[0m
[  0%] Built target tf2_msgs_generate_messages_nodejs
[35m[1mScanning dependencies of target autoware_config_msgs_generate_messages_cpp[0m
[  0%] Built target autoware_config_msgs_generate_messages_cpp
[35m[1mScanning dependencies of target tablet_socket_msgs_generate_messages_cpp[0m
[  0%] Built target tablet_socket_msgs_generate_messages_cpp
[35m[1mScanning dependencies of target autoware_config_msgs_generate_messages_eus[0m
[  0%] Built target autoware_config_msgs_generate_messages_eus
[35m[1mScanning dependencies of target autoware_config_msgs_generate_messages_py[0m
[  0%] Built target autoware_config_msgs_generate_messages_py
[35m[1mScanning dependencies of target autoware_can_msgs_generate_messages_eus[0m
[  0%] Built target autoware_can_msgs_generate_messages_eus
[35m[1mScanning dependencies of target jsk_footstep_msgs_generate_messages_py[0m
[  0%] Built target jsk_footstep_msgs_generate_messages_py
[35m[1mScanning dependencies of target actionlib_msgs_generate_messages_eus[0m
[  0%] Built target actionlib_msgs_generate_messages_eus
[35m[1mScanning dependencies of target autoware_can_msgs_generate_messages_nodejs[0m
[  0%] Built target autoware_can_msgs_generate_messages_nodejs
[35m[1mScanning dependencies of target tf_generate_messages_cpp[0m
[  0%] Built target tf_generate_messages_cpp
[35m[1mScanning dependencies of target autoware_msgs_generate_messages_py[0m
[  0%] Built target autoware_msgs_generate_messages_py
[35m[1mScanning dependencies of target sensor_msgs_generate_messages_lisp[0m
[  0%] Built target sensor_msgs_generate_messages_lisp
[35m[1mScanning dependencies of target rs232_microbus_can_receiver[0m
[  4%] [32mBuilding CXX object CMakeFiles/rs232_microbus_can_receiver.dir/nodes/rs232_microbus_can_receiver/rs232_microbus_can_receiver.cpp.o[0m
[  9%] [32m[1mLinking CXX executable devel/lib/vehicle_socket/rs232_microbus_can_receiver[0m
[  9%] Built target rs232_microbus_can_receiver
[35m[1mScanning dependencies of target kvaser_microbus_can_sender_stroke[0m
[ 13%] [32mBuilding CXX object CMakeFiles/kvaser_microbus_can_sender_stroke.dir/nodes/kvaser_microbus_can_sender/kvaser_microbus_can_sender_stroke.cpp.o[0m
[ 18%] [32m[1mLinking CXX executable devel/lib/vehicle_socket/kvaser_microbus_can_sender_stroke[0m
[ 18%] Built target kvaser_microbus_can_sender_stroke
[35m[1mScanning dependencies of target kvaser_microbus_can_receiver[0m
[ 22%] [32mBuilding CXX object CMakeFiles/kvaser_microbus_can_receiver.dir/nodes/kvaser_microbus_can_receiver/kvaser_microbus_can_receiver.cpp.o[0m
[ 27%] [32m[1mLinking CXX executable devel/lib/vehicle_socket/kvaser_microbus_can_receiver[0m
[ 27%] Built target kvaser_microbus_can_receiver
[35m[1mScanning dependencies of target kvaser_prius_can_sender[0m
[ 31%] [32mBuilding CXX object CMakeFiles/kvaser_prius_can_sender.dir/nodes/kvaser_prius_can_sender/kvaser_prius_can_sender.cpp.o[0m
[ 36%] [32m[1mLinking CXX executable devel/lib/vehicle_socket/kvaser_prius_can_sender[0m
[ 36%] Built target kvaser_prius_can_sender
[35m[1mScanning dependencies of target kvaser_prius_can_receiver[0m
[ 40%] [32mBuilding CXX object CMakeFiles/kvaser_prius_can_receiver.dir/nodes/kvaser_prius_can_receiver/kvaser_prius_can_receiver.cpp.o[0m
[ 45%] [32m[1mLinking CXX executable devel/lib/vehicle_socket/kvaser_prius_can_receiver[0m
[ 45%] Built target kvaser_prius_can_receiver
[35m[1mScanning dependencies of target canusbz_prius_can_receiver[0m
[ 50%] [32mBuilding CXX object CMakeFiles/canusbz_prius_can_receiver.dir/nodes/canusbz_prius_can_receiver/canusbz_prius_can_receiver.cpp.o[0m
[ 54%] [32m[1mLinking CXX executable devel/lib/vehicle_socket/canusbz_prius_can_receiver[0m
[ 54%] Built target canusbz_prius_can_receiver
[35m[1mScanning dependencies of target vehicle_receiver[0m
[ 59%] [32mBuilding CXX object CMakeFiles/vehicle_receiver.dir/nodes/vehicle_receiver/vehicle_receiver.cpp.o[0m
[ 63%] [32m[1mLinking CXX executable devel/lib/vehicle_socket/vehicle_receiver[0m
[ 63%] Built target vehicle_receiver
[35m[1mScanning dependencies of target bus_socket[0m
[ 68%] [32mBuilding CXX object CMakeFiles/bus_socket.dir/nodes/bus_socket/bus_socket.cpp.o[0m
[ 72%] [32mBuilding CXX object CMakeFiles/bus_socket.dir/nodes/bus_socket/estima.cpp.o[0m
[ 77%] [32mBuilding CXX object CMakeFiles/bus_socket.dir/nodes/bus_socket/canif.cpp.o[0m
[ 81%] [32m[1mLinking CXX executable devel/lib/vehicle_socket/bus_socket[0m
[ 81%] Built target bus_socket
[35m[1mScanning dependencies of target kvaser_microbus_can_sender[0m
[ 86%] [32mBuilding CXX object CMakeFiles/kvaser_microbus_can_sender.dir/nodes/kvaser_microbus_can_sender/kvaser_microbus_can_sender.cpp.o[0m
[ 90%] [32m[1mLinking CXX executable devel/lib/vehicle_socket/kvaser_microbus_can_sender[0m
[ 90%] Built target kvaser_microbus_can_sender
[35m[1mScanning dependencies of target vehicle_sender[0m
[ 95%] [32mBuilding CXX object CMakeFiles/vehicle_sender.dir/nodes/vehicle_sender/vehicle_sender.cpp.o[0m
[100%] [32m[1mLinking CXX executable devel/lib/vehicle_socket/vehicle_sender[0m
[100%] Built target vehicle_sender
[35m[1mScanning dependencies of target tests[0m
Built target tests
[  0%] Built target actionlib_msgs_generate_messages_lisp
[  0%] Built target sensor_msgs_generate_messages_lisp
[  0%] Built target autoware_msgs_generate_messages_py
[  0%] Built target tf_generate_messages_cpp
[  0%] Built target autoware_can_msgs_generate_messages_nodejs
[  0%] Built target actionlib_msgs_generate_messages_eus
[  0%] Built target jsk_footstep_msgs_generate_messages_py
[  0%] Built target actionlib_generate_messages_lisp
[  0%] Built target autoware_config_msgs_generate_messages_nodejs
[  0%] Built target actionlib_msgs_generate_messages_cpp
[  0%] Built target sensor_msgs_generate_messages_eus
[  0%] Built target actionlib_msgs_generate_messages_nodejs
[  0%] Built target tf2_msgs_generate_messages_py
[  0%] Built target jsk_footstep_msgs_generate_messages_nodejs
[  0%] Built target jsk_footstep_msgs_generate_messages_eus
[  0%] Built target pcl_msgs_generate_messages_nodejs
[  0%] Built target pcl_msgs_generate_messages_eus
[  0%] Built target jsk_footstep_msgs_generate_messages_cpp
[  0%] Built target autoware_msgs_generate_messages_lisp
[  0%] Built target rosgraph_msgs_generate_messages_cpp
[  0%] Built target autoware_msgs_generate_messages_nodejs
[  0%] Built target pcl_msgs_generate_messages_cpp
[  0%] Built target jsk_recognition_msgs_generate_messages_py
[  0%] Built target jsk_recognition_msgs_generate_messages_nodejs
[  0%] Built target actionlib_msgs_generate_messages_py
[  0%] Built target autoware_can_msgs_generate_messages_cpp
[  0%] Built target std_msgs_generate_messages_nodejs
[  0%] Built target geometry_msgs_generate_messages_lisp
[  0%] Built target geometry_msgs_generate_messages_py
[  0%] Built target jsk_recognition_msgs_generate_messages_lisp
[  0%] Built target pcl_msgs_generate_messages_lisp
[  0%] Built target autoware_msgs_generate_messages_eus
[  0%] Built target std_msgs_generate_messages_lisp
[  0%] Built target jsk_recognition_msgs_generate_messages_cpp
[  0%] Built target jsk_footstep_msgs_generate_messages_lisp
[  0%] Built target sensor_msgs_generate_messages_cpp
[  0%] Built target geometry_msgs_generate_messages_cpp
[  0%] Built target std_msgs_generate_messages_cpp
[  0%] Built target sensor_msgs_generate_messages_nodejs
[  0%] Built target tablet_socket_msgs_generate_messages_lisp
[  0%] Built target pcl_msgs_generate_messages_py
[  0%] Built target autoware_msgs_generate_messages_cpp
[  0%] Built target actionlib_generate_messages_py
[  0%] Built target actionlib_generate_messages_nodejs
[  0%] Built target tablet_socket_msgs_generate_messages_py
[  0%] Built target tablet_socket_msgs_generate_messages_eus
[  0%] Built target tablet_socket_msgs_generate_messages_nodejs
[  0%] Built target roscpp_generate_messages_cpp
[  0%] Built target roscpp_generate_messages_eus
[  0%] Built target roscpp_generate_messages_lisp
[  0%] Built target sensor_msgs_generate_messages_py
[  0%] Built target roscpp_generate_messages_nodejs
[  0%] Built target jsk_recognition_msgs_generate_messages_eus
[  0%] Built target roscpp_generate_messages_py
[  0%] Built target tf_generate_messages_nodejs
[  0%] Built target std_msgs_generate_messages_py
[  0%] Built target rosgraph_msgs_generate_messages_eus
[  0%] Built target autoware_config_msgs_generate_messages_lisp
[  0%] Built target rosgraph_msgs_generate_messages_lisp
[  0%] Built target geometry_msgs_generate_messages_eus
[  0%] Built target geometry_msgs_generate_messages_nodejs
[  0%] Built target autoware_can_msgs_generate_messages_py
[  0%] Built target rosgraph_msgs_generate_messages_nodejs
[  0%] Built target actionlib_generate_messages_cpp
[  0%] Built target rosgraph_msgs_generate_messages_py
[  0%] Built target tf_generate_messages_lisp
[  0%] Built target tf_generate_messages_eus
[  0%] Built target tf_generate_messages_py
[  0%] Built target std_msgs_generate_messages_eus
[  0%] Built target actionlib_generate_messages_eus
[  0%] Built target tf2_msgs_generate_messages_cpp
[  0%] Built target tf2_msgs_generate_messages_eus
[  0%] Built target tf2_msgs_generate_messages_lisp
[  0%] Built target autoware_can_msgs_generate_messages_lisp
[  0%] Built target tf2_msgs_generate_messages_nodejs
[  0%] Built target autoware_config_msgs_generate_messages_cpp
[  0%] Built target tablet_socket_msgs_generate_messages_cpp
[  0%] Built target autoware_config_msgs_generate_messages_eus
[  0%] Built target autoware_config_msgs_generate_messages_py
[  0%] Built target autoware_can_msgs_generate_messages_eus
[  9%] Built target rs232_microbus_can_receiver
[ 18%] Built target vehicle_sender
[ 27%] Built target kvaser_microbus_can_sender
[ 45%] Built target bus_socket
[ 54%] Built target vehicle_receiver
[ 63%] Built target canusbz_prius_can_receiver
[ 72%] Built target kvaser_prius_can_receiver
[ 81%] Built target kvaser_microbus_can_sender_stroke
[ 90%] Built target kvaser_microbus_can_receiver
[100%] Built target kvaser_prius_can_sender
[36mInstall the project...[0m
-- Install configuration: "Release"
-- Installing: /home/autoware/Autoware_1.11.0_sai_edit/ros/src/install/vehicle_socket/lib/pkgconfig/vehicle_socket.pc
-- Installing: /home/autoware/Autoware_1.11.0_sai_edit/ros/src/install/vehicle_socket/share/vehicle_socket/cmake/vehicle_socketConfig.cmake
-- Installing: /home/autoware/Autoware_1.11.0_sai_edit/ros/src/install/vehicle_socket/share/vehicle_socket/cmake/vehicle_socketConfig-version.cmake
-- Installing: /home/autoware/Autoware_1.11.0_sai_edit/ros/src/install/vehicle_socket/share/vehicle_socket/package.xml
-- Installing: /home/autoware/Autoware_1.11.0_sai_edit/ros/src/install/vehicle_socket/lib/vehicle_socket/microbus_can_topic_sender.py
-- Installing: /home/autoware/Autoware_1.11.0_sai_edit/ros/src/install/vehicle_socket/lib/vehicle_socket/vehicle_sender
-- Set runtime path of "/home/autoware/Autoware_1.11.0_sai_edit/ros/src/install/vehicle_socket/lib/vehicle_socket/vehicle_sender" to ""
-- Installing: /home/autoware/Autoware_1.11.0_sai_edit/ros/src/install/vehicle_socket/lib/vehicle_socket/vehicle_receiver
-- Set runtime path of "/home/autoware/Autoware_1.11.0_sai_edit/ros/src/install/vehicle_socket/lib/vehicle_socket/vehicle_receiver" to ""
-- Installing: /home/autoware/Autoware_1.11.0_sai_edit/ros/src/install/vehicle_socket/lib/vehicle_socket/bus_socket
-- Set runtime path of "/home/autoware/Autoware_1.11.0_sai_edit/ros/src/install/vehicle_socket/lib/vehicle_socket/bus_socket" to ""
-- Installing: /home/autoware/Autoware_1.11.0_sai_edit/ros/src/install/vehicle_socket/lib/vehicle_socket/kvaser_microbus_can_sender
-- Set runtime path of "/home/autoware/Autoware_1.11.0_sai_edit/ros/src/install/vehicle_socket/lib/vehicle_socket/kvaser_microbus_can_sender" to ""
-- Installing: /home/autoware/Autoware_1.11.0_sai_edit/ros/src/install/vehicle_socket/lib/vehicle_socket/kvaser_microbus_can_sender_stroke
-- Set runtime path of "/home/autoware/Autoware_1.11.0_sai_edit/ros/src/install/vehicle_socket/lib/vehicle_socket/kvaser_microbus_can_sender_stroke" to ""
-- Installing: /home/autoware/Autoware_1.11.0_sai_edit/ros/src/install/vehicle_socket/lib/vehicle_socket/kvaser_microbus_can_receiver
-- Set runtime path of "/home/autoware/Autoware_1.11.0_sai_edit/ros/src/install/vehicle_socket/lib/vehicle_socket/kvaser_microbus_can_receiver" to ""
-- Installing: /home/autoware/Autoware_1.11.0_sai_edit/ros/src/install/vehicle_socket/lib/vehicle_socket/kvaser_prius_can_receiver
-- Set runtime path of "/home/autoware/Autoware_1.11.0_sai_edit/ros/src/install/vehicle_socket/lib/vehicle_socket/kvaser_prius_can_receiver" to ""
-- Installing: /home/autoware/Autoware_1.11.0_sai_edit/ros/src/install/vehicle_socket/lib/vehicle_socket/kvaser_prius_can_sender
-- Set runtime path of "/home/autoware/Autoware_1.11.0_sai_edit/ros/src/install/vehicle_socket/lib/vehicle_socket/kvaser_prius_can_sender" to ""
-- Installing: /home/autoware/Autoware_1.11.0_sai_edit/ros/src/install/vehicle_socket/lib/vehicle_socket/rs232_microbus_can_receiver
-- Set runtime path of "/home/autoware/Autoware_1.11.0_sai_edit/ros/src/install/vehicle_socket/lib/vehicle_socket/rs232_microbus_can_receiver" to ""
-- Installing: /home/autoware/Autoware_1.11.0_sai_edit/ros/src/install/vehicle_socket/lib/vehicle_socket/canusbz_prius_can_receiver
-- Set runtime path of "/home/autoware/Autoware_1.11.0_sai_edit/ros/src/install/vehicle_socket/lib/vehicle_socket/canusbz_prius_can_receiver" to ""
-- Installing: /home/autoware/Autoware_1.11.0_sai_edit/ros/src/install/vehicle_socket/share/vehicle_socket/launch/bus_socket.launch
-- Installing: /home/autoware/Autoware_1.11.0_sai_edit/ros/src/install/vehicle_socket/share/vehicle_socket/launch/kvaser_microbus_can_sender.launch
-- Installing: /home/autoware/Autoware_1.11.0_sai_edit/ros/src/install/vehicle_socket/share/vehicle_socket/launch/kvaser_microbus_can_sender_stroke.launch
-- Installing: /home/autoware/Autoware_1.11.0_sai_edit/ros/src/install/vehicle_socket/share/vehicle_socket/launch/kvaser_microbus_can_receiver.launch
-- Installing: /home/autoware/Autoware_1.11.0_sai_edit/ros/src/install/vehicle_socket/share/vehicle_socket/launch/kvaser_prius_can_receiver.launch
-- Installing: /home/autoware/Autoware_1.11.0_sai_edit/ros/src/install/vehicle_socket/share/vehicle_socket/launch/kvaser_prius_can_sender.launch
-- Installing: /home/autoware/Autoware_1.11.0_sai_edit/ros/src/install/vehicle_socket/share/vehicle_socket/launch/kvaser_microbus.launch
-- Installing: /home/autoware/Autoware_1.11.0_sai_edit/ros/src/install/vehicle_socket/share/vehicle_socket/launch/kvaser_microbus_stroke.launch
